 ================>     TALLY 3: TOTAL FERTILE RXN RATE     <================

 U238
   (n,gamma)                            0 +/- 0
   Fission Rate                         0 +/- 0
   (n,elastic)                          0 +/- 0
 U235
   (n,gamma)                            0 +/- 0
   Fission Rate                         0 +/- 0
   (n,elastic)                          0 +/- 0
 Th232
   (n,gamma)                            0 +/- 0
   Fission Rate                         0 +/- 0
   (n,elastic)                          0 +/- 0
 ==================>     TALLY 6: TOTAL LI RXN RATE     <===================

 Li6
   (n,gamma)                            5.09135e-05 +/- 5.03436e-08
   (n,Xt)                               1.34855 +/- 0.00121967
   (n,elastic)                          0.855283 +/- 0.00049127
 Li7
   (n,gamma)                            4.03593e-05 +/- 3.90066e-08
   (n,Xt)                               0.0130367 +/- 1.90953e-05
   (n,elastic)                          0.596288 +/- 0.000394501
 ==================>     TALLY 4: FERTILE RXN RATES     <===================

 Cell 11
   U238
     (n,gamma)                            0 +/- 0
     Fission Rate                         0 +/- 0
     (n,elastic)                          0 +/- 0
   U235
     (n,gamma)                            0 +/- 0
     Fission Rate                         0 +/- 0
     (n,elastic)                          0 +/- 0
   Th232
     (n,gamma)                            0 +/- 0
     Fission Rate                         0 +/- 0
     (n,elastic)                          0 +/- 0
 Cell 12
   U238
     (n,gamma)                            0 +/- 0
     Fission Rate                         0 +/- 0
     (n,elastic)                          0 +/- 0
   U235
     (n,gamma)                            0 +/- 0
     Fission Rate                         0 +/- 0
     (n,elastic)                          0 +/- 0
   Th232
     (n,gamma)                            0 +/- 0
     Fission Rate                         0 +/- 0
     (n,elastic)                          0 +/- 0
 Cell 13
   U238
     (n,gamma)                            0 +/- 0
     Fission Rate                         0 +/- 0
     (n,elastic)                          0 +/- 0
   U235
     (n,gamma)                            0 +/- 0
     Fission Rate                         0 +/- 0
     (n,elastic)                          0 +/- 0
   Th232
     (n,gamma)                            0 +/- 0
     Fission Rate                         0 +/- 0
     (n,elastic)                          0 +/- 0
 Cell 14
   U238
     (n,gamma)                            0 +/- 0
     Fission Rate                         0 +/- 0
     (n,elastic)                          0 +/- 0
   U235
     (n,gamma)                            0 +/- 0
     Fission Rate                         0 +/- 0
     (n,elastic)                          0 +/- 0
   Th232
     (n,gamma)                            0 +/- 0
     Fission Rate                         0 +/- 0
     (n,elastic)                          0 +/- 0
 Cell 21
   U238
     (n,gamma)                            0 +/- 0
     Fission Rate                         0 +/- 0
     (n,elastic)                          0 +/- 0
   U235
     (n,gamma)                            0 +/- 0
     Fission Rate                         0 +/- 0
     (n,elastic)                          0 +/- 0
   Th232
     (n,gamma)                            0 +/- 0
     Fission Rate                         0 +/- 0
     (n,elastic)                          0 +/- 0
 Cell 22
   U238
     (n,gamma)                            0 +/- 0
     Fission Rate                         0 +/- 0
     (n,elastic)                          0 +/- 0
   U235
     (n,gamma)                            0 +/- 0
     Fission Rate                         0 +/- 0
     (n,elastic)                          0 +/- 0
   Th232
     (n,gamma)                            0 +/- 0
     Fission Rate                         0 +/- 0
     (n,elastic)                          0 +/- 0
 Cell 23
   U238
     (n,gamma)                            0 +/- 0
     Fission Rate                         0 +/- 0
     (n,elastic)                          0 +/- 0
   U235
     (n,gamma)                            0 +/- 0
     Fission Rate                         0 +/- 0
     (n,elastic)                          0 +/- 0
   Th232
     (n,gamma)                            0 +/- 0
     Fission Rate                         0 +/- 0
     (n,elastic)                          0 +/- 0
 Cell 24
   U238
     (n,gamma)                            0 +/- 0
     Fission Rate                         0 +/- 0
     (n,elastic)                          0 +/- 0
   U235
     (n,gamma)                            0 +/- 0
     Fission Rate                         0 +/- 0
     (n,elastic)                          0 +/- 0
   Th232
     (n,gamma)                            0 +/- 0
     Fission Rate                         0 +/- 0
     (n,elastic)                          0 +/- 0
 =====================>     TALLY 7: LI RXN RATES     <=====================

 Cell 11
   Li6
     (n,gamma)                            0 +/- 0
     (n,Xt)                               0 +/- 0
     (n,elastic)                          0 +/- 0
   Li7
     (n,gamma)                            0 +/- 0
     (n,Xt)                               0 +/- 0
     (n,elastic)                          0 +/- 0
 Cell 12
   Li6
     (n,gamma)                            0 +/- 0
     (n,Xt)                               0 +/- 0
     (n,elastic)                          0 +/- 0
   Li7
     (n,gamma)                            0 +/- 0
     (n,Xt)                               0 +/- 0
     (n,elastic)                          0 +/- 0
 Cell 13
   Li6
     (n,gamma)                            1.64107e-05 +/- 2.90848e-08
     (n,Xt)                               0.434717 +/- 0.000765658
     (n,elastic)                          0.266212 +/- 0.000521519
   Li7
     (n,gamma)                            1.30404e-05 +/- 2.25654e-08
     (n,Xt)                               0.00347534 +/- 8.6018e-06
     (n,elastic)                          0.185446 +/- 0.000362998
 Cell 14
   Li6
     (n,gamma)                            0 +/- 0
     (n,Xt)                               0 +/- 0
     (n,elastic)                          0 +/- 0
   Li7
     (n,gamma)                            0 +/- 0
     (n,Xt)                               0 +/- 0
     (n,elastic)                          0 +/- 0
 Cell 21
   Li6
     (n,gamma)                            0 +/- 0
     (n,Xt)                               0 +/- 0
     (n,elastic)                          0 +/- 0
   Li7
     (n,gamma)                            0 +/- 0
     (n,Xt)                               0 +/- 0
     (n,elastic)                          0 +/- 0
 Cell 22
   Li6
     (n,gamma)                            0 +/- 0
     (n,Xt)                               0 +/- 0
     (n,elastic)                          0 +/- 0
   Li7
     (n,gamma)                            0 +/- 0
     (n,Xt)                               0 +/- 0
     (n,elastic)                          0 +/- 0
 Cell 23
   Li6
     (n,gamma)                            3.45028e-05 +/- 4.79424e-08
     (n,Xt)                               0.91383 +/- 0.00116826
     (n,elastic)                          0.589071 +/- 0.000429239
   Li7
     (n,gamma)                            2.73189e-05 +/- 3.73742e-08
     (n,Xt)                               0.00956132 +/- 1.50447e-05
     (n,elastic)                          0.410842 +/- 0.000325268
 Cell 24
   Li6
     (n,gamma)                            0 +/- 0
     (n,Xt)                               0 +/- 0
     (n,elastic)                          0 +/- 0
   Li7
     (n,gamma)                            0 +/- 0
     (n,Xt)                               0 +/- 0
     (n,elastic)                          0 +/- 0
 =========================>     TALLY 1: FLUX     <=========================

 Cell 11
   Total Material
     Flux                                 0.846218 +/- 0.00149809
 Cell 12
   Total Material
     Flux                                 9.66573 +/- 0.0138051
 Cell 13
   Total Material
     Flux                                 53.2855 +/- 0.102232
 Cell 14
   Total Material
     Flux                                 0.210115 +/- 0.00146938
 Cell 21
   Total Material
     Flux                                 1.52604 +/- 0.00175925
 Cell 22
   Total Material
     Flux                                 18.1904 +/- 0.0190764
 Cell 23
   Total Material
     Flux                                 117.648 +/- 0.0900613
 Cell 24
   Total Material
     Flux                                 0.0334283 +/- 0.000856544
 ==============>     TALLY 5: FERTILE RXN RATES SPECTRUM     <==============

 Cell 11
   Incoming Energy [0, 0.01)
     U238
       (n,gamma)                            0 +/- 0
       Fission Rate                         0 +/- 0
       (n,elastic)                          0 +/- 0
     U235
       (n,gamma)                            0 +/- 0
       Fission Rate                         0 +/- 0
       (n,elastic)                          0 +/- 0
     Th232
       (n,gamma)                            0 +/- 0
       Fission Rate                         0 +/- 0
       (n,elastic)                          0 +/- 0
   Incoming Energy [0.01, 0.1)
     U238
       (n,gamma)                            0 +/- 0
       Fission Rate                         0 +/- 0
       (n,elastic)                          0 +/- 0
     U235
       (n,gamma)                            0 +/- 0
       Fission Rate                         0 +/- 0
       (n,elastic)                          0 +/- 0
     Th232
       (n,gamma)                            0 +/- 0
       Fission Rate                         0 +/- 0
       (n,elastic)                          0 +/- 0
   Incoming Energy [0.1, 1)
     U238
       (n,gamma)                            0 +/- 0
       Fission Rate                         0 +/- 0
       (n,elastic)                          0 +/- 0
     U235
       (n,gamma)                            0 +/- 0
       Fission Rate                         0 +/- 0
       (n,elastic)                          0 +/- 0
     Th232
       (n,gamma)                            0 +/- 0
       Fission Rate                         0 +/- 0
       (n,elastic)                          0 +/- 0
   Incoming Energy [1, 10)
     U238
       (n,gamma)                            0 +/- 0
       Fission Rate                         0 +/- 0
       (n,elastic)                          0 +/- 0
     U235
       (n,gamma)                            0 +/- 0
       Fission Rate                         0 +/- 0
       (n,elastic)                          0 +/- 0
     Th232
       (n,gamma)                            0 +/- 0
       Fission Rate                         0 +/- 0
       (n,elastic)                          0 +/- 0
   Incoming Energy [10, 100)
     U238
       (n,gamma)                            0 +/- 0
       Fission Rate                         0 +/- 0
       (n,elastic)                          0 +/- 0
     U235
       (n,gamma)                            0 +/- 0
       Fission Rate                         0 +/- 0
       (n,elastic)                          0 +/- 0
     Th232
       (n,gamma)                            0 +/- 0
       Fission Rate                         0 +/- 0
       (n,elastic)                          0 +/- 0
   Incoming Energy [100, 1000)
     U238
       (n,gamma)                            0 +/- 0
       Fission Rate                         0 +/- 0
       (n,elastic)                          0 +/- 0
     U235
       (n,gamma)                            0 +/- 0
       Fission Rate                         0 +/- 0
       (n,elastic)                          0 +/- 0
     Th232
       (n,gamma)                            0 +/- 0
       Fission Rate                         0 +/- 0
       (n,elastic)                          0 +/- 0
   Incoming Energy [1000, 10000)
     U238
       (n,gamma)                            0 +/- 0
       Fission Rate                         0 +/- 0
       (n,elastic)                          0 +/- 0
     U235
       (n,gamma)                            0 +/- 0
       Fission Rate                         0 +/- 0
       (n,elastic)                          0 +/- 0
     Th232
       (n,gamma)                            0 +/- 0
       Fission Rate                         0 +/- 0
       (n,elastic)                          0 +/- 0
   Incoming Energy [10000, 100000)
     U238
       (n,gamma)                            0 +/- 0
       Fission Rate                         0 +/- 0
       (n,elastic)                          0 +/- 0
     U235
       (n,gamma)                            0 +/- 0
       Fission Rate                         0 +/- 0
       (n,elastic)                          0 +/- 0
     Th232
       (n,gamma)                            0 +/- 0
       Fission Rate                         0 +/- 0
       (n,elastic)                          0 +/- 0
   Incoming Energy [100000, 1000000)
     U238
       (n,gamma)                            0 +/- 0
       Fission Rate                         0 +/- 0
       (n,elastic)                          0 +/- 0
     U235
       (n,gamma)                            0 +/- 0
       Fission Rate                         0 +/- 0
       (n,elastic)                          0 +/- 0
     Th232
       (n,gamma)                            0 +/- 0
       Fission Rate                         0 +/- 0
       (n,elastic)                          0 +/- 0
   Incoming Energy [1000000, 10000000)
     U238
       (n,gamma)                            0 +/- 0
       Fission Rate                         0 +/- 0
       (n,elastic)                          0 +/- 0
     U235
       (n,gamma)                            0 +/- 0
       Fission Rate                         0 +/- 0
       (n,elastic)                          0 +/- 0
     Th232
       (n,gamma)                            0 +/- 0
       Fission Rate                         0 +/- 0
       (n,elastic)                          0 +/- 0
   Incoming Energy [10000000, 100000000)
     U238
       (n,gamma)                            0 +/- 0
       Fission Rate                         0 +/- 0
       (n,elastic)                          0 +/- 0
     U235
       (n,gamma)                            0 +/- 0
       Fission Rate                         0 +/- 0
       (n,elastic)                          0 +/- 0
     Th232
       (n,gamma)                            0 +/- 0
       Fission Rate                         0 +/- 0
       (n,elastic)                          0 +/- 0
 Cell 12
   Incoming Energy [0, 0.01)
     U238
       (n,gamma)                            0 +/- 0
       Fission Rate                         0 +/- 0
       (n,elastic)                          0 +/- 0
     U235
       (n,gamma)                            0 +/- 0
       Fission Rate                         0 +/- 0
       (n,elastic)                          0 +/- 0
     Th232
       (n,gamma)                            0 +/- 0
       Fission Rate                         0 +/- 0
       (n,elastic)                          0 +/- 0
   Incoming Energy [0.01, 0.1)
     U238
       (n,gamma)                            0 +/- 0
       Fission Rate                         0 +/- 0
       (n,elastic)                          0 +/- 0
     U235
       (n,gamma)                            0 +/- 0
       Fission Rate                         0 +/- 0
       (n,elastic)                          0 +/- 0
     Th232
       (n,gamma)                            0 +/- 0
       Fission Rate                         0 +/- 0
       (n,elastic)                          0 +/- 0
   Incoming Energy [0.1, 1)
     U238
       (n,gamma)                            0 +/- 0
       Fission Rate                         0 +/- 0
       (n,elastic)                          0 +/- 0
     U235
       (n,gamma)                            0 +/- 0
       Fission Rate                         0 +/- 0
       (n,elastic)                          0 +/- 0
     Th232
       (n,gamma)                            0 +/- 0
       Fission Rate                         0 +/- 0
       (n,elastic)                          0 +/- 0
   Incoming Energy [1, 10)
     U238
       (n,gamma)                            0 +/- 0
       Fission Rate                         0 +/- 0
       (n,elastic)                          0 +/- 0
     U235
       (n,gamma)                            0 +/- 0
       Fission Rate                         0 +/- 0
       (n,elastic)                          0 +/- 0
     Th232
       (n,gamma)                            0 +/- 0
       Fission Rate                         0 +/- 0
       (n,elastic)                          0 +/- 0
   Incoming Energy [10, 100)
     U238
       (n,gamma)                            0 +/- 0
       Fission Rate                         0 +/- 0
       (n,elastic)                          0 +/- 0
     U235
       (n,gamma)                            0 +/- 0
       Fission Rate                         0 +/- 0
       (n,elastic)                          0 +/- 0
     Th232
       (n,gamma)                            0 +/- 0
       Fission Rate                         0 +/- 0
       (n,elastic)                          0 +/- 0
   Incoming Energy [100, 1000)
     U238
       (n,gamma)                            0 +/- 0
       Fission Rate                         0 +/- 0
       (n,elastic)                          0 +/- 0
     U235
       (n,gamma)                            0 +/- 0
       Fission Rate                         0 +/- 0
       (n,elastic)                          0 +/- 0
     Th232
       (n,gamma)                            0 +/- 0
       Fission Rate                         0 +/- 0
       (n,elastic)                          0 +/- 0
   Incoming Energy [1000, 10000)
     U238
       (n,gamma)                            0 +/- 0
       Fission Rate                         0 +/- 0
       (n,elastic)                          0 +/- 0
     U235
       (n,gamma)                            0 +/- 0
       Fission Rate                         0 +/- 0
       (n,elastic)                          0 +/- 0
     Th232
       (n,gamma)                            0 +/- 0
       Fission Rate                         0 +/- 0
       (n,elastic)                          0 +/- 0
   Incoming Energy [10000, 100000)
     U238
       (n,gamma)                            0 +/- 0
       Fission Rate                         0 +/- 0
       (n,elastic)                          0 +/- 0
     U235
       (n,gamma)                            0 +/- 0
       Fission Rate                         0 +/- 0
       (n,elastic)                          0 +/- 0
     Th232
       (n,gamma)                            0 +/- 0
       Fission Rate                         0 +/- 0
       (n,elastic)                          0 +/- 0
   Incoming Energy [100000, 1000000)
     U238
       (n,gamma)                            0 +/- 0
       Fission Rate                         0 +/- 0
       (n,elastic)                          0 +/- 0
     U235
       (n,gamma)                            0 +/- 0
       Fission Rate                         0 +/- 0
       (n,elastic)                          0 +/- 0
     Th232
       (n,gamma)                            0 +/- 0
       Fission Rate                         0 +/- 0
       (n,elastic)                          0 +/- 0
   Incoming Energy [1000000, 10000000)
     U238
       (n,gamma)                            0 +/- 0
       Fission Rate                         0 +/- 0
       (n,elastic)                          0 +/- 0
     U235
       (n,gamma)                            0 +/- 0
       Fission Rate                         0 +/- 0
       (n,elastic)                          0 +/- 0
     Th232
       (n,gamma)                            0 +/- 0
       Fission Rate                         0 +/- 0
       (n,elastic)                          0 +/- 0
   Incoming Energy [10000000, 100000000)
     U238
       (n,gamma)                            0 +/- 0
       Fission Rate                         0 +/- 0
       (n,elastic)                          0 +/- 0
     U235
       (n,gamma)                            0 +/- 0
       Fission Rate                         0 +/- 0
       (n,elastic)                          0 +/- 0
     Th232
       (n,gamma)                            0 +/- 0
       Fission Rate                         0 +/- 0
       (n,elastic)                          0 +/- 0
 Cell 13
   Incoming Energy [0, 0.01)
     U238
       (n,gamma)                            0 +/- 0
       Fission Rate                         0 +/- 0
       (n,elastic)                          0 +/- 0
     U235
       (n,gamma)                            0 +/- 0
       Fission Rate                         0 +/- 0
       (n,elastic)                          0 +/- 0
     Th232
       (n,gamma)                            0 +/- 0
       Fission Rate                         0 +/- 0
       (n,elastic)                          0 +/- 0
   Incoming Energy [0.01, 0.1)
     U238
       (n,gamma)                            0 +/- 0
       Fission Rate                         0 +/- 0
       (n,elastic)                          0 +/- 0
     U235
       (n,gamma)                            0 +/- 0
       Fission Rate                         0 +/- 0
       (n,elastic)                          0 +/- 0
     Th232
       (n,gamma)                            0 +/- 0
       Fission Rate                         0 +/- 0
       (n,elastic)                          0 +/- 0
   Incoming Energy [0.1, 1)
     U238
       (n,gamma)                            0 +/- 0
       Fission Rate                         0 +/- 0
       (n,elastic)                          0 +/- 0
     U235
       (n,gamma)                            0 +/- 0
       Fission Rate                         0 +/- 0
       (n,elastic)                          0 +/- 0
     Th232
       (n,gamma)                            0 +/- 0
       Fission Rate                         0 +/- 0
       (n,elastic)                          0 +/- 0
   Incoming Energy [1, 10)
     U238
       (n,gamma)                            0 +/- 0
       Fission Rate                         0 +/- 0
       (n,elastic)                          0 +/- 0
     U235
       (n,gamma)                            0 +/- 0
       Fission Rate                         0 +/- 0
       (n,elastic)                          0 +/- 0
     Th232
       (n,gamma)                            0 +/- 0
       Fission Rate                         0 +/- 0
       (n,elastic)                          0 +/- 0
   Incoming Energy [10, 100)
     U238
       (n,gamma)                            0 +/- 0
       Fission Rate                         0 +/- 0
       (n,elastic)                          0 +/- 0
     U235
       (n,gamma)                            0 +/- 0
       Fission Rate                         0 +/- 0
       (n,elastic)                          0 +/- 0
     Th232
       (n,gamma)                            0 +/- 0
       Fission Rate                         0 +/- 0
       (n,elastic)                          0 +/- 0
   Incoming Energy [100, 1000)
     U238
       (n,gamma)                            0 +/- 0
       Fission Rate                         0 +/- 0
       (n,elastic)                          0 +/- 0
     U235
       (n,gamma)                            0 +/- 0
       Fission Rate                         0 +/- 0
       (n,elastic)                          0 +/- 0
     Th232
       (n,gamma)                            0 +/- 0
       Fission Rate                         0 +/- 0
       (n,elastic)                          0 +/- 0
   Incoming Energy [1000, 10000)
     U238
       (n,gamma)                            0 +/- 0
       Fission Rate                         0 +/- 0
       (n,elastic)                          0 +/- 0
     U235
       (n,gamma)                            0 +/- 0
       Fission Rate                         0 +/- 0
       (n,elastic)                          0 +/- 0
     Th232
       (n,gamma)                            0 +/- 0
       Fission Rate                         0 +/- 0
       (n,elastic)                          0 +/- 0
   Incoming Energy [10000, 100000)
     U238
       (n,gamma)                            0 +/- 0
       Fission Rate                         0 +/- 0
       (n,elastic)                          0 +/- 0
     U235
       (n,gamma)                            0 +/- 0
       Fission Rate                         0 +/- 0
       (n,elastic)                          0 +/- 0
     Th232
       (n,gamma)                            0 +/- 0
       Fission Rate                         0 +/- 0
       (n,elastic)                          0 +/- 0
   Incoming Energy [100000, 1000000)
     U238
       (n,gamma)                            0 +/- 0
       Fission Rate                         0 +/- 0
       (n,elastic)                          0 +/- 0
     U235
       (n,gamma)                            0 +/- 0
       Fission Rate                         0 +/- 0
       (n,elastic)                          0 +/- 0
     Th232
       (n,gamma)                            0 +/- 0
       Fission Rate                         0 +/- 0
       (n,elastic)                          0 +/- 0
   Incoming Energy [1000000, 10000000)
     U238
       (n,gamma)                            0 +/- 0
       Fission Rate                         0 +/- 0
       (n,elastic)                          0 +/- 0
     U235
       (n,gamma)                            0 +/- 0
       Fission Rate                         0 +/- 0
       (n,elastic)                          0 +/- 0
     Th232
       (n,gamma)                            0 +/- 0
       Fission Rate                         0 +/- 0
       (n,elastic)                          0 +/- 0
   Incoming Energy [10000000, 100000000)
     U238
       (n,gamma)                            0 +/- 0
       Fission Rate                         0 +/- 0
       (n,elastic)                          0 +/- 0
     U235
       (n,gamma)                            0 +/- 0
       Fission Rate                         0 +/- 0
       (n,elastic)                          0 +/- 0
     Th232
       (n,gamma)                            0 +/- 0
       Fission Rate                         0 +/- 0
       (n,elastic)                          0 +/- 0
 Cell 14
   Incoming Energy [0, 0.01)
     U238
       (n,gamma)                            0 +/- 0
       Fission Rate                         0 +/- 0
       (n,elastic)                          0 +/- 0
     U235
       (n,gamma)                            0 +/- 0
       Fission Rate                         0 +/- 0
       (n,elastic)                          0 +/- 0
     Th232
       (n,gamma)                            0 +/- 0
       Fission Rate                         0 +/- 0
       (n,elastic)                          0 +/- 0
   Incoming Energy [0.01, 0.1)
     U238
       (n,gamma)                            0 +/- 0
       Fission Rate                         0 +/- 0
       (n,elastic)                          0 +/- 0
     U235
       (n,gamma)                            0 +/- 0
       Fission Rate                         0 +/- 0
       (n,elastic)                          0 +/- 0
     Th232
       (n,gamma)                            0 +/- 0
       Fission Rate                         0 +/- 0
       (n,elastic)                          0 +/- 0
   Incoming Energy [0.1, 1)
     U238
       (n,gamma)                            0 +/- 0
       Fission Rate                         0 +/- 0
       (n,elastic)                          0 +/- 0
     U235
       (n,gamma)                            0 +/- 0
       Fission Rate                         0 +/- 0
       (n,elastic)                          0 +/- 0
     Th232
       (n,gamma)                            0 +/- 0
       Fission Rate                         0 +/- 0
       (n,elastic)                          0 +/- 0
   Incoming Energy [1, 10)
     U238
       (n,gamma)                            0 +/- 0
       Fission Rate                         0 +/- 0
       (n,elastic)                          0 +/- 0
     U235
       (n,gamma)                            0 +/- 0
       Fission Rate                         0 +/- 0
       (n,elastic)                          0 +/- 0
     Th232
       (n,gamma)                            0 +/- 0
       Fission Rate                         0 +/- 0
       (n,elastic)                          0 +/- 0
   Incoming Energy [10, 100)
     U238
       (n,gamma)                            0 +/- 0
       Fission Rate                         0 +/- 0
       (n,elastic)                          0 +/- 0
     U235
       (n,gamma)                            0 +/- 0
       Fission Rate                         0 +/- 0
       (n,elastic)                          0 +/- 0
     Th232
       (n,gamma)                            0 +/- 0
       Fission Rate                         0 +/- 0
       (n,elastic)                          0 +/- 0
   Incoming Energy [100, 1000)
     U238
       (n,gamma)                            0 +/- 0
       Fission Rate                         0 +/- 0
       (n,elastic)                          0 +/- 0
     U235
       (n,gamma)                            0 +/- 0
       Fission Rate                         0 +/- 0
       (n,elastic)                          0 +/- 0
     Th232
       (n,gamma)                            0 +/- 0
       Fission Rate                         0 +/- 0
       (n,elastic)                          0 +/- 0
   Incoming Energy [1000, 10000)
     U238
       (n,gamma)                            0 +/- 0
       Fission Rate                         0 +/- 0
       (n,elastic)                          0 +/- 0
     U235
       (n,gamma)                            0 +/- 0
       Fission Rate                         0 +/- 0
       (n,elastic)                          0 +/- 0
     Th232
       (n,gamma)                            0 +/- 0
       Fission Rate                         0 +/- 0
       (n,elastic)                          0 +/- 0
   Incoming Energy [10000, 100000)
     U238
       (n,gamma)                            0 +/- 0
       Fission Rate                         0 +/- 0
       (n,elastic)                          0 +/- 0
     U235
       (n,gamma)                            0 +/- 0
       Fission Rate                         0 +/- 0
       (n,elastic)                          0 +/- 0
     Th232
       (n,gamma)                            0 +/- 0
       Fission Rate                         0 +/- 0
       (n,elastic)                          0 +/- 0
   Incoming Energy [100000, 1000000)
     U238
       (n,gamma)                            0 +/- 0
       Fission Rate                         0 +/- 0
       (n,elastic)                          0 +/- 0
     U235
       (n,gamma)                            0 +/- 0
       Fission Rate                         0 +/- 0
       (n,elastic)                          0 +/- 0
     Th232
       (n,gamma)                            0 +/- 0
       Fission Rate                         0 +/- 0
       (n,elastic)                          0 +/- 0
   Incoming Energy [1000000, 10000000)
     U238
       (n,gamma)                            0 +/- 0
       Fission Rate                         0 +/- 0
       (n,elastic)                          0 +/- 0
     U235
       (n,gamma)                            0 +/- 0
       Fission Rate                         0 +/- 0
       (n,elastic)                          0 +/- 0
     Th232
       (n,gamma)                            0 +/- 0
       Fission Rate                         0 +/- 0
       (n,elastic)                          0 +/- 0
   Incoming Energy [10000000, 100000000)
     U238
       (n,gamma)                            0 +/- 0
       Fission Rate                         0 +/- 0
       (n,elastic)                          0 +/- 0
     U235
       (n,gamma)                            0 +/- 0
       Fission Rate                         0 +/- 0
       (n,elastic)                          0 +/- 0
     Th232
       (n,gamma)                            0 +/- 0
       Fission Rate                         0 +/- 0
       (n,elastic)                          0 +/- 0
 Cell 21
   Incoming Energy [0, 0.01)
     U238
       (n,gamma)                            0 +/- 0
       Fission Rate                         0 +/- 0
       (n,elastic)                          0 +/- 0
     U235
       (n,gamma)                            0 +/- 0
       Fission Rate                         0 +/- 0
       (n,elastic)                          0 +/- 0
     Th232
       (n,gamma)                            0 +/- 0
       Fission Rate                         0 +/- 0
       (n,elastic)                          0 +/- 0
   Incoming Energy [0.01, 0.1)
     U238
       (n,gamma)                            0 +/- 0
       Fission Rate                         0 +/- 0
       (n,elastic)                          0 +/- 0
     U235
       (n,gamma)                            0 +/- 0
       Fission Rate                         0 +/- 0
       (n,elastic)                          0 +/- 0
     Th232
       (n,gamma)                            0 +/- 0
       Fission Rate                         0 +/- 0
       (n,elastic)                          0 +/- 0
   Incoming Energy [0.1, 1)
     U238
       (n,gamma)                            0 +/- 0
       Fission Rate                         0 +/- 0
       (n,elastic)                          0 +/- 0
     U235
       (n,gamma)                            0 +/- 0
       Fission Rate                         0 +/- 0
       (n,elastic)                          0 +/- 0
     Th232
       (n,gamma)                            0 +/- 0
       Fission Rate                         0 +/- 0
       (n,elastic)                          0 +/- 0
   Incoming Energy [1, 10)
     U238
       (n,gamma)                            0 +/- 0
       Fission Rate                         0 +/- 0
       (n,elastic)                          0 +/- 0
     U235
       (n,gamma)                            0 +/- 0
       Fission Rate                         0 +/- 0
       (n,elastic)                          0 +/- 0
     Th232
       (n,gamma)                            0 +/- 0
       Fission Rate                         0 +/- 0
       (n,elastic)                          0 +/- 0
   Incoming Energy [10, 100)
     U238
       (n,gamma)                            0 +/- 0
       Fission Rate                         0 +/- 0
       (n,elastic)                          0 +/- 0
     U235
       (n,gamma)                            0 +/- 0
       Fission Rate                         0 +/- 0
       (n,elastic)                          0 +/- 0
     Th232
       (n,gamma)                            0 +/- 0
       Fission Rate                         0 +/- 0
       (n,elastic)                          0 +/- 0
   Incoming Energy [100, 1000)
     U238
       (n,gamma)                            0 +/- 0
       Fission Rate                         0 +/- 0
       (n,elastic)                          0 +/- 0
     U235
       (n,gamma)                            0 +/- 0
       Fission Rate                         0 +/- 0
       (n,elastic)                          0 +/- 0
     Th232
       (n,gamma)                            0 +/- 0
       Fission Rate                         0 +/- 0
       (n,elastic)                          0 +/- 0
   Incoming Energy [1000, 10000)
     U238
       (n,gamma)                            0 +/- 0
       Fission Rate                         0 +/- 0
       (n,elastic)                          0 +/- 0
     U235
       (n,gamma)                            0 +/- 0
       Fission Rate                         0 +/- 0
       (n,elastic)                          0 +/- 0
     Th232
       (n,gamma)                            0 +/- 0
       Fission Rate                         0 +/- 0
       (n,elastic)                          0 +/- 0
   Incoming Energy [10000, 100000)
     U238
       (n,gamma)                            0 +/- 0
       Fission Rate                         0 +/- 0
       (n,elastic)                          0 +/- 0
     U235
       (n,gamma)                            0 +/- 0
       Fission Rate                         0 +/- 0
       (n,elastic)                          0 +/- 0
     Th232
       (n,gamma)                            0 +/- 0
       Fission Rate                         0 +/- 0
       (n,elastic)                          0 +/- 0
   Incoming Energy [100000, 1000000)
     U238
       (n,gamma)                            0 +/- 0
       Fission Rate                         0 +/- 0
       (n,elastic)                          0 +/- 0
     U235
       (n,gamma)                            0 +/- 0
       Fission Rate                         0 +/- 0
       (n,elastic)                          0 +/- 0
     Th232
       (n,gamma)                            0 +/- 0
       Fission Rate                         0 +/- 0
       (n,elastic)                          0 +/- 0
   Incoming Energy [1000000, 10000000)
     U238
       (n,gamma)                            0 +/- 0
       Fission Rate                         0 +/- 0
       (n,elastic)                          0 +/- 0
     U235
       (n,gamma)                            0 +/- 0
       Fission Rate                         0 +/- 0
       (n,elastic)                          0 +/- 0
     Th232
       (n,gamma)                            0 +/- 0
       Fission Rate                         0 +/- 0
       (n,elastic)                          0 +/- 0
   Incoming Energy [10000000, 100000000)
     U238
       (n,gamma)                            0 +/- 0
       Fission Rate                         0 +/- 0
       (n,elastic)                          0 +/- 0
     U235
       (n,gamma)                            0 +/- 0
       Fission Rate                         0 +/- 0
       (n,elastic)                          0 +/- 0
     Th232
       (n,gamma)                            0 +/- 0
       Fission Rate                         0 +/- 0
       (n,elastic)                          0 +/- 0
 Cell 22
   Incoming Energy [0, 0.01)
     U238
       (n,gamma)                            0 +/- 0
       Fission Rate                         0 +/- 0
       (n,elastic)                          0 +/- 0
     U235
       (n,gamma)                            0 +/- 0
       Fission Rate                         0 +/- 0
       (n,elastic)                          0 +/- 0
     Th232
       (n,gamma)                            0 +/- 0
       Fission Rate                         0 +/- 0
       (n,elastic)                          0 +/- 0
   Incoming Energy [0.01, 0.1)
     U238
       (n,gamma)                            0 +/- 0
       Fission Rate                         0 +/- 0
       (n,elastic)                          0 +/- 0
     U235
       (n,gamma)                            0 +/- 0
       Fission Rate                         0 +/- 0
       (n,elastic)                          0 +/- 0
     Th232
       (n,gamma)                            0 +/- 0
       Fission Rate                         0 +/- 0
       (n,elastic)                          0 +/- 0
   Incoming Energy [0.1, 1)
     U238
       (n,gamma)                            0 +/- 0
       Fission Rate                         0 +/- 0
       (n,elastic)                          0 +/- 0
     U235
       (n,gamma)                            0 +/- 0
       Fission Rate                         0 +/- 0
       (n,elastic)                          0 +/- 0
     Th232
       (n,gamma)                            0 +/- 0
       Fission Rate                         0 +/- 0
       (n,elastic)                          0 +/- 0
   Incoming Energy [1, 10)
     U238
       (n,gamma)                            0 +/- 0
       Fission Rate                         0 +/- 0
       (n,elastic)                          0 +/- 0
     U235
       (n,gamma)                            0 +/- 0
       Fission Rate                         0 +/- 0
       (n,elastic)                          0 +/- 0
     Th232
       (n,gamma)                            0 +/- 0
       Fission Rate                         0 +/- 0
       (n,elastic)                          0 +/- 0
   Incoming Energy [10, 100)
     U238
       (n,gamma)                            0 +/- 0
       Fission Rate                         0 +/- 0
       (n,elastic)                          0 +/- 0
     U235
       (n,gamma)                            0 +/- 0
       Fission Rate                         0 +/- 0
       (n,elastic)                          0 +/- 0
     Th232
       (n,gamma)                            0 +/- 0
       Fission Rate                         0 +/- 0
       (n,elastic)                          0 +/- 0
   Incoming Energy [100, 1000)
     U238
       (n,gamma)                            0 +/- 0
       Fission Rate                         0 +/- 0
       (n,elastic)                          0 +/- 0
     U235
       (n,gamma)                            0 +/- 0
       Fission Rate                         0 +/- 0
       (n,elastic)                          0 +/- 0
     Th232
       (n,gamma)                            0 +/- 0
       Fission Rate                         0 +/- 0
       (n,elastic)                          0 +/- 0
   Incoming Energy [1000, 10000)
     U238
       (n,gamma)                            0 +/- 0
       Fission Rate                         0 +/- 0
       (n,elastic)                          0 +/- 0
     U235
       (n,gamma)                            0 +/- 0
       Fission Rate                         0 +/- 0
       (n,elastic)                          0 +/- 0
     Th232
       (n,gamma)                            0 +/- 0
       Fission Rate                         0 +/- 0
       (n,elastic)                          0 +/- 0
   Incoming Energy [10000, 100000)
     U238
       (n,gamma)                            0 +/- 0
       Fission Rate                         0 +/- 0
       (n,elastic)                          0 +/- 0
     U235
       (n,gamma)                            0 +/- 0
       Fission Rate                         0 +/- 0
       (n,elastic)                          0 +/- 0
     Th232
       (n,gamma)                            0 +/- 0
       Fission Rate                         0 +/- 0
       (n,elastic)                          0 +/- 0
   Incoming Energy [100000, 1000000)
     U238
       (n,gamma)                            0 +/- 0
       Fission Rate                         0 +/- 0
       (n,elastic)                          0 +/- 0
     U235
       (n,gamma)                            0 +/- 0
       Fission Rate                         0 +/- 0
       (n,elastic)                          0 +/- 0
     Th232
       (n,gamma)                            0 +/- 0
       Fission Rate                         0 +/- 0
       (n,elastic)                          0 +/- 0
   Incoming Energy [1000000, 10000000)
     U238
       (n,gamma)                            0 +/- 0
       Fission Rate                         0 +/- 0
       (n,elastic)                          0 +/- 0
     U235
       (n,gamma)                            0 +/- 0
       Fission Rate                         0 +/- 0
       (n,elastic)                          0 +/- 0
     Th232
       (n,gamma)                            0 +/- 0
       Fission Rate                         0 +/- 0
       (n,elastic)                          0 +/- 0
   Incoming Energy [10000000, 100000000)
     U238
       (n,gamma)                            0 +/- 0
       Fission Rate                         0 +/- 0
       (n,elastic)                          0 +/- 0
     U235
       (n,gamma)                            0 +/- 0
       Fission Rate                         0 +/- 0
       (n,elastic)                          0 +/- 0
     Th232
       (n,gamma)                            0 +/- 0
       Fission Rate                         0 +/- 0
       (n,elastic)                          0 +/- 0
 Cell 23
   Incoming Energy [0, 0.01)
     U238
       (n,gamma)                            0 +/- 0
       Fission Rate                         0 +/- 0
       (n,elastic)                          0 +/- 0
     U235
       (n,gamma)                            0 +/- 0
       Fission Rate                         0 +/- 0
       (n,elastic)                          0 +/- 0
     Th232
       (n,gamma)                            0 +/- 0
       Fission Rate                         0 +/- 0
       (n,elastic)                          0 +/- 0
   Incoming Energy [0.01, 0.1)
     U238
       (n,gamma)                            0 +/- 0
       Fission Rate                         0 +/- 0
       (n,elastic)                          0 +/- 0
     U235
       (n,gamma)                            0 +/- 0
       Fission Rate                         0 +/- 0
       (n,elastic)                          0 +/- 0
     Th232
       (n,gamma)                            0 +/- 0
       Fission Rate                         0 +/- 0
       (n,elastic)                          0 +/- 0
   Incoming Energy [0.1, 1)
     U238
       (n,gamma)                            0 +/- 0
       Fission Rate                         0 +/- 0
       (n,elastic)                          0 +/- 0
     U235
       (n,gamma)                            0 +/- 0
       Fission Rate                         0 +/- 0
       (n,elastic)                          0 +/- 0
     Th232
       (n,gamma)                            0 +/- 0
       Fission Rate                         0 +/- 0
       (n,elastic)                          0 +/- 0
   Incoming Energy [1, 10)
     U238
       (n,gamma)                            0 +/- 0
       Fission Rate                         0 +/- 0
       (n,elastic)                          0 +/- 0
     U235
       (n,gamma)                            0 +/- 0
       Fission Rate                         0 +/- 0
       (n,elastic)                          0 +/- 0
     Th232
       (n,gamma)                            0 +/- 0
       Fission Rate                         0 +/- 0
       (n,elastic)                          0 +/- 0
   Incoming Energy [10, 100)
     U238
       (n,gamma)                            0 +/- 0
       Fission Rate                         0 +/- 0
       (n,elastic)                          0 +/- 0
     U235
       (n,gamma)                            0 +/- 0
       Fission Rate                         0 +/- 0
       (n,elastic)                          0 +/- 0
     Th232
       (n,gamma)                            0 +/- 0
       Fission Rate                         0 +/- 0
       (n,elastic)                          0 +/- 0
   Incoming Energy [100, 1000)
     U238
       (n,gamma)                            0 +/- 0
       Fission Rate                         0 +/- 0
       (n,elastic)                          0 +/- 0
     U235
       (n,gamma)                            0 +/- 0
       Fission Rate                         0 +/- 0
       (n,elastic)                          0 +/- 0
     Th232
       (n,gamma)                            0 +/- 0
       Fission Rate                         0 +/- 0
       (n,elastic)                          0 +/- 0
   Incoming Energy [1000, 10000)
     U238
       (n,gamma)                            0 +/- 0
       Fission Rate                         0 +/- 0
       (n,elastic)                          0 +/- 0
     U235
       (n,gamma)                            0 +/- 0
       Fission Rate                         0 +/- 0
       (n,elastic)                          0 +/- 0
     Th232
       (n,gamma)                            0 +/- 0
       Fission Rate                         0 +/- 0
       (n,elastic)                          0 +/- 0
   Incoming Energy [10000, 100000)
     U238
       (n,gamma)                            0 +/- 0
       Fission Rate                         0 +/- 0
       (n,elastic)                          0 +/- 0
     U235
       (n,gamma)                            0 +/- 0
       Fission Rate                         0 +/- 0
       (n,elastic)                          0 +/- 0
     Th232
       (n,gamma)                            0 +/- 0
       Fission Rate                         0 +/- 0
       (n,elastic)                          0 +/- 0
   Incoming Energy [100000, 1000000)
     U238
       (n,gamma)                            0 +/- 0
       Fission Rate                         0 +/- 0
       (n,elastic)                          0 +/- 0
     U235
       (n,gamma)                            0 +/- 0
       Fission Rate                         0 +/- 0
       (n,elastic)                          0 +/- 0
     Th232
       (n,gamma)                            0 +/- 0
       Fission Rate                         0 +/- 0
       (n,elastic)                          0 +/- 0
   Incoming Energy [1000000, 10000000)
     U238
       (n,gamma)                            0 +/- 0
       Fission Rate                         0 +/- 0
       (n,elastic)                          0 +/- 0
     U235
       (n,gamma)                            0 +/- 0
       Fission Rate                         0 +/- 0
       (n,elastic)                          0 +/- 0
     Th232
       (n,gamma)                            0 +/- 0
       Fission Rate                         0 +/- 0
       (n,elastic)                          0 +/- 0
   Incoming Energy [10000000, 100000000)
     U238
       (n,gamma)                            0 +/- 0
       Fission Rate                         0 +/- 0
       (n,elastic)                          0 +/- 0
     U235
       (n,gamma)                            0 +/- 0
       Fission Rate                         0 +/- 0
       (n,elastic)                          0 +/- 0
     Th232
       (n,gamma)                            0 +/- 0
       Fission Rate                         0 +/- 0
       (n,elastic)                          0 +/- 0
 Cell 24
   Incoming Energy [0, 0.01)
     U238
       (n,gamma)                            0 +/- 0
       Fission Rate                         0 +/- 0
       (n,elastic)                          0 +/- 0
     U235
       (n,gamma)                            0 +/- 0
       Fission Rate                         0 +/- 0
       (n,elastic)                          0 +/- 0
     Th232
       (n,gamma)                            0 +/- 0
       Fission Rate                         0 +/- 0
       (n,elastic)                          0 +/- 0
   Incoming Energy [0.01, 0.1)
     U238
       (n,gamma)                            0 +/- 0
       Fission Rate                         0 +/- 0
       (n,elastic)                          0 +/- 0
     U235
       (n,gamma)                            0 +/- 0
       Fission Rate                         0 +/- 0
       (n,elastic)                          0 +/- 0
     Th232
       (n,gamma)                            0 +/- 0
       Fission Rate                         0 +/- 0
       (n,elastic)                          0 +/- 0
   Incoming Energy [0.1, 1)
     U238
       (n,gamma)                            0 +/- 0
       Fission Rate                         0 +/- 0
       (n,elastic)                          0 +/- 0
     U235
       (n,gamma)                            0 +/- 0
       Fission Rate                         0 +/- 0
       (n,elastic)                          0 +/- 0
     Th232
       (n,gamma)                            0 +/- 0
       Fission Rate                         0 +/- 0
       (n,elastic)                          0 +/- 0
   Incoming Energy [1, 10)
     U238
       (n,gamma)                            0 +/- 0
       Fission Rate                         0 +/- 0
       (n,elastic)                          0 +/- 0
     U235
       (n,gamma)                            0 +/- 0
       Fission Rate                         0 +/- 0
       (n,elastic)                          0 +/- 0
     Th232
       (n,gamma)                            0 +/- 0
       Fission Rate                         0 +/- 0
       (n,elastic)                          0 +/- 0
   Incoming Energy [10, 100)
     U238
       (n,gamma)                            0 +/- 0
       Fission Rate                         0 +/- 0
       (n,elastic)                          0 +/- 0
     U235
       (n,gamma)                            0 +/- 0
       Fission Rate                         0 +/- 0
       (n,elastic)                          0 +/- 0
     Th232
       (n,gamma)                            0 +/- 0
       Fission Rate                         0 +/- 0
       (n,elastic)                          0 +/- 0
   Incoming Energy [100, 1000)
     U238
       (n,gamma)                            0 +/- 0
       Fission Rate                         0 +/- 0
       (n,elastic)                          0 +/- 0
     U235
       (n,gamma)                            0 +/- 0
       Fission Rate                         0 +/- 0
       (n,elastic)                          0 +/- 0
     Th232
       (n,gamma)                            0 +/- 0
       Fission Rate                         0 +/- 0
       (n,elastic)                          0 +/- 0
   Incoming Energy [1000, 10000)
     U238
       (n,gamma)                            0 +/- 0
       Fission Rate                         0 +/- 0
       (n,elastic)                          0 +/- 0
     U235
       (n,gamma)                            0 +/- 0
       Fission Rate                         0 +/- 0
       (n,elastic)                          0 +/- 0
     Th232
       (n,gamma)                            0 +/- 0
       Fission Rate                         0 +/- 0
       (n,elastic)                          0 +/- 0
   Incoming Energy [10000, 100000)
     U238
       (n,gamma)                            0 +/- 0
       Fission Rate                         0 +/- 0
       (n,elastic)                          0 +/- 0
     U235
       (n,gamma)                            0 +/- 0
       Fission Rate                         0 +/- 0
       (n,elastic)                          0 +/- 0
     Th232
       (n,gamma)                            0 +/- 0
       Fission Rate                         0 +/- 0
       (n,elastic)                          0 +/- 0
   Incoming Energy [100000, 1000000)
     U238
       (n,gamma)                            0 +/- 0
       Fission Rate                         0 +/- 0
       (n,elastic)                          0 +/- 0
     U235
       (n,gamma)                            0 +/- 0
       Fission Rate                         0 +/- 0
       (n,elastic)                          0 +/- 0
     Th232
       (n,gamma)                            0 +/- 0
       Fission Rate                         0 +/- 0
       (n,elastic)                          0 +/- 0
   Incoming Energy [1000000, 10000000)
     U238
       (n,gamma)                            0 +/- 0
       Fission Rate                         0 +/- 0
       (n,elastic)                          0 +/- 0
     U235
       (n,gamma)                            0 +/- 0
       Fission Rate                         0 +/- 0
       (n,elastic)                          0 +/- 0
     Th232
       (n,gamma)                            0 +/- 0
       Fission Rate                         0 +/- 0
       (n,elastic)                          0 +/- 0
   Incoming Energy [10000000, 100000000)
     U238
       (n,gamma)                            0 +/- 0
       Fission Rate                         0 +/- 0
       (n,elastic)                          0 +/- 0
     U235
       (n,gamma)                            0 +/- 0
       Fission Rate                         0 +/- 0
       (n,elastic)                          0 +/- 0
     Th232
       (n,gamma)                            0 +/- 0
       Fission Rate                         0 +/- 0
       (n,elastic)                          0 +/- 0
 ====================>     TALLY 2: FLUX SPECTRUM     <=====================

 Cell 11
   Incoming Energy [0, 0.01)
     Total Material
       Flux                                 0 +/- 0
   Incoming Energy [0.01, 0.1)
     Total Material
       Flux                                 0 +/- 0
   Incoming Energy [0.1, 1)
     Total Material
       Flux                                 0 +/- 0
   Incoming Energy [1, 10)
     Total Material
       Flux                                 0.000127901 +/- 1.19692e-05
   Incoming Energy [10, 100)
     Total Material
       Flux                                 0.00747024 +/- 6.96681e-05
   Incoming Energy [100, 1000)
     Total Material
       Flux                                 0.0387222 +/- 0.00024656
   Incoming Energy [1000, 10000)
     Total Material
       Flux                                 0.0913658 +/- 0.000488968
   Incoming Energy [10000, 100000)
     Total Material
       Flux                                 0.160358 +/- 0.000371942
   Incoming Energy [100000, 1000000)
     Total Material
       Flux                                 0.302464 +/- 0.000870233
   Incoming Energy [1000000, 10000000)
     Total Material
       Flux                                 0.118209 +/- 0.000378944
   Incoming Energy [10000000, 100000000)
     Total Material
       Flux                                 0.127501 +/- 0.000320356
 Cell 12
   Incoming Energy [0, 0.01)
     Total Material
       Flux                                 0 +/- 0
   Incoming Energy [0.01, 0.1)
     Total Material
       Flux                                 0 +/- 0
   Incoming Energy [0.1, 1)
     Total Material
       Flux                                 0 +/- 0
   Incoming Energy [1, 10)
     Total Material
       Flux                                 0.00222373 +/- 0.000149564
   Incoming Energy [10, 100)
     Total Material
       Flux                                 0.104982 +/- 0.000993242
   Incoming Energy [100, 1000)
     Total Material
       Flux                                 0.531959 +/- 0.00307184
   Incoming Energy [1000, 10000)
     Total Material
       Flux                                 1.16798 +/- 0.00522872
   Incoming Energy [10000, 100000)
     Total Material
       Flux                                 2.00049 +/- 0.00428214
   Incoming Energy [100000, 1000000)
     Total Material
       Flux                                 3.53653 +/- 0.00869291
   Incoming Energy [1000000, 10000000)
     Total Material
       Flux                                 1.33665 +/- 0.00263283
   Incoming Energy [10000000, 100000000)
     Total Material
       Flux                                 0.984916 +/- 0.00221371
 Cell 13
   Incoming Energy [0, 0.01)
     Total Material
       Flux                                 0 +/- 0
   Incoming Energy [0.01, 0.1)
     Total Material
       Flux                                 0 +/- 0
   Incoming Energy [0.1, 1)
     Total Material
       Flux                                 1.58612e-05 +/- 7.18397e-06
   Incoming Energy [1, 10)
     Total Material
       Flux                                 0.0164795 +/- 0.000434669
   Incoming Energy [10, 100)
     Total Material
       Flux                                 0.862351 +/- 0.00289698
   Incoming Energy [100, 1000)
     Total Material
       Flux                                 4.84695 +/- 0.0121082
   Incoming Energy [1000, 10000)
     Total Material
       Flux                                 9.67774 +/- 0.0163934
   Incoming Energy [10000, 100000)
     Total Material
       Flux                                 13.1266 +/- 0.0210552
   Incoming Energy [100000, 1000000)
     Total Material
       Flux                                 15.1474 +/- 0.0359301
   Incoming Energy [1000000, 10000000)
     Total Material
       Flux                                 6.71178 +/- 0.0238652
   Incoming Energy [10000000, 100000000)
     Total Material
       Flux                                 2.89621 +/- 0.0057541
 Cell 14
   Incoming Energy [0, 0.01)
     Total Material
       Flux                                 0 +/- 0
   Incoming Energy [0.01, 0.1)
     Total Material
       Flux                                 0 +/- 0
   Incoming Energy [0.1, 1)
     Total Material
       Flux                                 0 +/- 0
   Incoming Energy [1, 10)
     Total Material
       Flux                                 6.79559e-05 +/- 2.14696e-05
   Incoming Energy [10, 100)
     Total Material
       Flux                                 0.00417495 +/- 0.000176681
   Incoming Energy [100, 1000)
     Total Material
       Flux                                 0.0199263 +/- 0.000531905
   Incoming Energy [1000, 10000)
     Total Material
       Flux                                 0.0337667 +/- 0.00071041
   Incoming Energy [10000, 100000)
     Total Material
       Flux                                 0.0411463 +/- 0.000556093
   Incoming Energy [100000, 1000000)
     Total Material
       Flux                                 0.0612472 +/- 0.000668149
   Incoming Energy [1000000, 10000000)
     Total Material
       Flux                                 0.0388811 +/- 0.00058693
   Incoming Energy [10000000, 100000000)
     Total Material
       Flux                                 0.0109049 +/- 0.000152421
 Cell 21
   Incoming Energy [0, 0.01)
     Total Material
       Flux                                 0 +/- 0
   Incoming Energy [0.01, 0.1)
     Total Material
       Flux                                 0 +/- 0
   Incoming Energy [0.1, 1)
     Total Material
       Flux                                 0 +/- 0
   Incoming Energy [1, 10)
     Total Material
       Flux                                 0.000192225 +/- 1.17539e-05
   Incoming Energy [10, 100)
     Total Material
       Flux                                 0.0116111 +/- 0.000132049
   Incoming Energy [100, 1000)
     Total Material
       Flux                                 0.0605409 +/- 0.00039447
   Incoming Energy [1000, 10000)
     Total Material
       Flux                                 0.146682 +/- 0.00104989
   Incoming Energy [10000, 100000)
     Total Material
       Flux                                 0.258207 +/- 0.000648914
   Incoming Energy [100000, 1000000)
     Total Material
       Flux                                 0.539885 +/- 0.00188146
   Incoming Energy [1000000, 10000000)
     Total Material
       Flux                                 0.227029 +/- 0.000707577
   Incoming Energy [10000000, 100000000)
     Total Material
       Flux                                 0.281895 +/- 0.000425977
 Cell 22
   Incoming Energy [0, 0.01)
     Total Material
       Flux                                 0 +/- 0
   Incoming Energy [0.01, 0.1)
     Total Material
       Flux                                 0 +/- 0
   Incoming Energy [0.1, 1)
     Total Material
       Flux                                 0 +/- 0
   Incoming Energy [1, 10)
     Total Material
       Flux                                 0.00334565 +/- 0.00020576
   Incoming Energy [10, 100)
     Total Material
       Flux                                 0.170154 +/- 0.00127567
   Incoming Energy [100, 1000)
     Total Material
       Flux                                 0.873628 +/- 0.00469414
   Incoming Energy [1000, 10000)
     Total Material
       Flux                                 1.92854 +/- 0.00790093
   Incoming Energy [10000, 100000)
     Total Material
       Flux                                 3.32937 +/- 0.00572747
   Incoming Energy [100000, 1000000)
     Total Material
       Flux                                 6.46961 +/- 0.0171815
   Incoming Energy [1000000, 10000000)
     Total Material
       Flux                                 2.75401 +/- 0.00546284
   Incoming Energy [10000000, 100000000)
     Total Material
       Flux                                 2.66176 +/- 0.00228443
 Cell 23
   Incoming Energy [0, 0.01)
     Total Material
       Flux                                 0 +/- 0
   Incoming Energy [0.01, 0.1)
     Total Material
       Flux                                 0 +/- 0
   Incoming Energy [0.1, 1)
     Total Material
       Flux                                 2.96068e-05 +/- 9.32899e-06
   Incoming Energy [1, 10)
     Total Material
       Flux                                 0.0343382 +/- 0.00033244
   Incoming Energy [10, 100)
     Total Material
       Flux                                 1.79221 +/- 0.00559114
   Incoming Energy [100, 1000)
     Total Material
       Flux                                 10.1088 +/- 0.0181574
   Incoming Energy [1000, 10000)
     Total Material
       Flux                                 20.2137 +/- 0.0222851
   Incoming Energy [10000, 100000)
     Total Material
       Flux                                 27.6291 +/- 0.0237961
   Incoming Energy [100000, 1000000)
     Total Material
       Flux                                 33.2507 +/- 0.0266214
   Incoming Energy [1000000, 10000000)
     Total Material
       Flux                                 16.4966 +/- 0.0279078
   Incoming Energy [10000000, 100000000)
     Total Material
       Flux                                 8.12214 +/- 0.013825
 Cell 24
   Incoming Energy [0, 0.01)
     Total Material
       Flux                                 0 +/- 0
   Incoming Energy [0.01, 0.1)
     Total Material
       Flux                                 0 +/- 0
   Incoming Energy [0.1, 1)
     Total Material
       Flux                                 0 +/- 0
   Incoming Energy [1, 10)
     Total Material
       Flux                                 7.84963e-06 +/- 4.31238e-06
   Incoming Energy [10, 100)
     Total Material
       Flux                                 0.000748751 +/- 0.000110421
   Incoming Energy [100, 1000)
     Total Material
       Flux                                 0.00346113 +/- 0.000190383
   Incoming Energy [1000, 10000)
     Total Material
       Flux                                 0.00567952 +/- 0.000140924
   Incoming Energy [10000, 100000)
     Total Material
       Flux                                 0.0066829 +/- 0.00024874
   Incoming Energy [100000, 1000000)
     Total Material
       Flux                                 0.00951331 +/- 0.000488222
   Incoming Energy [1000000, 10000000)
     Total Material
       Flux                                 0.00617124 +/- 0.000182694
   Incoming Energy [10000000, 100000000)
     Total Material
       Flux                                 0.00116365 +/- 4.93171e-05
 ================>     TALLY 8: LI RXN RATES SPECTRUM     <=================

 Cell 11
   Incoming Energy [0, 0.01)
     Li6
       (n,gamma)                            0 +/- 0
       (n,Xt)                               0 +/- 0
       (n,elastic)                          0 +/- 0
     Li7
       (n,gamma)                            0 +/- 0
       (n,Xt)                               0 +/- 0
       (n,elastic)                          0 +/- 0
   Incoming Energy [0.01, 0.1)
     Li6
       (n,gamma)                            0 +/- 0
       (n,Xt)                               0 +/- 0
       (n,elastic)                          0 +/- 0
     Li7
       (n,gamma)                            0 +/- 0
       (n,Xt)                               0 +/- 0
       (n,elastic)                          0 +/- 0
   Incoming Energy [0.1, 1)
     Li6
       (n,gamma)                            0 +/- 0
       (n,Xt)                               0 +/- 0
       (n,elastic)                          0 +/- 0
     Li7
       (n,gamma)                            0 +/- 0
       (n,Xt)                               0 +/- 0
       (n,elastic)                          0 +/- 0
   Incoming Energy [1, 10)
     Li6
       (n,gamma)                            0 +/- 0
       (n,Xt)                               0 +/- 0
       (n,elastic)                          0 +/- 0
     Li7
       (n,gamma)                            0 +/- 0
       (n,Xt)                               0 +/- 0
       (n,elastic)                          0 +/- 0
   Incoming Energy [10, 100)
     Li6
       (n,gamma)                            0 +/- 0
       (n,Xt)                               0 +/- 0
       (n,elastic)                          0 +/- 0
     Li7
       (n,gamma)                            0 +/- 0
       (n,Xt)                               0 +/- 0
       (n,elastic)                          0 +/- 0
   Incoming Energy [100, 1000)
     Li6
       (n,gamma)                            0 +/- 0
       (n,Xt)                               0 +/- 0
       (n,elastic)                          0 +/- 0
     Li7
       (n,gamma)                            0 +/- 0
       (n,Xt)                               0 +/- 0
       (n,elastic)                          0 +/- 0
   Incoming Energy [1000, 10000)
     Li6
       (n,gamma)                            0 +/- 0
       (n,Xt)                               0 +/- 0
       (n,elastic)                          0 +/- 0
     Li7
       (n,gamma)                            0 +/- 0
       (n,Xt)                               0 +/- 0
       (n,elastic)                          0 +/- 0
   Incoming Energy [10000, 100000)
     Li6
       (n,gamma)                            0 +/- 0
       (n,Xt)                               0 +/- 0
       (n,elastic)                          0 +/- 0
     Li7
       (n,gamma)                            0 +/- 0
       (n,Xt)                               0 +/- 0
       (n,elastic)                          0 +/- 0
   Incoming Energy [100000, 1000000)
     Li6
       (n,gamma)                            0 +/- 0
       (n,Xt)                               0 +/- 0
       (n,elastic)                          0 +/- 0
     Li7
       (n,gamma)                            0 +/- 0
       (n,Xt)                               0 +/- 0
       (n,elastic)                          0 +/- 0
   Incoming Energy [1000000, 10000000)
     Li6
       (n,gamma)                            0 +/- 0
       (n,Xt)                               0 +/- 0
       (n,elastic)                          0 +/- 0
     Li7
       (n,gamma)                            0 +/- 0
       (n,Xt)                               0 +/- 0
       (n,elastic)                          0 +/- 0
   Incoming Energy [10000000, 100000000)
     Li6
       (n,gamma)                            0 +/- 0
       (n,Xt)                               0 +/- 0
       (n,elastic)                          0 +/- 0
     Li7
       (n,gamma)                            0 +/- 0
       (n,Xt)                               0 +/- 0
       (n,elastic)                          0 +/- 0
 Cell 12
   Incoming Energy [0, 0.01)
     Li6
       (n,gamma)                            0 +/- 0
       (n,Xt)                               0 +/- 0
       (n,elastic)                          0 +/- 0
     Li7
       (n,gamma)                            0 +/- 0
       (n,Xt)                               0 +/- 0
       (n,elastic)                          0 +/- 0
   Incoming Energy [0.01, 0.1)
     Li6
       (n,gamma)                            0 +/- 0
       (n,Xt)                               0 +/- 0
       (n,elastic)                          0 +/- 0
     Li7
       (n,gamma)                            0 +/- 0
       (n,Xt)                               0 +/- 0
       (n,elastic)                          0 +/- 0
   Incoming Energy [0.1, 1)
     Li6
       (n,gamma)                            0 +/- 0
       (n,Xt)                               0 +/- 0
       (n,elastic)                          0 +/- 0
     Li7
       (n,gamma)                            0 +/- 0
       (n,Xt)                               0 +/- 0
       (n,elastic)                          0 +/- 0
   Incoming Energy [1, 10)
     Li6
       (n,gamma)                            0 +/- 0
       (n,Xt)                               0 +/- 0
       (n,elastic)                          0 +/- 0
     Li7
       (n,gamma)                            0 +/- 0
       (n,Xt)                               0 +/- 0
       (n,elastic)                          0 +/- 0
   Incoming Energy [10, 100)
     Li6
       (n,gamma)                            0 +/- 0
       (n,Xt)                               0 +/- 0
       (n,elastic)                          0 +/- 0
     Li7
       (n,gamma)                            0 +/- 0
       (n,Xt)                               0 +/- 0
       (n,elastic)                          0 +/- 0
   Incoming Energy [100, 1000)
     Li6
       (n,gamma)                            0 +/- 0
       (n,Xt)                               0 +/- 0
       (n,elastic)                          0 +/- 0
     Li7
       (n,gamma)                            0 +/- 0
       (n,Xt)                               0 +/- 0
       (n,elastic)                          0 +/- 0
   Incoming Energy [1000, 10000)
     Li6
       (n,gamma)                            0 +/- 0
       (n,Xt)                               0 +/- 0
       (n,elastic)                          0 +/- 0
     Li7
       (n,gamma)                            0 +/- 0
       (n,Xt)                               0 +/- 0
       (n,elastic)                          0 +/- 0
   Incoming Energy [10000, 100000)
     Li6
       (n,gamma)                            0 +/- 0
       (n,Xt)                               0 +/- 0
       (n,elastic)                          0 +/- 0
     Li7
       (n,gamma)                            0 +/- 0
       (n,Xt)                               0 +/- 0
       (n,elastic)                          0 +/- 0
   Incoming Energy [100000, 1000000)
     Li6
       (n,gamma)                            0 +/- 0
       (n,Xt)                               0 +/- 0
       (n,elastic)                          0 +/- 0
     Li7
       (n,gamma)                            0 +/- 0
       (n,Xt)                               0 +/- 0
       (n,elastic)                          0 +/- 0
   Incoming Energy [1000000, 10000000)
     Li6
       (n,gamma)                            0 +/- 0
       (n,Xt)                               0 +/- 0
       (n,elastic)                          0 +/- 0
     Li7
       (n,gamma)                            0 +/- 0
       (n,Xt)                               0 +/- 0
       (n,elastic)                          0 +/- 0
   Incoming Energy [10000000, 100000000)
     Li6
       (n,gamma)                            0 +/- 0
       (n,Xt)                               0 +/- 0
       (n,elastic)                          0 +/- 0
     Li7
       (n,gamma)                            0 +/- 0
       (n,Xt)                               0 +/- 0
       (n,elastic)                          0 +/- 0
 Cell 13
   Incoming Energy [0, 0.01)
     Li6
       (n,gamma)                            0 +/- 0
       (n,Xt)                               0 +/- 0
       (n,elastic)                          0 +/- 0
     Li7
       (n,gamma)                            0 +/- 0
       (n,Xt)                               0 +/- 0
       (n,elastic)                          0 +/- 0
   Incoming Energy [0.01, 0.1)
     Li6
       (n,gamma)                            0 +/- 0
       (n,Xt)                               0 +/- 0
       (n,elastic)                          0 +/- 0
     Li7
       (n,gamma)                            0 +/- 0
       (n,Xt)                               0 +/- 0
       (n,elastic)                          0 +/- 0
   Incoming Energy [0.1, 1)
     Li6
       (n,gamma)                            4.00264e-10 +/- 1.80547e-10
       (n,Xt)                               9.75037e-06 +/- 4.39809e-06
       (n,elastic)                          4.43454e-08 +/- 2.00842e-08
     Li7
       (n,gamma)                            3.14729e-10 +/- 1.41964e-10
       (n,Xt)                               0 +/- 0
       (n,elastic)                          4.03482e-08 +/- 1.82754e-08
   Incoming Energy [1, 10)
     Li6
       (n,gamma)                            1.50526e-07 +/- 4.07463e-09
       (n,Xt)                               0.00366565 +/- 9.92279e-05
       (n,elastic)                          4.57663e-05 +/- 1.20722e-06
     Li7
       (n,gamma)                            1.18379e-07 +/- 3.20435e-09
       (n,Xt)                               0 +/- 0
       (n,elastic)                          4.23373e-05 +/- 1.11652e-06
   Incoming Energy [10, 100)
     Li6
       (n,gamma)                            2.95849e-06 +/- 9.1426e-09
       (n,Xt)                               0.0719907 +/- 0.000222459
       (n,elastic)                          0.00239078 +/- 8.03033e-06
     Li7
       (n,gamma)                            2.32636e-06 +/- 7.18958e-09
       (n,Xt)                               0 +/- 0
       (n,elastic)                          0.00226279 +/- 7.62396e-06
   Incoming Energy [100, 1000)
     Li6
       (n,gamma)                            6.13078e-06 +/- 1.50219e-08
       (n,Xt)                               0.148932 +/- 0.000364912
       (n,elastic)                          0.0134023 +/- 3.34782e-05
     Li7
       (n,gamma)                            4.51538e-06 +/- 1.105e-08
       (n,Xt)                               0 +/- 0
       (n,elastic)                          0.0130457 +/- 3.26009e-05
   Incoming Energy [1000, 10000)
     Li6
       (n,gamma)                            4.16864e-06 +/- 7.39923e-09
       (n,Xt)                               0.101141 +/- 0.000179501
       (n,elastic)                          0.0265421 +/- 4.49818e-05
     Li7
       (n,gamma)                            3.53617e-06 +/- 6.15095e-09
       (n,Xt)                               0 +/- 0
       (n,elastic)                          0.0264906 +/- 4.48733e-05
   Incoming Energy [10000, 100000)
     Li6
       (n,gamma)                            1.81373e-06 +/- 2.78051e-09
       (n,Xt)                               0.0467865 +/- 7.25702e-05
       (n,elastic)                          0.036053 +/- 5.81889e-05
     Li7
       (n,gamma)                            1.76149e-06 +/- 2.6828e-09
       (n,Xt)                               0 +/- 0
       (n,elastic)                          0.0350792 +/- 5.60463e-05
   Incoming Energy [100000, 1000000)
     Li6
       (n,gamma)                            7.85036e-07 +/- 1.92108e-09
       (n,Xt)                               0.0570441 +/- 0.00012294
       (n,elastic)                          0.148271 +/- 0.000300583
     Li7
       (n,gamma)                            6.69907e-07 +/- 1.57639e-09
       (n,Xt)                               0 +/- 0
       (n,elastic)                          0.0733404 +/- 0.000151607
   Incoming Energy [1000000, 10000000)
     Li6
       (n,gamma)                            2.8863e-07 +/- 1.01748e-09
       (n,Xt)                               0.00483507 +/- 1.62193e-05
       (n,elastic)                          0.0294481 +/- 0.000107056
     Li7
       (n,gamma)                            8.15028e-08 +/- 2.86044e-10
       (n,Xt)                               0.00112544 +/- 7.37971e-06
       (n,elastic)                          0.0273749 +/- 0.000100267
   Incoming Energy [10000000, 100000000)
     Li6
       (n,gamma)                            1.14449e-07 +/- 2.27793e-10
       (n,Xt)                               0.000311581 +/- 6.53464e-07
       (n,elastic)                          0.010059 +/- 2.05595e-05
     Li7
       (n,gamma)                            3.08689e-08 +/- 6.15006e-11
       (n,Xt)                               0.0023499 +/- 4.77849e-06
       (n,elastic)                          0.00781007 +/- 1.58442e-05
 Cell 14
   Incoming Energy [0, 0.01)
     Li6
       (n,gamma)                            0 +/- 0
       (n,Xt)                               0 +/- 0
       (n,elastic)                          0 +/- 0
     Li7
       (n,gamma)                            0 +/- 0
       (n,Xt)                               0 +/- 0
       (n,elastic)                          0 +/- 0
   Incoming Energy [0.01, 0.1)
     Li6
       (n,gamma)                            0 +/- 0
       (n,Xt)                               0 +/- 0
       (n,elastic)                          0 +/- 0
     Li7
       (n,gamma)                            0 +/- 0
       (n,Xt)                               0 +/- 0
       (n,elastic)                          0 +/- 0
   Incoming Energy [0.1, 1)
     Li6
       (n,gamma)                            0 +/- 0
       (n,Xt)                               0 +/- 0
       (n,elastic)                          0 +/- 0
     Li7
       (n,gamma)                            0 +/- 0
       (n,Xt)                               0 +/- 0
       (n,elastic)                          0 +/- 0
   Incoming Energy [1, 10)
     Li6
       (n,gamma)                            0 +/- 0
       (n,Xt)                               0 +/- 0
       (n,elastic)                          0 +/- 0
     Li7
       (n,gamma)                            0 +/- 0
       (n,Xt)                               0 +/- 0
       (n,elastic)                          0 +/- 0
   Incoming Energy [10, 100)
     Li6
       (n,gamma)                            0 +/- 0
       (n,Xt)                               0 +/- 0
       (n,elastic)                          0 +/- 0
     Li7
       (n,gamma)                            0 +/- 0
       (n,Xt)                               0 +/- 0
       (n,elastic)                          0 +/- 0
   Incoming Energy [100, 1000)
     Li6
       (n,gamma)                            0 +/- 0
       (n,Xt)                               0 +/- 0
       (n,elastic)                          0 +/- 0
     Li7
       (n,gamma)                            0 +/- 0
       (n,Xt)                               0 +/- 0
       (n,elastic)                          0 +/- 0
   Incoming Energy [1000, 10000)
     Li6
       (n,gamma)                            0 +/- 0
       (n,Xt)                               0 +/- 0
       (n,elastic)                          0 +/- 0
     Li7
       (n,gamma)                            0 +/- 0
       (n,Xt)                               0 +/- 0
       (n,elastic)                          0 +/- 0
   Incoming Energy [10000, 100000)
     Li6
       (n,gamma)                            0 +/- 0
       (n,Xt)                               0 +/- 0
       (n,elastic)                          0 +/- 0
     Li7
       (n,gamma)                            0 +/- 0
       (n,Xt)                               0 +/- 0
       (n,elastic)                          0 +/- 0
   Incoming Energy [100000, 1000000)
     Li6
       (n,gamma)                            0 +/- 0
       (n,Xt)                               0 +/- 0
       (n,elastic)                          0 +/- 0
     Li7
       (n,gamma)                            0 +/- 0
       (n,Xt)                               0 +/- 0
       (n,elastic)                          0 +/- 0
   Incoming Energy [1000000, 10000000)
     Li6
       (n,gamma)                            0 +/- 0
       (n,Xt)                               0 +/- 0
       (n,elastic)                          0 +/- 0
     Li7
       (n,gamma)                            0 +/- 0
       (n,Xt)                               0 +/- 0
       (n,elastic)                          0 +/- 0
   Incoming Energy [10000000, 100000000)
     Li6
       (n,gamma)                            0 +/- 0
       (n,Xt)                               0 +/- 0
       (n,elastic)                          0 +/- 0
     Li7
       (n,gamma)                            0 +/- 0
       (n,Xt)                               0 +/- 0
       (n,elastic)                          0 +/- 0
 Cell 21
   Incoming Energy [0, 0.01)
     Li6
       (n,gamma)                            0 +/- 0
       (n,Xt)                               0 +/- 0
       (n,elastic)                          0 +/- 0
     Li7
       (n,gamma)                            0 +/- 0
       (n,Xt)                               0 +/- 0
       (n,elastic)                          0 +/- 0
   Incoming Energy [0.01, 0.1)
     Li6
       (n,gamma)                            0 +/- 0
       (n,Xt)                               0 +/- 0
       (n,elastic)                          0 +/- 0
     Li7
       (n,gamma)                            0 +/- 0
       (n,Xt)                               0 +/- 0
       (n,elastic)                          0 +/- 0
   Incoming Energy [0.1, 1)
     Li6
       (n,gamma)                            0 +/- 0
       (n,Xt)                               0 +/- 0
       (n,elastic)                          0 +/- 0
     Li7
       (n,gamma)                            0 +/- 0
       (n,Xt)                               0 +/- 0
       (n,elastic)                          0 +/- 0
   Incoming Energy [1, 10)
     Li6
       (n,gamma)                            0 +/- 0
       (n,Xt)                               0 +/- 0
       (n,elastic)                          0 +/- 0
     Li7
       (n,gamma)                            0 +/- 0
       (n,Xt)                               0 +/- 0
       (n,elastic)                          0 +/- 0
   Incoming Energy [10, 100)
     Li6
       (n,gamma)                            0 +/- 0
       (n,Xt)                               0 +/- 0
       (n,elastic)                          0 +/- 0
     Li7
       (n,gamma)                            0 +/- 0
       (n,Xt)                               0 +/- 0
       (n,elastic)                          0 +/- 0
   Incoming Energy [100, 1000)
     Li6
       (n,gamma)                            0 +/- 0
       (n,Xt)                               0 +/- 0
       (n,elastic)                          0 +/- 0
     Li7
       (n,gamma)                            0 +/- 0
       (n,Xt)                               0 +/- 0
       (n,elastic)                          0 +/- 0
   Incoming Energy [1000, 10000)
     Li6
       (n,gamma)                            0 +/- 0
       (n,Xt)                               0 +/- 0
       (n,elastic)                          0 +/- 0
     Li7
       (n,gamma)                            0 +/- 0
       (n,Xt)                               0 +/- 0
       (n,elastic)                          0 +/- 0
   Incoming Energy [10000, 100000)
     Li6
       (n,gamma)                            0 +/- 0
       (n,Xt)                               0 +/- 0
       (n,elastic)                          0 +/- 0
     Li7
       (n,gamma)                            0 +/- 0
       (n,Xt)                               0 +/- 0
       (n,elastic)                          0 +/- 0
   Incoming Energy [100000, 1000000)
     Li6
       (n,gamma)                            0 +/- 0
       (n,Xt)                               0 +/- 0
       (n,elastic)                          0 +/- 0
     Li7
       (n,gamma)                            0 +/- 0
       (n,Xt)                               0 +/- 0
       (n,elastic)                          0 +/- 0
   Incoming Energy [1000000, 10000000)
     Li6
       (n,gamma)                            0 +/- 0
       (n,Xt)                               0 +/- 0
       (n,elastic)                          0 +/- 0
     Li7
       (n,gamma)                            0 +/- 0
       (n,Xt)                               0 +/- 0
       (n,elastic)                          0 +/- 0
   Incoming Energy [10000000, 100000000)
     Li6
       (n,gamma)                            0 +/- 0
       (n,Xt)                               0 +/- 0
       (n,elastic)                          0 +/- 0
     Li7
       (n,gamma)                            0 +/- 0
       (n,Xt)                               0 +/- 0
       (n,elastic)                          0 +/- 0
 Cell 22
   Incoming Energy [0, 0.01)
     Li6
       (n,gamma)                            0 +/- 0
       (n,Xt)                               0 +/- 0
       (n,elastic)                          0 +/- 0
     Li7
       (n,gamma)                            0 +/- 0
       (n,Xt)                               0 +/- 0
       (n,elastic)                          0 +/- 0
   Incoming Energy [0.01, 0.1)
     Li6
       (n,gamma)                            0 +/- 0
       (n,Xt)                               0 +/- 0
       (n,elastic)                          0 +/- 0
     Li7
       (n,gamma)                            0 +/- 0
       (n,Xt)                               0 +/- 0
       (n,elastic)                          0 +/- 0
   Incoming Energy [0.1, 1)
     Li6
       (n,gamma)                            0 +/- 0
       (n,Xt)                               0 +/- 0
       (n,elastic)                          0 +/- 0
     Li7
       (n,gamma)                            0 +/- 0
       (n,Xt)                               0 +/- 0
       (n,elastic)                          0 +/- 0
   Incoming Energy [1, 10)
     Li6
       (n,gamma)                            0 +/- 0
       (n,Xt)                               0 +/- 0
       (n,elastic)                          0 +/- 0
     Li7
       (n,gamma)                            0 +/- 0
       (n,Xt)                               0 +/- 0
       (n,elastic)                          0 +/- 0
   Incoming Energy [10, 100)
     Li6
       (n,gamma)                            0 +/- 0
       (n,Xt)                               0 +/- 0
       (n,elastic)                          0 +/- 0
     Li7
       (n,gamma)                            0 +/- 0
       (n,Xt)                               0 +/- 0
       (n,elastic)                          0 +/- 0
   Incoming Energy [100, 1000)
     Li6
       (n,gamma)                            0 +/- 0
       (n,Xt)                               0 +/- 0
       (n,elastic)                          0 +/- 0
     Li7
       (n,gamma)                            0 +/- 0
       (n,Xt)                               0 +/- 0
       (n,elastic)                          0 +/- 0
   Incoming Energy [1000, 10000)
     Li6
       (n,gamma)                            0 +/- 0
       (n,Xt)                               0 +/- 0
       (n,elastic)                          0 +/- 0
     Li7
       (n,gamma)                            0 +/- 0
       (n,Xt)                               0 +/- 0
       (n,elastic)                          0 +/- 0
   Incoming Energy [10000, 100000)
     Li6
       (n,gamma)                            0 +/- 0
       (n,Xt)                               0 +/- 0
       (n,elastic)                          0 +/- 0
     Li7
       (n,gamma)                            0 +/- 0
       (n,Xt)                               0 +/- 0
       (n,elastic)                          0 +/- 0
   Incoming Energy [100000, 1000000)
     Li6
       (n,gamma)                            0 +/- 0
       (n,Xt)                               0 +/- 0
       (n,elastic)                          0 +/- 0
     Li7
       (n,gamma)                            0 +/- 0
       (n,Xt)                               0 +/- 0
       (n,elastic)                          0 +/- 0
   Incoming Energy [1000000, 10000000)
     Li6
       (n,gamma)                            0 +/- 0
       (n,Xt)                               0 +/- 0
       (n,elastic)                          0 +/- 0
     Li7
       (n,gamma)                            0 +/- 0
       (n,Xt)                               0 +/- 0
       (n,elastic)                          0 +/- 0
   Incoming Energy [10000000, 100000000)
     Li6
       (n,gamma)                            0 +/- 0
       (n,Xt)                               0 +/- 0
       (n,elastic)                          0 +/- 0
     Li7
       (n,gamma)                            0 +/- 0
       (n,Xt)                               0 +/- 0
       (n,elastic)                          0 +/- 0
 Cell 23
   Incoming Energy [0, 0.01)
     Li6
       (n,gamma)                            0 +/- 0
       (n,Xt)                               0 +/- 0
       (n,elastic)                          0 +/- 0
     Li7
       (n,gamma)                            0 +/- 0
       (n,Xt)                               0 +/- 0
       (n,elastic)                          0 +/- 0
   Incoming Energy [0.01, 0.1)
     Li6
       (n,gamma)                            0 +/- 0
       (n,Xt)                               0 +/- 0
       (n,elastic)                          0 +/- 0
     Li7
       (n,gamma)                            0 +/- 0
       (n,Xt)                               0 +/- 0
       (n,elastic)                          0 +/- 0
   Incoming Energy [0.1, 1)
     Li6
       (n,gamma)                            8.13857e-10 +/- 2.59655e-10
       (n,Xt)                               1.98257e-05 +/- 6.32525e-06
       (n,elastic)                          8.28907e-08 +/- 2.61234e-08
     Li7
       (n,gamma)                            6.39936e-10 +/- 2.04171e-10
       (n,Xt)                               0 +/- 0
       (n,elastic)                          7.53034e-08 +/- 2.37277e-08
   Incoming Energy [1, 10)
     Li6
       (n,gamma)                            3.14826e-07 +/- 3.11017e-09
       (n,Xt)                               0.00766674 +/- 7.57414e-05
       (n,elastic)                          9.53639e-05 +/- 9.23265e-07
     Li7
       (n,gamma)                            2.4759e-07 +/- 2.446e-09
       (n,Xt)                               0 +/- 0
       (n,elastic)                          8.82125e-05 +/- 8.54758e-07
   Incoming Energy [10, 100)
     Li6
       (n,gamma)                            6.14596e-06 +/- 2.01676e-08
       (n,Xt)                               0.149553 +/- 0.000490789
       (n,elastic)                          0.00496872 +/- 1.55015e-05
     Li7
       (n,gamma)                            4.83276e-06 +/- 1.58584e-08
       (n,Xt)                               0 +/- 0
       (n,elastic)                          0.00470283 +/- 1.46609e-05
   Incoming Energy [100, 1000)
     Li6
       (n,gamma)                            1.27825e-05 +/- 2.27684e-08
       (n,Xt)                               0.31052 +/- 0.000553094
       (n,elastic)                          0.0279517 +/- 5.02069e-05
     Li7
       (n,gamma)                            9.41417e-06 +/- 1.67485e-08
       (n,Xt)                               0 +/- 0
       (n,elastic)                          0.0272084 +/- 4.88666e-05
   Incoming Energy [1000, 10000)
     Li6
       (n,gamma)                            8.70011e-06 +/- 9.61606e-09
       (n,Xt)                               0.211086 +/- 0.000233274
       (n,elastic)                          0.0554371 +/- 6.11264e-05
     Li7
       (n,gamma)                            7.38231e-06 +/- 8.15064e-09
       (n,Xt)                               0 +/- 0
       (n,elastic)                          0.0553302 +/- 6.10003e-05
   Incoming Energy [10000, 100000)
     Li6
       (n,gamma)                            3.81068e-06 +/- 3.24573e-09
       (n,Xt)                               0.098335 +/- 8.33488e-05
       (n,elastic)                          0.0758946 +/- 6.53237e-05
     Li7
       (n,gamma)                            3.69948e-06 +/- 3.16449e-09
       (n,Xt)                               0 +/- 0
       (n,elastic)                          0.0738269 +/- 6.34986e-05
   Incoming Energy [100000, 1000000)
     Li6
       (n,gamma)                            1.71849e-06 +/- 1.43654e-09
       (n,Xt)                               0.124072 +/- 0.000109433
       (n,elastic)                          0.323923 +/- 0.000261836
     Li7
       (n,gamma)                            1.4555e-06 +/- 1.31194e-09
       (n,Xt)                               0 +/- 0
       (n,elastic)                          0.160429 +/- 0.000143735
   Incoming Energy [1000000, 10000000)
     Li6
       (n,gamma)                            7.0842e-07 +/- 1.19973e-09
       (n,Xt)                               0.0117044 +/- 2.1071e-05
       (n,elastic)                          0.0726036 +/- 0.000126545
     Li7
       (n,gamma)                            1.99893e-07 +/- 3.38791e-10
       (n,Xt)                               0.00297392 +/- 9.20004e-06
       (n,elastic)                          0.0673605 +/- 0.000118949
   Incoming Energy [10000000, 100000000)
     Li6
       (n,gamma)                            3.20951e-07 +/- 5.45924e-10
       (n,Xt)                               0.0008731 +/- 1.46055e-06
       (n,elastic)                          0.0281963 +/- 4.75139e-05
     Li7
       (n,gamma)                            8.65646e-08 +/- 1.47178e-10
       (n,Xt)                               0.00658741 +/- 1.11447e-05
       (n,elastic)                          0.021895 +/- 3.70637e-05
 Cell 24
   Incoming Energy [0, 0.01)
     Li6
       (n,gamma)                            0 +/- 0
       (n,Xt)                               0 +/- 0
       (n,elastic)                          0 +/- 0
     Li7
       (n,gamma)                            0 +/- 0
       (n,Xt)                               0 +/- 0
       (n,elastic)                          0 +/- 0
   Incoming Energy [0.01, 0.1)
     Li6
       (n,gamma)                            0 +/- 0
       (n,Xt)                               0 +/- 0
       (n,elastic)                          0 +/- 0
     Li7
       (n,gamma)                            0 +/- 0
       (n,Xt)                               0 +/- 0
       (n,elastic)                          0 +/- 0
   Incoming Energy [0.1, 1)
     Li6
       (n,gamma)                            0 +/- 0
       (n,Xt)                               0 +/- 0
       (n,elastic)                          0 +/- 0
     Li7
       (n,gamma)                            0 +/- 0
       (n,Xt)                               0 +/- 0
       (n,elastic)                          0 +/- 0
   Incoming Energy [1, 10)
     Li6
       (n,gamma)                            0 +/- 0
       (n,Xt)                               0 +/- 0
       (n,elastic)                          0 +/- 0
     Li7
       (n,gamma)                            0 +/- 0
       (n,Xt)                               0 +/- 0
       (n,elastic)                          0 +/- 0
   Incoming Energy [10, 100)
     Li6
       (n,gamma)                            0 +/- 0
       (n,Xt)                               0 +/- 0
       (n,elastic)                          0 +/- 0
     Li7
       (n,gamma)                            0 +/- 0
       (n,Xt)                               0 +/- 0
       (n,elastic)                          0 +/- 0
   Incoming Energy [100, 1000)
     Li6
       (n,gamma)                            0 +/- 0
       (n,Xt)                               0 +/- 0
       (n,elastic)                          0 +/- 0
     Li7
       (n,gamma)                            0 +/- 0
       (n,Xt)                               0 +/- 0
       (n,elastic)                          0 +/- 0
   Incoming Energy [1000, 10000)
     Li6
       (n,gamma)                            0 +/- 0
       (n,Xt)                               0 +/- 0
       (n,elastic)                          0 +/- 0
     Li7
       (n,gamma)                            0 +/- 0
       (n,Xt)                               0 +/- 0
       (n,elastic)                          0 +/- 0
   Incoming Energy [10000, 100000)
     Li6
       (n,gamma)                            0 +/- 0
       (n,Xt)                               0 +/- 0
       (n,elastic)                          0 +/- 0
     Li7
       (n,gamma)                            0 +/- 0
       (n,Xt)                               0 +/- 0
       (n,elastic)                          0 +/- 0
   Incoming Energy [100000, 1000000)
     Li6
       (n,gamma)                            0 +/- 0
       (n,Xt)                               0 +/- 0
       (n,elastic)                          0 +/- 0
     Li7
       (n,gamma)                            0 +/- 0
       (n,Xt)                               0 +/- 0
       (n,elastic)                          0 +/- 0
   Incoming Energy [1000000, 10000000)
     Li6
       (n,gamma)                            0 +/- 0
       (n,Xt)                               0 +/- 0
       (n,elastic)                          0 +/- 0
     Li7
       (n,gamma)                            0 +/- 0
       (n,Xt)                               0 +/- 0
       (n,elastic)                          0 +/- 0
   Incoming Energy [10000000, 100000000)
     Li6
       (n,gamma)                            0 +/- 0
       (n,Xt)                               0 +/- 0
       (n,elastic)                          0 +/- 0
     Li7
       (n,gamma)                            0 +/- 0
       (n,Xt)                               0 +/- 0
       (n,elastic)                          0 +/- 0
