 ==================>     TALLY 24: TOTAL U RXN RATE     <===================

 U238
   (n,gamma)                            0.00503016 +/- 1.88587e-05
   Fission Rate                         0.000436516 +/- 4.02033e-07
   (n,elastic)                          0.042441 +/- 4.71161e-05
 U235
   (n,gamma)                            3.70675e-05 +/- 3.6734e-08
   Fission Rate                         9.62478e-05 +/- 7.06843e-08
   (n,elastic)                          0.000209475 +/- 1.21106e-07
 =====================>     TALLY 25: U RXN RATES     <=====================

 Cell 11
   U238
     (n,gamma)                            0 +/- 0
     Fission Rate                         0 +/- 0
     (n,elastic)                          0 +/- 0
   U235
     (n,gamma)                            0 +/- 0
     Fission Rate                         0 +/- 0
     (n,elastic)                          0 +/- 0
 Cell 12
   U238
     (n,gamma)                            0 +/- 0
     Fission Rate                         0 +/- 0
     (n,elastic)                          0 +/- 0
   U235
     (n,gamma)                            0 +/- 0
     Fission Rate                         0 +/- 0
     (n,elastic)                          0 +/- 0
 Cell 13
   U238
     (n,gamma)                            0.00170266 +/- 7.88789e-06
     Fission Rate                         0.000120736 +/- 2.85751e-07
     (n,elastic)                          0.0140251 +/- 2.24829e-05
   U235
     (n,gamma)                            1.24742e-05 +/- 2.87305e-08
     Fission Rate                         3.18814e-05 +/- 5.76357e-08
     (n,elastic)                          6.86868e-05 +/- 7.86647e-08
 Cell 14
   U238
     (n,gamma)                            0 +/- 0
     Fission Rate                         0 +/- 0
     (n,elastic)                          0 +/- 0
   U235
     (n,gamma)                            0 +/- 0
     Fission Rate                         0 +/- 0
     (n,elastic)                          0 +/- 0
 Cell 21
   U238
     (n,gamma)                            0 +/- 0
     Fission Rate                         0 +/- 0
     (n,elastic)                          0 +/- 0
   U235
     (n,gamma)                            0 +/- 0
     Fission Rate                         0 +/- 0
     (n,elastic)                          0 +/- 0
 Cell 22
   U238
     (n,gamma)                            0 +/- 0
     Fission Rate                         0 +/- 0
     (n,elastic)                          0 +/- 0
   U235
     (n,gamma)                            0 +/- 0
     Fission Rate                         0 +/- 0
     (n,elastic)                          0 +/- 0
 Cell 23
   U238
     (n,gamma)                            0.0033275 +/- 1.36304e-05
     Fission Rate                         0.00031578 +/- 2.37889e-07
     (n,elastic)                          0.028416 +/- 3.26468e-05
   U235
     (n,gamma)                            2.45933e-05 +/- 2.82898e-08
     Fission Rate                         6.43664e-05 +/- 5.81483e-08
     (n,elastic)                          0.000140788 +/- 1.04523e-07
 Cell 24
   U238
     (n,gamma)                            0 +/- 0
     Fission Rate                         0 +/- 0
     (n,elastic)                          0 +/- 0
   U235
     (n,gamma)                            0 +/- 0
     Fission Rate                         0 +/- 0
     (n,elastic)                          0 +/- 0
 ================>     TALLY 26: U RXN RATES SPECTRUM     <=================

 Cell 11
   Incoming Energy [0, 0.01)
     U238
       (n,gamma)                            0 +/- 0
       Fission Rate                         0 +/- 0
       (n,elastic)                          0 +/- 0
     U235
       (n,gamma)                            0 +/- 0
       Fission Rate                         0 +/- 0
       (n,elastic)                          0 +/- 0
   Incoming Energy [0.01, 0.1)
     U238
       (n,gamma)                            0 +/- 0
       Fission Rate                         0 +/- 0
       (n,elastic)                          0 +/- 0
     U235
       (n,gamma)                            0 +/- 0
       Fission Rate                         0 +/- 0
       (n,elastic)                          0 +/- 0
   Incoming Energy [0.1, 1)
     U238
       (n,gamma)                            0 +/- 0
       Fission Rate                         0 +/- 0
       (n,elastic)                          0 +/- 0
     U235
       (n,gamma)                            0 +/- 0
       Fission Rate                         0 +/- 0
       (n,elastic)                          0 +/- 0
   Incoming Energy [1, 10)
     U238
       (n,gamma)                            0 +/- 0
       Fission Rate                         0 +/- 0
       (n,elastic)                          0 +/- 0
     U235
       (n,gamma)                            0 +/- 0
       Fission Rate                         0 +/- 0
       (n,elastic)                          0 +/- 0
   Incoming Energy [10, 100)
     U238
       (n,gamma)                            0 +/- 0
       Fission Rate                         0 +/- 0
       (n,elastic)                          0 +/- 0
     U235
       (n,gamma)                            0 +/- 0
       Fission Rate                         0 +/- 0
       (n,elastic)                          0 +/- 0
   Incoming Energy [100, 1000)
     U238
       (n,gamma)                            0 +/- 0
       Fission Rate                         0 +/- 0
       (n,elastic)                          0 +/- 0
     U235
       (n,gamma)                            0 +/- 0
       Fission Rate                         0 +/- 0
       (n,elastic)                          0 +/- 0
   Incoming Energy [1000, 10000)
     U238
       (n,gamma)                            0 +/- 0
       Fission Rate                         0 +/- 0
       (n,elastic)                          0 +/- 0
     U235
       (n,gamma)                            0 +/- 0
       Fission Rate                         0 +/- 0
       (n,elastic)                          0 +/- 0
   Incoming Energy [10000, 100000)
     U238
       (n,gamma)                            0 +/- 0
       Fission Rate                         0 +/- 0
       (n,elastic)                          0 +/- 0
     U235
       (n,gamma)                            0 +/- 0
       Fission Rate                         0 +/- 0
       (n,elastic)                          0 +/- 0
   Incoming Energy [100000, 1000000)
     U238
       (n,gamma)                            0 +/- 0
       Fission Rate                         0 +/- 0
       (n,elastic)                          0 +/- 0
     U235
       (n,gamma)                            0 +/- 0
       Fission Rate                         0 +/- 0
       (n,elastic)                          0 +/- 0
   Incoming Energy [1000000, 10000000)
     U238
       (n,gamma)                            0 +/- 0
       Fission Rate                         0 +/- 0
       (n,elastic)                          0 +/- 0
     U235
       (n,gamma)                            0 +/- 0
       Fission Rate                         0 +/- 0
       (n,elastic)                          0 +/- 0
 Cell 12
   Incoming Energy [0, 0.01)
     U238
       (n,gamma)                            0 +/- 0
       Fission Rate                         0 +/- 0
       (n,elastic)                          0 +/- 0
     U235
       (n,gamma)                            0 +/- 0
       Fission Rate                         0 +/- 0
       (n,elastic)                          0 +/- 0
   Incoming Energy [0.01, 0.1)
     U238
       (n,gamma)                            0 +/- 0
       Fission Rate                         0 +/- 0
       (n,elastic)                          0 +/- 0
     U235
       (n,gamma)                            0 +/- 0
       Fission Rate                         0 +/- 0
       (n,elastic)                          0 +/- 0
   Incoming Energy [0.1, 1)
     U238
       (n,gamma)                            0 +/- 0
       Fission Rate                         0 +/- 0
       (n,elastic)                          0 +/- 0
     U235
       (n,gamma)                            0 +/- 0
       Fission Rate                         0 +/- 0
       (n,elastic)                          0 +/- 0
   Incoming Energy [1, 10)
     U238
       (n,gamma)                            0 +/- 0
       Fission Rate                         0 +/- 0
       (n,elastic)                          0 +/- 0
     U235
       (n,gamma)                            0 +/- 0
       Fission Rate                         0 +/- 0
       (n,elastic)                          0 +/- 0
   Incoming Energy [10, 100)
     U238
       (n,gamma)                            0 +/- 0
       Fission Rate                         0 +/- 0
       (n,elastic)                          0 +/- 0
     U235
       (n,gamma)                            0 +/- 0
       Fission Rate                         0 +/- 0
       (n,elastic)                          0 +/- 0
   Incoming Energy [100, 1000)
     U238
       (n,gamma)                            0 +/- 0
       Fission Rate                         0 +/- 0
       (n,elastic)                          0 +/- 0
     U235
       (n,gamma)                            0 +/- 0
       Fission Rate                         0 +/- 0
       (n,elastic)                          0 +/- 0
   Incoming Energy [1000, 10000)
     U238
       (n,gamma)                            0 +/- 0
       Fission Rate                         0 +/- 0
       (n,elastic)                          0 +/- 0
     U235
       (n,gamma)                            0 +/- 0
       Fission Rate                         0 +/- 0
       (n,elastic)                          0 +/- 0
   Incoming Energy [10000, 100000)
     U238
       (n,gamma)                            0 +/- 0
       Fission Rate                         0 +/- 0
       (n,elastic)                          0 +/- 0
     U235
       (n,gamma)                            0 +/- 0
       Fission Rate                         0 +/- 0
       (n,elastic)                          0 +/- 0
   Incoming Energy [100000, 1000000)
     U238
       (n,gamma)                            0 +/- 0
       Fission Rate                         0 +/- 0
       (n,elastic)                          0 +/- 0
     U235
       (n,gamma)                            0 +/- 0
       Fission Rate                         0 +/- 0
       (n,elastic)                          0 +/- 0
   Incoming Energy [1000000, 10000000)
     U238
       (n,gamma)                            0 +/- 0
       Fission Rate                         0 +/- 0
       (n,elastic)                          0 +/- 0
     U235
       (n,gamma)                            0 +/- 0
       Fission Rate                         0 +/- 0
       (n,elastic)                          0 +/- 0
 Cell 13
   Incoming Energy [0, 0.01)
     U238
       (n,gamma)                            0 +/- 0
       Fission Rate                         0 +/- 0
       (n,elastic)                          0 +/- 0
     U235
       (n,gamma)                            0 +/- 0
       Fission Rate                         0 +/- 0
       (n,elastic)                          0 +/- 0
   Incoming Energy [0.01, 0.1)
     U238
       (n,gamma)                            0 +/- 0
       Fission Rate                         0 +/- 0
       (n,elastic)                          0 +/- 0
     U235
       (n,gamma)                            0 +/- 0
       Fission Rate                         0 +/- 0
       (n,elastic)                          0 +/- 0
   Incoming Energy [0.1, 1)
     U238
       (n,gamma)                            1.09161e-10 +/- 4.44149e-11
       Fission Rate                         7.22449e-16 +/- 2.93031e-16
       (n,elastic)                          1.81159e-09 +/- 7.51605e-10
     U235
       (n,gamma)                            1.30845e-11 +/- 5.46489e-12
       Fission Rate                         8.79204e-11 +/- 3.58211e-11
       (n,elastic)                          1.86705e-11 +/- 7.71937e-12
   Incoming Energy [1, 10)
     U238
       (n,gamma)                            4.31941e-05 +/- 3.48424e-06
       Fission Rate                         1.91209e-11 +/- 1.51975e-12
       (n,elastic)                          5.98209e-06 +/- 2.67483e-07
     U235
       (n,gamma)                            8.44609e-08 +/- 2.21835e-09
       Fission Rate                         1.44759e-07 +/- 4.46489e-09
       (n,elastic)                          2.68043e-08 +/- 5.19045e-10
   Incoming Energy [10, 100)
     U238
       (n,gamma)                            0.000623869 +/- 6.59249e-06
       Fission Rate                         9.6246e-10 +/- 1.17176e-11
       (n,elastic)                          0.000829745 +/- 6.90161e-06
     U235
       (n,gamma)                            2.64373e-06 +/- 1.19833e-08
       Fission Rate                         4.73393e-06 +/- 2.18765e-08
       (n,elastic)                          1.47464e-06 +/- 7.75127e-09
   Incoming Energy [100, 1000)
     U238
       (n,gamma)                            0.000639332 +/- 2.49956e-06
       Fission Rate                         6.47177e-08 +/- 1.64468e-09
       (n,elastic)                          0.00295085 +/- 1.08143e-05
     U235
       (n,gamma)                            5.0234e-06 +/- 1.68503e-08
       Fission Rate                         1.08932e-05 +/- 3.22083e-08
       (n,elastic)                          8.46413e-06 +/- 2.09366e-08
   Incoming Energy [1000, 10000)
     U238
       (n,gamma)                            0.000241883 +/- 7.23609e-07
       Fission Rate                         3.47338e-08 +/- 2.87045e-10
       (n,elastic)                          0.00363893 +/- 7.07027e-06
     U235
       (n,gamma)                            2.78681e-06 +/- 4.4922e-09
       Fission Rate                         7.22094e-06 +/- 1.15112e-08
       (n,elastic)                          1.74107e-05 +/- 2.48476e-08
   Incoming Energy [10000, 100000)
     U238
       (n,gamma)                            0.000109423 +/- 1.12561e-07
       Fission Rate                         2.26068e-08 +/- 1.08073e-10
       (n,elastic)                          0.00350099 +/- 3.70508e-06
     U235
       (n,gamma)                            1.36059e-06 +/- 1.42164e-09
       Fission Rate                         4.04132e-06 +/- 4.18775e-09
       (n,elastic)                          2.12152e-05 +/- 2.2413e-08
   Incoming Energy [100000, 1000000)
     U238
       (n,gamma)                            3.81159e-05 +/- 5.95485e-08
       Fission Rate                         4.2159e-07 +/- 1.38892e-09
       (n,elastic)                          0.00244032 +/- 3.66377e-06
     U235
       (n,gamma)                            5.21e-07 +/- 7.5896e-10
       Fission Rate                         2.80489e-06 +/- 4.38947e-09
       (n,elastic)                          1.52824e-05 +/- 2.29256e-08
   Incoming Energy [1000000, 10000000)
     U238
       (n,gamma)                            6.7954e-06 +/- 2.29718e-08
       Fission Rate                         5.83736e-05 +/- 1.58516e-07
       (n,elastic)                          0.000499854 +/- 1.51415e-06
     U235
       (n,gamma)                            5.36838e-08 +/- 1.75563e-10
       Fission Rate                         1.23485e-06 +/- 3.55095e-09
       (n,elastic)                          3.69047e-06 +/- 1.11089e-08
 Cell 14
   Incoming Energy [0, 0.01)
     U238
       (n,gamma)                            0 +/- 0
       Fission Rate                         0 +/- 0
       (n,elastic)                          0 +/- 0
     U235
       (n,gamma)                            0 +/- 0
       Fission Rate                         0 +/- 0
       (n,elastic)                          0 +/- 0
   Incoming Energy [0.01, 0.1)
     U238
       (n,gamma)                            0 +/- 0
       Fission Rate                         0 +/- 0
       (n,elastic)                          0 +/- 0
     U235
       (n,gamma)                            0 +/- 0
       Fission Rate                         0 +/- 0
       (n,elastic)                          0 +/- 0
   Incoming Energy [0.1, 1)
     U238
       (n,gamma)                            0 +/- 0
       Fission Rate                         0 +/- 0
       (n,elastic)                          0 +/- 0
     U235
       (n,gamma)                            0 +/- 0
       Fission Rate                         0 +/- 0
       (n,elastic)                          0 +/- 0
   Incoming Energy [1, 10)
     U238
       (n,gamma)                            0 +/- 0
       Fission Rate                         0 +/- 0
       (n,elastic)                          0 +/- 0
     U235
       (n,gamma)                            0 +/- 0
       Fission Rate                         0 +/- 0
       (n,elastic)                          0 +/- 0
   Incoming Energy [10, 100)
     U238
       (n,gamma)                            0 +/- 0
       Fission Rate                         0 +/- 0
       (n,elastic)                          0 +/- 0
     U235
       (n,gamma)                            0 +/- 0
       Fission Rate                         0 +/- 0
       (n,elastic)                          0 +/- 0
   Incoming Energy [100, 1000)
     U238
       (n,gamma)                            0 +/- 0
       Fission Rate                         0 +/- 0
       (n,elastic)                          0 +/- 0
     U235
       (n,gamma)                            0 +/- 0
       Fission Rate                         0 +/- 0
       (n,elastic)                          0 +/- 0
   Incoming Energy [1000, 10000)
     U238
       (n,gamma)                            0 +/- 0
       Fission Rate                         0 +/- 0
       (n,elastic)                          0 +/- 0
     U235
       (n,gamma)                            0 +/- 0
       Fission Rate                         0 +/- 0
       (n,elastic)                          0 +/- 0
   Incoming Energy [10000, 100000)
     U238
       (n,gamma)                            0 +/- 0
       Fission Rate                         0 +/- 0
       (n,elastic)                          0 +/- 0
     U235
       (n,gamma)                            0 +/- 0
       Fission Rate                         0 +/- 0
       (n,elastic)                          0 +/- 0
   Incoming Energy [100000, 1000000)
     U238
       (n,gamma)                            0 +/- 0
       Fission Rate                         0 +/- 0
       (n,elastic)                          0 +/- 0
     U235
       (n,gamma)                            0 +/- 0
       Fission Rate                         0 +/- 0
       (n,elastic)                          0 +/- 0
   Incoming Energy [1000000, 10000000)
     U238
       (n,gamma)                            0 +/- 0
       Fission Rate                         0 +/- 0
       (n,elastic)                          0 +/- 0
     U235
       (n,gamma)                            0 +/- 0
       Fission Rate                         0 +/- 0
       (n,elastic)                          0 +/- 0
 Cell 21
   Incoming Energy [0, 0.01)
     U238
       (n,gamma)                            0 +/- 0
       Fission Rate                         0 +/- 0
       (n,elastic)                          0 +/- 0
     U235
       (n,gamma)                            0 +/- 0
       Fission Rate                         0 +/- 0
       (n,elastic)                          0 +/- 0
   Incoming Energy [0.01, 0.1)
     U238
       (n,gamma)                            0 +/- 0
       Fission Rate                         0 +/- 0
       (n,elastic)                          0 +/- 0
     U235
       (n,gamma)                            0 +/- 0
       Fission Rate                         0 +/- 0
       (n,elastic)                          0 +/- 0
   Incoming Energy [0.1, 1)
     U238
       (n,gamma)                            0 +/- 0
       Fission Rate                         0 +/- 0
       (n,elastic)                          0 +/- 0
     U235
       (n,gamma)                            0 +/- 0
       Fission Rate                         0 +/- 0
       (n,elastic)                          0 +/- 0
   Incoming Energy [1, 10)
     U238
       (n,gamma)                            0 +/- 0
       Fission Rate                         0 +/- 0
       (n,elastic)                          0 +/- 0
     U235
       (n,gamma)                            0 +/- 0
       Fission Rate                         0 +/- 0
       (n,elastic)                          0 +/- 0
   Incoming Energy [10, 100)
     U238
       (n,gamma)                            0 +/- 0
       Fission Rate                         0 +/- 0
       (n,elastic)                          0 +/- 0
     U235
       (n,gamma)                            0 +/- 0
       Fission Rate                         0 +/- 0
       (n,elastic)                          0 +/- 0
   Incoming Energy [100, 1000)
     U238
       (n,gamma)                            0 +/- 0
       Fission Rate                         0 +/- 0
       (n,elastic)                          0 +/- 0
     U235
       (n,gamma)                            0 +/- 0
       Fission Rate                         0 +/- 0
       (n,elastic)                          0 +/- 0
   Incoming Energy [1000, 10000)
     U238
       (n,gamma)                            0 +/- 0
       Fission Rate                         0 +/- 0
       (n,elastic)                          0 +/- 0
     U235
       (n,gamma)                            0 +/- 0
       Fission Rate                         0 +/- 0
       (n,elastic)                          0 +/- 0
   Incoming Energy [10000, 100000)
     U238
       (n,gamma)                            0 +/- 0
       Fission Rate                         0 +/- 0
       (n,elastic)                          0 +/- 0
     U235
       (n,gamma)                            0 +/- 0
       Fission Rate                         0 +/- 0
       (n,elastic)                          0 +/- 0
   Incoming Energy [100000, 1000000)
     U238
       (n,gamma)                            0 +/- 0
       Fission Rate                         0 +/- 0
       (n,elastic)                          0 +/- 0
     U235
       (n,gamma)                            0 +/- 0
       Fission Rate                         0 +/- 0
       (n,elastic)                          0 +/- 0
   Incoming Energy [1000000, 10000000)
     U238
       (n,gamma)                            0 +/- 0
       Fission Rate                         0 +/- 0
       (n,elastic)                          0 +/- 0
     U235
       (n,gamma)                            0 +/- 0
       Fission Rate                         0 +/- 0
       (n,elastic)                          0 +/- 0
 Cell 22
   Incoming Energy [0, 0.01)
     U238
       (n,gamma)                            0 +/- 0
       Fission Rate                         0 +/- 0
       (n,elastic)                          0 +/- 0
     U235
       (n,gamma)                            0 +/- 0
       Fission Rate                         0 +/- 0
       (n,elastic)                          0 +/- 0
   Incoming Energy [0.01, 0.1)
     U238
       (n,gamma)                            0 +/- 0
       Fission Rate                         0 +/- 0
       (n,elastic)                          0 +/- 0
     U235
       (n,gamma)                            0 +/- 0
       Fission Rate                         0 +/- 0
       (n,elastic)                          0 +/- 0
   Incoming Energy [0.1, 1)
     U238
       (n,gamma)                            0 +/- 0
       Fission Rate                         0 +/- 0
       (n,elastic)                          0 +/- 0
     U235
       (n,gamma)                            0 +/- 0
       Fission Rate                         0 +/- 0
       (n,elastic)                          0 +/- 0
   Incoming Energy [1, 10)
     U238
       (n,gamma)                            0 +/- 0
       Fission Rate                         0 +/- 0
       (n,elastic)                          0 +/- 0
     U235
       (n,gamma)                            0 +/- 0
       Fission Rate                         0 +/- 0
       (n,elastic)                          0 +/- 0
   Incoming Energy [10, 100)
     U238
       (n,gamma)                            0 +/- 0
       Fission Rate                         0 +/- 0
       (n,elastic)                          0 +/- 0
     U235
       (n,gamma)                            0 +/- 0
       Fission Rate                         0 +/- 0
       (n,elastic)                          0 +/- 0
   Incoming Energy [100, 1000)
     U238
       (n,gamma)                            0 +/- 0
       Fission Rate                         0 +/- 0
       (n,elastic)                          0 +/- 0
     U235
       (n,gamma)                            0 +/- 0
       Fission Rate                         0 +/- 0
       (n,elastic)                          0 +/- 0
   Incoming Energy [1000, 10000)
     U238
       (n,gamma)                            0 +/- 0
       Fission Rate                         0 +/- 0
       (n,elastic)                          0 +/- 0
     U235
       (n,gamma)                            0 +/- 0
       Fission Rate                         0 +/- 0
       (n,elastic)                          0 +/- 0
   Incoming Energy [10000, 100000)
     U238
       (n,gamma)                            0 +/- 0
       Fission Rate                         0 +/- 0
       (n,elastic)                          0 +/- 0
     U235
       (n,gamma)                            0 +/- 0
       Fission Rate                         0 +/- 0
       (n,elastic)                          0 +/- 0
   Incoming Energy [100000, 1000000)
     U238
       (n,gamma)                            0 +/- 0
       Fission Rate                         0 +/- 0
       (n,elastic)                          0 +/- 0
     U235
       (n,gamma)                            0 +/- 0
       Fission Rate                         0 +/- 0
       (n,elastic)                          0 +/- 0
   Incoming Energy [1000000, 10000000)
     U238
       (n,gamma)                            0 +/- 0
       Fission Rate                         0 +/- 0
       (n,elastic)                          0 +/- 0
     U235
       (n,gamma)                            0 +/- 0
       Fission Rate                         0 +/- 0
       (n,elastic)                          0 +/- 0
 Cell 23
   Incoming Energy [0, 0.01)
     U238
       (n,gamma)                            0 +/- 0
       Fission Rate                         0 +/- 0
       (n,elastic)                          0 +/- 0
     U235
       (n,gamma)                            0 +/- 0
       Fission Rate                         0 +/- 0
       (n,elastic)                          0 +/- 0
   Incoming Energy [0.01, 0.1)
     U238
       (n,gamma)                            0 +/- 0
       Fission Rate                         0 +/- 0
       (n,elastic)                          0 +/- 0
     U235
       (n,gamma)                            0 +/- 0
       Fission Rate                         0 +/- 0
       (n,elastic)                          0 +/- 0
   Incoming Energy [0.1, 1)
     U238
       (n,gamma)                            1.942e-10 +/- 8.66671e-11
       Fission Rate                         1.29284e-15 +/- 5.81012e-16
       (n,elastic)                          3.04094e-09 +/- 1.28538e-09
     U235
       (n,gamma)                            2.92823e-11 +/- 1.46355e-11
       Fission Rate                         1.81707e-10 +/- 8.7491e-11
       (n,elastic)                          3.15511e-11 +/- 1.34472e-11
   Incoming Energy [1, 10)
     U238
       (n,gamma)                            7.73646e-05 +/- 3.2115e-06
       Fission Rate                         3.43324e-11 +/- 1.40534e-12
       (n,elastic)                          1.13129e-05 +/- 2.18345e-07
     U235
       (n,gamma)                            1.69364e-07 +/- 3.79452e-09
       Fission Rate                         2.89228e-07 +/- 7.87885e-09
       (n,elastic)                          5.32228e-08 +/- 5.42894e-10
   Incoming Energy [10, 100)
     U238
       (n,gamma)                            0.00120534 +/- 1.02423e-05
       Fission Rate                         1.87504e-09 +/- 2.33125e-11
       (n,elastic)                          0.00159467 +/- 8.91834e-06
     U235
       (n,gamma)                            5.08681e-06 +/- 2.26539e-08
       Fission Rate                         9.1294e-06 +/- 4.11783e-08
       (n,elastic)                          2.85634e-06 +/- 9.11778e-09
   Incoming Energy [100, 1000)
     U238
       (n,gamma)                            0.00125023 +/- 3.15732e-06
       Fission Rate                         1.25094e-07 +/- 2.0079e-09
       (n,elastic)                          0.00578973 +/- 1.26106e-05
     U235
       (n,gamma)                            9.86594e-06 +/- 1.24795e-08
       Fission Rate                         2.14134e-05 +/- 2.72955e-08
       (n,elastic)                          1.66283e-05 +/- 1.99771e-08
   Incoming Energy [1000, 10000)
     U238
       (n,gamma)                            0.000478797 +/- 5.967e-07
       Fission Rate                         7.05895e-08 +/- 5.13856e-10
       (n,elastic)                          0.00721891 +/- 1.03583e-05
     U235
       (n,gamma)                            5.52129e-06 +/- 4.6243e-09
       Fission Rate                         1.43036e-05 +/- 1.25589e-08
       (n,elastic)                          3.45383e-05 +/- 2.75594e-08
   Incoming Energy [10000, 100000)
     U238
       (n,gamma)                            0.000219691 +/- 1.9395e-07
       Fission Rate                         4.50886e-08 +/- 1.25942e-10
       (n,elastic)                          0.00704823 +/- 7.18859e-06
     U235
       (n,gamma)                            2.73494e-06 +/- 2.81058e-09
       Fission Rate                         8.12882e-06 +/- 8.3257e-09
       (n,elastic)                          4.27272e-05 +/- 4.39691e-08
   Incoming Energy [100000, 1000000)
     U238
       (n,gamma)                            8.0366e-05 +/- 7.85144e-08
       Fission Rate                         9.31458e-07 +/- 1.42082e-09
       (n,elastic)                          0.00512392 +/- 4.91934e-06
     U235
       (n,gamma)                            1.09003e-06 +/- 1.06406e-09
       Fission Rate                         5.91268e-06 +/- 5.75934e-09
       (n,elastic)                          3.20831e-05 +/- 3.0904e-08
   Incoming Energy [1000000, 10000000)
     U238
       (n,gamma)                            1.55652e-05 +/- 2.78945e-08
       Fission Rate                         0.000142667 +/- 1.98239e-07
       (n,elastic)                          0.00118892 +/- 1.18047e-06
     U235
       (n,gamma)                            1.23572e-07 +/- 2.1001e-10
       Fission Rate                         2.94271e-06 +/- 3.41197e-09
       (n,elastic)                          8.78222e-06 +/- 8.78979e-09
 Cell 24
   Incoming Energy [0, 0.01)
     U238
       (n,gamma)                            0 +/- 0
       Fission Rate                         0 +/- 0
       (n,elastic)                          0 +/- 0
     U235
       (n,gamma)                            0 +/- 0
       Fission Rate                         0 +/- 0
       (n,elastic)                          0 +/- 0
   Incoming Energy [0.01, 0.1)
     U238
       (n,gamma)                            0 +/- 0
       Fission Rate                         0 +/- 0
       (n,elastic)                          0 +/- 0
     U235
       (n,gamma)                            0 +/- 0
       Fission Rate                         0 +/- 0
       (n,elastic)                          0 +/- 0
   Incoming Energy [0.1, 1)
     U238
       (n,gamma)                            0 +/- 0
       Fission Rate                         0 +/- 0
       (n,elastic)                          0 +/- 0
     U235
       (n,gamma)                            0 +/- 0
       Fission Rate                         0 +/- 0
       (n,elastic)                          0 +/- 0
   Incoming Energy [1, 10)
     U238
       (n,gamma)                            0 +/- 0
       Fission Rate                         0 +/- 0
       (n,elastic)                          0 +/- 0
     U235
       (n,gamma)                            0 +/- 0
       Fission Rate                         0 +/- 0
       (n,elastic)                          0 +/- 0
   Incoming Energy [10, 100)
     U238
       (n,gamma)                            0 +/- 0
       Fission Rate                         0 +/- 0
       (n,elastic)                          0 +/- 0
     U235
       (n,gamma)                            0 +/- 0
       Fission Rate                         0 +/- 0
       (n,elastic)                          0 +/- 0
   Incoming Energy [100, 1000)
     U238
       (n,gamma)                            0 +/- 0
       Fission Rate                         0 +/- 0
       (n,elastic)                          0 +/- 0
     U235
       (n,gamma)                            0 +/- 0
       Fission Rate                         0 +/- 0
       (n,elastic)                          0 +/- 0
   Incoming Energy [1000, 10000)
     U238
       (n,gamma)                            0 +/- 0
       Fission Rate                         0 +/- 0
       (n,elastic)                          0 +/- 0
     U235
       (n,gamma)                            0 +/- 0
       Fission Rate                         0 +/- 0
       (n,elastic)                          0 +/- 0
   Incoming Energy [10000, 100000)
     U238
       (n,gamma)                            0 +/- 0
       Fission Rate                         0 +/- 0
       (n,elastic)                          0 +/- 0
     U235
       (n,gamma)                            0 +/- 0
       Fission Rate                         0 +/- 0
       (n,elastic)                          0 +/- 0
   Incoming Energy [100000, 1000000)
     U238
       (n,gamma)                            0 +/- 0
       Fission Rate                         0 +/- 0
       (n,elastic)                          0 +/- 0
     U235
       (n,gamma)                            0 +/- 0
       Fission Rate                         0 +/- 0
       (n,elastic)                          0 +/- 0
   Incoming Energy [1000000, 10000000)
     U238
       (n,gamma)                            0 +/- 0
       Fission Rate                         0 +/- 0
       (n,elastic)                          0 +/- 0
     U235
       (n,gamma)                            0 +/- 0
       Fission Rate                         0 +/- 0
       (n,elastic)                          0 +/- 0
 ========================>     TALLY 22: FLUX     <=========================

 Cell 11
   Total Material
     Flux                                 0.84634 +/- 0.00130428
 Cell 12
   Total Material
     Flux                                 9.69651 +/- 0.0130751
 Cell 13
   Total Material
     Flux                                 55.9945 +/- 0.0666442
 Cell 14
   Total Material
     Flux                                 0.837021 +/- 0.00656074
 Cell 21
   Total Material
     Flux                                 1.52679 +/- 0.00192661
 Cell 22
   Total Material
     Flux                                 18.1333 +/- 0.0105665
 Cell 23
   Total Material
     Flux                                 118.498 +/- 0.0821872
 Cell 24
   Total Material
     Flux                                 0.13542 +/- 0.00378497
 ====================>     TALLY 23: FLUX SPECTRUM     <====================

 Cell 11
   Incoming Energy [0, 0.01)
     Total Material
       Flux                                 0 +/- 0
   Incoming Energy [0.01, 0.1)
     Total Material
       Flux                                 0 +/- 0
   Incoming Energy [0.1, 1)
     Total Material
       Flux                                 0 +/- 0
   Incoming Energy [1, 10)
     Total Material
       Flux                                 0.000149685 +/- 1.13743e-05
   Incoming Energy [10, 100)
     Total Material
       Flux                                 0.0074951 +/- 0.000127848
   Incoming Energy [100, 1000)
     Total Material
       Flux                                 0.0388264 +/- 0.000188093
   Incoming Energy [1000, 10000)
     Total Material
       Flux                                 0.0919814 +/- 0.000546129
   Incoming Energy [10000, 100000)
     Total Material
       Flux                                 0.159914 +/- 0.000404837
   Incoming Energy [100000, 1000000)
     Total Material
       Flux                                 0.301391 +/- 0.000733857
   Incoming Energy [1000000, 10000000)
     Total Material
       Flux                                 0.118267 +/- 0.000313213
 Cell 12
   Incoming Energy [0, 0.01)
     Total Material
       Flux                                 0 +/- 0
   Incoming Energy [0.01, 0.1)
     Total Material
       Flux                                 0 +/- 0
   Incoming Energy [0.1, 1)
     Total Material
       Flux                                 0 +/- 0
   Incoming Energy [1, 10)
     Total Material
       Flux                                 0.00228806 +/- 0.000154468
   Incoming Energy [10, 100)
     Total Material
       Flux                                 0.105767 +/- 0.00100951
   Incoming Energy [100, 1000)
     Total Material
       Flux                                 0.533358 +/- 0.00275646
   Incoming Energy [1000, 10000)
     Total Material
       Flux                                 1.17819 +/- 0.00481481
   Incoming Energy [10000, 100000)
     Total Material
       Flux                                 1.99669 +/- 0.00416561
   Incoming Energy [100000, 1000000)
     Total Material
       Flux                                 3.54754 +/- 0.00613686
   Incoming Energy [1000000, 10000000)
     Total Material
       Flux                                 1.34374 +/- 0.00471787
 Cell 13
   Incoming Energy [0, 0.01)
     Total Material
       Flux                                 0 +/- 0
   Incoming Energy [0.01, 0.1)
     Total Material
       Flux                                 0 +/- 0
   Incoming Energy [0.1, 1)
     Total Material
       Flux                                 1.03586e-05 +/- 4.30069e-06
   Incoming Energy [1, 10)
     Total Material
       Flux                                 0.0171199 +/- 0.00032307
   Incoming Energy [10, 100)
     Total Material
       Flux                                 0.92963 +/- 0.00508012
   Incoming Energy [100, 1000)
     Total Material
       Flux                                 5.20162 +/- 0.0133199
   Incoming Energy [1000, 10000)
     Total Material
       Flux                                 10.2777 +/- 0.0148561
   Incoming Energy [10000, 100000)
     Total Material
       Flux                                 13.8276 +/- 0.0147346
   Incoming Energy [100000, 1000000)
     Total Material
       Flux                                 15.8231 +/- 0.0254664
   Incoming Energy [1000000, 10000000)
     Total Material
       Flux                                 6.97921 +/- 0.0205369
 Cell 14
   Incoming Energy [0, 0.01)
     Total Material
       Flux                                 0 +/- 0
   Incoming Energy [0.01, 0.1)
     Total Material
       Flux                                 0 +/- 0
   Incoming Energy [0.1, 1)
     Total Material
       Flux                                 2.0388e-05 +/- 1.95242e-05
   Incoming Energy [1, 10)
     Total Material
       Flux                                 0.00107677 +/- 0.000114568
   Incoming Energy [10, 100)
     Total Material
       Flux                                 0.0278757 +/- 0.000624105
   Incoming Energy [100, 1000)
     Total Material
       Flux                                 0.100897 +/- 0.00114608
   Incoming Energy [1000, 10000)
     Total Material
       Flux                                 0.159094 +/- 0.00273911
   Incoming Energy [10000, 100000)
     Total Material
       Flux                                 0.200486 +/- 0.00280709
   Incoming Energy [100000, 1000000)
     Total Material
       Flux                                 0.239872 +/- 0.00191451
   Incoming Energy [1000000, 10000000)
     Total Material
       Flux                                 0.0895456 +/- 0.00112607
 Cell 21
   Incoming Energy [0, 0.01)
     Total Material
       Flux                                 0 +/- 0
   Incoming Energy [0.01, 0.1)
     Total Material
       Flux                                 0 +/- 0
   Incoming Energy [0.1, 1)
     Total Material
       Flux                                 0 +/- 0
   Incoming Energy [1, 10)
     Total Material
       Flux                                 0.000192924 +/- 2.042e-05
   Incoming Energy [10, 100)
     Total Material
       Flux                                 0.0115062 +/- 0.000129839
   Incoming Energy [100, 1000)
     Total Material
       Flux                                 0.0613429 +/- 0.000307471
   Incoming Energy [1000, 10000)
     Total Material
       Flux                                 0.147606 +/- 0.000919811
   Incoming Energy [10000, 100000)
     Total Material
       Flux                                 0.258515 +/- 0.000529496
   Incoming Energy [100000, 1000000)
     Total Material
       Flux                                 0.538192 +/- 0.00120199
   Incoming Energy [1000000, 10000000)
     Total Material
       Flux                                 0.227924 +/- 0.00076126
 Cell 22
   Incoming Energy [0, 0.01)
     Total Material
       Flux                                 0 +/- 0
   Incoming Energy [0.01, 0.1)
     Total Material
       Flux                                 0 +/- 0
   Incoming Energy [0.1, 1)
     Total Material
       Flux                                 8.82864e-06 +/- 8.82864e-06
   Incoming Energy [1, 10)
     Total Material
       Flux                                 0.00338961 +/- 0.000167433
   Incoming Energy [10, 100)
     Total Material
       Flux                                 0.168092 +/- 0.00235383
   Incoming Energy [100, 1000)
     Total Material
       Flux                                 0.875674 +/- 0.00246228
   Incoming Energy [1000, 10000)
     Total Material
       Flux                                 1.93036 +/- 0.00854525
   Incoming Energy [10000, 100000)
     Total Material
       Flux                                 3.31477 +/- 0.00484826
   Incoming Energy [100000, 1000000)
     Total Material
       Flux                                 6.42265 +/- 0.00792716
   Incoming Energy [1000000, 10000000)
     Total Material
       Flux                                 2.76053 +/- 0.00553464
 Cell 23
   Incoming Energy [0, 0.01)
     Total Material
       Flux                                 0 +/- 0
   Incoming Energy [0.01, 0.1)
     Total Material
       Flux                                 0 +/- 0
   Incoming Energy [0.1, 1)
     Total Material
       Flux                                 1.73683e-05 +/- 7.32981e-06
   Incoming Energy [1, 10)
     Total Material
       Flux                                 0.0340964 +/- 0.000341209
   Incoming Energy [10, 100)
     Total Material
       Flux                                 1.80237 +/- 0.00564498
   Incoming Energy [100, 1000)
     Total Material
       Flux                                 10.2187 +/- 0.0125104
   Incoming Energy [1000, 10000)
     Total Material
       Flux                                 20.3878 +/- 0.016282
   Incoming Energy [10000, 100000)
     Total Material
       Flux                                 27.8606 +/- 0.02883
   Incoming Energy [100000, 1000000)
     Total Material
       Flux                                 33.4348 +/- 0.0326092
   Incoming Energy [1000000, 10000000)
     Total Material
       Flux                                 16.5941 +/- 0.0179685
 Cell 24
   Incoming Energy [0, 0.01)
     Total Material
       Flux                                 0 +/- 0
   Incoming Energy [0.01, 0.1)
     Total Material
       Flux                                 0 +/- 0
   Incoming Energy [0.1, 1)
     Total Material
       Flux                                 0 +/- 0
   Incoming Energy [1, 10)
     Total Material
       Flux                                 0.000187461 +/- 7.53079e-05
   Incoming Energy [10, 100)
     Total Material
       Flux                                 0.00412083 +/- 0.000297024
   Incoming Energy [100, 1000)
     Total Material
       Flux                                 0.0167463 +/- 0.000949179
   Incoming Energy [1000, 10000)
     Total Material
       Flux                                 0.0266345 +/- 0.00104544
   Incoming Energy [10000, 100000)
     Total Material
       Flux                                 0.0327006 +/- 0.00141582
   Incoming Energy [100000, 1000000)
     Total Material
       Flux                                 0.0381588 +/- 0.00104694
   Incoming Energy [1000000, 10000000)
     Total Material
       Flux                                 0.0147868 +/- 0.000488371
