 =======================>     TALLY 21: U TALLY     <=======================

 U238
   (n,gamma)                            0.0479632 +/- 2.61041e-05
   Fission Rate                         0.0206639 +/- 4.53207e-06
   (n,elastic)                          0.991358 +/- 0.00026215
 U235
   (n,gamma)                            0.000645542 +/- 2.49701e-07
   Fission Rate                         0.00205403 +/- 6.40171e-07
   (n,elastic)                          0.00587803 +/- 1.42597e-06
 ======================>     TALLY 22: LI TALLY     <=======================

 Li6
   (n,gamma)                            4.35514e-05 +/- 1.53658e-08
   (n,t)                                1.10533 +/- 0.000385134
   (n,elastic)                          0.902477 +/- 0.000198408
 Li7
   (n,gamma)                            0.000180548 +/- 6.25058e-08
   (n,t)                                0 +/- 0
   (n,elastic)                          3.59688 +/- 0.000784218
 =======================>     TALLY 23: F TALLY     <=======================

 F19
   (n,gamma)                            0.00375796 +/- 1.21511e-06
   (n,elastic)                          26.5963 +/- 0.00634838
 ======================>     TALLY 24: BE TALLY     <=======================

 Be9
   (n,gamma)                            2.58341e-05 +/- 9.21231e-09
   (n,2n)                               0.189939 +/- 4.80468e-05
   (n,elastic)                          8.53376 +/- 0.00210369
