          Code Name & Version = mcnp6, 6.3.0, production
  
     _/      _/        _/_/_/       _/      _/       _/_/_/         _/_/_/ 
    _/_/  _/_/      _/             _/_/    _/       _/    _/     _/        
   _/  _/  _/      _/             _/  _/  _/       _/_/_/       _/_/_/     
  _/      _/      _/             _/    _/_/       _/           _/    _/    
 _/      _/        _/_/_/       _/      _/       _/             _/_/       
  
  +------------------------------------------------------------------------------------------------------------------+
  | Copyright (c) 2018. Triad National Security, LLC. All rights reserved.                                           |
  |   This program was produced under U.S. Government contract 89233218CNA000001 for Los Alamos National Laboratory  |
  | (LANL), which is operated by Triad National Security, LLC for the U.S. Department of Energy/National Nuclear     |
  | Security Administration.                                                                                         |
  |   For a period of five years from February 14, 2018, the U.S. Government is granted for itself and others acting |
  | on its behalf a nonexclusive, paid-up, irrevocable, worldwide license in this data to reproduce, prepare         |
  | derivative works, and perform publicly and display publicly, by or on behalf of the U.S. Government.             |
  |   Subsequent to the specified period or any extension granted, the U.S. Government is granted for itself and     |
  | others acting on its behalf a nonexclusive, paid-up, irrevocable worldwide license in this material to           |
  | reproduce, prepare derivative works, distribute copies to the public, perform publicly and display publicly, and |
  | to permit others to do so. The specific term of the license can be identified by inquiry made to the Contractor  |
  | or DOE/NNSA.                                                                                                     |
  |   User is subject to applicable United States and foreign laws, regulations, rules and decrees with respect to   |
  | any transfer of the Intellectual Property and related technical data to foreign countries, including the U.S.    |
  | Foreign Corrupt Practices Act, the Arms Control Act, the Export Administration Act, the U.S. Anti-Boycott Laws,  |
  | and any regulations promulgated thereunder, including the International Traffic in Arms Regulations (ITAR), the  |
  | U.S. Export Administration Regulations (EAR) and explicitly Title 10, Part 810 of the United States Code of      |
  | Federal Regulations. FAILURE TO CONFORM TO SUCH LAWS, REGULATIONS, RULES, AND DECREES MAY RESULT IN CRIMINAL     |
  | LIABILITY UNDER U.S. LAW.                                                                                        |
  |   NO EXPRESS OR IMPLIED LICENSES TO ANY PARTY'S PATENT RIGHTS ARE GRANTED BY THIS NOTICE. THIS SOFTWARE IS       |
  | PROVIDED BY THE COPYRIGHT HOLDERS AND CONTRIBUTORS "AS IS" AND ANY EXPRESS OR IMPLIED WARRANTIES, INCLUDING, BUT |
  | NOT LIMITED TO, THE IMPLIED WARRANTIES OF MERCHANTABILITY AND FITNESS FOR A PARTICULAR PURPOSE ARE DISCLAIMED.   |
  | NEITHER THE UNITED STATES NOR THE UNITED STATES DEPARTMENT OF ENERGY/NATIONAL NUCLEAR SECURITY ADMINSTRATION,    |
  | NOR TRIAD NATIONAL SECURITY, LLC, NOR ANY OF THEIR EMPLOYEES, MAKES ANY WARRANTY, EXPRESS OR IMPLIED, OR ASSUMES |
  | ANY LEGAL LIABILITY OR RESPONSIBILITY FOR THE ACCURACY, COMPLETENESS, OR USEFULNESS OF ANY INFORMATION,          |
  | APPARATUS, PRODUCT, OR PROCESS DISCLOSED, OR REPRESENTS THAT ITS USE WOULD NOT INFRINGE PRIVATELY OWNED RIGHTS.  |
  +------------------------------------------------------------------------------------------------------------------+
  
1mcnp6 version 6.3.0 ld=01/26/23                     01/06/26 08:21:04 
 *************************************************************************                 probid =  01/06/26 08:21:04 
Source version = release/6.3-55762725c4
 i=./inputs/wedge_A_500.00kgm3.inp o=./outputs/o_wedge_A_500.00kgm3.out tasks 32

 
  comment.  Physics models disabled.
         1-       HCPB Unit Prism (December 2025) - Case A - 500.00 kg/m3
         2-       c
         3-       c
         4-       c ==============================================================================
         5-       c Case: 500.00 kg/cm
         6-       c
         7-       c Dimensions (inboard, outboard):
         8-       c  XY face half-lengths c1, c2: 0.168184, 0.210338 [cm]
         9-       c  XY face lengths      b1, b2: 0.336368, 0.420676 [cm]
        10-       c  XY face areas        A1, A2: 0.113144, 0.176968 [cm ]
        11-       c  Breeding region vols V1, V2: 5.091464, 14.511398 [cm ]
        12-       c  Fraction of fluence  f1, f2: 0.390000, 0.610000
        13-       c
        14-       c 'breeder' = Li4SiO4, Be
        15-       c 'breeding region' (br) = the physical blanket layer that contains the breeder
        16-       c                          this layer usually contains breeder + structure + coolant
        17-       c 'breeding volume' (bv) = volume nominally occupied in breeding region by breeder
        18-       c
        19-       c With respect to the BREEDER material, i.e., per 1 m  of breeder volume, we have these new volume fractions:
        20-       c   vf_biso_breeder_new =  10.549896 vol%
        21-       c   vf_li_breeder_new   =  22.898103 vol%
        22-       c   vf_be_breeder_new   =  66.552001 vol%
        23-       c   check they add up   = 100.000000 vol%
        24-       c
        25-       c With respect to the whole BREEDING REGION, we have these new volume fractions:
        26-       c   vf_biso_br =  5.374117 vol%
        27-       c   vf_li_br   =  11.664294 vol%
        28-       c   vf_be_br   =  33.901590 vol%
        29-       c   VF_EU_NOM  =  11.760000 vol%
        30-       c   VF_HE_NOM  =  37.300000 vol%
        31-       c   check they add up   = 100.000000 vol%
        32-       c   check that BISO + Li4SiO4 + Be adds up to the nominal Li4SiO4 + Be fraction
        33-       c   vf_biso_br + vf_li_br + vf_be_br = 50.940000 : VF_LI_NOM + VF_BE_NOM = 50.940000
        34-       c
        35-       c Check BISO volume fraction wrt breeding region is correct:
        36-       c   Inboard : N1 * BISO_VOLUME / (b1**2 * h1) = 5.265344 vol%
        37-       c   Outboard: N2 * BISO_VOLUME / (b2**2 * h2) = 5.412284 vol%
        38-       c   Total   : (N1+N2) * BISO_VOLUME / (b1**2 * h1 + b2**2 * h2) = 5.374119 vol%
        39-       c   ...should match                                  vf_biso_br = 5.374117 vol%
        40-       c
        41-       c BISO spheres per cc of breeding volume: 201.488166 spheres/cm
        42-       c              per cc of breeding region: 102.638072 spheres/cm
        43-       c
        44-       c
        45-       c
        46-       c       CELL CARDS *************************************************************
        47-       c
        48-       c       Void cells -------------------------------------------------------------
        49-         90    0           -134 (-130:-111:+112:-121:+122)  imp:n=0  $  void around inboard blanket
        50-         91    0           +134 -135 (+141:+142:+143:+144)  imp:n=0  $  void around plasma chamber
        51-         92    0           +135 (+139:-113:+114:-123:+124)  imp:n=0  $  void around outboard blanket
        52-       c
        53-       c
        54-       c       Plasma chamber cell ----------------------------------------------------
        55-         10    0           -142 -141 -144 -143 +134 -135  imp:n=1  tmp=7.76e-8  $ plasma chamber
        56-       c
        57-       c
        58-       c       Inboard blanket  cells -------------------------------------------------
        59-         11    1  -19.000     +111 -112 +121 -122 +133 -134  imp:n=1  tmp=7.76e-8  vol=2.262869e-02  $  first wall
        60-         12    2   -7.800     +111 -112 +121 -122 +132 -133  imp:n=1  tmp=7.76e-8  vol=2.828586e-01  $  eurofer inner
        61-         14    2   -7.800     +111 -112 +121 -122 +130 -131  imp:n=1  tmp=7.76e-8  vol=2.828586e-01  $  eurofer outer
        62-         13    3   -2.201166  +111 -112 +121 -122 +131 -132  imp:n=1  tmp=7.76e-8  vol=5.091464e+00  $  breeder region
        63-       c
        64-       c
        65-       c       Outboard blanket cells -------------------------------------------------
        66-         21    1  -19.000     +113 -114 +123 -124 +135 -136  imp:n=1  tmp=7.76e-8  vol=3.539366e-02  $  first wall
        67-         22    2   -7.800     +113 -114 +123 -124 +136 -137  imp:n=1  tmp=7.76e-8  vol=4.424207e-01  $  eurofer inner
        68-         24    2   -7.800     +113 -114 +123 -124 +138 -139  imp:n=1  tmp=7.76e-8  vol=4.424207e-01  $  eurofer outer
        69-         23    3   -2.201166  +113 -114 +123 -124 +137 -138  imp:n=1  tmp=7.76e-8  vol=1.451140e+01  $  breeder region
        70-       c
        71-       c
        72-       
        73-       c       SURFACE CARDS *********************************************************
        74-       c
        75-       c
        76-       *111 px -0.168184  $ inboard face -x
        77-       *112 px +0.168184  $ inboard face +x
        78-       *113 px -0.210338  $ outboard face -x
        79-       *114 px +0.210338  $ outboard face +x
        80-       c
        81-       *121 py -0.168184  $ inboard face -y
        82-       *122 py +0.168184  $ inboard face +y
        83-       *123 py -0.210338  $ outboard face -y
        84-       *124 py +0.210338  $ outboard face +y
        85-       c
        86-        130 pz   -2.5   $
        87-        131 pz    0.0   $   2.5 cm - inboard outer eurofer
        88-        132 pz   45.0   $  45.0 cm - inboard breeding region
        89-        133 pz   47.5   $   2.5 cm - inboard inner eurofer
        90-        134 pz   47.7   $   0.2 cm - inboard W first wall
        91-        135 pz  447.7   $ 400.0 cm - plasma chamber
        92-        136 pz  447.9   $   0.2 cm - outboard W first wall
        93-        137 pz  450.4   $   2.5 cm - outboard inner eurofer
        94-        138 pz  532.4   $  82.0 cm - outboard breeding region
        95-        139 pz  534.9   $   2.5 cm - outboard outer eurofer
        96-       c
        97-       c
        98-       c
        99-       c Slope: dx/dz = (0.210338-0.168184)/(447.7-47.7)
       100-       c
       101-       c Plane normal card entries: Ax + By + Cz     D = 0
       102-       c Plane normal: (1, 0, -dx/dz) normalized, passing through (0.168184, 0, 47.7)
       103-       c +X side: connects x=+0.168184 at z=47.7 to x=+0.210338 at z=447.7
       104-       c -X side: connects x=-0.168184 at z=47.7 to x=-0.210338 at z=447.7
       105-       c +Y side: connects y=+0.168184 at z=47.7 to y=+0.210338 at z=447.7
       106-       c -Y side: connects y=-0.168184 at z=47.7 to y=-0.210338 at z=447.7
       107-       c
       108-       *141  p   1.0   0.0  -2.107700e-04   3.263143e-01   $ +X tilted plane
       109-       *142  p  -1.0   0.0  -2.107700e-04   3.263143e-01   $ -X tilted plane
       110-       *143  p   0.0   1.0  -2.107700e-04   3.263143e-01   $ +Y tilted plane
       111-       *144  p   0.0  -1.0  -2.107700e-04   3.263143e-01   $ -Y tilted plane
       112-       c
       113-       c
       114-       
       115-       c       DATA CARDS ************************************************************
       116-       c
       117-       c
       118-       c       Tungsten (19.0 g/cc, 900 K) -------------------------------------------
       119-       c
       120-       m1      74180.02c  0.0012
       121-               74182.02c  0.2650
       122-               74183.02c  0.1431
       123-               74184.02c  0.3064
       124-               74186.02c  0.2843
       125-       c
       126-       c
       127-       c       Eurofer (7.8 g/cc, 900 K)  --------------------------------------------
       128-       c
       129-       m2      26054.02c  -0.05044870828    $ Fe-54
       130-               26056.02c  -0.82123206117    $ Fe-56
       131-               26057.02c  -0.01930505394    $ Fe-57
       132-               26058.02c  -0.00261417662    $ Fe-58
       133-                6012.02c  -0.00108680753    $ C-12
       134-                6013.02c  -0.00001319247    $ C-13
       135-               24050.02c  -0.00375631796    $ Cr-50
       136-               24052.02c  -0.07532942612    $ Cr-52
       137-               24053.02c  -0.00870622281    $ Cr-53
       138-               24054.02c  -0.00220802779    $ Cr-54
       139-               74180.02c  -0.00001292033    $ W-180
       140-               74182.02c  -0.00288497544    $ W-182
       141-               74183.02c  -0.00156646628    $ W-183
       142-               74184.02c  -0.00337240113    $ W-184
       143-               74186.02c  -0.00316323682    $ W-186
       144-               25055.02c  -0.00400000000    $ Mn-55
       145-                7014.02c  -0.00029882316    $ N-14
       146-                7015.02c  -0.00000117684    $ N-15
       147-       c
       148-       mt2     fe-56.45t   $ 800 K
       149-       c
       150-       c
       151-       c       Breeder material (2.201166 g/cc, 900 K)  ------------------------------
       152-       c       Converted from OpenMC XML by 'wedge_A_convert.py'
       153-       c
       154-       m3         3006.02c   0.04983510624  $ Li-6
       155-                  3007.02c   0.03322340416  $ Li-7
       156-                 14028.02c   0.03587099021  $ Si-28
       157-                 14029.02c   0.00182142654  $ Si-29
       158-                 14030.02c   0.00120069251  $ Si-30
       159-                  8016.02c   0.10135121357  $ O-16
       160-                  8017.02c   0.00003850373  $ O-17
       161-                  8018.02c   0.00020322652  $ O-18
       162-                  4009.02c   0.60277157014  $ Be-9
       163-                 92234.02c   0.00000050043  $ U-234
       164-                 92235.02c   0.00006676103  $ U-235
       165-                 92238.02c   0.00919995525  $ U-238
       166-                  6012.02c   0.01864720983  $ C-12
       167-                  6013.02c   0.00020888785  $ C-13
       168-                 26054.02c   0.00743079300  $ Fe-54
       169-                 26056.02c   0.11664755882  $ Fe-56
       170-                 26057.02c   0.00269390083  $ Fe-57
       171-                 26058.02c   0.00035850875  $ Fe-58
       172-                 24050.02c   0.00059752237  $ Cr-50
       173-                 24052.02c   0.01152262409  $ Cr-52
       174-                 24053.02c   0.00130657308  $ Cr-53
       175-                 24054.02c   0.00032523369  $ Cr-54
       176-                 74180.02c   0.00000057046  $ W-180
       177-                 74182.02c   0.00012597583  $ W-182
       178-                 74183.02c   0.00006802695  $ W-183
       179-                 74184.02c   0.00014565659  $ W-184
       180-                 74186.02c   0.00013515068  $ W-186
       181-                 25055.02c   0.00057846849  $ Mn-55
       182-                  7014.02c   0.00016954453  $ N-14
       183-                  7015.02c   0.00000062332  $ N-15
       184-                  2003.02c   0.00000000691  $ He-3
       185-                  2004.02c   0.00345381360  $ He-4
       186-       c
       187-       mt3     be-met.45t  $ 800 K
       188-                fe-56.45t  $ 800 K
       189-                u-uo2.45t  $ 800 K
       190-                o-uo2.45t  $ 800 K
       191-               si-sic.45t  $ 800 K
       192-                c-sic.45t  $ 800 K
       193-       c
       194-       c
       195-       c       Lithium tally material ------------------------------------------------
       196-       c
       197-        m31     3006.02c  0.600000  $  60.000 at% in Li
  warning.  material        31 is used only for a perturbation or tally.
       198-                3007.02c  0.400000  $  40.000 at% in Li
       199-       c
       200-       c
       201-       c       U-238 tally material --------------------------------------------------
       202-       m51     92238.02c  1
  warning.  material        51 is used only for a perturbation or tally.
       203-       c
       204-       c
       205-       c       SOURCE DEFINITION *****************************************************
       206-       c       Point source at center of plasma chamber
       207-       sdef    pos=0 0 247.7  erg=14.0  par=n
       208-       c
       209-       c
       210-       c       TALLIES ***************************************************************
       211-       c
       212-       fc4     flux
       213-       f4:n    13  23   T  $ inboard, outboard, total
       214-       e4      1e-6 1e-5 1e-4 1e-3 1e-2 1e-1 1e0 1e1 20
       215-       c
       216-       c       this output is (1/cm2)
       217-       c
       218-       c
       219-       fc14    60 at%-enriched Li (n,Xt) micro_xs * flux
       220-       f14:n   13  23   T  $ inboard, outboard, total
       221-       fm14     1  31 205  $ tally mat 31, reaction (n,Xt)
       222-       e14     1e-6 1e-5 1e-4 1e-3 1e-2 1e-1 1e0 1e1 20
       223-       c
       224-       c       this output is (b/at) (1/cm2), offline multiply (at/b-cm)
       225-       c
       226-       c
       227-       fc24    U-238 (n,gamma) micro_xs * flux
       228-       f24:n   13  23    T
       229-       fm24     1  51  102
       230-       e24     1e-6 1e-5 1e-4 1e-3 1e-2 1e-1 1e0 1e1 20
       231-       c
       232-       c this output is (b/at) (1/cm2), offline multiply (at/b-cm)
       233-       c
       234-       c
       235-       c       ***********************************************************************
       236-       c
       237-         MODE  N
       238-         NPS   1e7
       239-       c
       240-         PRINT 100 126
       241-       c prints table  72 cell temperatures
       242-       c        table 100 cross section tables
       243-       c        table 126 particle activity in each cell
       244-       c does not print all other basic tables
       245-       c
       246-       c       -----------------------------------------------------------------------
       247-       

 ***************************************************
 * Random Number Generator  =                    1 *
 * Random Number Seed       =       19073486328125 *
 * Random Number Multiplier =       19073486328125 *
 * Random Number Adder      =                    0 *
 * Random Number Bits Used  =                   48 *
 * Random Number Stride     =               152917 *
 ***************************************************

 
  comment.  total nubar used if fissionable isotopes are present.
1cells                                                                                                  print table 60

                               atom        gram                                            neutron                                     
              cell      mat   density     density     volume       mass            pieces importance                                   

        1       90        0  0.00000E+00 0.00000E+00 0.00000E+00 0.00000E+00           0  0.0000E+00                                   
        2       91        0  0.00000E+00 0.00000E+00 0.00000E+00 0.00000E+00           0  0.0000E+00                                   
        3       92        0  0.00000E+00 0.00000E+00 0.00000E+00 0.00000E+00           0  0.0000E+00                                   
        4       10        0  0.00000E+00 0.00000E+00 2.30194E+02 0.00000E+00           0  1.0000E+00                                   
        5       11        1  6.22377E-02 1.90000E+01 2.26287E-02 4.29945E-01           0  1.0000E+00                                   
        6       12        2s 8.44458E-02 7.80000E+00 2.82859E-01 2.20630E+00           0  1.0000E+00                                   
        7       14        2s 8.44458E-02 7.80000E+00 2.82859E-01 2.20630E+00           0  1.0000E+00                                   
        8       13        3s 6.95269E-02 2.20117E+00 5.09146E+00 1.12072E+01           0  1.0000E+00                                   
        9       21        1  6.22377E-02 1.90000E+01 3.53937E-02 6.72480E-01           0  1.0000E+00                                   
       10       22        2s 8.44458E-02 7.80000E+00 4.42421E-01 3.45088E+00           0  1.0000E+00                                   
       11       24        2s 8.44458E-02 7.80000E+00 4.42421E-01 3.45088E+00           0  1.0000E+00                                   
       12       23        3s 6.95269E-02 2.20117E+00 1.45114E+01 3.19420E+01           0  1.0000E+00                                   

 total                                               2.51305E+02 5.55659E+01

    minimum source weight = 1.0000E+00    maximum source weight = 1.0000E+00
 
  comment.  threading will be used when possible in portions of mcnp6.
 
  comment.  threading will be used for n/p/e table physics.
 
  comment.  threading will generally not be used for model physics.

         2 warning messages so far.
1cross-section tables                                                                                   print table 100
     XSDIR used: C:\\MCNP_SOURCE\\MCNP_DATA/xsdir_mcnp6.3

     table    length

                        tables from file Lib80x/He/2003.802nc                                            

   2003.02c    3464  He3 Lib80x (jlconlin)  Reference LA-UR-18-24034 by Conlin, J.L., et al    .  mat 225      05/01/18
                     Energy range:   1.00000E-11  to  2.00000E+01 MeV.
                     particle-production data for alphas    being expunged from   2003.02c          

                        tables from file Lib80x/He/2004.802nc                                            

   2004.02c   17694  He4 Lib80x (jlconlin)  Reference LA-UR-18-24034 by Conlin, J.L., et al    .  mat 228      05/01/18
                     Energy range:   1.00000E-11  to  2.00000E+01 MeV.

                        tables from file Lib80x/Li/3006.802nc                                            

   3006.02c   36371  Li6 Lib80x (jlconlin)  Reference LA-UR-18-24034 by Conlin, J.L., et al    .  mat 325      05/01/18
                     Energy range:   1.00000E-11  to  2.00000E+01 MeV.
                     particle-production data for tritons   being expunged from   3006.02c          
                     particle-production data for alphas    being expunged from   3006.02c          

                        tables from file Lib80x/Li/3007.802nc                                            

   3007.02c   24462  Li7 Lib80x (jlconlin)  Reference LA-UR-18-24034 by Conlin, J.L., et al    .  mat 328      05/01/18
                     Energy range:   1.00000E-11  to  2.00000E+01 MeV.

                        tables from file Lib80x/Be/4009.802nc                                            

   4009.02c  108415  Be9 Lib80x (jlconlin)  Reference LA-UR-18-24034 by Conlin, J.L., et al    .  mat 425      05/02/18
                     Energy range:   1.00000E-11  to  2.00000E+01 MeV.
                     particle-production data for protons   being expunged from   4009.02c          
                     particle-production data for deuterons being expunged from   4009.02c          
                     particle-production data for tritons   being expunged from   4009.02c          
                     particle-production data for alphas    being expunged from   4009.02c          

                        tables from file Lib80x/C/6012.802nc                                             

   6012.02c  172826  C12 Lib80x (jlconlin)  Reference LA-UR-18-24034 by Conlin, J.L., et al    .  mat 625      05/02/18
                     Energy range:   1.00000E-11  to  1.50000E+02 MeV.
                     particle-production data for protons   being expunged from   6012.02c          
                     particle-production data for deuterons being expunged from   6012.02c          
                     particle-production data for alphas    being expunged from   6012.02c          

                        tables from file Lib80x/C/6013.802nc                                             

   6013.02c  202956  C13 Lib80x (jlconlin)  Reference LA-UR-18-24034 by Conlin, J.L., et al    .  mat 628      05/02/18
                     Energy range:   1.00000E-11  to  2.00000E+01 MeV.

                        tables from file Lib80x/N/7014.802nc                                             

   7014.02c  113105  N14 Lib80x (jlconlin)  Reference LA-UR-18-24034 by Conlin, J.L., et al    .  mat 725      05/01/18
                     Energy range:   1.00000E-11  to  1.50000E+02 MeV.
                     particle-production data for protons   being expunged from   7014.02c          
                     particle-production data for deuterons being expunged from   7014.02c          
                     particle-production data for alphas    being expunged from   7014.02c          

                        tables from file Lib80x/N/7015.802nc                                             

   7015.02c   29680  N15 Lib80x (jlconlin)  Reference LA-UR-18-24034 by Conlin, J.L., et al    .  mat 728      05/01/18
                     Energy range:   1.00000E-11  to  2.00000E+01 MeV.

                        tables from file Lib80x/O/8016.802nc                                             

   8016.02c  411450  O16 Lib80x (jlconlin)  Reference LA-UR-18-24034 by Conlin, J.L., et al    .  mat 825      05/02/18
                     Energy range:   1.00000E-11  to  1.50000E+02 MeV.
                     particle-production data for protons   being expunged from   8016.02c          
                     particle-production data for deuterons being expunged from   8016.02c          
                     particle-production data for tritons   being expunged from   8016.02c          
                     particle-production data for alphas    being expunged from   8016.02c          

                        tables from file Lib80x/O/8017.802nc                                             

   8017.02c    6541  O17 Lib80x (jlconlin)  Reference LA-UR-18-24034 by Conlin, J.L., et al    .  mat 828      05/02/18
                     Energy range:   1.00000E-11  to  2.00000E+01 MeV.

                        tables from file Lib80x/O/8018.802nc                                             

   8018.02c    8895  O18 Lib80x (jlconlin)  Reference LA-UR-18-24034 by Conlin, J.L., et al    .  mat 831      05/02/18
                     Energy range:   1.00000E-11  to  2.00000E+01 MeV.

                        tables from file Lib80x/Si/14028.802nc                                           

  14028.02c  154723  Si28 Lib80x (jlconlin)  Reference LA-UR-18-24034 by Conlin, J.L., et a    l. mat1425      05/02/18
                     Energy range:   1.00000E-11  to  1.50000E+02 MeV.
                     particle-production data for protons   being expunged from  14028.02c          
                     particle-production data for deuterons being expunged from  14028.02c          
                     particle-production data for tritons   being expunged from  14028.02c          
                     particle-production data for alphas    being expunged from  14028.02c          

                        tables from file Lib80x/Si/14029.802nc                                           

  14029.02c  136646  Si29 Lib80x (jlconlin)  Reference LA-UR-18-24034 by Conlin, J.L., et a    l. mat1428      05/02/18
                     Energy range:   1.00000E-11  to  1.50000E+02 MeV.
                     particle-production data for protons   being expunged from  14029.02c          
                     particle-production data for deuterons being expunged from  14029.02c          
                     particle-production data for tritons   being expunged from  14029.02c          
                     particle-production data for alphas    being expunged from  14029.02c          

                        tables from file Lib80x/Si/14030.802nc                                           

  14030.02c  127543  Si30 Lib80x (jlconlin)  Reference LA-UR-18-24034 by Conlin, J.L., et a    l. mat1431      05/02/18
                     Energy range:   1.00000E-11  to  1.50000E+02 MeV.
                     particle-production data for protons   being expunged from  14030.02c          
                     particle-production data for deuterons being expunged from  14030.02c          
                     particle-production data for tritons   being expunged from  14030.02c          
                     particle-production data for alphas    being expunged from  14030.02c          

                        tables from file Lib80x/Cr/24050.802nc                                           

  24050.02c  241666  Cr50 Lib80x (jlconlin)  Reference LA-UR-18-24034 by Conlin, J.L., et a    l. mat2425      05/01/18
                     Energy range:   1.00000E-11  to  1.50000E+02 MeV.
                     particle-production data for protons   being expunged from  24050.02c          
                     particle-production data for deuterons being expunged from  24050.02c          
                     particle-production data for tritons   being expunged from  24050.02c          
                     particle-production data for alphas    being expunged from  24050.02c          

                        tables from file Lib80x/Cr/24052.802nc                                           

  24052.02c  263346  Cr52 Lib80x (jlconlin)  Reference LA-UR-18-24034 by Conlin, J.L., et a    l. mat2431      05/01/18
                     Energy range:   1.00000E-11  to  1.50000E+02 MeV.
                     particle-production data for protons   being expunged from  24052.02c          
                     particle-production data for deuterons being expunged from  24052.02c          
                     particle-production data for tritons   being expunged from  24052.02c          
                     particle-production data for alphas    being expunged from  24052.02c          

                        tables from file Lib80x/Cr/24053.802nc                                           

  24053.02c  216351  Cr53 Lib80x (jlconlin)  Reference LA-UR-18-24034 by Conlin, J.L., et a    l. mat2434      05/01/18
                     Energy range:   1.00000E-11  to  1.50000E+02 MeV.
                     particle-production data for protons   being expunged from  24053.02c          
                     particle-production data for deuterons being expunged from  24053.02c          
                     particle-production data for tritons   being expunged from  24053.02c          
                     particle-production data for alphas    being expunged from  24053.02c          

                        tables from file Lib80x/Cr/24054.802nc                                           

  24054.02c  168463  Cr54 Lib80x (jlconlin)  Reference LA-UR-18-24034 by Conlin, J.L., et a    l. mat2437      05/01/18
                     Energy range:   1.00000E-11  to  1.50000E+02 MeV.
                     particle-production data for protons   being expunged from  24054.02c          
                     particle-production data for deuterons being expunged from  24054.02c          
                     particle-production data for tritons   being expunged from  24054.02c          
                     particle-production data for alphas    being expunged from  24054.02c          

                        tables from file Lib80x/Mn/25055.802nc                                           

  25055.02c  651966  Mn55 Lib80x (jlconlin)  Reference LA-UR-18-24034 by Conlin, J.L., et a    l. mat2525      05/01/18
                     Energy range:   1.00000E-11  to  6.00000E+01 MeV.
                     particle-production data for protons   being expunged from  25055.02c          
                     particle-production data for deuterons being expunged from  25055.02c          
                     particle-production data for tritons   being expunged from  25055.02c          
                     particle-production data for helions   being expunged from  25055.02c          
                     particle-production data for alphas    being expunged from  25055.02c          
                     probability tables used from 1.2500E-01 to 1.0000E+00 mev.

                        tables from file Lib80x/Fe/26054.802nc                                           

  26054.02c 1549249  Fe54 Lib80x (jlconlin)  Reference LA-UR-18-24034 by Conlin, J.L., et a    l. mat2625      05/01/18
                     Energy range:   1.00000E-11  to  1.50000E+02 MeV.
                     particle-production data for protons   being expunged from  26054.02c          
                     particle-production data for deuterons being expunged from  26054.02c          
                     particle-production data for tritons   being expunged from  26054.02c          
                     particle-production data for helions   being expunged from  26054.02c          
                     particle-production data for alphas    being expunged from  26054.02c          

                        tables from file Lib80x/Fe/26056.802nc                                           

  26056.02c 2736146  Fe56 Lib80x (jlconlin)  Reference LA-UR-18-24034 by Conlin, J.L., et a    l. mat2631      05/01/18
                     Energy range:   1.00000E-11  to  1.50000E+02 MeV.
                     particle-production data for protons   being expunged from  26056.02c          
                     particle-production data for deuterons being expunged from  26056.02c          
                     particle-production data for tritons   being expunged from  26056.02c          
                     particle-production data for helions   being expunged from  26056.02c          
                     particle-production data for alphas    being expunged from  26056.02c          

                        tables from file Lib80x/Fe/26057.802nc                                           

  26057.02c 1402072  Fe57 Lib80x (jlconlin)  Reference LA-UR-18-24034 by Conlin, J.L., et a    l. mat2634      05/01/18
                     Energy range:   1.00000E-11  to  1.50000E+02 MeV.
                     particle-production data for protons   being expunged from  26057.02c          
                     particle-production data for deuterons being expunged from  26057.02c          
                     particle-production data for tritons   being expunged from  26057.02c          
                     particle-production data for helions   being expunged from  26057.02c          
                     particle-production data for alphas    being expunged from  26057.02c          

                        tables from file Lib80x/Fe/26058.802nc                                           

  26058.02c 1863656  Fe58 Lib80x (jlconlin)  Reference LA-UR-18-24034 by Conlin, J.L., et a    l. mat2637      05/01/18
                     Energy range:   1.00000E-11  to  1.50000E+02 MeV.
                     particle-production data for protons   being expunged from  26058.02c          
                     particle-production data for deuterons being expunged from  26058.02c          
                     particle-production data for tritons   being expunged from  26058.02c          
                     particle-production data for helions   being expunged from  26058.02c          
                     particle-production data for alphas    being expunged from  26058.02c          
                     probability tables used from 3.5000E-01 to 3.0000E+00 mev.

                        tables from file Lib80x/W/74180.802nc                                            

  74180.02c 1195630  W180 Lib80x (jlconlin)  Reference LA-UR-18-24034 by Conlin, J.L., et a    l. mat7425      05/01/18
                     Energy range:   1.00000E-11  to  1.50000E+02 MeV.
                     particle-production data for protons   being expunged from  74180.02c          
                     particle-production data for alphas    being expunged from  74180.02c          

                        tables from file Lib80x/W/74182.802nc                                            

  74182.02c 1375713  W182 Lib80x (jlconlin)  Reference LA-UR-18-24034 by Conlin, J.L., et a    l. mat7431      05/01/18
                     Energy range:   1.00000E-11  to  1.50000E+02 MeV.
                     particle-production data for protons   being expunged from  74182.02c          
                     particle-production data for alphas    being expunged from  74182.02c          
                     probability tables used from 1.0000E-02 to 1.0000E-01 mev.

                        tables from file Lib80x/W/74183.802nc                                            

  74183.02c 1488939  W183 Lib80x (jlconlin)  Reference LA-UR-18-24034 by Conlin, J.L., et a    l. mat7434      05/01/18
                     Energy range:   1.00000E-11  to  1.50000E+02 MeV.
                     particle-production data for protons   being expunged from  74183.02c          
                     particle-production data for alphas    being expunged from  74183.02c          
                     probability tables used from 5.0000E-03 to 4.5000E-02 mev.

                        tables from file Lib80x/W/74184.802nc                                            

  74184.02c 1241496  W184 Lib80x (jlconlin)  Reference LA-UR-18-24034 by Conlin, J.L., et a    l. mat7437      05/01/18
                     Energy range:   1.00000E-11  to  1.50000E+02 MeV.
                     particle-production data for protons   being expunged from  74184.02c          
                     particle-production data for alphas    being expunged from  74184.02c          
                     probability tables used from 1.0000E-02 to 1.0000E-01 mev.

                        tables from file Lib80x/W/74186.802nc                                            

  74186.02c 1455643  W186 Lib80x (jlconlin)  Reference LA-UR-18-24034 by Conlin, J.L., et a    l. mat7443      05/01/18
                     Energy range:   1.00000E-11  to  1.50000E+02 MeV.
                     particle-production data for protons   being expunged from  74186.02c          
                     particle-production data for alphas    being expunged from  74186.02c          
                     probability tables used from 1.0000E-02 to 1.0000E-01 mev.

                        tables from file Lib80x/U/92234.802nc                                            

  92234.02c  357064  U234 Lib80x (jlconlin)  Reference LA-UR-18-24034 bytotal nu J.L., et a    l. mat9225      05/01/18
                     Energy range:   1.00000E-11  to  3.00000E+01 MeV.
                     probability tables used from 1.5000E-03 to 1.0000E-01 mev.

                        tables from file Lib80x/U/92235.802nc                                            

  92235.02c 1590983  U235 Lib80x (jlconlin)  Reference LA-UR-18-24034 bytotal nu J.L., et a    l. mat9228      05/02/18
                     Energy range:   1.00000E-11  to  3.00000E+01 MeV.
                     particle-production data for protons   being expunged from  92235.02c          
                     particle-production data for deuterons being expunged from  92235.02c          
                     particle-production data for tritons   being expunged from  92235.02c          
                     particle-production data for helions   being expunged from  92235.02c          
                     particle-production data for alphas    being expunged from  92235.02c          
                     probability tables used from 2.2500E-03 to 2.5000E-02 mev.

                        tables from file Lib80x/U/92238.802nc                                            

  92238.02c 2832324  U238 Lib80x (jlconlin)  Reference LA-UR-18-24034 bytotal nu J.L., et a    l. mat9237      05/02/18
                     Energy range:   1.00000E-11  to  3.00000E+01 MeV.
                     particle-production data for protons   being expunged from  92238.02c          
                     particle-production data for deuterons being expunged from  92238.02c          
                     particle-production data for tritons   being expunged from  92238.02c          
                     particle-production data for helions   being expunged from  92238.02c          
                     particle-production data for alphas    being expunged from  92238.02c          
                     probability tables used from 2.0000E-02 to 1.4901E-01 mev.

                        tables from file ENDF80SaB2/c-sic.45t                                            

  c-sic.45t 3053965  C in SiC at 800k                                                        6012  6000  6013  01/14/20
                     Energy range:   0.00000E+00  to  4.90000E-06 MeV.

                        tables from file ENDF80SaB2/fe-56.45t                                            

  fe-56.45t 1269454  Fe at 800k                                                             26056 26054 26057  01/14/20
                     Energy range:   0.00000E+00  to  2.18000E-06 MeV.
                                                                                            26058 26000

                        tables from file ENDF80SaB2/o-uo2.45t                                            

  o-uo2.45t 2191159  O in UO2 at 800k                                                        8016  8017  8018  01/14/20
                     Energy range:   0.00000E+00  to  4.90000E-06 MeV.

                        tables from file ENDF80SaB2/u-uo2.45t                                            

  u-uo2.45t 1761795  U in UO2 at 800k                                                       92238 92235 92234  01/14/20
                     Energy range:   0.00000E+00  to  4.90000E-06 MeV.

                        tables from file ENDF80SaB2/be-met.45t                                           

 be-met.45t 1616090  Be at 800k                                                              4009     0     0  01/14/20
                     Energy range:   0.00000E+00  to  4.90000E-06 MeV.

                        tables from file ENDF80SaB2/si-sic.45t                                           

 si-sic.45t 1948240  Si in SiC at 800k                                                      14028 14029 14030  01/14/20
                     Energy range:   0.00000E+00  to  4.90000E-06 MeV.
                                                                                            14000

  total    34026181

1particles and energy limits                                                                            print table 101

                         particle      maximum       smallest      largest       always        always
                         cutoff        particle      table         table         use table     use model
   particle type         energy        energy        maximum       maximum       below         above

    1  n    neutron     0.0000E+00    1.0000E+36    2.0000E+01    1.5000E+02    1.0000E+36    1.0000E+36
 
  comment.  setting up hash-based fast table search for xsec tables

 ------------------------------------------------------------------------------------------
 =====> Set up arrays for hash-based fast table search for xsec data

    number of hash bins   =     8192
    min hash table energy =  1.00000E-11
    max hash table energy =  1.50000E+02

           nuclide      ne      emin        emax     ave_bins  min_bins  max_bins
            2003.02c     693 1.00000E-11 2.00000E+01       0.1       0.0       3.0
            2004.02c     512 1.00000E-11 2.00000E+01       0.1       0.0       1.0
            3006.02c     797 1.00000E-11 2.00000E+01       0.1       0.0       3.0
            3007.02c     790 1.00000E-11 2.00000E+01       0.1       0.0       4.0
            4009.02c     644 1.00000E-11 2.00000E+01       0.1       0.0       3.0
            6012.02c    1544 1.00000E-11 1.50000E+02       0.2       0.0      19.0
            6013.02c    1129 1.00000E-11 2.00000E+01       0.1       0.0      18.0
            7014.02c    1826 1.00000E-11 1.50000E+02       0.2       0.0      18.0
            7015.02c     911 1.00000E-11 2.00000E+01       0.1       0.0       6.0
            8016.02c    3012 1.00000E-11 1.50000E+02       0.4       0.0      50.0
            8017.02c     744 1.00000E-11 2.00000E+01       0.1       0.0       4.0
            8018.02c    1493 1.00000E-11 2.00000E+01       0.2       0.0      38.0
           14028.02c    8165 1.00000E-11 1.50000E+02       1.0       0.0     133.0
           14029.02c    5008 1.00000E-11 1.50000E+02       0.6       0.0     102.0
           14030.02c    6147 1.00000E-11 1.50000E+02       0.8       0.0      88.0
           24050.02c   32255 1.00000E-11 1.50000E+02       3.9       0.0     227.0
           24052.02c   31731 1.00000E-11 1.50000E+02       3.9       0.0     201.0
           24053.02c   23225 1.00000E-11 1.50000E+02       2.8       0.0     130.0
           24054.02c   14911 1.00000E-11 1.50000E+02       1.8       0.0     133.0
           25055.02c   12818 1.00000E-11 6.00000E+01       1.6       0.0     124.0
           26054.02c   35067 1.00000E-11 1.50000E+02       4.3       0.0     428.0
           26056.02c   40419 1.00000E-11 1.50000E+02       4.9       0.0     168.0
           26057.02c   11229 1.00000E-11 1.50000E+02       1.4       0.0     124.0
           26058.02c   19682 1.00000E-11 1.50000E+02       2.4       0.0     239.0
           74180.02c    2392 1.00000E-11 1.50000E+02       0.3       0.0      38.0
           74182.02c   35299 1.00000E-11 1.50000E+02       4.3       0.0     172.0
           74183.02c   44315 1.00000E-11 1.50000E+02       5.4       0.0     131.0
           74184.02c   26851 1.00000E-11 1.50000E+02       3.3       0.0     170.0
           74186.02c   25050 1.00000E-11 1.50000E+02       3.1       0.0     182.0
           92234.02c   22833 1.00000E-11 3.00000E+01       2.8       0.0     105.0
           92235.02c   53283 1.00000E-11 3.00000E+01       6.5       0.0     142.0
           92238.02c  119578 1.00000E-11 3.00000E+01      14.6       0.0     326.0
           c-sic.45t     109 1.78000E-11 4.90000E-06       0.0       0.0       1.0
           fe-56.45t     100 1.78000E-11 2.18000E-06       0.0       0.0       1.0
           o-uo2.45t     109 1.78000E-11 4.90000E-06       0.0       0.0       1.0
           u-uo2.45t     109 1.78000E-11 4.90000E-06       0.0       0.0       1.0
          be-met.45t     109 1.78000E-11 4.90000E-06       0.0       0.0       1.0
          si-sic.45t     109 1.78000E-11 4.90000E-06       0.0       0.0       1.0

 ------------------------------------------------------------------------------------------


 ***********************************************************************************************************************

 dump no.    1 on file runtpo.h5     nps =           0     coll =              0     ctm =        0.00   nrn =          
       0

         2 warning messages so far.
1problem summary                                                                                                           

      run terminated when    10000000  particle histories were done.
+                                                                                                    01/06/26 08:24:11 

 =====>     196.66 M histories/hr    (based on wall-clock time in mcrun)


      HCPB Unit Prism (December 2025) - Case A - 500.00 kg/m3     probid =  01/06/26 08:21:04 

 neutron creation    tracks      weight        energy            neutron loss        tracks      weight        energy
                                 (per source particle)                                           (per source particle)

 source            10000000    1.0000E+00    1.4000E+01          escape             9726891    9.3516E-01    1.0806E+01
 nucl. interaction        0    0.            0.                  energy cutoff            0    0.            0.        
 particle decay           0    0.            0.                  time cutoff              0    0.            0.        
 weight window            0    0.            0.                  weight window            0    0.            0.        
 cell importance          0    0.            0.                  cell importance          0    0.            0.        
 weight cutoff            0    1.5200E-02    6.2334E-04          weight cutoff      2021295    1.5198E-02    6.2316E-04
 e or t importance        0    0.            0.                  e or t importance        0    0.            0.        
 dxtran                   0    0.            0.                  dxtran                   0    0.            0.        
 forced collisions        0    0.            0.                  forced collisions        0    0.            0.        
 exp. transform           0    0.            0.                  exp. transform           0    0.            0.        
 upscattering             0    0.            6.8912E-11          downscattering           0    0.            1.7156E+00
 photonuclear             0    0.            0.                  capture                  0    2.2096E-01    4.4774E-01
 (n,xn)             3264696    2.9211E-01    6.6256E-01          loss to (n,xn)     1629378    1.4577E-01    1.6886E+00
 prompt fission      156336    1.3382E-02    2.7430E-02          loss to fission      44808    3.7187E-03    3.1773E-02
 delayed fission       1340    1.1395E-04    5.6513E-05          nucl. interaction        0    0.            0.        
 prompt photofis          0    0.            0.                  particle decay           0    0.            0.        
 tabular boundary         0    0.            0.                  tabular boundary         0    0.            0.        
 tabular sampling         0    0.            0.                  elastic scatter          0    0.            0.        
     total         13422372    1.3208E+00    1.4691E+01              total         13422372    1.3208E+00    1.4691E+01

   number of neutrons banked                 1748186        average time of (shakes)              cutoffs
   neutron tracks per source particle     1.3422E+00          escape            2.4498E+04          tco   1.0000E+33
   neutron collisions per source particle 1.2777E+01          capture           2.4570E+05          eco   0.0000E+00
   total neutron collisions                127769198          capture or escape 6.6774E+04          wc1  -5.0000E-01
   net multiplication              1.1561E+00 0.0001          any termination   6.1999E+04          wc2  -2.5000E-01

 computer time so far in this run    94.89 minutes            maximum number ever in bank         8
 computer time in mcrun              94.59 minutes            bank overflows to backup file       0
 source particles per minute            1.0572E+05
 random numbers generated               2366093761            most random numbers used was        8684 in history     1246444

 range of sampled source weights = 1.0000E+00 to 1.0000E+00

 number of histories processed by each thread
      302060      316623      315437      314484      310229      311189      316247      315846      315052      314761
      314634      316206      310041      307429      312744      312793      310720      312471      308385      308678
      310104      309817      314894      316845      316086      316499      314922      315588      307482      307839
      311981      311914
1neutron  activity in each cell                                                                         print table 126

                       tracks     population   collisions   collisions     number        flux        average      average
              cell    entering                               * weight     weighted     weighted   track weight   track mfp
                                                          (per history)    energy       energy     (relative)      (cm)

        4       10    12831758     10837989            0    0.0000E+00   2.9411E+00   1.0980E+01   9.5594E-01   0.0000E+00
        5       11     1830419      1196407       371097    3.1682E-02   9.0092E-01   6.5836E+00   8.9756E-01   2.5241E+00
        6       12     1878247      1173141      3095347    2.5041E-01   4.2350E-01   4.5722E+00   8.5765E-01   4.7908E+00
        7       14      136060       102368       289867    1.8915E-02   6.3866E-02   1.4231E+00   6.9078E-01   4.1033E+00
        8       13     1162407      1094780     30502779    2.1874E+00   9.0673E-02   1.8894E+00   7.4822E-01   4.0832E+00
        9       21     4240809      2618482       779890    6.7275E-02   1.0118E+00   6.7236E+00   9.0383E-01   2.5431E+00
       10       22     4449181      2648997      7213621    5.9189E-01   5.0604E-01   5.0883E+00   8.6763E-01   4.7740E+00
       11       24       27737        20714        62197    3.6371E-03   4.5840E-02   1.0591E+00   6.1384E-01   3.9645E+00
       12       23     2657779      2688005     85454400    6.0413E+00   8.9398E-02   1.9361E+00   7.3877E-01   4.0949E+00

           total      29214397     22380883    127769198    9.1925E+00

1tally        4        nps =    10000000
+                                   flux                                                                       
           tally type 4    track length estimate of particle flux.      units   1/cm**2        
           particle(s): neutrons 

           volumes 
                   cell:      13           23          total                                                       
                         5.09146E+00  1.45114E+01  1.96029E+01
 
 cell  13                                                                                                                              
      energy   
    1.0000E-06   1.65933E-07 0.3926
    1.0000E-05   2.35044E-04 0.0198
    1.0000E-04   1.46822E-02 0.0040
    1.0000E-03   9.56714E-02 0.0023
    1.0000E-02   2.10864E-01 0.0019
    1.0000E-01   3.17802E-01 0.0017
    1.0000E+00   4.39518E-01 0.0016
    1.0000E+01   2.49928E-01 0.0020
    2.0000E+01   1.35668E-01 0.0021
      total      1.46437E+00 0.0015
 
 cell  23                                                                                                                              
      energy   
    1.0000E-06   6.48802E-08 0.3956
    1.0000E-05   2.27468E-04 0.0118
    1.0000E-04   1.50499E-02 0.0024
    1.0000E-03   9.62062E-02 0.0014
    1.0000E-02   2.07298E-01 0.0011
    1.0000E-01   3.05000E-01 0.0011
    1.0000E+00   4.15151E-01 0.0010
    1.0000E+01   2.43499E-01 0.0012
    2.0000E+01   1.35787E-01 0.0013
      total      1.41822E+00 0.0010
 
 cell union total                                                                                                                      
      energy   
    1.0000E-06   9.11266E-08 0.2792
    1.0000E-05   2.29436E-04 0.0101
    1.0000E-04   1.49544E-02 0.0020
    1.0000E-03   9.60673E-02 0.0012
    1.0000E-02   2.08224E-01 0.0010
    1.0000E-01   3.08325E-01 0.0009
    1.0000E+00   4.21480E-01 0.0008
    1.0000E+01   2.45169E-01 0.0010
    2.0000E+01   1.35756E-01 0.0011
      total      1.43021E+00 0.0008


 ===================================================================================================================================

           results of 10 statistical checks for the estimated answer for the tally fluctuation chart (tfc) bin of tally        4

 tfc bin     --mean--      ---------relative error---------      ----variance of the variance----      --figure of merit--     -pdf-
 behavior    behavior      value   decrease   decrease rate      value   decrease   decrease rate       value     behavior     slope

 desired      random       <0.10      yes      1/sqrt(nps)       <0.10      yes        1/nps           constant    random      >3.00
 observed     random        0.00      yes          yes            0.00      yes         yes            constant    random      10.00
 passed?        yes          yes      yes          yes             yes      yes         yes               yes        yes         yes

 ===================================================================================================================================


 this tally meets the statistical criteria used to form confidence intervals: check the tally fluctuation chart to verify.
 the results in other bins associated with this tally may not meet these statistical criteria.

 ----- estimated confidence intervals:  -----

 estimated asymmetric confidence interval(1,2,3 sigma): 1.4621E+00 to 1.4666E+00; 1.4599E+00 to 1.4689E+00; 1.4576E+00 to 1.4711E+00
 estimated  symmetric confidence interval(1,2,3 sigma): 1.4621E+00 to 1.4666E+00; 1.4599E+00 to 1.4689E+00; 1.4576E+00 to 1.4711E+00

 fom = (histories/minute)*(f(x) signal-to-noise ratio)**2 = (1.057E+05)*( 2.060E-01)**2 = (1.057E+05)*(4.244E-02) = 4.487E+03

1tally       14        nps =    10000000
+                                   60 at%-enriched Li (n,Xt) micro_xs * flux                                  
           tally type 4    track length estimate of particle flux.                             
           particle(s): neutrons 

           volumes 
                   cell:      13           23          total                                                       
                         5.09146E+00  1.45114E+01  1.96029E+01
 
 cell  13                                                                                                                              
 multiplier bin:   1.00000E+00        31         205                                                                                   
      energy   
    1.0000E-06   1.70635E-05 0.4126
    1.0000E-05   8.10217E-03 0.0208
    1.0000E-04   1.86463E-01 0.0042
    1.0000E-03   4.50723E-01 0.0023
    1.0000E-02   3.37914E-01 0.0019
    1.0000E-01   1.73474E-01 0.0017
    1.0000E+00   2.48859E-01 0.0017
    1.0000E+01   3.43390E-02 0.0020
    2.0000E+01   1.92469E-02 0.0022
      total      1.45914E+00 0.0019
 
 cell  23                                                                                                                              
 multiplier bin:   1.00000E+00        31         205                                                                                   
      energy   
    1.0000E-06   6.66218E-06 0.3894
    1.0000E-05   7.75565E-03 0.0124
    1.0000E-04   1.91218E-01 0.0025
    1.0000E-03   4.54118E-01 0.0014
    1.0000E-02   3.32789E-01 0.0012
    1.0000E-01   1.66823E-01 0.0011
    1.0000E+00   2.34878E-01 0.0010
    1.0000E+01   3.34936E-02 0.0012
    2.0000E+01   1.92696E-02 0.0013
      total      1.44035E+00 0.0012
 
 cell union total                                                                                                                      
 multiplier bin:   1.00000E+00        31         205                                                                                   
      energy   
    1.0000E-06   9.36371E-06 0.2832
    1.0000E-05   7.84565E-03 0.0106
    1.0000E-04   1.89983E-01 0.0022
    1.0000E-03   4.53236E-01 0.0012
    1.0000E-02   3.34120E-01 0.0010
    1.0000E-01   1.68550E-01 0.0009
    1.0000E+00   2.38509E-01 0.0009
    1.0000E+01   3.37132E-02 0.0010
    2.0000E+01   1.92637E-02 0.0011
      total      1.44523E+00 0.0010


 ===================================================================================================================================

           results of 10 statistical checks for the estimated answer for the tally fluctuation chart (tfc) bin of tally       14

 tfc bin     --mean--      ---------relative error---------      ----variance of the variance----      --figure of merit--     -pdf-
 behavior    behavior      value   decrease   decrease rate      value   decrease   decrease rate       value     behavior     slope

 desired      random       <0.10      yes      1/sqrt(nps)       <0.10      yes        1/nps           constant    random      >3.00
 observed     random        0.00      yes          yes            0.00      yes         yes            constant    random      10.00
 passed?        yes          yes      yes          yes             yes      yes         yes               yes        yes         yes

 ===================================================================================================================================


 this tally meets the statistical criteria used to form confidence intervals: check the tally fluctuation chart to verify.
 the results in other bins associated with this tally may not meet these statistical criteria.

 ----- estimated confidence intervals:  -----

 estimated asymmetric confidence interval(1,2,3 sigma): 1.4564E+00 to 1.4619E+00; 1.4536E+00 to 1.4646E+00; 1.4509E+00 to 1.4674E+00
 estimated  symmetric confidence interval(1,2,3 sigma): 1.4564E+00 to 1.4619E+00; 1.4536E+00 to 1.4646E+00; 1.4509E+00 to 1.4674E+00

 fom = (histories/minute)*(f(x) signal-to-noise ratio)**2 = (1.057E+05)*( 1.676E-01)**2 = (1.057E+05)*(2.811E-02) = 2.971E+03

1tally       24        nps =    10000000
+                                   U-238 (n,gamma) micro_xs * flux                                            
           tally type 4    track length estimate of particle flux.                             
           particle(s): neutrons 

           volumes 
                   cell:      13           23          total                                                       
                         5.09146E+00  1.45114E+01  1.96029E+01
 
 cell  13                                                                                                                              
 multiplier bin:   1.00000E+00        51         102                                                                                   
      energy   
    1.0000E-06   9.08537E-08 0.4076
    1.0000E-05   8.52791E-03 0.0476
    1.0000E-04   1.78796E-01 0.0090
    1.0000E-03   3.87471E-01 0.0038
    1.0000E-02   2.41991E-01 0.0022
    1.0000E-01   1.28560E-01 0.0018
    1.0000E+00   5.47972E-02 0.0016
    1.0000E+01   1.19790E-02 0.0021
    2.0000E+01   1.21152E-04 0.0022
      total      1.01224E+00 0.0028
 
 cell  23                                                                                                                              
 multiplier bin:   1.00000E+00        51         102                                                                                   
      energy   
    1.0000E-06   3.55112E-08 0.3897
    1.0000E-05   8.81635E-03 0.0286
    1.0000E-04   1.82779E-01 0.0053
    1.0000E-03   3.92624E-01 0.0023
    1.0000E-02   2.38483E-01 0.0013
    1.0000E-01   1.23783E-01 0.0011
    1.0000E+00   5.17662E-02 0.0010
    1.0000E+01   1.15376E-02 0.0013
    2.0000E+01   1.21353E-04 0.0013
      total      1.00991E+00 0.0017
 
 cell union total                                                                                                                      
 multiplier bin:   1.00000E+00        51         102                                                                                   
      energy   
    1.0000E-06   4.98854E-08 0.2817
    1.0000E-05   8.74143E-03 0.0245
    1.0000E-04   1.81745E-01 0.0046
    1.0000E-03   3.91285E-01 0.0020
    1.0000E-02   2.39394E-01 0.0011
    1.0000E-01   1.25024E-01 0.0009
    1.0000E+00   5.25534E-02 0.0008
    1.0000E+01   1.16522E-02 0.0011
    2.0000E+01   1.21301E-04 0.0011
      total      1.01052E+00 0.0014


 ===================================================================================================================================

           results of 10 statistical checks for the estimated answer for the tally fluctuation chart (tfc) bin of tally       24

 tfc bin     --mean--      ---------relative error---------      ----variance of the variance----      --figure of merit--     -pdf-
 behavior    behavior      value   decrease   decrease rate      value   decrease   decrease rate       value     behavior     slope

 desired      random       <0.10      yes      1/sqrt(nps)       <0.10      yes        1/nps           constant    random      >3.00
 observed     random        0.00      yes          yes            0.00      yes         yes            constant    random      10.00
 passed?        yes          yes      yes          yes             yes      yes         yes               yes        yes         yes

 ===================================================================================================================================


 this tally meets the statistical criteria used to form confidence intervals: check the tally fluctuation chart to verify.
 the results in other bins associated with this tally may not meet these statistical criteria.

 ----- estimated confidence intervals:  -----

 estimated asymmetric confidence interval(1,2,3 sigma): 1.0094E+00 to 1.0151E+00; 1.0066E+00 to 1.0179E+00; 1.0038E+00 to 1.0207E+00
 estimated  symmetric confidence interval(1,2,3 sigma): 1.0094E+00 to 1.0151E+00; 1.0066E+00 to 1.0179E+00; 1.0038E+00 to 1.0207E+00

 fom = (histories/minute)*(f(x) signal-to-noise ratio)**2 = (1.057E+05)*( 1.135E-01)**2 = (1.057E+05)*(1.288E-02) = 1.361E+03

1status of the statistical checks used to form confidence intervals for the mean for each tally bin


 tally   result of statistical checks for the tfc bin (the first check not passed is listed) and error magnitude check for all bins

        4   passed the 10 statistical checks for the tally fluctuation chart bin result               
         missed all bin error check:    30 tally bins had     0 bins with zeros and     3 bins with relative errors exceeding 0.10

       14   passed the 10 statistical checks for the tally fluctuation chart bin result               
         missed all bin error check:    30 tally bins had     0 bins with zeros and     3 bins with relative errors exceeding 0.10

       24   passed the 10 statistical checks for the tally fluctuation chart bin result               
         missed all bin error check:    30 tally bins had     0 bins with zeros and     3 bins with relative errors exceeding 0.10


 the 10 statistical checks are only for the tally fluctuation chart bin and do not apply to other tally bins.

 warning.       3 of the     3 tallies had bins with relative errors greater than recommended.
1tally fluctuation charts                              

                            tally        4                          tally       14                          tally       24
          nps      mean     error   vov  slope    fom      mean     error   vov  slope    fom      mean     error   vov  slope    fom
       512000   1.4671E+00 0.0068 0.0001 10.0    4482   1.4716E+00 0.0083 0.0002 10.0    2969   1.0184E+00 0.0122 0.0017  8.7    1385
      1024000   1.4649E+00 0.0048 0.0001 10.0    4493   1.4621E+00 0.0059 0.0001 10.0    2984   1.0133E+00 0.0086 0.0007 10.0    1400
      1536000   1.4672E+00 0.0039 0.0000 10.0    4499   1.4658E+00 0.0048 0.0001 10.0    2982   1.0153E+00 0.0070 0.0005 10.0    1394
      2048000   1.4655E+00 0.0034 0.0000 10.0    4496   1.4624E+00 0.0042 0.0001 10.0    2971   1.0154E+00 0.0061 0.0004 10.0    1377
      2560000   1.4646E+00 0.0030 0.0000 10.0    4498   1.4600E+00 0.0037 0.0000 10.0    2977   1.0130E+00 0.0055 0.0003 10.0    1370
      3072000   1.4634E+00 0.0028 0.0000 10.0    4492   1.4584E+00 0.0034 0.0000 10.0    2974   1.0126E+00 0.0050 0.0003 10.0    1358
      3584000   1.4635E+00 0.0026 0.0000 10.0    4491   1.4580E+00 0.0032 0.0000 10.0    2973   1.0133E+00 0.0047 0.0002 10.0    1355
      4096000   1.4635E+00 0.0024 0.0000 10.0    4496   1.4569E+00 0.0029 0.0000 10.0    2978   1.0128E+00 0.0044 0.0002 10.0    1356
      4608000   1.4636E+00 0.0023 0.0000 10.0    4491   1.4571E+00 0.0028 0.0000 10.0    2978   1.0128E+00 0.0041 0.0002 10.0    1353
      5120000   1.4631E+00 0.0021 0.0000 10.0    4492   1.4572E+00 0.0026 0.0000 10.0    2977   1.0127E+00 0.0039 0.0002 10.0    1354
      5632000   1.4651E+00 0.0020 0.0000 10.0    4496   1.4601E+00 0.0025 0.0000 10.0    2980   1.0147E+00 0.0037 0.0001 10.0    1358
      6144000   1.4648E+00 0.0020 0.0000 10.0    4493   1.4604E+00 0.0024 0.0000 10.0    2977   1.0155E+00 0.0036 0.0001 10.0    1355
      6656000   1.4634E+00 0.0019 0.0000 10.0    4490   1.4590E+00 0.0023 0.0000 10.0    2973   1.0143E+00 0.0034 0.0001 10.0    1359
      7168000   1.4636E+00 0.0018 0.0000 10.0    4490   1.4593E+00 0.0022 0.0000 10.0    2974   1.0133E+00 0.0033 0.0001 10.0    1361
      7680000   1.4636E+00 0.0018 0.0000 10.0    4491   1.4594E+00 0.0022 0.0000 10.0    2973   1.0146E+00 0.0032 0.0001 10.0    1358
      8192000   1.4645E+00 0.0017 0.0000 10.0    4489   1.4597E+00 0.0021 0.0000 10.0    2974   1.0145E+00 0.0031 0.0001 10.0    1356
      8704000   1.4654E+00 0.0016 0.0000 10.0    4491   1.4608E+00 0.0020 0.0000 10.0    2974   1.0156E+00 0.0030 0.0001 10.0    1357
      9216000   1.4655E+00 0.0016 0.0000 10.0    4492   1.4601E+00 0.0020 0.0000 10.0    2976   1.0139E+00 0.0029 0.0001 10.0    1360
      9728000   1.4648E+00 0.0016 0.0000 10.0    4490   1.4595E+00 0.0019 0.0000 10.0    2974   1.0127E+00 0.0028 0.0001 10.0    1363
     10000000   1.4644E+00 0.0015 0.0000 10.0    4487   1.4591E+00 0.0019 0.0000 10.0    2971   1.0122E+00 0.0028 0.0001 10.0    1361

 ***********************************************************************************************************************

 dump no.    2 on file runtpo.h5     nps =    10000000     coll =      127769198     ctm =       94.59   nrn =       
 2366093761

         3 warning messages so far.


 run terminated when    10000000  particle histories were done.

 computer time =   94.89 minutes

 mcnp6 version 6.3.0 01/26/23                     01/06/26 08:24:11                     probid =  01/06/26 08:21:04 
