 ===============>     TALLY 75: TOTAL FERTILE RXN RATE     <================

 U238
   (n,gamma)                            0.0576763 +/- 0.000128458
   Fission Rate                         0.00717177 +/- 8.90313e-06
   (n,elastic)                          0.659848 +/- 0.000536887
 U235
   (n,gamma)                            0.000603804 +/- 9.7691e-07
   Fission Rate                         0.00158457 +/- 1.84885e-06
   (n,elastic)                          0.00351797 +/- 2.37256e-06
 Th232
   (n,gamma)                            0 +/- 0
   Fission Rate                         0 +/- 0
   (n,elastic)                          0 +/- 0
 ==================>     TALLY 78: TOTAL LI RXN RATE     <==================

 Li6
   (n,gamma)                            4.86587e-05 +/- 6.32306e-08
   (n,Xt)                               1.29243 +/- 0.00157441
   (n,elastic)                          0.833483 +/- 0.000613983
 Li7
   (n,gamma)                            3.86277e-05 +/- 4.8949e-08
   (n,Xt)                               0.0122101 +/- 2.22949e-05
   (n,elastic)                          0.580421 +/- 0.000434484
 ==================>     TALLY 76: FERTILE RXN RATES     <==================

 Cell 11
   U238
     (n,gamma)                            0 +/- 0
     Fission Rate                         0 +/- 0
     (n,elastic)                          0 +/- 0
   U235
     (n,gamma)                            0 +/- 0
     Fission Rate                         0 +/- 0
     (n,elastic)                          0 +/- 0
   Th232
     (n,gamma)                            0 +/- 0
     Fission Rate                         0 +/- 0
     (n,elastic)                          0 +/- 0
 Cell 12
   U238
     (n,gamma)                            0 +/- 0
     Fission Rate                         0 +/- 0
     (n,elastic)                          0 +/- 0
   U235
     (n,gamma)                            0 +/- 0
     Fission Rate                         0 +/- 0
     (n,elastic)                          0 +/- 0
   Th232
     (n,gamma)                            0 +/- 0
     Fission Rate                         0 +/- 0
     (n,elastic)                          0 +/- 0
 Cell 13
   U238
     (n,gamma)                            0.0187604 +/- 5.5284e-05
     Fission Rate                         0.00195564 +/- 5.01902e-06
     (n,elastic)                          0.210958 +/- 0.000333194
   U235
     (n,gamma)                            0.000195292 +/- 5.10667e-07
     Fission Rate                         0.000506413 +/- 1.06559e-06
     (n,elastic)                          0.00111889 +/- 1.90203e-06
   Th232
     (n,gamma)                            0 +/- 0
     Fission Rate                         0 +/- 0
     (n,elastic)                          0 +/- 0
 Cell 14
   U238
     (n,gamma)                            0 +/- 0
     Fission Rate                         0 +/- 0
     (n,elastic)                          0 +/- 0
   U235
     (n,gamma)                            0 +/- 0
     Fission Rate                         0 +/- 0
     (n,elastic)                          0 +/- 0
   Th232
     (n,gamma)                            0 +/- 0
     Fission Rate                         0 +/- 0
     (n,elastic)                          0 +/- 0
 Cell 21
   U238
     (n,gamma)                            0 +/- 0
     Fission Rate                         0 +/- 0
     (n,elastic)                          0 +/- 0
   U235
     (n,gamma)                            0 +/- 0
     Fission Rate                         0 +/- 0
     (n,elastic)                          0 +/- 0
   Th232
     (n,gamma)                            0 +/- 0
     Fission Rate                         0 +/- 0
     (n,elastic)                          0 +/- 0
 Cell 22
   U238
     (n,gamma)                            0 +/- 0
     Fission Rate                         0 +/- 0
     (n,elastic)                          0 +/- 0
   U235
     (n,gamma)                            0 +/- 0
     Fission Rate                         0 +/- 0
     (n,elastic)                          0 +/- 0
   Th232
     (n,gamma)                            0 +/- 0
     Fission Rate                         0 +/- 0
     (n,elastic)                          0 +/- 0
 Cell 23
   U238
     (n,gamma)                            0.0389159 +/- 9.28604e-05
     Fission Rate                         0.00521613 +/- 9.12705e-06
     (n,elastic)                          0.44889 +/- 0.000424968
   U235
     (n,gamma)                            0.000408512 +/- 7.91903e-07
     Fission Rate                         0.00107816 +/- 1.58429e-06
     (n,elastic)                          0.00239909 +/- 2.13465e-06
   Th232
     (n,gamma)                            0 +/- 0
     Fission Rate                         0 +/- 0
     (n,elastic)                          0 +/- 0
 Cell 24
   U238
     (n,gamma)                            0 +/- 0
     Fission Rate                         0 +/- 0
     (n,elastic)                          0 +/- 0
   U235
     (n,gamma)                            0 +/- 0
     Fission Rate                         0 +/- 0
     (n,elastic)                          0 +/- 0
   Th232
     (n,gamma)                            0 +/- 0
     Fission Rate                         0 +/- 0
     (n,elastic)                          0 +/- 0
 ====================>     TALLY 79: LI RXN RATES     <=====================

 Cell 11
   Li6
     (n,gamma)                            0 +/- 0
     (n,Xt)                               0 +/- 0
     (n,elastic)                          0 +/- 0
   Li7
     (n,gamma)                            0 +/- 0
     (n,Xt)                               0 +/- 0
     (n,elastic)                          0 +/- 0
 Cell 12
   Li6
     (n,gamma)                            0 +/- 0
     (n,Xt)                               0 +/- 0
     (n,elastic)                          0 +/- 0
   Li7
     (n,gamma)                            0 +/- 0
     (n,Xt)                               0 +/- 0
     (n,elastic)                          0 +/- 0
 Cell 13
   Li6
     (n,gamma)                            1.56908e-05 +/- 3.52178e-08
     (n,Xt)                               0.41686 +/- 0.000913117
     (n,elastic)                          0.25999 +/- 0.000484897
   Li7
     (n,gamma)                            1.24848e-05 +/- 2.76096e-08
     (n,Xt)                               0.00325027 +/- 1.02317e-05
     (n,elastic)                          0.180876 +/- 0.000318582
 Cell 14
   Li6
     (n,gamma)                            0 +/- 0
     (n,Xt)                               0 +/- 0
     (n,elastic)                          0 +/- 0
   Li7
     (n,gamma)                            0 +/- 0
     (n,Xt)                               0 +/- 0
     (n,elastic)                          0 +/- 0
 Cell 21
   Li6
     (n,gamma)                            0 +/- 0
     (n,Xt)                               0 +/- 0
     (n,elastic)                          0 +/- 0
   Li7
     (n,gamma)                            0 +/- 0
     (n,Xt)                               0 +/- 0
     (n,elastic)                          0 +/- 0
 Cell 22
   Li6
     (n,gamma)                            0 +/- 0
     (n,Xt)                               0 +/- 0
     (n,elastic)                          0 +/- 0
   Li7
     (n,gamma)                            0 +/- 0
     (n,Xt)                               0 +/- 0
     (n,elastic)                          0 +/- 0
 Cell 23
   Li6
     (n,gamma)                            3.29678e-05 +/- 5.1307e-08
     (n,Xt)                               0.875568 +/- 0.00129311
     (n,elastic)                          0.573493 +/- 0.000610499
   Li7
     (n,gamma)                            2.6143e-05 +/- 3.97857e-08
     (n,Xt)                               0.00895983 +/- 1.98621e-05
     (n,elastic)                          0.399545 +/- 0.000449048
 Cell 24
   Li6
     (n,gamma)                            0 +/- 0
     (n,Xt)                               0 +/- 0
     (n,elastic)                          0 +/- 0
   Li7
     (n,gamma)                            0 +/- 0
     (n,Xt)                               0 +/- 0
     (n,elastic)                          0 +/- 0
 ========================>     TALLY 73: FLUX     <=========================

 Cell 11
   Total Material
     Flux                                 0.856997 +/- 0.00121871
 Cell 12
   Total Material
     Flux                                 9.80351 +/- 0.011103
 Cell 13
   Total Material
     Flux                                 54.7867 +/- 0.09089
 Cell 14
   Total Material
     Flux                                 0.214056 +/- 0.00111315
 Cell 21
   Total Material
     Flux                                 1.54528 +/- 0.0017507
 Cell 22
   Total Material
     Flux                                 18.4075 +/- 0.0205033
 Cell 23
   Total Material
     Flux                                 120.724 +/- 0.113615
 Cell 24
   Total Material
     Flux                                 0.033956 +/- 0.0005202
 =============>     TALLY 77: FERTILE RXN RATES SPECTRUM     <==============

 Cell 11
   Incoming Energy [0, 0.01)
     U238
       (n,gamma)                            0 +/- 0
       Fission Rate                         0 +/- 0
       (n,elastic)                          0 +/- 0
     U235
       (n,gamma)                            0 +/- 0
       Fission Rate                         0 +/- 0
       (n,elastic)                          0 +/- 0
     Th232
       (n,gamma)                            0 +/- 0
       Fission Rate                         0 +/- 0
       (n,elastic)                          0 +/- 0
   Incoming Energy [0.01, 0.1)
     U238
       (n,gamma)                            0 +/- 0
       Fission Rate                         0 +/- 0
       (n,elastic)                          0 +/- 0
     U235
       (n,gamma)                            0 +/- 0
       Fission Rate                         0 +/- 0
       (n,elastic)                          0 +/- 0
     Th232
       (n,gamma)                            0 +/- 0
       Fission Rate                         0 +/- 0
       (n,elastic)                          0 +/- 0
   Incoming Energy [0.1, 1)
     U238
       (n,gamma)                            0 +/- 0
       Fission Rate                         0 +/- 0
       (n,elastic)                          0 +/- 0
     U235
       (n,gamma)                            0 +/- 0
       Fission Rate                         0 +/- 0
       (n,elastic)                          0 +/- 0
     Th232
       (n,gamma)                            0 +/- 0
       Fission Rate                         0 +/- 0
       (n,elastic)                          0 +/- 0
   Incoming Energy [1, 10)
     U238
       (n,gamma)                            0 +/- 0
       Fission Rate                         0 +/- 0
       (n,elastic)                          0 +/- 0
     U235
       (n,gamma)                            0 +/- 0
       Fission Rate                         0 +/- 0
       (n,elastic)                          0 +/- 0
     Th232
       (n,gamma)                            0 +/- 0
       Fission Rate                         0 +/- 0
       (n,elastic)                          0 +/- 0
   Incoming Energy [10, 100)
     U238
       (n,gamma)                            0 +/- 0
       Fission Rate                         0 +/- 0
       (n,elastic)                          0 +/- 0
     U235
       (n,gamma)                            0 +/- 0
       Fission Rate                         0 +/- 0
       (n,elastic)                          0 +/- 0
     Th232
       (n,gamma)                            0 +/- 0
       Fission Rate                         0 +/- 0
       (n,elastic)                          0 +/- 0
   Incoming Energy [100, 1000)
     U238
       (n,gamma)                            0 +/- 0
       Fission Rate                         0 +/- 0
       (n,elastic)                          0 +/- 0
     U235
       (n,gamma)                            0 +/- 0
       Fission Rate                         0 +/- 0
       (n,elastic)                          0 +/- 0
     Th232
       (n,gamma)                            0 +/- 0
       Fission Rate                         0 +/- 0
       (n,elastic)                          0 +/- 0
   Incoming Energy [1000, 10000)
     U238
       (n,gamma)                            0 +/- 0
       Fission Rate                         0 +/- 0
       (n,elastic)                          0 +/- 0
     U235
       (n,gamma)                            0 +/- 0
       Fission Rate                         0 +/- 0
       (n,elastic)                          0 +/- 0
     Th232
       (n,gamma)                            0 +/- 0
       Fission Rate                         0 +/- 0
       (n,elastic)                          0 +/- 0
   Incoming Energy [10000, 100000)
     U238
       (n,gamma)                            0 +/- 0
       Fission Rate                         0 +/- 0
       (n,elastic)                          0 +/- 0
     U235
       (n,gamma)                            0 +/- 0
       Fission Rate                         0 +/- 0
       (n,elastic)                          0 +/- 0
     Th232
       (n,gamma)                            0 +/- 0
       Fission Rate                         0 +/- 0
       (n,elastic)                          0 +/- 0
   Incoming Energy [100000, 1000000)
     U238
       (n,gamma)                            0 +/- 0
       Fission Rate                         0 +/- 0
       (n,elastic)                          0 +/- 0
     U235
       (n,gamma)                            0 +/- 0
       Fission Rate                         0 +/- 0
       (n,elastic)                          0 +/- 0
     Th232
       (n,gamma)                            0 +/- 0
       Fission Rate                         0 +/- 0
       (n,elastic)                          0 +/- 0
   Incoming Energy [1000000, 10000000)
     U238
       (n,gamma)                            0 +/- 0
       Fission Rate                         0 +/- 0
       (n,elastic)                          0 +/- 0
     U235
       (n,gamma)                            0 +/- 0
       Fission Rate                         0 +/- 0
       (n,elastic)                          0 +/- 0
     Th232
       (n,gamma)                            0 +/- 0
       Fission Rate                         0 +/- 0
       (n,elastic)                          0 +/- 0
 Cell 12
   Incoming Energy [0, 0.01)
     U238
       (n,gamma)                            0 +/- 0
       Fission Rate                         0 +/- 0
       (n,elastic)                          0 +/- 0
     U235
       (n,gamma)                            0 +/- 0
       Fission Rate                         0 +/- 0
       (n,elastic)                          0 +/- 0
     Th232
       (n,gamma)                            0 +/- 0
       Fission Rate                         0 +/- 0
       (n,elastic)                          0 +/- 0
   Incoming Energy [0.01, 0.1)
     U238
       (n,gamma)                            0 +/- 0
       Fission Rate                         0 +/- 0
       (n,elastic)                          0 +/- 0
     U235
       (n,gamma)                            0 +/- 0
       Fission Rate                         0 +/- 0
       (n,elastic)                          0 +/- 0
     Th232
       (n,gamma)                            0 +/- 0
       Fission Rate                         0 +/- 0
       (n,elastic)                          0 +/- 0
   Incoming Energy [0.1, 1)
     U238
       (n,gamma)                            0 +/- 0
       Fission Rate                         0 +/- 0
       (n,elastic)                          0 +/- 0
     U235
       (n,gamma)                            0 +/- 0
       Fission Rate                         0 +/- 0
       (n,elastic)                          0 +/- 0
     Th232
       (n,gamma)                            0 +/- 0
       Fission Rate                         0 +/- 0
       (n,elastic)                          0 +/- 0
   Incoming Energy [1, 10)
     U238
       (n,gamma)                            0 +/- 0
       Fission Rate                         0 +/- 0
       (n,elastic)                          0 +/- 0
     U235
       (n,gamma)                            0 +/- 0
       Fission Rate                         0 +/- 0
       (n,elastic)                          0 +/- 0
     Th232
       (n,gamma)                            0 +/- 0
       Fission Rate                         0 +/- 0
       (n,elastic)                          0 +/- 0
   Incoming Energy [10, 100)
     U238
       (n,gamma)                            0 +/- 0
       Fission Rate                         0 +/- 0
       (n,elastic)                          0 +/- 0
     U235
       (n,gamma)                            0 +/- 0
       Fission Rate                         0 +/- 0
       (n,elastic)                          0 +/- 0
     Th232
       (n,gamma)                            0 +/- 0
       Fission Rate                         0 +/- 0
       (n,elastic)                          0 +/- 0
   Incoming Energy [100, 1000)
     U238
       (n,gamma)                            0 +/- 0
       Fission Rate                         0 +/- 0
       (n,elastic)                          0 +/- 0
     U235
       (n,gamma)                            0 +/- 0
       Fission Rate                         0 +/- 0
       (n,elastic)                          0 +/- 0
     Th232
       (n,gamma)                            0 +/- 0
       Fission Rate                         0 +/- 0
       (n,elastic)                          0 +/- 0
   Incoming Energy [1000, 10000)
     U238
       (n,gamma)                            0 +/- 0
       Fission Rate                         0 +/- 0
       (n,elastic)                          0 +/- 0
     U235
       (n,gamma)                            0 +/- 0
       Fission Rate                         0 +/- 0
       (n,elastic)                          0 +/- 0
     Th232
       (n,gamma)                            0 +/- 0
       Fission Rate                         0 +/- 0
       (n,elastic)                          0 +/- 0
   Incoming Energy [10000, 100000)
     U238
       (n,gamma)                            0 +/- 0
       Fission Rate                         0 +/- 0
       (n,elastic)                          0 +/- 0
     U235
       (n,gamma)                            0 +/- 0
       Fission Rate                         0 +/- 0
       (n,elastic)                          0 +/- 0
     Th232
       (n,gamma)                            0 +/- 0
       Fission Rate                         0 +/- 0
       (n,elastic)                          0 +/- 0
   Incoming Energy [100000, 1000000)
     U238
       (n,gamma)                            0 +/- 0
       Fission Rate                         0 +/- 0
       (n,elastic)                          0 +/- 0
     U235
       (n,gamma)                            0 +/- 0
       Fission Rate                         0 +/- 0
       (n,elastic)                          0 +/- 0
     Th232
       (n,gamma)                            0 +/- 0
       Fission Rate                         0 +/- 0
       (n,elastic)                          0 +/- 0
   Incoming Energy [1000000, 10000000)
     U238
       (n,gamma)                            0 +/- 0
       Fission Rate                         0 +/- 0
       (n,elastic)                          0 +/- 0
     U235
       (n,gamma)                            0 +/- 0
       Fission Rate                         0 +/- 0
       (n,elastic)                          0 +/- 0
     Th232
       (n,gamma)                            0 +/- 0
       Fission Rate                         0 +/- 0
       (n,elastic)                          0 +/- 0
 Cell 13
   Incoming Energy [0, 0.01)
     U238
       (n,gamma)                            0 +/- 0
       Fission Rate                         0 +/- 0
       (n,elastic)                          0 +/- 0
     U235
       (n,gamma)                            0 +/- 0
       Fission Rate                         0 +/- 0
       (n,elastic)                          0 +/- 0
     Th232
       (n,gamma)                            0 +/- 0
       Fission Rate                         0 +/- 0
       (n,elastic)                          0 +/- 0
   Incoming Energy [0.01, 0.1)
     U238
       (n,gamma)                            0 +/- 0
       Fission Rate                         0 +/- 0
       (n,elastic)                          0 +/- 0
     U235
       (n,gamma)                            0 +/- 0
       Fission Rate                         0 +/- 0
       (n,elastic)                          0 +/- 0
     Th232
       (n,gamma)                            0 +/- 0
       Fission Rate                         0 +/- 0
       (n,elastic)                          0 +/- 0
   Incoming Energy [0.1, 1)
     U238
       (n,gamma)                            1.12056e-09 +/- 8.39428e-10
       Fission Rate                         7.35173e-15 +/- 5.50698e-15
       (n,elastic)                          1.95243e-08 +/- 1.46268e-08
     U235
       (n,gamma)                            1.38716e-10 +/- 1.05011e-10
       Fission Rate                         9.00701e-10 +/- 6.78237e-10
       (n,elastic)                          1.99517e-10 +/- 1.4946e-10
     Th232
       (n,gamma)                            0 +/- 0
       Fission Rate                         0 +/- 0
       (n,elastic)                          0 +/- 0
   Incoming Energy [1, 10)
     U238
       (n,gamma)                            0.000242042 +/- 1.95691e-05
       Fission Rate                         1.09293e-10 +/- 8.54624e-12
       (n,elastic)                          5.72723e-05 +/- 2.0575e-06
     U235
       (n,gamma)                            1.10921e-06 +/- 3.14115e-08
       Fission Rate                         1.94867e-06 +/- 5.9659e-08
       (n,elastic)                          3.47512e-07 +/- 9.20278e-09
     Th232
       (n,gamma)                            0 +/- 0
       Fission Rate                         0 +/- 0
       (n,elastic)                          0 +/- 0
   Incoming Energy [10, 100)
     U238
       (n,gamma)                            0.00450236 +/- 4.50653e-05
       Fission Rate                         7.41928e-09 +/- 1.07446e-10
       (n,elastic)                          0.00712534 +/- 4.45831e-05
     U235
       (n,gamma)                            3.81594e-05 +/- 2.50703e-07
       Fission Rate                         6.90712e-05 +/- 3.46754e-07
       (n,elastic)                          2.17193e-05 +/- 1.08659e-07
     Th232
       (n,gamma)                            0 +/- 0
       Fission Rate                         0 +/- 0
       (n,elastic)                          0 +/- 0
   Incoming Energy [100, 1000)
     U238
       (n,gamma)                            0.00765386 +/- 2.8861e-05
       Fission Rate                         1.02355e-06 +/- 1.24497e-08
       (n,elastic)                          0.0375168 +/- 9.07795e-05
     U235
       (n,gamma)                            7.88742e-05 +/- 2.43517e-07
       Fission Rate                         0.000172202 +/- 5.43151e-07
       (n,elastic)                          0.000134108 +/- 4.00265e-07
     Th232
       (n,gamma)                            0 +/- 0
       Fission Rate                         0 +/- 0
       (n,elastic)                          0 +/- 0
   Incoming Energy [1000, 10000)
     U238
       (n,gamma)                            0.00382357 +/- 5.29733e-06
       Fission Rate                         5.74446e-07 +/- 7.34777e-09
       (n,elastic)                          0.0577409 +/- 8.36436e-05
     U235
       (n,gamma)                            4.52969e-05 +/- 7.72474e-08
       Fission Rate                         0.000117298 +/- 2.00828e-07
       (n,elastic)                          0.000283207 +/- 4.54828e-07
     Th232
       (n,gamma)                            0 +/- 0
       Fission Rate                         0 +/- 0
       (n,elastic)                          0 +/- 0
   Incoming Energy [10000, 100000)
     U238
       (n,gamma)                            0.00179727 +/- 3.01653e-06
       Fission Rate                         3.67256e-07 +/- 1.74924e-09
       (n,elastic)                          0.057496 +/- 0.000102416
     U235
       (n,gamma)                            2.23553e-05 +/- 3.80583e-08
       Fission Rate                         6.64088e-05 +/- 1.14134e-07
       (n,elastic)                          0.000348753 +/- 5.93115e-07
     Th232
       (n,gamma)                            0 +/- 0
       Fission Rate                         0 +/- 0
       (n,elastic)                          0 +/- 0
   Incoming Energy [100000, 1000000)
     U238
       (n,gamma)                            0.000630031 +/- 1.47715e-06
       Fission Rate                         6.95039e-06 +/- 1.92473e-08
       (n,elastic)                          0.0403441 +/- 9.39468e-05
     U235
       (n,gamma)                            8.61704e-06 +/- 1.95283e-08
       Fission Rate                         4.63628e-05 +/- 1.09709e-07
       (n,elastic)                          0.000252681 +/- 5.8622e-07
     Th232
       (n,gamma)                            0 +/- 0
       Fission Rate                         0 +/- 0
       (n,elastic)                          0 +/- 0
   Incoming Energy [1000000, 10000000)
     U238
       (n,gamma)                            0.000110457 +/- 4.03646e-07
       Fission Rate                         0.000936967 +/- 2.71845e-06
       (n,elastic)                          0.00809282 +/- 2.4444e-05
     U235
       (n,gamma)                            8.72559e-07 +/- 3.18601e-09
       Fission Rate                         1.99287e-05 +/- 6.06893e-08
       (n,elastic)                          5.97548e-05 +/- 1.81209e-07
     Th232
       (n,gamma)                            0 +/- 0
       Fission Rate                         0 +/- 0
       (n,elastic)                          0 +/- 0
 Cell 14
   Incoming Energy [0, 0.01)
     U238
       (n,gamma)                            0 +/- 0
       Fission Rate                         0 +/- 0
       (n,elastic)                          0 +/- 0
     U235
       (n,gamma)                            0 +/- 0
       Fission Rate                         0 +/- 0
       (n,elastic)                          0 +/- 0
     Th232
       (n,gamma)                            0 +/- 0
       Fission Rate                         0 +/- 0
       (n,elastic)                          0 +/- 0
   Incoming Energy [0.01, 0.1)
     U238
       (n,gamma)                            0 +/- 0
       Fission Rate                         0 +/- 0
       (n,elastic)                          0 +/- 0
     U235
       (n,gamma)                            0 +/- 0
       Fission Rate                         0 +/- 0
       (n,elastic)                          0 +/- 0
     Th232
       (n,gamma)                            0 +/- 0
       Fission Rate                         0 +/- 0
       (n,elastic)                          0 +/- 0
   Incoming Energy [0.1, 1)
     U238
       (n,gamma)                            0 +/- 0
       Fission Rate                         0 +/- 0
       (n,elastic)                          0 +/- 0
     U235
       (n,gamma)                            0 +/- 0
       Fission Rate                         0 +/- 0
       (n,elastic)                          0 +/- 0
     Th232
       (n,gamma)                            0 +/- 0
       Fission Rate                         0 +/- 0
       (n,elastic)                          0 +/- 0
   Incoming Energy [1, 10)
     U238
       (n,gamma)                            0 +/- 0
       Fission Rate                         0 +/- 0
       (n,elastic)                          0 +/- 0
     U235
       (n,gamma)                            0 +/- 0
       Fission Rate                         0 +/- 0
       (n,elastic)                          0 +/- 0
     Th232
       (n,gamma)                            0 +/- 0
       Fission Rate                         0 +/- 0
       (n,elastic)                          0 +/- 0
   Incoming Energy [10, 100)
     U238
       (n,gamma)                            0 +/- 0
       Fission Rate                         0 +/- 0
       (n,elastic)                          0 +/- 0
     U235
       (n,gamma)                            0 +/- 0
       Fission Rate                         0 +/- 0
       (n,elastic)                          0 +/- 0
     Th232
       (n,gamma)                            0 +/- 0
       Fission Rate                         0 +/- 0
       (n,elastic)                          0 +/- 0
   Incoming Energy [100, 1000)
     U238
       (n,gamma)                            0 +/- 0
       Fission Rate                         0 +/- 0
       (n,elastic)                          0 +/- 0
     U235
       (n,gamma)                            0 +/- 0
       Fission Rate                         0 +/- 0
       (n,elastic)                          0 +/- 0
     Th232
       (n,gamma)                            0 +/- 0
       Fission Rate                         0 +/- 0
       (n,elastic)                          0 +/- 0
   Incoming Energy [1000, 10000)
     U238
       (n,gamma)                            0 +/- 0
       Fission Rate                         0 +/- 0
       (n,elastic)                          0 +/- 0
     U235
       (n,gamma)                            0 +/- 0
       Fission Rate                         0 +/- 0
       (n,elastic)                          0 +/- 0
     Th232
       (n,gamma)                            0 +/- 0
       Fission Rate                         0 +/- 0
       (n,elastic)                          0 +/- 0
   Incoming Energy [10000, 100000)
     U238
       (n,gamma)                            0 +/- 0
       Fission Rate                         0 +/- 0
       (n,elastic)                          0 +/- 0
     U235
       (n,gamma)                            0 +/- 0
       Fission Rate                         0 +/- 0
       (n,elastic)                          0 +/- 0
     Th232
       (n,gamma)                            0 +/- 0
       Fission Rate                         0 +/- 0
       (n,elastic)                          0 +/- 0
   Incoming Energy [100000, 1000000)
     U238
       (n,gamma)                            0 +/- 0
       Fission Rate                         0 +/- 0
       (n,elastic)                          0 +/- 0
     U235
       (n,gamma)                            0 +/- 0
       Fission Rate                         0 +/- 0
       (n,elastic)                          0 +/- 0
     Th232
       (n,gamma)                            0 +/- 0
       Fission Rate                         0 +/- 0
       (n,elastic)                          0 +/- 0
   Incoming Energy [1000000, 10000000)
     U238
       (n,gamma)                            0 +/- 0
       Fission Rate                         0 +/- 0
       (n,elastic)                          0 +/- 0
     U235
       (n,gamma)                            0 +/- 0
       Fission Rate                         0 +/- 0
       (n,elastic)                          0 +/- 0
     Th232
       (n,gamma)                            0 +/- 0
       Fission Rate                         0 +/- 0
       (n,elastic)                          0 +/- 0
 Cell 21
   Incoming Energy [0, 0.01)
     U238
       (n,gamma)                            0 +/- 0
       Fission Rate                         0 +/- 0
       (n,elastic)                          0 +/- 0
     U235
       (n,gamma)                            0 +/- 0
       Fission Rate                         0 +/- 0
       (n,elastic)                          0 +/- 0
     Th232
       (n,gamma)                            0 +/- 0
       Fission Rate                         0 +/- 0
       (n,elastic)                          0 +/- 0
   Incoming Energy [0.01, 0.1)
     U238
       (n,gamma)                            0 +/- 0
       Fission Rate                         0 +/- 0
       (n,elastic)                          0 +/- 0
     U235
       (n,gamma)                            0 +/- 0
       Fission Rate                         0 +/- 0
       (n,elastic)                          0 +/- 0
     Th232
       (n,gamma)                            0 +/- 0
       Fission Rate                         0 +/- 0
       (n,elastic)                          0 +/- 0
   Incoming Energy [0.1, 1)
     U238
       (n,gamma)                            0 +/- 0
       Fission Rate                         0 +/- 0
       (n,elastic)                          0 +/- 0
     U235
       (n,gamma)                            0 +/- 0
       Fission Rate                         0 +/- 0
       (n,elastic)                          0 +/- 0
     Th232
       (n,gamma)                            0 +/- 0
       Fission Rate                         0 +/- 0
       (n,elastic)                          0 +/- 0
   Incoming Energy [1, 10)
     U238
       (n,gamma)                            0 +/- 0
       Fission Rate                         0 +/- 0
       (n,elastic)                          0 +/- 0
     U235
       (n,gamma)                            0 +/- 0
       Fission Rate                         0 +/- 0
       (n,elastic)                          0 +/- 0
     Th232
       (n,gamma)                            0 +/- 0
       Fission Rate                         0 +/- 0
       (n,elastic)                          0 +/- 0
   Incoming Energy [10, 100)
     U238
       (n,gamma)                            0 +/- 0
       Fission Rate                         0 +/- 0
       (n,elastic)                          0 +/- 0
     U235
       (n,gamma)                            0 +/- 0
       Fission Rate                         0 +/- 0
       (n,elastic)                          0 +/- 0
     Th232
       (n,gamma)                            0 +/- 0
       Fission Rate                         0 +/- 0
       (n,elastic)                          0 +/- 0
   Incoming Energy [100, 1000)
     U238
       (n,gamma)                            0 +/- 0
       Fission Rate                         0 +/- 0
       (n,elastic)                          0 +/- 0
     U235
       (n,gamma)                            0 +/- 0
       Fission Rate                         0 +/- 0
       (n,elastic)                          0 +/- 0
     Th232
       (n,gamma)                            0 +/- 0
       Fission Rate                         0 +/- 0
       (n,elastic)                          0 +/- 0
   Incoming Energy [1000, 10000)
     U238
       (n,gamma)                            0 +/- 0
       Fission Rate                         0 +/- 0
       (n,elastic)                          0 +/- 0
     U235
       (n,gamma)                            0 +/- 0
       Fission Rate                         0 +/- 0
       (n,elastic)                          0 +/- 0
     Th232
       (n,gamma)                            0 +/- 0
       Fission Rate                         0 +/- 0
       (n,elastic)                          0 +/- 0
   Incoming Energy [10000, 100000)
     U238
       (n,gamma)                            0 +/- 0
       Fission Rate                         0 +/- 0
       (n,elastic)                          0 +/- 0
     U235
       (n,gamma)                            0 +/- 0
       Fission Rate                         0 +/- 0
       (n,elastic)                          0 +/- 0
     Th232
       (n,gamma)                            0 +/- 0
       Fission Rate                         0 +/- 0
       (n,elastic)                          0 +/- 0
   Incoming Energy [100000, 1000000)
     U238
       (n,gamma)                            0 +/- 0
       Fission Rate                         0 +/- 0
       (n,elastic)                          0 +/- 0
     U235
       (n,gamma)                            0 +/- 0
       Fission Rate                         0 +/- 0
       (n,elastic)                          0 +/- 0
     Th232
       (n,gamma)                            0 +/- 0
       Fission Rate                         0 +/- 0
       (n,elastic)                          0 +/- 0
   Incoming Energy [1000000, 10000000)
     U238
       (n,gamma)                            0 +/- 0
       Fission Rate                         0 +/- 0
       (n,elastic)                          0 +/- 0
     U235
       (n,gamma)                            0 +/- 0
       Fission Rate                         0 +/- 0
       (n,elastic)                          0 +/- 0
     Th232
       (n,gamma)                            0 +/- 0
       Fission Rate                         0 +/- 0
       (n,elastic)                          0 +/- 0
 Cell 22
   Incoming Energy [0, 0.01)
     U238
       (n,gamma)                            0 +/- 0
       Fission Rate                         0 +/- 0
       (n,elastic)                          0 +/- 0
     U235
       (n,gamma)                            0 +/- 0
       Fission Rate                         0 +/- 0
       (n,elastic)                          0 +/- 0
     Th232
       (n,gamma)                            0 +/- 0
       Fission Rate                         0 +/- 0
       (n,elastic)                          0 +/- 0
   Incoming Energy [0.01, 0.1)
     U238
       (n,gamma)                            0 +/- 0
       Fission Rate                         0 +/- 0
       (n,elastic)                          0 +/- 0
     U235
       (n,gamma)                            0 +/- 0
       Fission Rate                         0 +/- 0
       (n,elastic)                          0 +/- 0
     Th232
       (n,gamma)                            0 +/- 0
       Fission Rate                         0 +/- 0
       (n,elastic)                          0 +/- 0
   Incoming Energy [0.1, 1)
     U238
       (n,gamma)                            0 +/- 0
       Fission Rate                         0 +/- 0
       (n,elastic)                          0 +/- 0
     U235
       (n,gamma)                            0 +/- 0
       Fission Rate                         0 +/- 0
       (n,elastic)                          0 +/- 0
     Th232
       (n,gamma)                            0 +/- 0
       Fission Rate                         0 +/- 0
       (n,elastic)                          0 +/- 0
   Incoming Energy [1, 10)
     U238
       (n,gamma)                            0 +/- 0
       Fission Rate                         0 +/- 0
       (n,elastic)                          0 +/- 0
     U235
       (n,gamma)                            0 +/- 0
       Fission Rate                         0 +/- 0
       (n,elastic)                          0 +/- 0
     Th232
       (n,gamma)                            0 +/- 0
       Fission Rate                         0 +/- 0
       (n,elastic)                          0 +/- 0
   Incoming Energy [10, 100)
     U238
       (n,gamma)                            0 +/- 0
       Fission Rate                         0 +/- 0
       (n,elastic)                          0 +/- 0
     U235
       (n,gamma)                            0 +/- 0
       Fission Rate                         0 +/- 0
       (n,elastic)                          0 +/- 0
     Th232
       (n,gamma)                            0 +/- 0
       Fission Rate                         0 +/- 0
       (n,elastic)                          0 +/- 0
   Incoming Energy [100, 1000)
     U238
       (n,gamma)                            0 +/- 0
       Fission Rate                         0 +/- 0
       (n,elastic)                          0 +/- 0
     U235
       (n,gamma)                            0 +/- 0
       Fission Rate                         0 +/- 0
       (n,elastic)                          0 +/- 0
     Th232
       (n,gamma)                            0 +/- 0
       Fission Rate                         0 +/- 0
       (n,elastic)                          0 +/- 0
   Incoming Energy [1000, 10000)
     U238
       (n,gamma)                            0 +/- 0
       Fission Rate                         0 +/- 0
       (n,elastic)                          0 +/- 0
     U235
       (n,gamma)                            0 +/- 0
       Fission Rate                         0 +/- 0
       (n,elastic)                          0 +/- 0
     Th232
       (n,gamma)                            0 +/- 0
       Fission Rate                         0 +/- 0
       (n,elastic)                          0 +/- 0
   Incoming Energy [10000, 100000)
     U238
       (n,gamma)                            0 +/- 0
       Fission Rate                         0 +/- 0
       (n,elastic)                          0 +/- 0
     U235
       (n,gamma)                            0 +/- 0
       Fission Rate                         0 +/- 0
       (n,elastic)                          0 +/- 0
     Th232
       (n,gamma)                            0 +/- 0
       Fission Rate                         0 +/- 0
       (n,elastic)                          0 +/- 0
   Incoming Energy [100000, 1000000)
     U238
       (n,gamma)                            0 +/- 0
       Fission Rate                         0 +/- 0
       (n,elastic)                          0 +/- 0
     U235
       (n,gamma)                            0 +/- 0
       Fission Rate                         0 +/- 0
       (n,elastic)                          0 +/- 0
     Th232
       (n,gamma)                            0 +/- 0
       Fission Rate                         0 +/- 0
       (n,elastic)                          0 +/- 0
   Incoming Energy [1000000, 10000000)
     U238
       (n,gamma)                            0 +/- 0
       Fission Rate                         0 +/- 0
       (n,elastic)                          0 +/- 0
     U235
       (n,gamma)                            0 +/- 0
       Fission Rate                         0 +/- 0
       (n,elastic)                          0 +/- 0
     Th232
       (n,gamma)                            0 +/- 0
       Fission Rate                         0 +/- 0
       (n,elastic)                          0 +/- 0
 Cell 23
   Incoming Energy [0, 0.01)
     U238
       (n,gamma)                            0 +/- 0
       Fission Rate                         0 +/- 0
       (n,elastic)                          0 +/- 0
     U235
       (n,gamma)                            0 +/- 0
       Fission Rate                         0 +/- 0
       (n,elastic)                          0 +/- 0
     Th232
       (n,gamma)                            0 +/- 0
       Fission Rate                         0 +/- 0
       (n,elastic)                          0 +/- 0
   Incoming Energy [0.01, 0.1)
     U238
       (n,gamma)                            0 +/- 0
       Fission Rate                         0 +/- 0
       (n,elastic)                          0 +/- 0
     U235
       (n,gamma)                            0 +/- 0
       Fission Rate                         0 +/- 0
       (n,elastic)                          0 +/- 0
     Th232
       (n,gamma)                            0 +/- 0
       Fission Rate                         0 +/- 0
       (n,elastic)                          0 +/- 0
   Incoming Energy [0.1, 1)
     U238
       (n,gamma)                            3.77988e-09 +/- 1.64861e-09
       Fission Rate                         2.49455e-14 +/- 1.08882e-14
       (n,elastic)                          6.35347e-08 +/- 2.76011e-08
     U235
       (n,gamma)                            4.71324e-10 +/- 2.06314e-10
       Fission Rate                         3.1009e-09 +/- 1.35704e-09
       (n,elastic)                          6.5297e-10 +/- 2.83838e-10
     Th232
       (n,gamma)                            0 +/- 0
       Fission Rate                         0 +/- 0
       (n,elastic)                          0 +/- 0
   Incoming Energy [1, 10)
     U238
       (n,gamma)                            0.000505291 +/- 2.78184e-05
       Fission Rate                         2.28401e-10 +/- 1.20949e-11
       (n,elastic)                          0.000121129 +/- 2.17916e-06
     U235
       (n,gamma)                            2.30739e-06 +/- 2.99293e-08
       Fission Rate                         4.18981e-06 +/- 5.86479e-08
       (n,elastic)                          7.41135e-07 +/- 9.35812e-09
     Th232
       (n,gamma)                            0 +/- 0
       Fission Rate                         0 +/- 0
       (n,elastic)                          0 +/- 0
   Incoming Energy [10, 100)
     U238
       (n,gamma)                            0.00924074 +/- 6.86866e-05
       Fission Rate                         1.52354e-08 +/- 1.11791e-10
       (n,elastic)                          0.0147218 +/- 9.85874e-05
     U235
       (n,gamma)                            7.97217e-05 +/- 5.41055e-07
       Fission Rate                         0.000144195 +/- 9.00265e-07
       (n,elastic)                          4.52754e-05 +/- 2.199e-07
     Th232
       (n,gamma)                            0 +/- 0
       Fission Rate                         0 +/- 0
       (n,elastic)                          0 +/- 0
   Incoming Energy [100, 1000)
     U238
       (n,gamma)                            0.0157976 +/- 4.98887e-05
       Fission Rate                         2.06681e-06 +/- 2.51612e-08
       (n,elastic)                          0.0774947 +/- 0.000167749
     U235
       (n,gamma)                            0.000164278 +/- 2.54949e-07
       Fission Rate                         0.00035802 +/- 4.94546e-07
       (n,elastic)                          0.000278824 +/- 3.53431e-07
     Th232
       (n,gamma)                            0 +/- 0
       Fission Rate                         0 +/- 0
       (n,elastic)                          0 +/- 0
   Incoming Energy [1000, 10000)
     U238
       (n,gamma)                            0.00795171 +/- 9.69939e-06
       Fission Rate                         1.19756e-06 +/- 1.98075e-08
       (n,elastic)                          0.120392 +/- 0.000153697
     U235
       (n,gamma)                            9.43198e-05 +/- 9.72316e-08
       Fission Rate                         0.000244521 +/- 2.47941e-07
       (n,elastic)                          0.000590664 +/- 5.59532e-07
     Th232
       (n,gamma)                            0 +/- 0
       Fission Rate                         0 +/- 0
       (n,elastic)                          0 +/- 0
   Incoming Energy [10000, 100000)
     U238
       (n,gamma)                            0.00378068 +/- 3.22886e-06
       Fission Rate                         7.77678e-07 +/- 2.33405e-09
       (n,elastic)                          0.121244 +/- 0.000111325
     U235
       (n,gamma)                            4.70879e-05 +/- 4.05617e-08
       Fission Rate                         0.000139961 +/- 1.23747e-07
       (n,elastic)                          0.000735757 +/- 6.83962e-07
     Th232
       (n,gamma)                            0 +/- 0
       Fission Rate                         0 +/- 0
       (n,elastic)                          0 +/- 0
   Incoming Energy [100000, 1000000)
     U238
       (n,gamma)                            0.00137648 +/- 1.61233e-06
       Fission Rate                         1.57622e-05 +/- 2.41001e-08
       (n,elastic)                          0.0878427 +/- 0.000103009
     U235
       (n,gamma)                            1.87027e-05 +/- 2.15954e-08
       Fission Rate                         0.000101265 +/- 1.16655e-07
       (n,elastic)                          0.000550005 +/- 6.34217e-07
     Th232
       (n,gamma)                            0 +/- 0
       Fission Rate                         0 +/- 0
       (n,elastic)                          0 +/- 0
   Incoming Energy [1000000, 10000000)
     U238
       (n,gamma)                            0.000261073 +/- 5.52302e-07
       Fission Rate                         0.00236315 +/- 4.86176e-06
       (n,elastic)                          0.019824 +/- 4.19474e-05
     U235
       (n,gamma)                            2.07203e-06 +/- 4.39543e-09
       Fission Rate                         4.89869e-05 +/- 9.89272e-08
       (n,elastic)                          0.000146443 +/- 3.09298e-07
     Th232
       (n,gamma)                            0 +/- 0
       Fission Rate                         0 +/- 0
       (n,elastic)                          0 +/- 0
 Cell 24
   Incoming Energy [0, 0.01)
     U238
       (n,gamma)                            0 +/- 0
       Fission Rate                         0 +/- 0
       (n,elastic)                          0 +/- 0
     U235
       (n,gamma)                            0 +/- 0
       Fission Rate                         0 +/- 0
       (n,elastic)                          0 +/- 0
     Th232
       (n,gamma)                            0 +/- 0
       Fission Rate                         0 +/- 0
       (n,elastic)                          0 +/- 0
   Incoming Energy [0.01, 0.1)
     U238
       (n,gamma)                            0 +/- 0
       Fission Rate                         0 +/- 0
       (n,elastic)                          0 +/- 0
     U235
       (n,gamma)                            0 +/- 0
       Fission Rate                         0 +/- 0
       (n,elastic)                          0 +/- 0
     Th232
       (n,gamma)                            0 +/- 0
       Fission Rate                         0 +/- 0
       (n,elastic)                          0 +/- 0
   Incoming Energy [0.1, 1)
     U238
       (n,gamma)                            0 +/- 0
       Fission Rate                         0 +/- 0
       (n,elastic)                          0 +/- 0
     U235
       (n,gamma)                            0 +/- 0
       Fission Rate                         0 +/- 0
       (n,elastic)                          0 +/- 0
     Th232
       (n,gamma)                            0 +/- 0
       Fission Rate                         0 +/- 0
       (n,elastic)                          0 +/- 0
   Incoming Energy [1, 10)
     U238
       (n,gamma)                            0 +/- 0
       Fission Rate                         0 +/- 0
       (n,elastic)                          0 +/- 0
     U235
       (n,gamma)                            0 +/- 0
       Fission Rate                         0 +/- 0
       (n,elastic)                          0 +/- 0
     Th232
       (n,gamma)                            0 +/- 0
       Fission Rate                         0 +/- 0
       (n,elastic)                          0 +/- 0
   Incoming Energy [10, 100)
     U238
       (n,gamma)                            0 +/- 0
       Fission Rate                         0 +/- 0
       (n,elastic)                          0 +/- 0
     U235
       (n,gamma)                            0 +/- 0
       Fission Rate                         0 +/- 0
       (n,elastic)                          0 +/- 0
     Th232
       (n,gamma)                            0 +/- 0
       Fission Rate                         0 +/- 0
       (n,elastic)                          0 +/- 0
   Incoming Energy [100, 1000)
     U238
       (n,gamma)                            0 +/- 0
       Fission Rate                         0 +/- 0
       (n,elastic)                          0 +/- 0
     U235
       (n,gamma)                            0 +/- 0
       Fission Rate                         0 +/- 0
       (n,elastic)                          0 +/- 0
     Th232
       (n,gamma)                            0 +/- 0
       Fission Rate                         0 +/- 0
       (n,elastic)                          0 +/- 0
   Incoming Energy [1000, 10000)
     U238
       (n,gamma)                            0 +/- 0
       Fission Rate                         0 +/- 0
       (n,elastic)                          0 +/- 0
     U235
       (n,gamma)                            0 +/- 0
       Fission Rate                         0 +/- 0
       (n,elastic)                          0 +/- 0
     Th232
       (n,gamma)                            0 +/- 0
       Fission Rate                         0 +/- 0
       (n,elastic)                          0 +/- 0
   Incoming Energy [10000, 100000)
     U238
       (n,gamma)                            0 +/- 0
       Fission Rate                         0 +/- 0
       (n,elastic)                          0 +/- 0
     U235
       (n,gamma)                            0 +/- 0
       Fission Rate                         0 +/- 0
       (n,elastic)                          0 +/- 0
     Th232
       (n,gamma)                            0 +/- 0
       Fission Rate                         0 +/- 0
       (n,elastic)                          0 +/- 0
   Incoming Energy [100000, 1000000)
     U238
       (n,gamma)                            0 +/- 0
       Fission Rate                         0 +/- 0
       (n,elastic)                          0 +/- 0
     U235
       (n,gamma)                            0 +/- 0
       Fission Rate                         0 +/- 0
       (n,elastic)                          0 +/- 0
     Th232
       (n,gamma)                            0 +/- 0
       Fission Rate                         0 +/- 0
       (n,elastic)                          0 +/- 0
   Incoming Energy [1000000, 10000000)
     U238
       (n,gamma)                            0 +/- 0
       Fission Rate                         0 +/- 0
       (n,elastic)                          0 +/- 0
     U235
       (n,gamma)                            0 +/- 0
       Fission Rate                         0 +/- 0
       (n,elastic)                          0 +/- 0
     Th232
       (n,gamma)                            0 +/- 0
       Fission Rate                         0 +/- 0
       (n,elastic)                          0 +/- 0
 ====================>     TALLY 74: FLUX SPECTRUM     <====================

 Cell 11
   Incoming Energy [0, 0.01)
     Total Material
       Flux                                 0 +/- 0
   Incoming Energy [0.01, 0.1)
     Total Material
       Flux                                 0 +/- 0
   Incoming Energy [0.1, 1)
     Total Material
       Flux                                 0 +/- 0
   Incoming Energy [1, 10)
     Total Material
       Flux                                 0.000112473 +/- 6.73726e-06
   Incoming Energy [10, 100)
     Total Material
       Flux                                 0.00712888 +/- 7.65879e-05
   Incoming Energy [100, 1000)
     Total Material
       Flux                                 0.0386837 +/- 0.000326141
   Incoming Energy [1000, 10000)
     Total Material
       Flux                                 0.0934457 +/- 0.000348701
   Incoming Energy [10000, 100000)
     Total Material
       Flux                                 0.163277 +/- 0.00050859
   Incoming Energy [100000, 1000000)
     Total Material
       Flux                                 0.307297 +/- 0.000700274
   Incoming Energy [1000000, 10000000)
     Total Material
       Flux                                 0.119014 +/- 0.000468052
 Cell 12
   Incoming Energy [0, 0.01)
     Total Material
       Flux                                 0 +/- 0
   Incoming Energy [0.01, 0.1)
     Total Material
       Flux                                 0 +/- 0
   Incoming Energy [0.1, 1)
     Total Material
       Flux                                 0 +/- 0
   Incoming Energy [1, 10)
     Total Material
       Flux                                 0.00186067 +/- 0.000165961
   Incoming Energy [10, 100)
     Total Material
       Flux                                 0.102111 +/- 0.000576721
   Incoming Energy [100, 1000)
     Total Material
       Flux                                 0.53616 +/- 0.00203186
   Incoming Energy [1000, 10000)
     Total Material
       Flux                                 1.19302 +/- 0.00476741
   Incoming Energy [10000, 100000)
     Total Material
       Flux                                 2.03568 +/- 0.00497238
   Incoming Energy [100000, 1000000)
     Total Material
       Flux                                 3.60418 +/- 0.00927347
   Incoming Energy [1000000, 10000000)
     Total Material
       Flux                                 1.34585 +/- 0.00384845
 Cell 13
   Incoming Energy [0, 0.01)
     Total Material
       Flux                                 0 +/- 0
   Incoming Energy [0.01, 0.1)
     Total Material
       Flux                                 0 +/- 0
   Incoming Energy [0.1, 1)
     Total Material
       Flux                                 6.71007e-06 +/- 5.02697e-06
   Incoming Energy [1, 10)
     Total Material
       Flux                                 0.0133736 +/- 0.000365073
   Incoming Energy [10, 100)
     Total Material
       Flux                                 0.822069 +/- 0.00417227
   Incoming Energy [100, 1000)
     Total Material
       Flux                                 4.94453 +/- 0.0141399
   Incoming Energy [1000, 10000)
     Total Material
       Flux                                 10.0303 +/- 0.0161136
   Incoming Energy [10000, 100000)
     Total Material
       Flux                                 13.6395 +/- 0.0232818
   Incoming Energy [100000, 1000000)
     Total Material
       Flux                                 15.69 +/- 0.0377673
   Incoming Energy [1000000, 10000000)
     Total Material
       Flux                                 6.77152 +/- 0.0205963
 Cell 14
   Incoming Energy [0, 0.01)
     Total Material
       Flux                                 0 +/- 0
   Incoming Energy [0.01, 0.1)
     Total Material
       Flux                                 0 +/- 0
   Incoming Energy [0.1, 1)
     Total Material
       Flux                                 0 +/- 0
   Incoming Energy [1, 10)
     Total Material
       Flux                                 8.1722e-05 +/- 1.57072e-05
   Incoming Energy [10, 100)
     Total Material
       Flux                                 0.00421983 +/- 0.000208477
   Incoming Energy [100, 1000)
     Total Material
       Flux                                 0.0206857 +/- 0.000412521
   Incoming Energy [1000, 10000)
     Total Material
       Flux                                 0.0347023 +/- 0.000444882
   Incoming Energy [10000, 100000)
     Total Material
       Flux                                 0.0423712 +/- 0.00063528
   Incoming Energy [100000, 1000000)
     Total Material
       Flux                                 0.0623839 +/- 0.000722777
   Incoming Energy [1000000, 10000000)
     Total Material
       Flux                                 0.0386472 +/- 0.00019389
 Cell 21
   Incoming Energy [0, 0.01)
     Total Material
       Flux                                 0 +/- 0
   Incoming Energy [0.01, 0.1)
     Total Material
       Flux                                 0 +/- 0
   Incoming Energy [0.1, 1)
     Total Material
       Flux                                 0 +/- 0
   Incoming Energy [1, 10)
     Total Material
       Flux                                 0.000172456 +/- 1.72426e-05
   Incoming Energy [10, 100)
     Total Material
       Flux                                 0.0111577 +/- 0.000220935
   Incoming Energy [100, 1000)
     Total Material
       Flux                                 0.0605103 +/- 0.000488815
   Incoming Energy [1000, 10000)
     Total Material
       Flux                                 0.149079 +/- 0.000631006
   Incoming Energy [10000, 100000)
     Total Material
       Flux                                 0.264761 +/- 0.000729829
   Incoming Energy [100000, 1000000)
     Total Material
       Flux                                 0.548695 +/- 0.00128912
   Incoming Energy [1000000, 10000000)
     Total Material
       Flux                                 0.228991 +/- 0.000571599
 Cell 22
   Incoming Energy [0, 0.01)
     Total Material
       Flux                                 0 +/- 0
   Incoming Energy [0.01, 0.1)
     Total Material
       Flux                                 0 +/- 0
   Incoming Energy [0.1, 1)
     Total Material
       Flux                                 9.73564e-06 +/- 9.73564e-06
   Incoming Energy [1, 10)
     Total Material
       Flux                                 0.00289544 +/- 0.000189956
   Incoming Energy [10, 100)
     Total Material
       Flux                                 0.161048 +/- 0.00233959
   Incoming Energy [100, 1000)
     Total Material
       Flux                                 0.868887 +/- 0.00487031
   Incoming Energy [1000, 10000)
     Total Material
       Flux                                 1.96416 +/- 0.00540733
   Incoming Energy [10000, 100000)
     Total Material
       Flux                                 3.4023 +/- 0.00643084
   Incoming Energy [100000, 1000000)
     Total Material
       Flux                                 6.57607 +/- 0.0130447
   Incoming Energy [1000000, 10000000)
     Total Material
       Flux                                 2.77351 +/- 0.00351154
 Cell 23
   Incoming Energy [0, 0.01)
     Total Material
       Flux                                 0 +/- 0
   Incoming Energy [0.01, 0.1)
     Total Material
       Flux                                 0 +/- 0
   Incoming Energy [0.1, 1)
     Total Material
       Flux                                 2.18107e-05 +/- 9.47401e-06
   Incoming Energy [1, 10)
     Total Material
       Flux                                 0.0284619 +/- 0.000374269
   Incoming Energy [10, 100)
     Total Material
       Flux                                 1.71364 +/- 0.00819986
   Incoming Energy [100, 1000)
     Total Material
       Flux                                 10.2782 +/- 0.0130767
   Incoming Energy [1000, 10000)
     Total Material
       Flux                                 20.921 +/- 0.0200493
   Incoming Energy [10000, 100000)
     Total Material
       Flux                                 28.7858 +/- 0.027242
   Incoming Energy [100000, 1000000)
     Total Material
       Flux                                 34.3398 +/- 0.0397526
   Incoming Energy [1000000, 10000000)
     Total Material
       Flux                                 16.5926 +/- 0.0340337
 Cell 24
   Incoming Energy [0, 0.01)
     Total Material
       Flux                                 0 +/- 0
   Incoming Energy [0.01, 0.1)
     Total Material
       Flux                                 0 +/- 0
   Incoming Energy [0.1, 1)
     Total Material
       Flux                                 0 +/- 0
   Incoming Energy [1, 10)
     Total Material
       Flux                                 1.93544e-05 +/- 1.02903e-05
   Incoming Energy [10, 100)
     Total Material
       Flux                                 0.000618339 +/- 0.000102776
   Incoming Energy [100, 1000)
     Total Material
       Flux                                 0.00336622 +/- 0.000177429
   Incoming Energy [1000, 10000)
     Total Material
       Flux                                 0.00591759 +/- 0.000206837
   Incoming Energy [10000, 100000)
     Total Material
       Flux                                 0.0069145 +/- 0.000246653
   Incoming Energy [100000, 1000000)
     Total Material
       Flux                                 0.00964619 +/- 0.000283385
   Incoming Energy [1000000, 10000000)
     Total Material
       Flux                                 0.00631355 +/- 0.000225273
 ================>     TALLY 80: LI RXN RATES SPECTRUM     <================

 Cell 11
   Incoming Energy [0, 0.01)
     Li6
       (n,gamma)                            0 +/- 0
       (n,Xt)                               0 +/- 0
       (n,elastic)                          0 +/- 0
     Li7
       (n,gamma)                            0 +/- 0
       (n,Xt)                               0 +/- 0
       (n,elastic)                          0 +/- 0
   Incoming Energy [0.01, 0.1)
     Li6
       (n,gamma)                            0 +/- 0
       (n,Xt)                               0 +/- 0
       (n,elastic)                          0 +/- 0
     Li7
       (n,gamma)                            0 +/- 0
       (n,Xt)                               0 +/- 0
       (n,elastic)                          0 +/- 0
   Incoming Energy [0.1, 1)
     Li6
       (n,gamma)                            0 +/- 0
       (n,Xt)                               0 +/- 0
       (n,elastic)                          0 +/- 0
     Li7
       (n,gamma)                            0 +/- 0
       (n,Xt)                               0 +/- 0
       (n,elastic)                          0 +/- 0
   Incoming Energy [1, 10)
     Li6
       (n,gamma)                            0 +/- 0
       (n,Xt)                               0 +/- 0
       (n,elastic)                          0 +/- 0
     Li7
       (n,gamma)                            0 +/- 0
       (n,Xt)                               0 +/- 0
       (n,elastic)                          0 +/- 0
   Incoming Energy [10, 100)
     Li6
       (n,gamma)                            0 +/- 0
       (n,Xt)                               0 +/- 0
       (n,elastic)                          0 +/- 0
     Li7
       (n,gamma)                            0 +/- 0
       (n,Xt)                               0 +/- 0
       (n,elastic)                          0 +/- 0
   Incoming Energy [100, 1000)
     Li6
       (n,gamma)                            0 +/- 0
       (n,Xt)                               0 +/- 0
       (n,elastic)                          0 +/- 0
     Li7
       (n,gamma)                            0 +/- 0
       (n,Xt)                               0 +/- 0
       (n,elastic)                          0 +/- 0
   Incoming Energy [1000, 10000)
     Li6
       (n,gamma)                            0 +/- 0
       (n,Xt)                               0 +/- 0
       (n,elastic)                          0 +/- 0
     Li7
       (n,gamma)                            0 +/- 0
       (n,Xt)                               0 +/- 0
       (n,elastic)                          0 +/- 0
   Incoming Energy [10000, 100000)
     Li6
       (n,gamma)                            0 +/- 0
       (n,Xt)                               0 +/- 0
       (n,elastic)                          0 +/- 0
     Li7
       (n,gamma)                            0 +/- 0
       (n,Xt)                               0 +/- 0
       (n,elastic)                          0 +/- 0
   Incoming Energy [100000, 1000000)
     Li6
       (n,gamma)                            0 +/- 0
       (n,Xt)                               0 +/- 0
       (n,elastic)                          0 +/- 0
     Li7
       (n,gamma)                            0 +/- 0
       (n,Xt)                               0 +/- 0
       (n,elastic)                          0 +/- 0
   Incoming Energy [1000000, 10000000)
     Li6
       (n,gamma)                            0 +/- 0
       (n,Xt)                               0 +/- 0
       (n,elastic)                          0 +/- 0
     Li7
       (n,gamma)                            0 +/- 0
       (n,Xt)                               0 +/- 0
       (n,elastic)                          0 +/- 0
 Cell 12
   Incoming Energy [0, 0.01)
     Li6
       (n,gamma)                            0 +/- 0
       (n,Xt)                               0 +/- 0
       (n,elastic)                          0 +/- 0
     Li7
       (n,gamma)                            0 +/- 0
       (n,Xt)                               0 +/- 0
       (n,elastic)                          0 +/- 0
   Incoming Energy [0.01, 0.1)
     Li6
       (n,gamma)                            0 +/- 0
       (n,Xt)                               0 +/- 0
       (n,elastic)                          0 +/- 0
     Li7
       (n,gamma)                            0 +/- 0
       (n,Xt)                               0 +/- 0
       (n,elastic)                          0 +/- 0
   Incoming Energy [0.1, 1)
     Li6
       (n,gamma)                            0 +/- 0
       (n,Xt)                               0 +/- 0
       (n,elastic)                          0 +/- 0
     Li7
       (n,gamma)                            0 +/- 0
       (n,Xt)                               0 +/- 0
       (n,elastic)                          0 +/- 0
   Incoming Energy [1, 10)
     Li6
       (n,gamma)                            0 +/- 0
       (n,Xt)                               0 +/- 0
       (n,elastic)                          0 +/- 0
     Li7
       (n,gamma)                            0 +/- 0
       (n,Xt)                               0 +/- 0
       (n,elastic)                          0 +/- 0
   Incoming Energy [10, 100)
     Li6
       (n,gamma)                            0 +/- 0
       (n,Xt)                               0 +/- 0
       (n,elastic)                          0 +/- 0
     Li7
       (n,gamma)                            0 +/- 0
       (n,Xt)                               0 +/- 0
       (n,elastic)                          0 +/- 0
   Incoming Energy [100, 1000)
     Li6
       (n,gamma)                            0 +/- 0
       (n,Xt)                               0 +/- 0
       (n,elastic)                          0 +/- 0
     Li7
       (n,gamma)                            0 +/- 0
       (n,Xt)                               0 +/- 0
       (n,elastic)                          0 +/- 0
   Incoming Energy [1000, 10000)
     Li6
       (n,gamma)                            0 +/- 0
       (n,Xt)                               0 +/- 0
       (n,elastic)                          0 +/- 0
     Li7
       (n,gamma)                            0 +/- 0
       (n,Xt)                               0 +/- 0
       (n,elastic)                          0 +/- 0
   Incoming Energy [10000, 100000)
     Li6
       (n,gamma)                            0 +/- 0
       (n,Xt)                               0 +/- 0
       (n,elastic)                          0 +/- 0
     Li7
       (n,gamma)                            0 +/- 0
       (n,Xt)                               0 +/- 0
       (n,elastic)                          0 +/- 0
   Incoming Energy [100000, 1000000)
     Li6
       (n,gamma)                            0 +/- 0
       (n,Xt)                               0 +/- 0
       (n,elastic)                          0 +/- 0
     Li7
       (n,gamma)                            0 +/- 0
       (n,Xt)                               0 +/- 0
       (n,elastic)                          0 +/- 0
   Incoming Energy [1000000, 10000000)
     Li6
       (n,gamma)                            0 +/- 0
       (n,Xt)                               0 +/- 0
       (n,elastic)                          0 +/- 0
     Li7
       (n,gamma)                            0 +/- 0
       (n,Xt)                               0 +/- 0
       (n,elastic)                          0 +/- 0
 Cell 13
   Incoming Energy [0, 0.01)
     Li6
       (n,gamma)                            0 +/- 0
       (n,Xt)                               0 +/- 0
       (n,elastic)                          0 +/- 0
     Li7
       (n,gamma)                            0 +/- 0
       (n,Xt)                               0 +/- 0
       (n,elastic)                          0 +/- 0
   Incoming Energy [0.01, 0.1)
     Li6
       (n,gamma)                            0 +/- 0
       (n,Xt)                               0 +/- 0
       (n,elastic)                          0 +/- 0
     Li7
       (n,gamma)                            0 +/- 0
       (n,Xt)                               0 +/- 0
       (n,elastic)                          0 +/- 0
   Incoming Energy [0.1, 1)
     Li6
       (n,gamma)                            1.62844e-10 +/- 1.21978e-10
       (n,Xt)                               3.96687e-06 +/- 2.97138e-06
       (n,elastic)                          1.7774e-08 +/- 1.33157e-08
     Li7
       (n,gamma)                            1.28062e-10 +/- 9.59279e-11
       (n,Xt)                               0 +/- 0
       (n,elastic)                          1.61669e-08 +/- 1.21117e-08
   Incoming Energy [1, 10)
     Li6
       (n,gamma)                            1.14953e-07 +/- 3.59757e-09
       (n,Xt)                               0.00279935 +/- 8.76144e-05
       (n,elastic)                          3.5181e-05 +/- 9.60739e-07
     Li7
       (n,gamma)                            9.04031e-08 +/- 2.82911e-09
       (n,Xt)                               0 +/- 0
       (n,elastic)                          3.25515e-05 +/- 8.86381e-07
   Incoming Energy [10, 100)
     Li6
       (n,gamma)                            2.64247e-06 +/- 1.2218e-08
       (n,Xt)                               0.0642999 +/- 0.000297277
       (n,elastic)                          0.00215885 +/- 1.09554e-05
     Li7
       (n,gamma)                            2.07786e-06 +/- 9.60739e-09
       (n,Xt)                               0 +/- 0
       (n,elastic)                          0.00204388 +/- 1.03983e-05
   Incoming Energy [100, 1000)
     Li6
       (n,gamma)                            5.90255e-06 +/- 1.72463e-08
       (n,Xt)                               0.143387 +/- 0.000418983
       (n,elastic)                          0.0129508 +/- 3.70369e-05
     Li7
       (n,gamma)                            4.34531e-06 +/- 1.27477e-08
       (n,Xt)                               0 +/- 0
       (n,elastic)                          0.0126074 +/- 3.60443e-05
   Incoming Energy [1000, 10000)
     Li6
       (n,gamma)                            4.09062e-06 +/- 6.9618e-09
       (n,Xt)                               0.0992483 +/- 0.000168899
       (n,elastic)                          0.0260577 +/- 4.18804e-05
     Li7
       (n,gamma)                            3.47066e-06 +/- 5.75058e-09
       (n,Xt)                               0 +/- 0
       (n,elastic)                          0.0260072 +/- 4.17807e-05
   Incoming Energy [10000, 100000)
     Li6
       (n,gamma)                            1.78562e-06 +/- 2.97509e-09
       (n,Xt)                               0.0460584 +/- 7.71044e-05
       (n,elastic)                          0.0354844 +/- 6.0656e-05
     Li7
       (n,gamma)                            1.73425e-06 +/- 2.87976e-09
       (n,Xt)                               0 +/- 0
       (n,elastic)                          0.0345279 +/- 5.88128e-05
   Incoming Energy [100000, 1000000)
     Li6
       (n,gamma)                            7.70843e-07 +/- 1.81244e-09
       (n,Xt)                               0.0561254 +/- 0.000125007
       (n,elastic)                          0.14571 +/- 0.000340458
     Li7
       (n,gamma)                            6.59159e-07 +/- 1.48857e-09
       (n,Xt)                               0 +/- 0
       (n,elastic)                          0.0721485 +/- 0.000178277
   Incoming Energy [1000000, 10000000)
     Li6
       (n,gamma)                            2.75966e-07 +/- 8.45922e-10
       (n,Xt)                               0.0046454 +/- 1.56789e-05
       (n,elastic)                          0.0281379 +/- 8.48149e-05
     Li7
       (n,gamma)                            7.79457e-08 +/- 2.39933e-10
       (n,Xt)                               0.00104149 +/- 4.47317e-06
       (n,elastic)                          0.0261667 +/- 7.93845e-05
 Cell 14
   Incoming Energy [0, 0.01)
     Li6
       (n,gamma)                            0 +/- 0
       (n,Xt)                               0 +/- 0
       (n,elastic)                          0 +/- 0
     Li7
       (n,gamma)                            0 +/- 0
       (n,Xt)                               0 +/- 0
       (n,elastic)                          0 +/- 0
   Incoming Energy [0.01, 0.1)
     Li6
       (n,gamma)                            0 +/- 0
       (n,Xt)                               0 +/- 0
       (n,elastic)                          0 +/- 0
     Li7
       (n,gamma)                            0 +/- 0
       (n,Xt)                               0 +/- 0
       (n,elastic)                          0 +/- 0
   Incoming Energy [0.1, 1)
     Li6
       (n,gamma)                            0 +/- 0
       (n,Xt)                               0 +/- 0
       (n,elastic)                          0 +/- 0
     Li7
       (n,gamma)                            0 +/- 0
       (n,Xt)                               0 +/- 0
       (n,elastic)                          0 +/- 0
   Incoming Energy [1, 10)
     Li6
       (n,gamma)                            0 +/- 0
       (n,Xt)                               0 +/- 0
       (n,elastic)                          0 +/- 0
     Li7
       (n,gamma)                            0 +/- 0
       (n,Xt)                               0 +/- 0
       (n,elastic)                          0 +/- 0
   Incoming Energy [10, 100)
     Li6
       (n,gamma)                            0 +/- 0
       (n,Xt)                               0 +/- 0
       (n,elastic)                          0 +/- 0
     Li7
       (n,gamma)                            0 +/- 0
       (n,Xt)                               0 +/- 0
       (n,elastic)                          0 +/- 0
   Incoming Energy [100, 1000)
     Li6
       (n,gamma)                            0 +/- 0
       (n,Xt)                               0 +/- 0
       (n,elastic)                          0 +/- 0
     Li7
       (n,gamma)                            0 +/- 0
       (n,Xt)                               0 +/- 0
       (n,elastic)                          0 +/- 0
   Incoming Energy [1000, 10000)
     Li6
       (n,gamma)                            0 +/- 0
       (n,Xt)                               0 +/- 0
       (n,elastic)                          0 +/- 0
     Li7
       (n,gamma)                            0 +/- 0
       (n,Xt)                               0 +/- 0
       (n,elastic)                          0 +/- 0
   Incoming Energy [10000, 100000)
     Li6
       (n,gamma)                            0 +/- 0
       (n,Xt)                               0 +/- 0
       (n,elastic)                          0 +/- 0
     Li7
       (n,gamma)                            0 +/- 0
       (n,Xt)                               0 +/- 0
       (n,elastic)                          0 +/- 0
   Incoming Energy [100000, 1000000)
     Li6
       (n,gamma)                            0 +/- 0
       (n,Xt)                               0 +/- 0
       (n,elastic)                          0 +/- 0
     Li7
       (n,gamma)                            0 +/- 0
       (n,Xt)                               0 +/- 0
       (n,elastic)                          0 +/- 0
   Incoming Energy [1000000, 10000000)
     Li6
       (n,gamma)                            0 +/- 0
       (n,Xt)                               0 +/- 0
       (n,elastic)                          0 +/- 0
     Li7
       (n,gamma)                            0 +/- 0
       (n,Xt)                               0 +/- 0
       (n,elastic)                          0 +/- 0
 Cell 21
   Incoming Energy [0, 0.01)
     Li6
       (n,gamma)                            0 +/- 0
       (n,Xt)                               0 +/- 0
       (n,elastic)                          0 +/- 0
     Li7
       (n,gamma)                            0 +/- 0
       (n,Xt)                               0 +/- 0
       (n,elastic)                          0 +/- 0
   Incoming Energy [0.01, 0.1)
     Li6
       (n,gamma)                            0 +/- 0
       (n,Xt)                               0 +/- 0
       (n,elastic)                          0 +/- 0
     Li7
       (n,gamma)                            0 +/- 0
       (n,Xt)                               0 +/- 0
       (n,elastic)                          0 +/- 0
   Incoming Energy [0.1, 1)
     Li6
       (n,gamma)                            0 +/- 0
       (n,Xt)                               0 +/- 0
       (n,elastic)                          0 +/- 0
     Li7
       (n,gamma)                            0 +/- 0
       (n,Xt)                               0 +/- 0
       (n,elastic)                          0 +/- 0
   Incoming Energy [1, 10)
     Li6
       (n,gamma)                            0 +/- 0
       (n,Xt)                               0 +/- 0
       (n,elastic)                          0 +/- 0
     Li7
       (n,gamma)                            0 +/- 0
       (n,Xt)                               0 +/- 0
       (n,elastic)                          0 +/- 0
   Incoming Energy [10, 100)
     Li6
       (n,gamma)                            0 +/- 0
       (n,Xt)                               0 +/- 0
       (n,elastic)                          0 +/- 0
     Li7
       (n,gamma)                            0 +/- 0
       (n,Xt)                               0 +/- 0
       (n,elastic)                          0 +/- 0
   Incoming Energy [100, 1000)
     Li6
       (n,gamma)                            0 +/- 0
       (n,Xt)                               0 +/- 0
       (n,elastic)                          0 +/- 0
     Li7
       (n,gamma)                            0 +/- 0
       (n,Xt)                               0 +/- 0
       (n,elastic)                          0 +/- 0
   Incoming Energy [1000, 10000)
     Li6
       (n,gamma)                            0 +/- 0
       (n,Xt)                               0 +/- 0
       (n,elastic)                          0 +/- 0
     Li7
       (n,gamma)                            0 +/- 0
       (n,Xt)                               0 +/- 0
       (n,elastic)                          0 +/- 0
   Incoming Energy [10000, 100000)
     Li6
       (n,gamma)                            0 +/- 0
       (n,Xt)                               0 +/- 0
       (n,elastic)                          0 +/- 0
     Li7
       (n,gamma)                            0 +/- 0
       (n,Xt)                               0 +/- 0
       (n,elastic)                          0 +/- 0
   Incoming Energy [100000, 1000000)
     Li6
       (n,gamma)                            0 +/- 0
       (n,Xt)                               0 +/- 0
       (n,elastic)                          0 +/- 0
     Li7
       (n,gamma)                            0 +/- 0
       (n,Xt)                               0 +/- 0
       (n,elastic)                          0 +/- 0
   Incoming Energy [1000000, 10000000)
     Li6
       (n,gamma)                            0 +/- 0
       (n,Xt)                               0 +/- 0
       (n,elastic)                          0 +/- 0
     Li7
       (n,gamma)                            0 +/- 0
       (n,Xt)                               0 +/- 0
       (n,elastic)                          0 +/- 0
 Cell 22
   Incoming Energy [0, 0.01)
     Li6
       (n,gamma)                            0 +/- 0
       (n,Xt)                               0 +/- 0
       (n,elastic)                          0 +/- 0
     Li7
       (n,gamma)                            0 +/- 0
       (n,Xt)                               0 +/- 0
       (n,elastic)                          0 +/- 0
   Incoming Energy [0.01, 0.1)
     Li6
       (n,gamma)                            0 +/- 0
       (n,Xt)                               0 +/- 0
       (n,elastic)                          0 +/- 0
     Li7
       (n,gamma)                            0 +/- 0
       (n,Xt)                               0 +/- 0
       (n,elastic)                          0 +/- 0
   Incoming Energy [0.1, 1)
     Li6
       (n,gamma)                            0 +/- 0
       (n,Xt)                               0 +/- 0
       (n,elastic)                          0 +/- 0
     Li7
       (n,gamma)                            0 +/- 0
       (n,Xt)                               0 +/- 0
       (n,elastic)                          0 +/- 0
   Incoming Energy [1, 10)
     Li6
       (n,gamma)                            0 +/- 0
       (n,Xt)                               0 +/- 0
       (n,elastic)                          0 +/- 0
     Li7
       (n,gamma)                            0 +/- 0
       (n,Xt)                               0 +/- 0
       (n,elastic)                          0 +/- 0
   Incoming Energy [10, 100)
     Li6
       (n,gamma)                            0 +/- 0
       (n,Xt)                               0 +/- 0
       (n,elastic)                          0 +/- 0
     Li7
       (n,gamma)                            0 +/- 0
       (n,Xt)                               0 +/- 0
       (n,elastic)                          0 +/- 0
   Incoming Energy [100, 1000)
     Li6
       (n,gamma)                            0 +/- 0
       (n,Xt)                               0 +/- 0
       (n,elastic)                          0 +/- 0
     Li7
       (n,gamma)                            0 +/- 0
       (n,Xt)                               0 +/- 0
       (n,elastic)                          0 +/- 0
   Incoming Energy [1000, 10000)
     Li6
       (n,gamma)                            0 +/- 0
       (n,Xt)                               0 +/- 0
       (n,elastic)                          0 +/- 0
     Li7
       (n,gamma)                            0 +/- 0
       (n,Xt)                               0 +/- 0
       (n,elastic)                          0 +/- 0
   Incoming Energy [10000, 100000)
     Li6
       (n,gamma)                            0 +/- 0
       (n,Xt)                               0 +/- 0
       (n,elastic)                          0 +/- 0
     Li7
       (n,gamma)                            0 +/- 0
       (n,Xt)                               0 +/- 0
       (n,elastic)                          0 +/- 0
   Incoming Energy [100000, 1000000)
     Li6
       (n,gamma)                            0 +/- 0
       (n,Xt)                               0 +/- 0
       (n,elastic)                          0 +/- 0
     Li7
       (n,gamma)                            0 +/- 0
       (n,Xt)                               0 +/- 0
       (n,elastic)                          0 +/- 0
   Incoming Energy [1000000, 10000000)
     Li6
       (n,gamma)                            0 +/- 0
       (n,Xt)                               0 +/- 0
       (n,elastic)                          0 +/- 0
     Li7
       (n,gamma)                            0 +/- 0
       (n,Xt)                               0 +/- 0
       (n,elastic)                          0 +/- 0
 Cell 23
   Incoming Energy [0, 0.01)
     Li6
       (n,gamma)                            0 +/- 0
       (n,Xt)                               0 +/- 0
       (n,elastic)                          0 +/- 0
     Li7
       (n,gamma)                            0 +/- 0
       (n,Xt)                               0 +/- 0
       (n,elastic)                          0 +/- 0
   Incoming Energy [0.01, 0.1)
     Li6
       (n,gamma)                            0 +/- 0
       (n,Xt)                               0 +/- 0
       (n,elastic)                          0 +/- 0
     Li7
       (n,gamma)                            0 +/- 0
       (n,Xt)                               0 +/- 0
       (n,elastic)                          0 +/- 0
   Incoming Energy [0.1, 1)
     Li6
       (n,gamma)                            5.56399e-10 +/- 2.43071e-10
       (n,Xt)                               1.3554e-05 +/- 5.92125e-06
       (n,elastic)                          5.78235e-08 +/- 2.51191e-08
     Li7
       (n,gamma)                            4.37506e-10 +/- 1.9113e-10
       (n,Xt)                               0 +/- 0
       (n,elastic)                          5.25517e-08 +/- 2.28269e-08
   Incoming Energy [1, 10)
     Li6
       (n,gamma)                            2.44917e-07 +/- 3.8093e-09
       (n,Xt)                               0.00596426 +/- 9.27726e-05
       (n,elastic)                          7.4873e-05 +/- 9.84976e-07
     Li7
       (n,gamma)                            1.92612e-07 +/- 2.99559e-09
       (n,Xt)                               0 +/- 0
       (n,elastic)                          6.92771e-05 +/- 9.08169e-07
   Incoming Energy [10, 100)
     Li6
       (n,gamma)                            5.50702e-06 +/- 2.74369e-08
       (n,Xt)                               0.134004 +/- 0.000667665
       (n,elastic)                          0.00450023 +/- 2.15349e-05
     Li7
       (n,gamma)                            4.33035e-06 +/- 2.1575e-08
       (n,Xt)                               0 +/- 0
       (n,elastic)                          0.00426059 +/- 2.03665e-05
   Incoming Energy [100, 1000)
     Li6
       (n,gamma)                            1.22748e-05 +/- 1.75554e-08
       (n,Xt)                               0.298183 +/- 0.000426583
       (n,elastic)                          0.0269209 +/- 3.42654e-05
     Li7
       (n,gamma)                            9.03682e-06 +/- 1.31088e-08
       (n,Xt)                               0 +/- 0
       (n,elastic)                          0.0262068 +/- 3.32433e-05
   Incoming Energy [1000, 10000)
     Li6
       (n,gamma)                            8.52118e-06 +/- 8.76206e-09
       (n,Xt)                               0.206745 +/- 0.000212547
       (n,elastic)                          0.0543498 +/- 5.21136e-05
     Li7
       (n,gamma)                            7.23334e-06 +/- 7.19075e-09
       (n,Xt)                               0 +/- 0
       (n,elastic)                          0.0542455 +/- 5.19856e-05
   Incoming Energy [10000, 100000)
     Li6
       (n,gamma)                            3.75963e-06 +/- 3.25633e-09
       (n,Xt)                               0.0970219 +/- 8.56117e-05
       (n,elastic)                          0.0749017 +/- 7.1767e-05
     Li7
       (n,gamma)                            3.6496e-06 +/- 3.12056e-09
       (n,Xt)                               0 +/- 0
       (n,elastic)                          0.0728598 +/- 6.84481e-05
   Incoming Energy [100000, 1000000)
     Li6
       (n,gamma)                            1.6827e-06 +/- 1.95161e-09
       (n,Xt)                               0.121619 +/- 0.000145136
       (n,elastic)                          0.317083 +/- 0.000379843
     Li7
       (n,gamma)                            1.42785e-06 +/- 1.66958e-09
       (n,Xt)                               0 +/- 0
       (n,elastic)                          0.15712 +/- 0.000203151
   Incoming Energy [1000000, 10000000)
     Li6
       (n,gamma)                            6.75193e-07 +/- 1.38583e-09
       (n,Xt)                               0.011197 +/- 2.35176e-05
       (n,elastic)                          0.0691642 +/- 0.000144241
     Li7
       (n,gamma)                            1.90553e-07 +/- 3.91264e-10
       (n,Xt)                               0.00276881 +/- 7.81312e-06
       (n,elastic)                          0.0642037 +/- 0.000138239
 Cell 24
   Incoming Energy [0, 0.01)
     Li6
       (n,gamma)                            0 +/- 0
       (n,Xt)                               0 +/- 0
       (n,elastic)                          0 +/- 0
     Li7
       (n,gamma)                            0 +/- 0
       (n,Xt)                               0 +/- 0
       (n,elastic)                          0 +/- 0
   Incoming Energy [0.01, 0.1)
     Li6
       (n,gamma)                            0 +/- 0
       (n,Xt)                               0 +/- 0
       (n,elastic)                          0 +/- 0
     Li7
       (n,gamma)                            0 +/- 0
       (n,Xt)                               0 +/- 0
       (n,elastic)                          0 +/- 0
   Incoming Energy [0.1, 1)
     Li6
       (n,gamma)                            0 +/- 0
       (n,Xt)                               0 +/- 0
       (n,elastic)                          0 +/- 0
     Li7
       (n,gamma)                            0 +/- 0
       (n,Xt)                               0 +/- 0
       (n,elastic)                          0 +/- 0
   Incoming Energy [1, 10)
     Li6
       (n,gamma)                            0 +/- 0
       (n,Xt)                               0 +/- 0
       (n,elastic)                          0 +/- 0
     Li7
       (n,gamma)                            0 +/- 0
       (n,Xt)                               0 +/- 0
       (n,elastic)                          0 +/- 0
   Incoming Energy [10, 100)
     Li6
       (n,gamma)                            0 +/- 0
       (n,Xt)                               0 +/- 0
       (n,elastic)                          0 +/- 0
     Li7
       (n,gamma)                            0 +/- 0
       (n,Xt)                               0 +/- 0
       (n,elastic)                          0 +/- 0
   Incoming Energy [100, 1000)
     Li6
       (n,gamma)                            0 +/- 0
       (n,Xt)                               0 +/- 0
       (n,elastic)                          0 +/- 0
     Li7
       (n,gamma)                            0 +/- 0
       (n,Xt)                               0 +/- 0
       (n,elastic)                          0 +/- 0
   Incoming Energy [1000, 10000)
     Li6
       (n,gamma)                            0 +/- 0
       (n,Xt)                               0 +/- 0
       (n,elastic)                          0 +/- 0
     Li7
       (n,gamma)                            0 +/- 0
       (n,Xt)                               0 +/- 0
       (n,elastic)                          0 +/- 0
   Incoming Energy [10000, 100000)
     Li6
       (n,gamma)                            0 +/- 0
       (n,Xt)                               0 +/- 0
       (n,elastic)                          0 +/- 0
     Li7
       (n,gamma)                            0 +/- 0
       (n,Xt)                               0 +/- 0
       (n,elastic)                          0 +/- 0
   Incoming Energy [100000, 1000000)
     Li6
       (n,gamma)                            0 +/- 0
       (n,Xt)                               0 +/- 0
       (n,elastic)                          0 +/- 0
     Li7
       (n,gamma)                            0 +/- 0
       (n,Xt)                               0 +/- 0
       (n,elastic)                          0 +/- 0
   Incoming Energy [1000000, 10000000)
     Li6
       (n,gamma)                            0 +/- 0
       (n,Xt)                               0 +/- 0
       (n,elastic)                          0 +/- 0
     Li7
       (n,gamma)                            0 +/- 0
       (n,Xt)                               0 +/- 0
       (n,elastic)                          0 +/- 0
