 ===============>     TALLY 43: TOTAL FERTILE RXN RATE     <================

 U238
   (n,gamma)                            0.0175224 +/- 6.32912e-05
   Fission Rate                         0.0017271 +/- 1.49709e-06
   (n,elastic)                          0.163001 +/- 0.000153056
 U235
   (n,gamma)                            0.000144524 +/- 2.54421e-07
   Fission Rate                         0.000376752 +/- 5.19876e-07
   (n,elastic)                          0.000826181 +/- 5.94234e-07
 Th232
   (n,gamma)                            0 +/- 0
   Fission Rate                         0 +/- 0
   (n,elastic)                          0 +/- 0
 ==================>     TALLY 46: TOTAL LI RXN RATE     <==================

 Li6
   (n,gamma)                            5.03867e-05 +/- 8.01028e-08
   (n,Xt)                               1.33559 +/- 0.00200301
   (n,elastic)                          0.851209 +/- 0.000598055
 Li7
   (n,gamma)                            3.99546e-05 +/- 6.24714e-08
   (n,Xt)                               0.012842 +/- 1.29151e-05
   (n,elastic)                          0.593274 +/- 0.000401103
 ==================>     TALLY 44: FERTILE RXN RATES     <==================

 Cell 11
   U238
     (n,gamma)                            0 +/- 0
     Fission Rate                         0 +/- 0
     (n,elastic)                          0 +/- 0
   U235
     (n,gamma)                            0 +/- 0
     Fission Rate                         0 +/- 0
     (n,elastic)                          0 +/- 0
   Th232
     (n,gamma)                            0 +/- 0
     Fission Rate                         0 +/- 0
     (n,elastic)                          0 +/- 0
 Cell 12
   U238
     (n,gamma)                            0 +/- 0
     Fission Rate                         0 +/- 0
     (n,elastic)                          0 +/- 0
   U235
     (n,gamma)                            0 +/- 0
     Fission Rate                         0 +/- 0
     (n,elastic)                          0 +/- 0
   Th232
     (n,gamma)                            0 +/- 0
     Fission Rate                         0 +/- 0
     (n,elastic)                          0 +/- 0
 Cell 13
   U238
     (n,gamma)                            0.00567729 +/- 2.64313e-05
     Fission Rate                         0.000469787 +/- 1.47097e-06
     (n,elastic)                          0.051993 +/- 9.46282e-05
   U235
     (n,gamma)                            4.66689e-05 +/- 1.31572e-07
     Fission Rate                         0.000120235 +/- 2.71152e-07
     (n,elastic)                          0.000262229 +/- 4.03979e-07
   Th232
     (n,gamma)                            0 +/- 0
     Fission Rate                         0 +/- 0
     (n,elastic)                          0 +/- 0
 Cell 14
   U238
     (n,gamma)                            0 +/- 0
     Fission Rate                         0 +/- 0
     (n,elastic)                          0 +/- 0
   U235
     (n,gamma)                            0 +/- 0
     Fission Rate                         0 +/- 0
     (n,elastic)                          0 +/- 0
   Th232
     (n,gamma)                            0 +/- 0
     Fission Rate                         0 +/- 0
     (n,elastic)                          0 +/- 0
 Cell 21
   U238
     (n,gamma)                            0 +/- 0
     Fission Rate                         0 +/- 0
     (n,elastic)                          0 +/- 0
   U235
     (n,gamma)                            0 +/- 0
     Fission Rate                         0 +/- 0
     (n,elastic)                          0 +/- 0
   Th232
     (n,gamma)                            0 +/- 0
     Fission Rate                         0 +/- 0
     (n,elastic)                          0 +/- 0
 Cell 22
   U238
     (n,gamma)                            0 +/- 0
     Fission Rate                         0 +/- 0
     (n,elastic)                          0 +/- 0
   U235
     (n,gamma)                            0 +/- 0
     Fission Rate                         0 +/- 0
     (n,elastic)                          0 +/- 0
   Th232
     (n,gamma)                            0 +/- 0
     Fission Rate                         0 +/- 0
     (n,elastic)                          0 +/- 0
 Cell 23
   U238
     (n,gamma)                            0.0118451 +/- 5.48324e-05
     Fission Rate                         0.00125732 +/- 9.58202e-07
     (n,elastic)                          0.111007 +/- 0.000124752
   U235
     (n,gamma)                            9.78554e-05 +/- 2.12396e-07
     Fission Rate                         0.000256517 +/- 4.33811e-07
     (n,elastic)                          0.000563952 +/- 4.89406e-07
   Th232
     (n,gamma)                            0 +/- 0
     Fission Rate                         0 +/- 0
     (n,elastic)                          0 +/- 0
 Cell 24
   U238
     (n,gamma)                            0 +/- 0
     Fission Rate                         0 +/- 0
     (n,elastic)                          0 +/- 0
   U235
     (n,gamma)                            0 +/- 0
     Fission Rate                         0 +/- 0
     (n,elastic)                          0 +/- 0
   Th232
     (n,gamma)                            0 +/- 0
     Fission Rate                         0 +/- 0
     (n,elastic)                          0 +/- 0
 ====================>     TALLY 47: LI RXN RATES     <=====================

 Cell 11
   Li6
     (n,gamma)                            0 +/- 0
     (n,Xt)                               0 +/- 0
     (n,elastic)                          0 +/- 0
   Li7
     (n,gamma)                            0 +/- 0
     (n,Xt)                               0 +/- 0
     (n,elastic)                          0 +/- 0
 Cell 12
   Li6
     (n,gamma)                            0 +/- 0
     (n,Xt)                               0 +/- 0
     (n,elastic)                          0 +/- 0
   Li7
     (n,gamma)                            0 +/- 0
     (n,Xt)                               0 +/- 0
     (n,elastic)                          0 +/- 0
 Cell 13
   Li6
     (n,gamma)                            1.62145e-05 +/- 4.04354e-08
     (n,Xt)                               0.429861 +/- 0.00102251
     (n,elastic)                          0.264777 +/- 0.000332077
   Li7
     (n,gamma)                            1.28874e-05 +/- 3.21191e-08
     (n,Xt)                               0.0034144 +/- 1.2994e-05
     (n,elastic)                          0.18439 +/- 0.000252729
 Cell 14
   Li6
     (n,gamma)                            0 +/- 0
     (n,Xt)                               0 +/- 0
     (n,elastic)                          0 +/- 0
   Li7
     (n,gamma)                            0 +/- 0
     (n,Xt)                               0 +/- 0
     (n,elastic)                          0 +/- 0
 Cell 21
   Li6
     (n,gamma)                            0 +/- 0
     (n,Xt)                               0 +/- 0
     (n,elastic)                          0 +/- 0
   Li7
     (n,gamma)                            0 +/- 0
     (n,Xt)                               0 +/- 0
     (n,elastic)                          0 +/- 0
 Cell 22
   Li6
     (n,gamma)                            0 +/- 0
     (n,Xt)                               0 +/- 0
     (n,elastic)                          0 +/- 0
   Li7
     (n,gamma)                            0 +/- 0
     (n,Xt)                               0 +/- 0
     (n,elastic)                          0 +/- 0
 Cell 23
   Li6
     (n,gamma)                            3.41722e-05 +/- 6.67837e-08
     (n,Xt)                               0.905727 +/- 0.00162503
     (n,elastic)                          0.586431 +/- 0.000447203
   Li7
     (n,gamma)                            2.70672e-05 +/- 5.17669e-08
     (n,Xt)                               0.00942756 +/- 7.0484e-06
     (n,elastic)                          0.408884 +/- 0.000308658
 Cell 24
   Li6
     (n,gamma)                            0 +/- 0
     (n,Xt)                               0 +/- 0
     (n,elastic)                          0 +/- 0
   Li7
     (n,gamma)                            0 +/- 0
     (n,Xt)                               0 +/- 0
     (n,elastic)                          0 +/- 0
 ========================>     TALLY 41: FLUX     <=========================

 Cell 11
   Total Material
     Flux                                 0.847252 +/- 0.000889854
 Cell 12
   Total Material
     Flux                                 9.69028 +/- 0.00876187
 Cell 13
   Total Material
     Flux                                 53.6335 +/- 0.07531
 Cell 14
   Total Material
     Flux                                 0.210291 +/- 0.00113264
 Cell 21
   Total Material
     Flux                                 1.53117 +/- 0.00163248
 Cell 22
   Total Material
     Flux                                 18.2047 +/- 0.0198351
 Cell 23
   Total Material
     Flux                                 118.596 +/- 0.0919606
 Cell 24
   Total Material
     Flux                                 0.0323531 +/- 0.000732759
 =============>     TALLY 45: FERTILE RXN RATES SPECTRUM     <==============

 Cell 11
   Incoming Energy [0, 0.01)
     U238
       (n,gamma)                            0 +/- 0
       Fission Rate                         0 +/- 0
       (n,elastic)                          0 +/- 0
     U235
       (n,gamma)                            0 +/- 0
       Fission Rate                         0 +/- 0
       (n,elastic)                          0 +/- 0
     Th232
       (n,gamma)                            0 +/- 0
       Fission Rate                         0 +/- 0
       (n,elastic)                          0 +/- 0
   Incoming Energy [0.01, 0.1)
     U238
       (n,gamma)                            0 +/- 0
       Fission Rate                         0 +/- 0
       (n,elastic)                          0 +/- 0
     U235
       (n,gamma)                            0 +/- 0
       Fission Rate                         0 +/- 0
       (n,elastic)                          0 +/- 0
     Th232
       (n,gamma)                            0 +/- 0
       Fission Rate                         0 +/- 0
       (n,elastic)                          0 +/- 0
   Incoming Energy [0.1, 1)
     U238
       (n,gamma)                            0 +/- 0
       Fission Rate                         0 +/- 0
       (n,elastic)                          0 +/- 0
     U235
       (n,gamma)                            0 +/- 0
       Fission Rate                         0 +/- 0
       (n,elastic)                          0 +/- 0
     Th232
       (n,gamma)                            0 +/- 0
       Fission Rate                         0 +/- 0
       (n,elastic)                          0 +/- 0
   Incoming Energy [1, 10)
     U238
       (n,gamma)                            0 +/- 0
       Fission Rate                         0 +/- 0
       (n,elastic)                          0 +/- 0
     U235
       (n,gamma)                            0 +/- 0
       Fission Rate                         0 +/- 0
       (n,elastic)                          0 +/- 0
     Th232
       (n,gamma)                            0 +/- 0
       Fission Rate                         0 +/- 0
       (n,elastic)                          0 +/- 0
   Incoming Energy [10, 100)
     U238
       (n,gamma)                            0 +/- 0
       Fission Rate                         0 +/- 0
       (n,elastic)                          0 +/- 0
     U235
       (n,gamma)                            0 +/- 0
       Fission Rate                         0 +/- 0
       (n,elastic)                          0 +/- 0
     Th232
       (n,gamma)                            0 +/- 0
       Fission Rate                         0 +/- 0
       (n,elastic)                          0 +/- 0
   Incoming Energy [100, 1000)
     U238
       (n,gamma)                            0 +/- 0
       Fission Rate                         0 +/- 0
       (n,elastic)                          0 +/- 0
     U235
       (n,gamma)                            0 +/- 0
       Fission Rate                         0 +/- 0
       (n,elastic)                          0 +/- 0
     Th232
       (n,gamma)                            0 +/- 0
       Fission Rate                         0 +/- 0
       (n,elastic)                          0 +/- 0
   Incoming Energy [1000, 10000)
     U238
       (n,gamma)                            0 +/- 0
       Fission Rate                         0 +/- 0
       (n,elastic)                          0 +/- 0
     U235
       (n,gamma)                            0 +/- 0
       Fission Rate                         0 +/- 0
       (n,elastic)                          0 +/- 0
     Th232
       (n,gamma)                            0 +/- 0
       Fission Rate                         0 +/- 0
       (n,elastic)                          0 +/- 0
   Incoming Energy [10000, 100000)
     U238
       (n,gamma)                            0 +/- 0
       Fission Rate                         0 +/- 0
       (n,elastic)                          0 +/- 0
     U235
       (n,gamma)                            0 +/- 0
       Fission Rate                         0 +/- 0
       (n,elastic)                          0 +/- 0
     Th232
       (n,gamma)                            0 +/- 0
       Fission Rate                         0 +/- 0
       (n,elastic)                          0 +/- 0
   Incoming Energy [100000, 1000000)
     U238
       (n,gamma)                            0 +/- 0
       Fission Rate                         0 +/- 0
       (n,elastic)                          0 +/- 0
     U235
       (n,gamma)                            0 +/- 0
       Fission Rate                         0 +/- 0
       (n,elastic)                          0 +/- 0
     Th232
       (n,gamma)                            0 +/- 0
       Fission Rate                         0 +/- 0
       (n,elastic)                          0 +/- 0
   Incoming Energy [1000000, 10000000)
     U238
       (n,gamma)                            0 +/- 0
       Fission Rate                         0 +/- 0
       (n,elastic)                          0 +/- 0
     U235
       (n,gamma)                            0 +/- 0
       Fission Rate                         0 +/- 0
       (n,elastic)                          0 +/- 0
     Th232
       (n,gamma)                            0 +/- 0
       Fission Rate                         0 +/- 0
       (n,elastic)                          0 +/- 0
 Cell 12
   Incoming Energy [0, 0.01)
     U238
       (n,gamma)                            0 +/- 0
       Fission Rate                         0 +/- 0
       (n,elastic)                          0 +/- 0
     U235
       (n,gamma)                            0 +/- 0
       Fission Rate                         0 +/- 0
       (n,elastic)                          0 +/- 0
     Th232
       (n,gamma)                            0 +/- 0
       Fission Rate                         0 +/- 0
       (n,elastic)                          0 +/- 0
   Incoming Energy [0.01, 0.1)
     U238
       (n,gamma)                            0 +/- 0
       Fission Rate                         0 +/- 0
       (n,elastic)                          0 +/- 0
     U235
       (n,gamma)                            0 +/- 0
       Fission Rate                         0 +/- 0
       (n,elastic)                          0 +/- 0
     Th232
       (n,gamma)                            0 +/- 0
       Fission Rate                         0 +/- 0
       (n,elastic)                          0 +/- 0
   Incoming Energy [0.1, 1)
     U238
       (n,gamma)                            0 +/- 0
       Fission Rate                         0 +/- 0
       (n,elastic)                          0 +/- 0
     U235
       (n,gamma)                            0 +/- 0
       Fission Rate                         0 +/- 0
       (n,elastic)                          0 +/- 0
     Th232
       (n,gamma)                            0 +/- 0
       Fission Rate                         0 +/- 0
       (n,elastic)                          0 +/- 0
   Incoming Energy [1, 10)
     U238
       (n,gamma)                            0 +/- 0
       Fission Rate                         0 +/- 0
       (n,elastic)                          0 +/- 0
     U235
       (n,gamma)                            0 +/- 0
       Fission Rate                         0 +/- 0
       (n,elastic)                          0 +/- 0
     Th232
       (n,gamma)                            0 +/- 0
       Fission Rate                         0 +/- 0
       (n,elastic)                          0 +/- 0
   Incoming Energy [10, 100)
     U238
       (n,gamma)                            0 +/- 0
       Fission Rate                         0 +/- 0
       (n,elastic)                          0 +/- 0
     U235
       (n,gamma)                            0 +/- 0
       Fission Rate                         0 +/- 0
       (n,elastic)                          0 +/- 0
     Th232
       (n,gamma)                            0 +/- 0
       Fission Rate                         0 +/- 0
       (n,elastic)                          0 +/- 0
   Incoming Energy [100, 1000)
     U238
       (n,gamma)                            0 +/- 0
       Fission Rate                         0 +/- 0
       (n,elastic)                          0 +/- 0
     U235
       (n,gamma)                            0 +/- 0
       Fission Rate                         0 +/- 0
       (n,elastic)                          0 +/- 0
     Th232
       (n,gamma)                            0 +/- 0
       Fission Rate                         0 +/- 0
       (n,elastic)                          0 +/- 0
   Incoming Energy [1000, 10000)
     U238
       (n,gamma)                            0 +/- 0
       Fission Rate                         0 +/- 0
       (n,elastic)                          0 +/- 0
     U235
       (n,gamma)                            0 +/- 0
       Fission Rate                         0 +/- 0
       (n,elastic)                          0 +/- 0
     Th232
       (n,gamma)                            0 +/- 0
       Fission Rate                         0 +/- 0
       (n,elastic)                          0 +/- 0
   Incoming Energy [10000, 100000)
     U238
       (n,gamma)                            0 +/- 0
       Fission Rate                         0 +/- 0
       (n,elastic)                          0 +/- 0
     U235
       (n,gamma)                            0 +/- 0
       Fission Rate                         0 +/- 0
       (n,elastic)                          0 +/- 0
     Th232
       (n,gamma)                            0 +/- 0
       Fission Rate                         0 +/- 0
       (n,elastic)                          0 +/- 0
   Incoming Energy [100000, 1000000)
     U238
       (n,gamma)                            0 +/- 0
       Fission Rate                         0 +/- 0
       (n,elastic)                          0 +/- 0
     U235
       (n,gamma)                            0 +/- 0
       Fission Rate                         0 +/- 0
       (n,elastic)                          0 +/- 0
     Th232
       (n,gamma)                            0 +/- 0
       Fission Rate                         0 +/- 0
       (n,elastic)                          0 +/- 0
   Incoming Energy [1000000, 10000000)
     U238
       (n,gamma)                            0 +/- 0
       Fission Rate                         0 +/- 0
       (n,elastic)                          0 +/- 0
     U235
       (n,gamma)                            0 +/- 0
       Fission Rate                         0 +/- 0
       (n,elastic)                          0 +/- 0
     Th232
       (n,gamma)                            0 +/- 0
       Fission Rate                         0 +/- 0
       (n,elastic)                          0 +/- 0
 Cell 13
   Incoming Energy [0, 0.01)
     U238
       (n,gamma)                            0 +/- 0
       Fission Rate                         0 +/- 0
       (n,elastic)                          0 +/- 0
     U235
       (n,gamma)                            0 +/- 0
       Fission Rate                         0 +/- 0
       (n,elastic)                          0 +/- 0
     Th232
       (n,gamma)                            0 +/- 0
       Fission Rate                         0 +/- 0
       (n,elastic)                          0 +/- 0
   Incoming Energy [0.01, 0.1)
     U238
       (n,gamma)                            0 +/- 0
       Fission Rate                         0 +/- 0
       (n,elastic)                          0 +/- 0
     U235
       (n,gamma)                            0 +/- 0
       Fission Rate                         0 +/- 0
       (n,elastic)                          0 +/- 0
     Th232
       (n,gamma)                            0 +/- 0
       Fission Rate                         0 +/- 0
       (n,elastic)                          0 +/- 0
   Incoming Energy [0.1, 1)
     U238
       (n,gamma)                            7.26814e-11 +/- 3.96896e-11
       Fission Rate                         4.76886e-16 +/- 2.60716e-16
       (n,elastic)                          1.26288e-09 +/- 6.85573e-10
     U235
       (n,gamma)                            9.32152e-12 +/- 5.01059e-12
       Fission Rate                         5.96504e-11 +/- 3.23886e-11
       (n,elastic)                          1.29058e-11 +/- 7.01315e-12
     Th232
       (n,gamma)                            0 +/- 0
       Fission Rate                         0 +/- 0
       (n,elastic)                          0 +/- 0
   Incoming Energy [1, 10)
     U238
       (n,gamma)                            0.000105118 +/- 1.25012e-05
       Fission Rate                         4.67835e-11 +/- 5.44642e-12
       (n,elastic)                          1.79102e-05 +/- 8.98746e-07
     U235
       (n,gamma)                            2.96879e-07 +/- 8.27115e-09
       Fission Rate                         5.21936e-07 +/- 1.25676e-08
       (n,elastic)                          9.22409e-08 +/- 1.26017e-09
     Th232
       (n,gamma)                            0 +/- 0
       Fission Rate                         0 +/- 0
       (n,elastic)                          0 +/- 0
   Incoming Energy [10, 100)
     U238
       (n,gamma)                            0.00186209 +/- 2.20662e-05
       Fission Rate                         2.94735e-09 +/- 4.71703e-11
       (n,elastic)                          0.00256321 +/- 1.77977e-05
     U235
       (n,gamma)                            9.56548e-06 +/- 5.56261e-08
       Fission Rate                         1.71715e-05 +/- 9.02935e-08
       (n,elastic)                          5.37837e-06 +/- 2.61882e-08
     Th232
       (n,gamma)                            0 +/- 0
       Fission Rate                         0 +/- 0
       (n,elastic)                          0 +/- 0
   Incoming Energy [100, 1000)
     U238
       (n,gamma)                            0.00220462 +/- 1.36311e-05
       Fission Rate                         2.40784e-07 +/- 3.31613e-09
       (n,elastic)                          0.0102879 +/- 5.24304e-05
     U235
       (n,gamma)                            1.88011e-05 +/- 5.16155e-08
       Fission Rate                         4.08956e-05 +/- 1.03086e-07
       (n,elastic)                          3.17375e-05 +/- 8.25254e-08
     Th232
       (n,gamma)                            0 +/- 0
       Fission Rate                         0 +/- 0
       (n,elastic)                          0 +/- 0
   Incoming Energy [1000, 10000)
     U238
       (n,gamma)                            0.000913065 +/- 2.25999e-06
       Fission Rate                         1.33741e-07 +/- 2.30238e-09
       (n,elastic)                          0.0137478 +/- 3.10467e-05
     U235
       (n,gamma)                            1.05783e-05 +/- 1.84779e-08
       Fission Rate                         2.74108e-05 +/- 4.766e-08
       (n,elastic)                          6.61131e-05 +/- 1.06331e-07
     Th232
       (n,gamma)                            0 +/- 0
       Fission Rate                         0 +/- 0
       (n,elastic)                          0 +/- 0
   Incoming Energy [10000, 100000)
     U238
       (n,gamma)                            0.000418866 +/- 7.96571e-07
       Fission Rate                         8.5974e-08 +/- 4.8888e-10
       (n,elastic)                          0.0134064 +/- 2.5936e-05
     U235
       (n,gamma)                            5.20895e-06 +/- 1.01396e-08
       Fission Rate                         1.54752e-05 +/- 3.01068e-08
       (n,elastic)                          8.12709e-05 +/- 1.5202e-07
     Th232
       (n,gamma)                            0 +/- 0
       Fission Rate                         0 +/- 0
       (n,elastic)                          0 +/- 0
   Incoming Energy [100000, 1000000)
     U238
       (n,gamma)                            0.000147179 +/- 2.2492e-07
       Fission Rate                         1.63025e-06 +/- 4.4815e-09
       (n,elastic)                          0.00941884 +/- 1.3456e-05
     U235
       (n,gamma)                            2.00963e-06 +/- 2.70138e-09
       Fission Rate                         1.08318e-05 +/- 1.60577e-08
       (n,elastic)                          5.89858e-05 +/- 8.23271e-08
     Th232
       (n,gamma)                            0 +/- 0
       Fission Rate                         0 +/- 0
       (n,elastic)                          0 +/- 0
   Incoming Energy [1000000, 10000000)
     U238
       (n,gamma)                            2.61533e-05 +/- 6.95327e-08
       Fission Rate                         0.000225535 +/- 8.40595e-07
       (n,elastic)                          0.00193097 +/- 5.62254e-06
     U235
       (n,gamma)                            2.06707e-07 +/- 5.72122e-10
       Fission Rate                         4.7646e-06 +/- 1.3655e-08
       (n,elastic)                          1.42571e-05 +/- 4.19785e-08
     Th232
       (n,gamma)                            0 +/- 0
       Fission Rate                         0 +/- 0
       (n,elastic)                          0 +/- 0
 Cell 14
   Incoming Energy [0, 0.01)
     U238
       (n,gamma)                            0 +/- 0
       Fission Rate                         0 +/- 0
       (n,elastic)                          0 +/- 0
     U235
       (n,gamma)                            0 +/- 0
       Fission Rate                         0 +/- 0
       (n,elastic)                          0 +/- 0
     Th232
       (n,gamma)                            0 +/- 0
       Fission Rate                         0 +/- 0
       (n,elastic)                          0 +/- 0
   Incoming Energy [0.01, 0.1)
     U238
       (n,gamma)                            0 +/- 0
       Fission Rate                         0 +/- 0
       (n,elastic)                          0 +/- 0
     U235
       (n,gamma)                            0 +/- 0
       Fission Rate                         0 +/- 0
       (n,elastic)                          0 +/- 0
     Th232
       (n,gamma)                            0 +/- 0
       Fission Rate                         0 +/- 0
       (n,elastic)                          0 +/- 0
   Incoming Energy [0.1, 1)
     U238
       (n,gamma)                            0 +/- 0
       Fission Rate                         0 +/- 0
       (n,elastic)                          0 +/- 0
     U235
       (n,gamma)                            0 +/- 0
       Fission Rate                         0 +/- 0
       (n,elastic)                          0 +/- 0
     Th232
       (n,gamma)                            0 +/- 0
       Fission Rate                         0 +/- 0
       (n,elastic)                          0 +/- 0
   Incoming Energy [1, 10)
     U238
       (n,gamma)                            0 +/- 0
       Fission Rate                         0 +/- 0
       (n,elastic)                          0 +/- 0
     U235
       (n,gamma)                            0 +/- 0
       Fission Rate                         0 +/- 0
       (n,elastic)                          0 +/- 0
     Th232
       (n,gamma)                            0 +/- 0
       Fission Rate                         0 +/- 0
       (n,elastic)                          0 +/- 0
   Incoming Energy [10, 100)
     U238
       (n,gamma)                            0 +/- 0
       Fission Rate                         0 +/- 0
       (n,elastic)                          0 +/- 0
     U235
       (n,gamma)                            0 +/- 0
       Fission Rate                         0 +/- 0
       (n,elastic)                          0 +/- 0
     Th232
       (n,gamma)                            0 +/- 0
       Fission Rate                         0 +/- 0
       (n,elastic)                          0 +/- 0
   Incoming Energy [100, 1000)
     U238
       (n,gamma)                            0 +/- 0
       Fission Rate                         0 +/- 0
       (n,elastic)                          0 +/- 0
     U235
       (n,gamma)                            0 +/- 0
       Fission Rate                         0 +/- 0
       (n,elastic)                          0 +/- 0
     Th232
       (n,gamma)                            0 +/- 0
       Fission Rate                         0 +/- 0
       (n,elastic)                          0 +/- 0
   Incoming Energy [1000, 10000)
     U238
       (n,gamma)                            0 +/- 0
       Fission Rate                         0 +/- 0
       (n,elastic)                          0 +/- 0
     U235
       (n,gamma)                            0 +/- 0
       Fission Rate                         0 +/- 0
       (n,elastic)                          0 +/- 0
     Th232
       (n,gamma)                            0 +/- 0
       Fission Rate                         0 +/- 0
       (n,elastic)                          0 +/- 0
   Incoming Energy [10000, 100000)
     U238
       (n,gamma)                            0 +/- 0
       Fission Rate                         0 +/- 0
       (n,elastic)                          0 +/- 0
     U235
       (n,gamma)                            0 +/- 0
       Fission Rate                         0 +/- 0
       (n,elastic)                          0 +/- 0
     Th232
       (n,gamma)                            0 +/- 0
       Fission Rate                         0 +/- 0
       (n,elastic)                          0 +/- 0
   Incoming Energy [100000, 1000000)
     U238
       (n,gamma)                            0 +/- 0
       Fission Rate                         0 +/- 0
       (n,elastic)                          0 +/- 0
     U235
       (n,gamma)                            0 +/- 0
       Fission Rate                         0 +/- 0
       (n,elastic)                          0 +/- 0
     Th232
       (n,gamma)                            0 +/- 0
       Fission Rate                         0 +/- 0
       (n,elastic)                          0 +/- 0
   Incoming Energy [1000000, 10000000)
     U238
       (n,gamma)                            0 +/- 0
       Fission Rate                         0 +/- 0
       (n,elastic)                          0 +/- 0
     U235
       (n,gamma)                            0 +/- 0
       Fission Rate                         0 +/- 0
       (n,elastic)                          0 +/- 0
     Th232
       (n,gamma)                            0 +/- 0
       Fission Rate                         0 +/- 0
       (n,elastic)                          0 +/- 0
 Cell 21
   Incoming Energy [0, 0.01)
     U238
       (n,gamma)                            0 +/- 0
       Fission Rate                         0 +/- 0
       (n,elastic)                          0 +/- 0
     U235
       (n,gamma)                            0 +/- 0
       Fission Rate                         0 +/- 0
       (n,elastic)                          0 +/- 0
     Th232
       (n,gamma)                            0 +/- 0
       Fission Rate                         0 +/- 0
       (n,elastic)                          0 +/- 0
   Incoming Energy [0.01, 0.1)
     U238
       (n,gamma)                            0 +/- 0
       Fission Rate                         0 +/- 0
       (n,elastic)                          0 +/- 0
     U235
       (n,gamma)                            0 +/- 0
       Fission Rate                         0 +/- 0
       (n,elastic)                          0 +/- 0
     Th232
       (n,gamma)                            0 +/- 0
       Fission Rate                         0 +/- 0
       (n,elastic)                          0 +/- 0
   Incoming Energy [0.1, 1)
     U238
       (n,gamma)                            0 +/- 0
       Fission Rate                         0 +/- 0
       (n,elastic)                          0 +/- 0
     U235
       (n,gamma)                            0 +/- 0
       Fission Rate                         0 +/- 0
       (n,elastic)                          0 +/- 0
     Th232
       (n,gamma)                            0 +/- 0
       Fission Rate                         0 +/- 0
       (n,elastic)                          0 +/- 0
   Incoming Energy [1, 10)
     U238
       (n,gamma)                            0 +/- 0
       Fission Rate                         0 +/- 0
       (n,elastic)                          0 +/- 0
     U235
       (n,gamma)                            0 +/- 0
       Fission Rate                         0 +/- 0
       (n,elastic)                          0 +/- 0
     Th232
       (n,gamma)                            0 +/- 0
       Fission Rate                         0 +/- 0
       (n,elastic)                          0 +/- 0
   Incoming Energy [10, 100)
     U238
       (n,gamma)                            0 +/- 0
       Fission Rate                         0 +/- 0
       (n,elastic)                          0 +/- 0
     U235
       (n,gamma)                            0 +/- 0
       Fission Rate                         0 +/- 0
       (n,elastic)                          0 +/- 0
     Th232
       (n,gamma)                            0 +/- 0
       Fission Rate                         0 +/- 0
       (n,elastic)                          0 +/- 0
   Incoming Energy [100, 1000)
     U238
       (n,gamma)                            0 +/- 0
       Fission Rate                         0 +/- 0
       (n,elastic)                          0 +/- 0
     U235
       (n,gamma)                            0 +/- 0
       Fission Rate                         0 +/- 0
       (n,elastic)                          0 +/- 0
     Th232
       (n,gamma)                            0 +/- 0
       Fission Rate                         0 +/- 0
       (n,elastic)                          0 +/- 0
   Incoming Energy [1000, 10000)
     U238
       (n,gamma)                            0 +/- 0
       Fission Rate                         0 +/- 0
       (n,elastic)                          0 +/- 0
     U235
       (n,gamma)                            0 +/- 0
       Fission Rate                         0 +/- 0
       (n,elastic)                          0 +/- 0
     Th232
       (n,gamma)                            0 +/- 0
       Fission Rate                         0 +/- 0
       (n,elastic)                          0 +/- 0
   Incoming Energy [10000, 100000)
     U238
       (n,gamma)                            0 +/- 0
       Fission Rate                         0 +/- 0
       (n,elastic)                          0 +/- 0
     U235
       (n,gamma)                            0 +/- 0
       Fission Rate                         0 +/- 0
       (n,elastic)                          0 +/- 0
     Th232
       (n,gamma)                            0 +/- 0
       Fission Rate                         0 +/- 0
       (n,elastic)                          0 +/- 0
   Incoming Energy [100000, 1000000)
     U238
       (n,gamma)                            0 +/- 0
       Fission Rate                         0 +/- 0
       (n,elastic)                          0 +/- 0
     U235
       (n,gamma)                            0 +/- 0
       Fission Rate                         0 +/- 0
       (n,elastic)                          0 +/- 0
     Th232
       (n,gamma)                            0 +/- 0
       Fission Rate                         0 +/- 0
       (n,elastic)                          0 +/- 0
   Incoming Energy [1000000, 10000000)
     U238
       (n,gamma)                            0 +/- 0
       Fission Rate                         0 +/- 0
       (n,elastic)                          0 +/- 0
     U235
       (n,gamma)                            0 +/- 0
       Fission Rate                         0 +/- 0
       (n,elastic)                          0 +/- 0
     Th232
       (n,gamma)                            0 +/- 0
       Fission Rate                         0 +/- 0
       (n,elastic)                          0 +/- 0
 Cell 22
   Incoming Energy [0, 0.01)
     U238
       (n,gamma)                            0 +/- 0
       Fission Rate                         0 +/- 0
       (n,elastic)                          0 +/- 0
     U235
       (n,gamma)                            0 +/- 0
       Fission Rate                         0 +/- 0
       (n,elastic)                          0 +/- 0
     Th232
       (n,gamma)                            0 +/- 0
       Fission Rate                         0 +/- 0
       (n,elastic)                          0 +/- 0
   Incoming Energy [0.01, 0.1)
     U238
       (n,gamma)                            0 +/- 0
       Fission Rate                         0 +/- 0
       (n,elastic)                          0 +/- 0
     U235
       (n,gamma)                            0 +/- 0
       Fission Rate                         0 +/- 0
       (n,elastic)                          0 +/- 0
     Th232
       (n,gamma)                            0 +/- 0
       Fission Rate                         0 +/- 0
       (n,elastic)                          0 +/- 0
   Incoming Energy [0.1, 1)
     U238
       (n,gamma)                            0 +/- 0
       Fission Rate                         0 +/- 0
       (n,elastic)                          0 +/- 0
     U235
       (n,gamma)                            0 +/- 0
       Fission Rate                         0 +/- 0
       (n,elastic)                          0 +/- 0
     Th232
       (n,gamma)                            0 +/- 0
       Fission Rate                         0 +/- 0
       (n,elastic)                          0 +/- 0
   Incoming Energy [1, 10)
     U238
       (n,gamma)                            0 +/- 0
       Fission Rate                         0 +/- 0
       (n,elastic)                          0 +/- 0
     U235
       (n,gamma)                            0 +/- 0
       Fission Rate                         0 +/- 0
       (n,elastic)                          0 +/- 0
     Th232
       (n,gamma)                            0 +/- 0
       Fission Rate                         0 +/- 0
       (n,elastic)                          0 +/- 0
   Incoming Energy [10, 100)
     U238
       (n,gamma)                            0 +/- 0
       Fission Rate                         0 +/- 0
       (n,elastic)                          0 +/- 0
     U235
       (n,gamma)                            0 +/- 0
       Fission Rate                         0 +/- 0
       (n,elastic)                          0 +/- 0
     Th232
       (n,gamma)                            0 +/- 0
       Fission Rate                         0 +/- 0
       (n,elastic)                          0 +/- 0
   Incoming Energy [100, 1000)
     U238
       (n,gamma)                            0 +/- 0
       Fission Rate                         0 +/- 0
       (n,elastic)                          0 +/- 0
     U235
       (n,gamma)                            0 +/- 0
       Fission Rate                         0 +/- 0
       (n,elastic)                          0 +/- 0
     Th232
       (n,gamma)                            0 +/- 0
       Fission Rate                         0 +/- 0
       (n,elastic)                          0 +/- 0
   Incoming Energy [1000, 10000)
     U238
       (n,gamma)                            0 +/- 0
       Fission Rate                         0 +/- 0
       (n,elastic)                          0 +/- 0
     U235
       (n,gamma)                            0 +/- 0
       Fission Rate                         0 +/- 0
       (n,elastic)                          0 +/- 0
     Th232
       (n,gamma)                            0 +/- 0
       Fission Rate                         0 +/- 0
       (n,elastic)                          0 +/- 0
   Incoming Energy [10000, 100000)
     U238
       (n,gamma)                            0 +/- 0
       Fission Rate                         0 +/- 0
       (n,elastic)                          0 +/- 0
     U235
       (n,gamma)                            0 +/- 0
       Fission Rate                         0 +/- 0
       (n,elastic)                          0 +/- 0
     Th232
       (n,gamma)                            0 +/- 0
       Fission Rate                         0 +/- 0
       (n,elastic)                          0 +/- 0
   Incoming Energy [100000, 1000000)
     U238
       (n,gamma)                            0 +/- 0
       Fission Rate                         0 +/- 0
       (n,elastic)                          0 +/- 0
     U235
       (n,gamma)                            0 +/- 0
       Fission Rate                         0 +/- 0
       (n,elastic)                          0 +/- 0
     Th232
       (n,gamma)                            0 +/- 0
       Fission Rate                         0 +/- 0
       (n,elastic)                          0 +/- 0
   Incoming Energy [1000000, 10000000)
     U238
       (n,gamma)                            0 +/- 0
       Fission Rate                         0 +/- 0
       (n,elastic)                          0 +/- 0
     U235
       (n,gamma)                            0 +/- 0
       Fission Rate                         0 +/- 0
       (n,elastic)                          0 +/- 0
     Th232
       (n,gamma)                            0 +/- 0
       Fission Rate                         0 +/- 0
       (n,elastic)                          0 +/- 0
 Cell 23
   Incoming Energy [0, 0.01)
     U238
       (n,gamma)                            0 +/- 0
       Fission Rate                         0 +/- 0
       (n,elastic)                          0 +/- 0
     U235
       (n,gamma)                            0 +/- 0
       Fission Rate                         0 +/- 0
       (n,elastic)                          0 +/- 0
     Th232
       (n,gamma)                            0 +/- 0
       Fission Rate                         0 +/- 0
       (n,elastic)                          0 +/- 0
   Incoming Energy [0.01, 0.1)
     U238
       (n,gamma)                            0 +/- 0
       Fission Rate                         0 +/- 0
       (n,elastic)                          0 +/- 0
     U235
       (n,gamma)                            0 +/- 0
       Fission Rate                         0 +/- 0
       (n,elastic)                          0 +/- 0
     Th232
       (n,gamma)                            0 +/- 0
       Fission Rate                         0 +/- 0
       (n,elastic)                          0 +/- 0
   Incoming Energy [0.1, 1)
     U238
       (n,gamma)                            4.67268e-10 +/- 2.57438e-10
       Fission Rate                         3.09318e-15 +/- 1.70994e-15
       (n,elastic)                          7.75287e-09 +/- 4.19307e-09
     U235
       (n,gamma)                            5.46597e-11 +/- 2.90695e-11
       Fission Rate                         3.71761e-10 +/- 2.02704e-10
       (n,elastic)                          7.99227e-11 +/- 4.33743e-11
     Th232
       (n,gamma)                            0 +/- 0
       Fission Rate                         0 +/- 0
       (n,elastic)                          0 +/- 0
   Incoming Energy [1, 10)
     U238
       (n,gamma)                            0.000239818 +/- 7.9094e-06
       Fission Rate                         1.06729e-10 +/- 3.42693e-12
       (n,elastic)                          3.89816e-05 +/- 8.78777e-07
     U235
       (n,gamma)                            6.25334e-07 +/- 1.10964e-08
       Fission Rate                         1.07407e-06 +/- 2.58962e-08
       (n,elastic)                          1.97622e-07 +/- 3.70547e-09
     Th232
       (n,gamma)                            0 +/- 0
       Fission Rate                         0 +/- 0
       (n,elastic)                          0 +/- 0
   Incoming Energy [10, 100)
     U238
       (n,gamma)                            0.00385376 +/- 4.59502e-05
       Fission Rate                         6.09376e-09 +/- 8.58272e-11
       (n,elastic)                          0.00532429 +/- 4.7363e-05
     U235
       (n,gamma)                            1.99622e-05 +/- 1.01343e-07
       Fission Rate                         3.5736e-05 +/- 1.74729e-07
       (n,elastic)                          1.11986e-05 +/- 5.03166e-08
     Th232
       (n,gamma)                            0 +/- 0
       Fission Rate                         0 +/- 0
       (n,elastic)                          0 +/- 0
   Incoming Energy [100, 1000)
     U238
       (n,gamma)                            0.00457655 +/- 1.42281e-05
       Fission Rate                         5.011e-07 +/- 3.88788e-09
       (n,elastic)                          0.0214825 +/- 5.90468e-05
     U235
       (n,gamma)                            3.92835e-05 +/- 1.06638e-07
       Fission Rate                         8.53307e-05 +/- 2.11249e-07
       (n,elastic)                          6.63059e-05 +/- 1.53888e-07
     Th232
       (n,gamma)                            0 +/- 0
       Fission Rate                         0 +/- 0
       (n,elastic)                          0 +/- 0
   Incoming Energy [1000, 10000)
     U238
       (n,gamma)                            0.00190739 +/- 2.3746e-06
       Fission Rate                         2.79991e-07 +/- 2.59832e-09
       (n,elastic)                          0.0288 +/- 3.58012e-05
     U235
       (n,gamma)                            2.21276e-05 +/- 3.1982e-08
       Fission Rate                         5.733e-05 +/- 8.266e-08
       (n,elastic)                          0.000138455 +/- 1.77303e-07
     Th232
       (n,gamma)                            0 +/- 0
       Fission Rate                         0 +/- 0
       (n,elastic)                          0 +/- 0
   Incoming Energy [10000, 100000)
     U238
       (n,gamma)                            0.000882235 +/- 8.81654e-07
       Fission Rate                         1.80574e-07 +/- 4.88951e-10
       (n,elastic)                          0.0282976 +/- 2.50889e-05
     U235
       (n,gamma)                            1.0981e-05 +/- 1.00847e-08
       Fission Rate                         3.2638e-05 +/- 2.98482e-08
       (n,elastic)                          0.000171556 +/- 1.55759e-07
     Th232
       (n,gamma)                            0 +/- 0
       Fission Rate                         0 +/- 0
       (n,elastic)                          0 +/- 0
   Incoming Energy [100000, 1000000)
     U238
       (n,gamma)                            0.000322557 +/- 2.63242e-07
       Fission Rate                         3.72617e-06 +/- 7.47872e-09
       (n,elastic)                          0.0205715 +/- 1.56807e-05
     U235
       (n,gamma)                            4.37664e-06 +/- 3.09524e-09
       Fission Rate                         2.37318e-05 +/- 1.95106e-08
       (n,elastic)                          0.000128803 +/- 9.71851e-08
     Th232
       (n,gamma)                            0 +/- 0
       Fission Rate                         0 +/- 0
       (n,elastic)                          0 +/- 0
   Incoming Energy [1000000, 10000000)
     U238
       (n,gamma)                            6.21922e-05 +/- 8.93542e-08
       Fission Rate                         0.000567658 +/- 8.94919e-07
       (n,elastic)                          0.0047388 +/- 6.72865e-06
     U235
       (n,gamma)                            4.93822e-07 +/- 7.03308e-10
       Fission Rate                         1.17269e-05 +/- 1.57049e-08
       (n,elastic)                          3.50072e-05 +/- 5.02192e-08
     Th232
       (n,gamma)                            0 +/- 0
       Fission Rate                         0 +/- 0
       (n,elastic)                          0 +/- 0
 Cell 24
   Incoming Energy [0, 0.01)
     U238
       (n,gamma)                            0 +/- 0
       Fission Rate                         0 +/- 0
       (n,elastic)                          0 +/- 0
     U235
       (n,gamma)                            0 +/- 0
       Fission Rate                         0 +/- 0
       (n,elastic)                          0 +/- 0
     Th232
       (n,gamma)                            0 +/- 0
       Fission Rate                         0 +/- 0
       (n,elastic)                          0 +/- 0
   Incoming Energy [0.01, 0.1)
     U238
       (n,gamma)                            0 +/- 0
       Fission Rate                         0 +/- 0
       (n,elastic)                          0 +/- 0
     U235
       (n,gamma)                            0 +/- 0
       Fission Rate                         0 +/- 0
       (n,elastic)                          0 +/- 0
     Th232
       (n,gamma)                            0 +/- 0
       Fission Rate                         0 +/- 0
       (n,elastic)                          0 +/- 0
   Incoming Energy [0.1, 1)
     U238
       (n,gamma)                            0 +/- 0
       Fission Rate                         0 +/- 0
       (n,elastic)                          0 +/- 0
     U235
       (n,gamma)                            0 +/- 0
       Fission Rate                         0 +/- 0
       (n,elastic)                          0 +/- 0
     Th232
       (n,gamma)                            0 +/- 0
       Fission Rate                         0 +/- 0
       (n,elastic)                          0 +/- 0
   Incoming Energy [1, 10)
     U238
       (n,gamma)                            0 +/- 0
       Fission Rate                         0 +/- 0
       (n,elastic)                          0 +/- 0
     U235
       (n,gamma)                            0 +/- 0
       Fission Rate                         0 +/- 0
       (n,elastic)                          0 +/- 0
     Th232
       (n,gamma)                            0 +/- 0
       Fission Rate                         0 +/- 0
       (n,elastic)                          0 +/- 0
   Incoming Energy [10, 100)
     U238
       (n,gamma)                            0 +/- 0
       Fission Rate                         0 +/- 0
       (n,elastic)                          0 +/- 0
     U235
       (n,gamma)                            0 +/- 0
       Fission Rate                         0 +/- 0
       (n,elastic)                          0 +/- 0
     Th232
       (n,gamma)                            0 +/- 0
       Fission Rate                         0 +/- 0
       (n,elastic)                          0 +/- 0
   Incoming Energy [100, 1000)
     U238
       (n,gamma)                            0 +/- 0
       Fission Rate                         0 +/- 0
       (n,elastic)                          0 +/- 0
     U235
       (n,gamma)                            0 +/- 0
       Fission Rate                         0 +/- 0
       (n,elastic)                          0 +/- 0
     Th232
       (n,gamma)                            0 +/- 0
       Fission Rate                         0 +/- 0
       (n,elastic)                          0 +/- 0
   Incoming Energy [1000, 10000)
     U238
       (n,gamma)                            0 +/- 0
       Fission Rate                         0 +/- 0
       (n,elastic)                          0 +/- 0
     U235
       (n,gamma)                            0 +/- 0
       Fission Rate                         0 +/- 0
       (n,elastic)                          0 +/- 0
     Th232
       (n,gamma)                            0 +/- 0
       Fission Rate                         0 +/- 0
       (n,elastic)                          0 +/- 0
   Incoming Energy [10000, 100000)
     U238
       (n,gamma)                            0 +/- 0
       Fission Rate                         0 +/- 0
       (n,elastic)                          0 +/- 0
     U235
       (n,gamma)                            0 +/- 0
       Fission Rate                         0 +/- 0
       (n,elastic)                          0 +/- 0
     Th232
       (n,gamma)                            0 +/- 0
       Fission Rate                         0 +/- 0
       (n,elastic)                          0 +/- 0
   Incoming Energy [100000, 1000000)
     U238
       (n,gamma)                            0 +/- 0
       Fission Rate                         0 +/- 0
       (n,elastic)                          0 +/- 0
     U235
       (n,gamma)                            0 +/- 0
       Fission Rate                         0 +/- 0
       (n,elastic)                          0 +/- 0
     Th232
       (n,gamma)                            0 +/- 0
       Fission Rate                         0 +/- 0
       (n,elastic)                          0 +/- 0
   Incoming Energy [1000000, 10000000)
     U238
       (n,gamma)                            0 +/- 0
       Fission Rate                         0 +/- 0
       (n,elastic)                          0 +/- 0
     U235
       (n,gamma)                            0 +/- 0
       Fission Rate                         0 +/- 0
       (n,elastic)                          0 +/- 0
     Th232
       (n,gamma)                            0 +/- 0
       Fission Rate                         0 +/- 0
       (n,elastic)                          0 +/- 0
 ====================>     TALLY 42: FLUX SPECTRUM     <====================

 Cell 11
   Incoming Energy [0, 0.01)
     Total Material
       Flux                                 0 +/- 0
   Incoming Energy [0.01, 0.1)
     Total Material
       Flux                                 0 +/- 0
   Incoming Energy [0.1, 1)
     Total Material
       Flux                                 3.94886e-06 +/- 3.94886e-06
   Incoming Energy [1, 10)
     Total Material
       Flux                                 0.000126504 +/- 1.60111e-05
   Incoming Energy [10, 100)
     Total Material
       Flux                                 0.0073587 +/- 6.1412e-05
   Incoming Energy [100, 1000)
     Total Material
       Flux                                 0.0385133 +/- 0.000285308
   Incoming Energy [1000, 10000)
     Total Material
       Flux                                 0.0918329 +/- 0.000309929
   Incoming Energy [10000, 100000)
     Total Material
       Flux                                 0.160337 +/- 0.000496156
   Incoming Energy [100000, 1000000)
     Total Material
       Flux                                 0.302705 +/- 0.000611137
   Incoming Energy [1000000, 10000000)
     Total Material
       Flux                                 0.118599 +/- 0.000433544
 Cell 12
   Incoming Energy [0, 0.01)
     Total Material
       Flux                                 0 +/- 0
   Incoming Energy [0.01, 0.1)
     Total Material
       Flux                                 0 +/- 0
   Incoming Energy [0.1, 1)
     Total Material
       Flux                                 8.76508e-06 +/- 8.76508e-06
   Incoming Energy [1, 10)
     Total Material
       Flux                                 0.00210006 +/- 0.000179591
   Incoming Energy [10, 100)
     Total Material
       Flux                                 0.10317 +/- 0.00056864
   Incoming Energy [100, 1000)
     Total Material
       Flux                                 0.527887 +/- 0.00324453
   Incoming Energy [1000, 10000)
     Total Material
       Flux                                 1.17353 +/- 0.00380631
   Incoming Energy [10000, 100000)
     Total Material
       Flux                                 2.00605 +/- 0.00551924
   Incoming Energy [100000, 1000000)
     Total Material
       Flux                                 3.55675 +/- 0.00475399
   Incoming Energy [1000000, 10000000)
     Total Material
       Flux                                 1.33642 +/- 0.00522594
 Cell 13
   Incoming Energy [0, 0.01)
     Total Material
       Flux                                 0 +/- 0
   Incoming Energy [0.01, 0.1)
     Total Material
       Flux                                 0 +/- 0
   Incoming Energy [0.1, 1)
     Total Material
       Flux                                 1.80843e-06 +/- 9.8153e-07
   Incoming Energy [1, 10)
     Total Material
       Flux                                 0.0148047 +/- 0.000202056
   Incoming Energy [10, 100)
     Total Material
       Flux                                 0.848606 +/- 0.00400228
   Incoming Energy [100, 1000)
     Total Material
       Flux                                 4.87589 +/- 0.0124172
   Incoming Energy [1000, 10000)
     Total Material
       Flux                                 9.75634 +/- 0.0157372
   Incoming Energy [10000, 100000)
     Total Material
       Flux                                 13.2441 +/- 0.0246121
   Incoming Energy [100000, 1000000)
     Total Material
       Flux                                 15.2829 +/- 0.0233547
   Incoming Energy [1000000, 10000000)
     Total Material
       Flux                                 6.73579 +/- 0.0192594
 Cell 14
   Incoming Energy [0, 0.01)
     Total Material
       Flux                                 0 +/- 0
   Incoming Energy [0.01, 0.1)
     Total Material
       Flux                                 0 +/- 0
   Incoming Energy [0.1, 1)
     Total Material
       Flux                                 0 +/- 0
   Incoming Energy [1, 10)
     Total Material
       Flux                                 8.48809e-05 +/- 1.90806e-05
   Incoming Energy [10, 100)
     Total Material
       Flux                                 0.00434875 +/- 0.000216797
   Incoming Energy [100, 1000)
     Total Material
       Flux                                 0.0196579 +/- 0.000348228
   Incoming Energy [1000, 10000)
     Total Material
       Flux                                 0.0334737 +/- 0.000692387
   Incoming Energy [10000, 100000)
     Total Material
       Flux                                 0.0412979 +/- 0.000621991
   Incoming Energy [100000, 1000000)
     Total Material
       Flux                                 0.0616562 +/- 0.00101485
   Incoming Energy [1000000, 10000000)
     Total Material
       Flux                                 0.0386346 +/- 0.000403688
 Cell 21
   Incoming Energy [0, 0.01)
     Total Material
       Flux                                 0 +/- 0
   Incoming Energy [0.01, 0.1)
     Total Material
       Flux                                 0 +/- 0
   Incoming Energy [0.1, 1)
     Total Material
       Flux                                 2.20661e-07 +/- 2.20661e-07
   Incoming Energy [1, 10)
     Total Material
       Flux                                 0.000218398 +/- 2.07684e-05
   Incoming Energy [10, 100)
     Total Material
       Flux                                 0.0112865 +/- 8.13486e-05
   Incoming Energy [100, 1000)
     Total Material
       Flux                                 0.060851 +/- 0.000562619
   Incoming Energy [1000, 10000)
     Total Material
       Flux                                 0.147756 +/- 0.00075784
   Incoming Energy [10000, 100000)
     Total Material
       Flux                                 0.25972 +/- 0.000725776
   Incoming Energy [100000, 1000000)
     Total Material
       Flux                                 0.540796 +/- 0.000881382
   Incoming Energy [1000000, 10000000)
     Total Material
       Flux                                 0.228178 +/- 0.000870034
 Cell 22
   Incoming Energy [0, 0.01)
     Total Material
       Flux                                 0 +/- 0
   Incoming Energy [0.01, 0.1)
     Total Material
       Flux                                 0 +/- 0
   Incoming Energy [0.1, 1)
     Total Material
       Flux                                 1.16566e-06 +/- 1.16566e-06
   Incoming Energy [1, 10)
     Total Material
       Flux                                 0.00360196 +/- 0.000164762
   Incoming Energy [10, 100)
     Total Material
       Flux                                 0.168013 +/- 0.00129932
   Incoming Energy [100, 1000)
     Total Material
       Flux                                 0.866083 +/- 0.00388859
   Incoming Energy [1000, 10000)
     Total Material
       Flux                                 1.93803 +/- 0.00644426
   Incoming Energy [10000, 100000)
     Total Material
       Flux                                 3.33507 +/- 0.00828034
   Incoming Energy [100000, 1000000)
     Total Material
       Flux                                 6.46725 +/- 0.00860754
   Incoming Energy [1000000, 10000000)
     Total Material
       Flux                                 2.76479 +/- 0.00692064
 Cell 23
   Incoming Energy [0, 0.01)
     Total Material
       Flux                                 0 +/- 0
   Incoming Energy [0.01, 0.1)
     Total Material
       Flux                                 0 +/- 0
   Incoming Energy [0.1, 1)
     Total Material
       Flux                                 1.10821e-05 +/- 5.98943e-06
   Incoming Energy [1, 10)
     Total Material
       Flux                                 0.0315529 +/- 0.000630118
   Incoming Energy [10, 100)
     Total Material
       Flux                                 1.76672 +/- 0.00779807
   Incoming Energy [100, 1000)
     Total Material
       Flux                                 10.1862 +/- 0.023923
   Incoming Energy [1000, 10000)
     Total Material
       Flux                                 20.4317 +/- 0.0258212
   Incoming Energy [10000, 100000)
     Total Material
       Flux                                 27.9668 +/- 0.025441
   Incoming Energy [100000, 1000000)
     Total Material
       Flux                                 33.5464 +/- 0.0291828
   Incoming Energy [1000000, 10000000)
     Total Material
       Flux                                 16.536 +/- 0.0228151
 Cell 24
   Incoming Energy [0, 0.01)
     Total Material
       Flux                                 0 +/- 0
   Incoming Energy [0.01, 0.1)
     Total Material
       Flux                                 0 +/- 0
   Incoming Energy [0.1, 1)
     Total Material
       Flux                                 0 +/- 0
   Incoming Energy [1, 10)
     Total Material
       Flux                                 9.06047e-06 +/- 9.06047e-06
   Incoming Energy [10, 100)
     Total Material
       Flux                                 0.000732168 +/- 0.000107946
   Incoming Energy [100, 1000)
     Total Material
       Flux                                 0.00310353 +/- 0.000149618
   Incoming Energy [1000, 10000)
     Total Material
       Flux                                 0.00556498 +/- 0.000340684
   Incoming Energy [10000, 100000)
     Total Material
       Flux                                 0.00599036 +/- 0.000230444
   Incoming Energy [100000, 1000000)
     Total Material
       Flux                                 0.00973639 +/- 0.000473488
   Incoming Energy [1000000, 10000000)
     Total Material
       Flux                                 0.00599014 +/- 0.000212381
 ================>     TALLY 48: LI RXN RATES SPECTRUM     <================

 Cell 11
   Incoming Energy [0, 0.01)
     Li6
       (n,gamma)                            0 +/- 0
       (n,Xt)                               0 +/- 0
       (n,elastic)                          0 +/- 0
     Li7
       (n,gamma)                            0 +/- 0
       (n,Xt)                               0 +/- 0
       (n,elastic)                          0 +/- 0
   Incoming Energy [0.01, 0.1)
     Li6
       (n,gamma)                            0 +/- 0
       (n,Xt)                               0 +/- 0
       (n,elastic)                          0 +/- 0
     Li7
       (n,gamma)                            0 +/- 0
       (n,Xt)                               0 +/- 0
       (n,elastic)                          0 +/- 0
   Incoming Energy [0.1, 1)
     Li6
       (n,gamma)                            0 +/- 0
       (n,Xt)                               0 +/- 0
       (n,elastic)                          0 +/- 0
     Li7
       (n,gamma)                            0 +/- 0
       (n,Xt)                               0 +/- 0
       (n,elastic)                          0 +/- 0
   Incoming Energy [1, 10)
     Li6
       (n,gamma)                            0 +/- 0
       (n,Xt)                               0 +/- 0
       (n,elastic)                          0 +/- 0
     Li7
       (n,gamma)                            0 +/- 0
       (n,Xt)                               0 +/- 0
       (n,elastic)                          0 +/- 0
   Incoming Energy [10, 100)
     Li6
       (n,gamma)                            0 +/- 0
       (n,Xt)                               0 +/- 0
       (n,elastic)                          0 +/- 0
     Li7
       (n,gamma)                            0 +/- 0
       (n,Xt)                               0 +/- 0
       (n,elastic)                          0 +/- 0
   Incoming Energy [100, 1000)
     Li6
       (n,gamma)                            0 +/- 0
       (n,Xt)                               0 +/- 0
       (n,elastic)                          0 +/- 0
     Li7
       (n,gamma)                            0 +/- 0
       (n,Xt)                               0 +/- 0
       (n,elastic)                          0 +/- 0
   Incoming Energy [1000, 10000)
     Li6
       (n,gamma)                            0 +/- 0
       (n,Xt)                               0 +/- 0
       (n,elastic)                          0 +/- 0
     Li7
       (n,gamma)                            0 +/- 0
       (n,Xt)                               0 +/- 0
       (n,elastic)                          0 +/- 0
   Incoming Energy [10000, 100000)
     Li6
       (n,gamma)                            0 +/- 0
       (n,Xt)                               0 +/- 0
       (n,elastic)                          0 +/- 0
     Li7
       (n,gamma)                            0 +/- 0
       (n,Xt)                               0 +/- 0
       (n,elastic)                          0 +/- 0
   Incoming Energy [100000, 1000000)
     Li6
       (n,gamma)                            0 +/- 0
       (n,Xt)                               0 +/- 0
       (n,elastic)                          0 +/- 0
     Li7
       (n,gamma)                            0 +/- 0
       (n,Xt)                               0 +/- 0
       (n,elastic)                          0 +/- 0
   Incoming Energy [1000000, 10000000)
     Li6
       (n,gamma)                            0 +/- 0
       (n,Xt)                               0 +/- 0
       (n,elastic)                          0 +/- 0
     Li7
       (n,gamma)                            0 +/- 0
       (n,Xt)                               0 +/- 0
       (n,elastic)                          0 +/- 0
 Cell 12
   Incoming Energy [0, 0.01)
     Li6
       (n,gamma)                            0 +/- 0
       (n,Xt)                               0 +/- 0
       (n,elastic)                          0 +/- 0
     Li7
       (n,gamma)                            0 +/- 0
       (n,Xt)                               0 +/- 0
       (n,elastic)                          0 +/- 0
   Incoming Energy [0.01, 0.1)
     Li6
       (n,gamma)                            0 +/- 0
       (n,Xt)                               0 +/- 0
       (n,elastic)                          0 +/- 0
     Li7
       (n,gamma)                            0 +/- 0
       (n,Xt)                               0 +/- 0
       (n,elastic)                          0 +/- 0
   Incoming Energy [0.1, 1)
     Li6
       (n,gamma)                            0 +/- 0
       (n,Xt)                               0 +/- 0
       (n,elastic)                          0 +/- 0
     Li7
       (n,gamma)                            0 +/- 0
       (n,Xt)                               0 +/- 0
       (n,elastic)                          0 +/- 0
   Incoming Energy [1, 10)
     Li6
       (n,gamma)                            0 +/- 0
       (n,Xt)                               0 +/- 0
       (n,elastic)                          0 +/- 0
     Li7
       (n,gamma)                            0 +/- 0
       (n,Xt)                               0 +/- 0
       (n,elastic)                          0 +/- 0
   Incoming Energy [10, 100)
     Li6
       (n,gamma)                            0 +/- 0
       (n,Xt)                               0 +/- 0
       (n,elastic)                          0 +/- 0
     Li7
       (n,gamma)                            0 +/- 0
       (n,Xt)                               0 +/- 0
       (n,elastic)                          0 +/- 0
   Incoming Energy [100, 1000)
     Li6
       (n,gamma)                            0 +/- 0
       (n,Xt)                               0 +/- 0
       (n,elastic)                          0 +/- 0
     Li7
       (n,gamma)                            0 +/- 0
       (n,Xt)                               0 +/- 0
       (n,elastic)                          0 +/- 0
   Incoming Energy [1000, 10000)
     Li6
       (n,gamma)                            0 +/- 0
       (n,Xt)                               0 +/- 0
       (n,elastic)                          0 +/- 0
     Li7
       (n,gamma)                            0 +/- 0
       (n,Xt)                               0 +/- 0
       (n,elastic)                          0 +/- 0
   Incoming Energy [10000, 100000)
     Li6
       (n,gamma)                            0 +/- 0
       (n,Xt)                               0 +/- 0
       (n,elastic)                          0 +/- 0
     Li7
       (n,gamma)                            0 +/- 0
       (n,Xt)                               0 +/- 0
       (n,elastic)                          0 +/- 0
   Incoming Energy [100000, 1000000)
     Li6
       (n,gamma)                            0 +/- 0
       (n,Xt)                               0 +/- 0
       (n,elastic)                          0 +/- 0
     Li7
       (n,gamma)                            0 +/- 0
       (n,Xt)                               0 +/- 0
       (n,elastic)                          0 +/- 0
   Incoming Energy [1000000, 10000000)
     Li6
       (n,gamma)                            0 +/- 0
       (n,Xt)                               0 +/- 0
       (n,elastic)                          0 +/- 0
     Li7
       (n,gamma)                            0 +/- 0
       (n,Xt)                               0 +/- 0
       (n,elastic)                          0 +/- 0
 Cell 13
   Incoming Energy [0, 0.01)
     Li6
       (n,gamma)                            0 +/- 0
       (n,Xt)                               0 +/- 0
       (n,elastic)                          0 +/- 0
     Li7
       (n,gamma)                            0 +/- 0
       (n,Xt)                               0 +/- 0
       (n,elastic)                          0 +/- 0
   Incoming Energy [0.01, 0.1)
     Li6
       (n,gamma)                            0 +/- 0
       (n,Xt)                               0 +/- 0
       (n,elastic)                          0 +/- 0
     Li7
       (n,gamma)                            0 +/- 0
       (n,Xt)                               0 +/- 0
       (n,elastic)                          0 +/- 0
   Incoming Energy [0.1, 1)
     Li6
       (n,gamma)                            4.5888e-11 +/- 2.51202e-11
       (n,Xt)                               1.11783e-06 +/- 6.11928e-07
       (n,elastic)                          4.99332e-09 +/- 2.71051e-09
     Li7
       (n,gamma)                            3.60799e-11 +/- 1.97517e-11
       (n,Xt)                               0 +/- 0
       (n,elastic)                          4.54162e-09 +/- 2.46498e-09
   Incoming Energy [1, 10)
     Li6
       (n,gamma)                            1.32701e-07 +/- 1.95331e-09
       (n,Xt)                               0.00323156 +/- 4.75693e-05
       (n,elastic)                          4.0594e-05 +/- 5.54107e-07
     Li7
       (n,gamma)                            1.04362e-07 +/- 1.53602e-09
       (n,Xt)                               0 +/- 0
       (n,elastic)                          3.75579e-05 +/- 5.11851e-07
   Incoming Energy [10, 100)
     Li6
       (n,gamma)                            2.85904e-06 +/- 1.48392e-08
       (n,Xt)                               0.0695704 +/- 0.000361131
       (n,elastic)                          0.00232288 +/- 1.09567e-05
     Li7
       (n,gamma)                            2.24816e-06 +/- 1.16682e-08
       (n,Xt)                               0 +/- 0
       (n,elastic)                          0.00219883 +/- 1.03488e-05
   Incoming Energy [100, 1000)
     Li6
       (n,gamma)                            6.08502e-06 +/- 1.60065e-08
       (n,Xt)                               0.14782 +/- 0.000388878
       (n,elastic)                          0.0133116 +/- 3.39012e-05
     Li7
       (n,gamma)                            4.48126e-06 +/- 1.18524e-08
       (n,Xt)                               0 +/- 0
       (n,elastic)                          0.0129576 +/- 3.29976e-05
   Incoming Energy [1000, 10000)
     Li6
       (n,gamma)                            4.15053e-06 +/- 6.98045e-09
       (n,Xt)                               0.100702 +/- 0.000169341
       (n,elastic)                          0.026419 +/- 4.26324e-05
     Li7
       (n,gamma)                            3.52038e-06 +/- 5.80865e-09
       (n,Xt)                               0 +/- 0
       (n,elastic)                          0.0263676 +/- 4.25317e-05
   Incoming Energy [10000, 100000)
     Li6
       (n,gamma)                            1.80696e-06 +/- 3.4822e-09
       (n,Xt)                               0.0466109 +/- 8.91566e-05
       (n,elastic)                          0.0359148 +/- 6.67577e-05
     Li7
       (n,gamma)                            1.75494e-06 +/- 3.41532e-09
       (n,Xt)                               0 +/- 0
       (n,elastic)                          0.0349453 +/- 6.50593e-05
   Incoming Energy [100000, 1000000)
     Li6
       (n,gamma)                            7.82018e-07 +/- 1.16435e-09
       (n,Xt)                               0.0568279 +/- 7.38695e-05
       (n,elastic)                          0.147731 +/- 0.000203012
     Li7
       (n,gamma)                            6.67249e-07 +/- 8.56298e-10
       (n,Xt)                               0 +/- 0
       (n,elastic)                          0.0731047 +/- 0.00010614
   Incoming Energy [1000000, 10000000)
     Li6
       (n,gamma)                            2.86006e-07 +/- 8.13024e-10
       (n,Xt)                               0.00479215 +/- 1.37069e-05
       (n,elastic)                          0.0291801 +/- 8.69908e-05
     Li7
       (n,gamma)                            8.07634e-08 +/- 2.28916e-10
       (n,Xt)                               0.00111157 +/- 6.1508e-06
       (n,elastic)                          0.0271245 +/- 8.11328e-05
 Cell 14
   Incoming Energy [0, 0.01)
     Li6
       (n,gamma)                            0 +/- 0
       (n,Xt)                               0 +/- 0
       (n,elastic)                          0 +/- 0
     Li7
       (n,gamma)                            0 +/- 0
       (n,Xt)                               0 +/- 0
       (n,elastic)                          0 +/- 0
   Incoming Energy [0.01, 0.1)
     Li6
       (n,gamma)                            0 +/- 0
       (n,Xt)                               0 +/- 0
       (n,elastic)                          0 +/- 0
     Li7
       (n,gamma)                            0 +/- 0
       (n,Xt)                               0 +/- 0
       (n,elastic)                          0 +/- 0
   Incoming Energy [0.1, 1)
     Li6
       (n,gamma)                            0 +/- 0
       (n,Xt)                               0 +/- 0
       (n,elastic)                          0 +/- 0
     Li7
       (n,gamma)                            0 +/- 0
       (n,Xt)                               0 +/- 0
       (n,elastic)                          0 +/- 0
   Incoming Energy [1, 10)
     Li6
       (n,gamma)                            0 +/- 0
       (n,Xt)                               0 +/- 0
       (n,elastic)                          0 +/- 0
     Li7
       (n,gamma)                            0 +/- 0
       (n,Xt)                               0 +/- 0
       (n,elastic)                          0 +/- 0
   Incoming Energy [10, 100)
     Li6
       (n,gamma)                            0 +/- 0
       (n,Xt)                               0 +/- 0
       (n,elastic)                          0 +/- 0
     Li7
       (n,gamma)                            0 +/- 0
       (n,Xt)                               0 +/- 0
       (n,elastic)                          0 +/- 0
   Incoming Energy [100, 1000)
     Li6
       (n,gamma)                            0 +/- 0
       (n,Xt)                               0 +/- 0
       (n,elastic)                          0 +/- 0
     Li7
       (n,gamma)                            0 +/- 0
       (n,Xt)                               0 +/- 0
       (n,elastic)                          0 +/- 0
   Incoming Energy [1000, 10000)
     Li6
       (n,gamma)                            0 +/- 0
       (n,Xt)                               0 +/- 0
       (n,elastic)                          0 +/- 0
     Li7
       (n,gamma)                            0 +/- 0
       (n,Xt)                               0 +/- 0
       (n,elastic)                          0 +/- 0
   Incoming Energy [10000, 100000)
     Li6
       (n,gamma)                            0 +/- 0
       (n,Xt)                               0 +/- 0
       (n,elastic)                          0 +/- 0
     Li7
       (n,gamma)                            0 +/- 0
       (n,Xt)                               0 +/- 0
       (n,elastic)                          0 +/- 0
   Incoming Energy [100000, 1000000)
     Li6
       (n,gamma)                            0 +/- 0
       (n,Xt)                               0 +/- 0
       (n,elastic)                          0 +/- 0
     Li7
       (n,gamma)                            0 +/- 0
       (n,Xt)                               0 +/- 0
       (n,elastic)                          0 +/- 0
   Incoming Energy [1000000, 10000000)
     Li6
       (n,gamma)                            0 +/- 0
       (n,Xt)                               0 +/- 0
       (n,elastic)                          0 +/- 0
     Li7
       (n,gamma)                            0 +/- 0
       (n,Xt)                               0 +/- 0
       (n,elastic)                          0 +/- 0
 Cell 21
   Incoming Energy [0, 0.01)
     Li6
       (n,gamma)                            0 +/- 0
       (n,Xt)                               0 +/- 0
       (n,elastic)                          0 +/- 0
     Li7
       (n,gamma)                            0 +/- 0
       (n,Xt)                               0 +/- 0
       (n,elastic)                          0 +/- 0
   Incoming Energy [0.01, 0.1)
     Li6
       (n,gamma)                            0 +/- 0
       (n,Xt)                               0 +/- 0
       (n,elastic)                          0 +/- 0
     Li7
       (n,gamma)                            0 +/- 0
       (n,Xt)                               0 +/- 0
       (n,elastic)                          0 +/- 0
   Incoming Energy [0.1, 1)
     Li6
       (n,gamma)                            0 +/- 0
       (n,Xt)                               0 +/- 0
       (n,elastic)                          0 +/- 0
     Li7
       (n,gamma)                            0 +/- 0
       (n,Xt)                               0 +/- 0
       (n,elastic)                          0 +/- 0
   Incoming Energy [1, 10)
     Li6
       (n,gamma)                            0 +/- 0
       (n,Xt)                               0 +/- 0
       (n,elastic)                          0 +/- 0
     Li7
       (n,gamma)                            0 +/- 0
       (n,Xt)                               0 +/- 0
       (n,elastic)                          0 +/- 0
   Incoming Energy [10, 100)
     Li6
       (n,gamma)                            0 +/- 0
       (n,Xt)                               0 +/- 0
       (n,elastic)                          0 +/- 0
     Li7
       (n,gamma)                            0 +/- 0
       (n,Xt)                               0 +/- 0
       (n,elastic)                          0 +/- 0
   Incoming Energy [100, 1000)
     Li6
       (n,gamma)                            0 +/- 0
       (n,Xt)                               0 +/- 0
       (n,elastic)                          0 +/- 0
     Li7
       (n,gamma)                            0 +/- 0
       (n,Xt)                               0 +/- 0
       (n,elastic)                          0 +/- 0
   Incoming Energy [1000, 10000)
     Li6
       (n,gamma)                            0 +/- 0
       (n,Xt)                               0 +/- 0
       (n,elastic)                          0 +/- 0
     Li7
       (n,gamma)                            0 +/- 0
       (n,Xt)                               0 +/- 0
       (n,elastic)                          0 +/- 0
   Incoming Energy [10000, 100000)
     Li6
       (n,gamma)                            0 +/- 0
       (n,Xt)                               0 +/- 0
       (n,elastic)                          0 +/- 0
     Li7
       (n,gamma)                            0 +/- 0
       (n,Xt)                               0 +/- 0
       (n,elastic)                          0 +/- 0
   Incoming Energy [100000, 1000000)
     Li6
       (n,gamma)                            0 +/- 0
       (n,Xt)                               0 +/- 0
       (n,elastic)                          0 +/- 0
     Li7
       (n,gamma)                            0 +/- 0
       (n,Xt)                               0 +/- 0
       (n,elastic)                          0 +/- 0
   Incoming Energy [1000000, 10000000)
     Li6
       (n,gamma)                            0 +/- 0
       (n,Xt)                               0 +/- 0
       (n,elastic)                          0 +/- 0
     Li7
       (n,gamma)                            0 +/- 0
       (n,Xt)                               0 +/- 0
       (n,elastic)                          0 +/- 0
 Cell 22
   Incoming Energy [0, 0.01)
     Li6
       (n,gamma)                            0 +/- 0
       (n,Xt)                               0 +/- 0
       (n,elastic)                          0 +/- 0
     Li7
       (n,gamma)                            0 +/- 0
       (n,Xt)                               0 +/- 0
       (n,elastic)                          0 +/- 0
   Incoming Energy [0.01, 0.1)
     Li6
       (n,gamma)                            0 +/- 0
       (n,Xt)                               0 +/- 0
       (n,elastic)                          0 +/- 0
     Li7
       (n,gamma)                            0 +/- 0
       (n,Xt)                               0 +/- 0
       (n,elastic)                          0 +/- 0
   Incoming Energy [0.1, 1)
     Li6
       (n,gamma)                            0 +/- 0
       (n,Xt)                               0 +/- 0
       (n,elastic)                          0 +/- 0
     Li7
       (n,gamma)                            0 +/- 0
       (n,Xt)                               0 +/- 0
       (n,elastic)                          0 +/- 0
   Incoming Energy [1, 10)
     Li6
       (n,gamma)                            0 +/- 0
       (n,Xt)                               0 +/- 0
       (n,elastic)                          0 +/- 0
     Li7
       (n,gamma)                            0 +/- 0
       (n,Xt)                               0 +/- 0
       (n,elastic)                          0 +/- 0
   Incoming Energy [10, 100)
     Li6
       (n,gamma)                            0 +/- 0
       (n,Xt)                               0 +/- 0
       (n,elastic)                          0 +/- 0
     Li7
       (n,gamma)                            0 +/- 0
       (n,Xt)                               0 +/- 0
       (n,elastic)                          0 +/- 0
   Incoming Energy [100, 1000)
     Li6
       (n,gamma)                            0 +/- 0
       (n,Xt)                               0 +/- 0
       (n,elastic)                          0 +/- 0
     Li7
       (n,gamma)                            0 +/- 0
       (n,Xt)                               0 +/- 0
       (n,elastic)                          0 +/- 0
   Incoming Energy [1000, 10000)
     Li6
       (n,gamma)                            0 +/- 0
       (n,Xt)                               0 +/- 0
       (n,elastic)                          0 +/- 0
     Li7
       (n,gamma)                            0 +/- 0
       (n,Xt)                               0 +/- 0
       (n,elastic)                          0 +/- 0
   Incoming Energy [10000, 100000)
     Li6
       (n,gamma)                            0 +/- 0
       (n,Xt)                               0 +/- 0
       (n,elastic)                          0 +/- 0
     Li7
       (n,gamma)                            0 +/- 0
       (n,Xt)                               0 +/- 0
       (n,elastic)                          0 +/- 0
   Incoming Energy [100000, 1000000)
     Li6
       (n,gamma)                            0 +/- 0
       (n,Xt)                               0 +/- 0
       (n,elastic)                          0 +/- 0
     Li7
       (n,gamma)                            0 +/- 0
       (n,Xt)                               0 +/- 0
       (n,elastic)                          0 +/- 0
   Incoming Energy [1000000, 10000000)
     Li6
       (n,gamma)                            0 +/- 0
       (n,Xt)                               0 +/- 0
       (n,elastic)                          0 +/- 0
     Li7
       (n,gamma)                            0 +/- 0
       (n,Xt)                               0 +/- 0
       (n,elastic)                          0 +/- 0
 Cell 23
   Incoming Energy [0, 0.01)
     Li6
       (n,gamma)                            0 +/- 0
       (n,Xt)                               0 +/- 0
       (n,elastic)                          0 +/- 0
     Li7
       (n,gamma)                            0 +/- 0
       (n,Xt)                               0 +/- 0
       (n,elastic)                          0 +/- 0
   Incoming Energy [0.01, 0.1)
     Li6
       (n,gamma)                            0 +/- 0
       (n,Xt)                               0 +/- 0
       (n,elastic)                          0 +/- 0
     Li7
       (n,gamma)                            0 +/- 0
       (n,Xt)                               0 +/- 0
       (n,elastic)                          0 +/- 0
   Incoming Energy [0.1, 1)
     Li6
       (n,gamma)                            3.00579e-10 +/- 1.66793e-10
       (n,Xt)                               7.32217e-06 +/- 4.06313e-06
       (n,elastic)                          3.06332e-08 +/- 1.65635e-08
     Li7
       (n,gamma)                            2.36356e-10 +/- 1.31152e-10
       (n,Xt)                               0 +/- 0
       (n,elastic)                          2.78292e-08 +/- 1.50403e-08
   Incoming Energy [1, 10)
     Li6
       (n,gamma)                            2.84875e-07 +/- 5.97729e-09
       (n,Xt)                               0.00693734 +/- 0.000145564
       (n,elastic)                          8.65185e-05 +/- 1.72799e-06
     Li7
       (n,gamma)                            2.24035e-07 +/- 4.70053e-09
       (n,Xt)                               0 +/- 0
       (n,elastic)                          8.00368e-05 +/- 1.5968e-06
   Incoming Energy [10, 100)
     Li6
       (n,gamma)                            5.95362e-06 +/- 2.88908e-08
       (n,Xt)                               0.144872 +/- 0.000703094
       (n,elastic)                          0.00483601 +/- 2.13481e-05
     Li7
       (n,gamma)                            4.68153e-06 +/- 2.2718e-08
       (n,Xt)                               0 +/- 0
       (n,elastic)                          0.00457778 +/- 2.01653e-05
   Incoming Energy [100, 1000)
     Li6
       (n,gamma)                            1.27156e-05 +/- 3.1127e-08
       (n,Xt)                               0.308895 +/- 0.000756229
       (n,elastic)                          0.0278091 +/- 6.53205e-05
     Li7
       (n,gamma)                            9.3647e-06 +/- 2.30456e-08
       (n,Xt)                               0 +/- 0
       (n,elastic)                          0.0270696 +/- 6.35198e-05
   Incoming Energy [1000, 10000)
     Li6
       (n,gamma)                            8.6798e-06 +/- 1.20368e-08
       (n,Xt)                               0.210593 +/- 0.000291932
       (n,elastic)                          0.0553256 +/- 7.00208e-05
     Li7
       (n,gamma)                            7.36607e-06 +/- 9.8657e-09
       (n,Xt)                               0 +/- 0
       (n,elastic)                          0.055219 +/- 6.97854e-05
   Incoming Energy [10000, 100000)
     Li6
       (n,gamma)                            3.8073e-06 +/- 3.49046e-09
       (n,Xt)                               0.0982537 +/- 9.00102e-05
       (n,elastic)                          0.0758518 +/- 6.91895e-05
     Li7
       (n,gamma)                            3.69594e-06 +/- 3.41938e-09
       (n,Xt)                               0 +/- 0
       (n,elastic)                          0.073782 +/- 6.70092e-05
   Incoming Energy [100000, 1000000)
     Li6
       (n,gamma)                            1.71224e-06 +/- 1.37198e-09
       (n,Xt)                               0.123702 +/- 9.68658e-05
       (n,elastic)                          0.322819 +/- 0.000278783
     Li7
       (n,gamma)                            1.45122e-06 +/- 1.03828e-09
       (n,Xt)                               0 +/- 0
       (n,elastic)                          0.159849 +/- 0.000138509
   Incoming Energy [1000000, 10000000)
     Li6
       (n,gamma)                            7.01223e-07 +/- 9.67631e-10
       (n,Xt)                               0.0116037 +/- 1.71066e-05
       (n,elastic)                          0.0718384 +/- 0.000103152
     Li7
       (n,gamma)                            1.97878e-07 +/- 2.73093e-10
       (n,Xt)                               0.00291732 +/- 7.68942e-06
       (n,elastic)                          0.0666678 +/- 9.50966e-05
 Cell 24
   Incoming Energy [0, 0.01)
     Li6
       (n,gamma)                            0 +/- 0
       (n,Xt)                               0 +/- 0
       (n,elastic)                          0 +/- 0
     Li7
       (n,gamma)                            0 +/- 0
       (n,Xt)                               0 +/- 0
       (n,elastic)                          0 +/- 0
   Incoming Energy [0.01, 0.1)
     Li6
       (n,gamma)                            0 +/- 0
       (n,Xt)                               0 +/- 0
       (n,elastic)                          0 +/- 0
     Li7
       (n,gamma)                            0 +/- 0
       (n,Xt)                               0 +/- 0
       (n,elastic)                          0 +/- 0
   Incoming Energy [0.1, 1)
     Li6
       (n,gamma)                            0 +/- 0
       (n,Xt)                               0 +/- 0
       (n,elastic)                          0 +/- 0
     Li7
       (n,gamma)                            0 +/- 0
       (n,Xt)                               0 +/- 0
       (n,elastic)                          0 +/- 0
   Incoming Energy [1, 10)
     Li6
       (n,gamma)                            0 +/- 0
       (n,Xt)                               0 +/- 0
       (n,elastic)                          0 +/- 0
     Li7
       (n,gamma)                            0 +/- 0
       (n,Xt)                               0 +/- 0
       (n,elastic)                          0 +/- 0
   Incoming Energy [10, 100)
     Li6
       (n,gamma)                            0 +/- 0
       (n,Xt)                               0 +/- 0
       (n,elastic)                          0 +/- 0
     Li7
       (n,gamma)                            0 +/- 0
       (n,Xt)                               0 +/- 0
       (n,elastic)                          0 +/- 0
   Incoming Energy [100, 1000)
     Li6
       (n,gamma)                            0 +/- 0
       (n,Xt)                               0 +/- 0
       (n,elastic)                          0 +/- 0
     Li7
       (n,gamma)                            0 +/- 0
       (n,Xt)                               0 +/- 0
       (n,elastic)                          0 +/- 0
   Incoming Energy [1000, 10000)
     Li6
       (n,gamma)                            0 +/- 0
       (n,Xt)                               0 +/- 0
       (n,elastic)                          0 +/- 0
     Li7
       (n,gamma)                            0 +/- 0
       (n,Xt)                               0 +/- 0
       (n,elastic)                          0 +/- 0
   Incoming Energy [10000, 100000)
     Li6
       (n,gamma)                            0 +/- 0
       (n,Xt)                               0 +/- 0
       (n,elastic)                          0 +/- 0
     Li7
       (n,gamma)                            0 +/- 0
       (n,Xt)                               0 +/- 0
       (n,elastic)                          0 +/- 0
   Incoming Energy [100000, 1000000)
     Li6
       (n,gamma)                            0 +/- 0
       (n,Xt)                               0 +/- 0
       (n,elastic)                          0 +/- 0
     Li7
       (n,gamma)                            0 +/- 0
       (n,Xt)                               0 +/- 0
       (n,elastic)                          0 +/- 0
   Incoming Energy [1000000, 10000000)
     Li6
       (n,gamma)                            0 +/- 0
       (n,Xt)                               0 +/- 0
       (n,elastic)                          0 +/- 0
     Li7
       (n,gamma)                            0 +/- 0
       (n,Xt)                               0 +/- 0
       (n,elastic)                          0 +/- 0
