 ==================>     TALLY 122: TOTAL U RXN RATE     <==================

 U238
   (n,gamma)                            0.00195747 +/- 2.28945e-05
   Fission Rate                         0.000245809 +/- 8.84982e-07
   (n,elastic)                          0.0254785 +/- 6.46046e-05
 U235
   (n,gamma)                            2.49059e-05 +/- 1.33009e-07
   Fission Rate                         6.4024e-05 +/- 2.17384e-07
   (n,elastic)                          0.000139395 +/- 2.02374e-07
 ====================>     TALLY 123: U RXN RATES     <=====================

 Cell 11
   U238
     (n,gamma)                            0 +/- 0
     Fission Rate                         0 +/- 0
     (n,elastic)                          0 +/- 0
   U235
     (n,gamma)                            0 +/- 0
     Fission Rate                         0 +/- 0
     (n,elastic)                          0 +/- 0
 Cell 12
   U238
     (n,gamma)                            0 +/- 0
     Fission Rate                         0 +/- 0
     (n,elastic)                          0 +/- 0
   U235
     (n,gamma)                            0 +/- 0
     Fission Rate                         0 +/- 0
     (n,elastic)                          0 +/- 0
 Cell 13
   U238
     (n,gamma)                            0.00195747 +/- 2.28945e-05
     Fission Rate                         0.000245809 +/- 8.84982e-07
     (n,elastic)                          0.0254785 +/- 6.46046e-05
   U235
     (n,gamma)                            2.49059e-05 +/- 1.33009e-07
     Fission Rate                         6.4024e-05 +/- 2.17384e-07
     (n,elastic)                          0.000139395 +/- 2.02374e-07
 Cell 14
   U238
     (n,gamma)                            0 +/- 0
     Fission Rate                         0 +/- 0
     (n,elastic)                          0 +/- 0
   U235
     (n,gamma)                            0 +/- 0
     Fission Rate                         0 +/- 0
     (n,elastic)                          0 +/- 0
 Cell 21
   U238
     (n,gamma)                            0 +/- 0
     Fission Rate                         0 +/- 0
     (n,elastic)                          0 +/- 0
   U235
     (n,gamma)                            0 +/- 0
     Fission Rate                         0 +/- 0
     (n,elastic)                          0 +/- 0
 Cell 22
   U238
     (n,gamma)                            0 +/- 0
     Fission Rate                         0 +/- 0
     (n,elastic)                          0 +/- 0
   U235
     (n,gamma)                            0 +/- 0
     Fission Rate                         0 +/- 0
     (n,elastic)                          0 +/- 0
 Cell 23
   U238
     (n,gamma)                            0 +/- 0
     Fission Rate                         0 +/- 0
     (n,elastic)                          0 +/- 0
   U235
     (n,gamma)                            0 +/- 0
     Fission Rate                         0 +/- 0
     (n,elastic)                          0 +/- 0
 Cell 24
   U238
     (n,gamma)                            0 +/- 0
     Fission Rate                         0 +/- 0
     (n,elastic)                          0 +/- 0
   U235
     (n,gamma)                            0 +/- 0
     Fission Rate                         0 +/- 0
     (n,elastic)                          0 +/- 0
 ================>     TALLY 124: U RXN RATES SPECTRUM     <================

 Cell 11
   Incoming Energy [0, 0.01)
     U238
       (n,gamma)                            0 +/- 0
       Fission Rate                         0 +/- 0
       (n,elastic)                          0 +/- 0
     U235
       (n,gamma)                            0 +/- 0
       Fission Rate                         0 +/- 0
       (n,elastic)                          0 +/- 0
   Incoming Energy [0.01, 0.1)
     U238
       (n,gamma)                            0 +/- 0
       Fission Rate                         0 +/- 0
       (n,elastic)                          0 +/- 0
     U235
       (n,gamma)                            0 +/- 0
       Fission Rate                         0 +/- 0
       (n,elastic)                          0 +/- 0
   Incoming Energy [0.1, 1)
     U238
       (n,gamma)                            0 +/- 0
       Fission Rate                         0 +/- 0
       (n,elastic)                          0 +/- 0
     U235
       (n,gamma)                            0 +/- 0
       Fission Rate                         0 +/- 0
       (n,elastic)                          0 +/- 0
   Incoming Energy [1, 10)
     U238
       (n,gamma)                            0 +/- 0
       Fission Rate                         0 +/- 0
       (n,elastic)                          0 +/- 0
     U235
       (n,gamma)                            0 +/- 0
       Fission Rate                         0 +/- 0
       (n,elastic)                          0 +/- 0
   Incoming Energy [10, 100)
     U238
       (n,gamma)                            0 +/- 0
       Fission Rate                         0 +/- 0
       (n,elastic)                          0 +/- 0
     U235
       (n,gamma)                            0 +/- 0
       Fission Rate                         0 +/- 0
       (n,elastic)                          0 +/- 0
   Incoming Energy [100, 1000)
     U238
       (n,gamma)                            0 +/- 0
       Fission Rate                         0 +/- 0
       (n,elastic)                          0 +/- 0
     U235
       (n,gamma)                            0 +/- 0
       Fission Rate                         0 +/- 0
       (n,elastic)                          0 +/- 0
   Incoming Energy [1000, 10000)
     U238
       (n,gamma)                            0 +/- 0
       Fission Rate                         0 +/- 0
       (n,elastic)                          0 +/- 0
     U235
       (n,gamma)                            0 +/- 0
       Fission Rate                         0 +/- 0
       (n,elastic)                          0 +/- 0
   Incoming Energy [10000, 100000)
     U238
       (n,gamma)                            0 +/- 0
       Fission Rate                         0 +/- 0
       (n,elastic)                          0 +/- 0
     U235
       (n,gamma)                            0 +/- 0
       Fission Rate                         0 +/- 0
       (n,elastic)                          0 +/- 0
   Incoming Energy [100000, 1000000)
     U238
       (n,gamma)                            0 +/- 0
       Fission Rate                         0 +/- 0
       (n,elastic)                          0 +/- 0
     U235
       (n,gamma)                            0 +/- 0
       Fission Rate                         0 +/- 0
       (n,elastic)                          0 +/- 0
   Incoming Energy [1000000, 10000000)
     U238
       (n,gamma)                            0 +/- 0
       Fission Rate                         0 +/- 0
       (n,elastic)                          0 +/- 0
     U235
       (n,gamma)                            0 +/- 0
       Fission Rate                         0 +/- 0
       (n,elastic)                          0 +/- 0
 Cell 12
   Incoming Energy [0, 0.01)
     U238
       (n,gamma)                            0 +/- 0
       Fission Rate                         0 +/- 0
       (n,elastic)                          0 +/- 0
     U235
       (n,gamma)                            0 +/- 0
       Fission Rate                         0 +/- 0
       (n,elastic)                          0 +/- 0
   Incoming Energy [0.01, 0.1)
     U238
       (n,gamma)                            0 +/- 0
       Fission Rate                         0 +/- 0
       (n,elastic)                          0 +/- 0
     U235
       (n,gamma)                            0 +/- 0
       Fission Rate                         0 +/- 0
       (n,elastic)                          0 +/- 0
   Incoming Energy [0.1, 1)
     U238
       (n,gamma)                            0 +/- 0
       Fission Rate                         0 +/- 0
       (n,elastic)                          0 +/- 0
     U235
       (n,gamma)                            0 +/- 0
       Fission Rate                         0 +/- 0
       (n,elastic)                          0 +/- 0
   Incoming Energy [1, 10)
     U238
       (n,gamma)                            0 +/- 0
       Fission Rate                         0 +/- 0
       (n,elastic)                          0 +/- 0
     U235
       (n,gamma)                            0 +/- 0
       Fission Rate                         0 +/- 0
       (n,elastic)                          0 +/- 0
   Incoming Energy [10, 100)
     U238
       (n,gamma)                            0 +/- 0
       Fission Rate                         0 +/- 0
       (n,elastic)                          0 +/- 0
     U235
       (n,gamma)                            0 +/- 0
       Fission Rate                         0 +/- 0
       (n,elastic)                          0 +/- 0
   Incoming Energy [100, 1000)
     U238
       (n,gamma)                            0 +/- 0
       Fission Rate                         0 +/- 0
       (n,elastic)                          0 +/- 0
     U235
       (n,gamma)                            0 +/- 0
       Fission Rate                         0 +/- 0
       (n,elastic)                          0 +/- 0
   Incoming Energy [1000, 10000)
     U238
       (n,gamma)                            0 +/- 0
       Fission Rate                         0 +/- 0
       (n,elastic)                          0 +/- 0
     U235
       (n,gamma)                            0 +/- 0
       Fission Rate                         0 +/- 0
       (n,elastic)                          0 +/- 0
   Incoming Energy [10000, 100000)
     U238
       (n,gamma)                            0 +/- 0
       Fission Rate                         0 +/- 0
       (n,elastic)                          0 +/- 0
     U235
       (n,gamma)                            0 +/- 0
       Fission Rate                         0 +/- 0
       (n,elastic)                          0 +/- 0
   Incoming Energy [100000, 1000000)
     U238
       (n,gamma)                            0 +/- 0
       Fission Rate                         0 +/- 0
       (n,elastic)                          0 +/- 0
     U235
       (n,gamma)                            0 +/- 0
       Fission Rate                         0 +/- 0
       (n,elastic)                          0 +/- 0
   Incoming Energy [1000000, 10000000)
     U238
       (n,gamma)                            0 +/- 0
       Fission Rate                         0 +/- 0
       (n,elastic)                          0 +/- 0
     U235
       (n,gamma)                            0 +/- 0
       Fission Rate                         0 +/- 0
       (n,elastic)                          0 +/- 0
 Cell 13
   Incoming Energy [0, 0.01)
     U238
       (n,gamma)                            0 +/- 0
       Fission Rate                         0 +/- 0
       (n,elastic)                          0 +/- 0
     U235
       (n,gamma)                            0 +/- 0
       Fission Rate                         0 +/- 0
       (n,elastic)                          0 +/- 0
   Incoming Energy [0.01, 0.1)
     U238
       (n,gamma)                            0 +/- 0
       Fission Rate                         0 +/- 0
       (n,elastic)                          0 +/- 0
     U235
       (n,gamma)                            0 +/- 0
       Fission Rate                         0 +/- 0
       (n,elastic)                          0 +/- 0
   Incoming Energy [0.1, 1)
     U238
       (n,gamma)                            0 +/- 0
       Fission Rate                         0 +/- 0
       (n,elastic)                          0 +/- 0
     U235
       (n,gamma)                            0 +/- 0
       Fission Rate                         0 +/- 0
       (n,elastic)                          0 +/- 0
   Incoming Energy [1, 10)
     U238
       (n,gamma)                            2.00068e-05 +/- 3.43236e-06
       Fission Rate                         9.43993e-12 +/- 1.44477e-12
       (n,elastic)                          7.4352e-06 +/- 6.19045e-07
     U235
       (n,gamma)                            1.56085e-07 +/- 1.19224e-08
       Fission Rate                         2.68817e-07 +/- 1.73822e-08
       (n,elastic)                          5.35722e-08 +/- 3.16042e-09
   Incoming Energy [10, 100)
     U238
       (n,gamma)                            0.00034764 +/- 1.74738e-05
       Fission Rate                         5.85318e-10 +/- 2.9216e-11
       (n,elastic)                          0.000686682 +/- 1.96201e-05
     U235
       (n,gamma)                            5.18199e-06 +/- 8.31001e-08
       Fission Rate                         9.3569e-06 +/- 1.35968e-07
       (n,elastic)                          2.92801e-06 +/- 2.87784e-08
   Incoming Energy [100, 1000)
     U238
       (n,gamma)                            0.000809979 +/- 1.50089e-05
       Fission Rate                         1.37643e-07 +/- 1.03926e-08
       (n,elastic)                          0.00424685 +/- 4.40502e-05
     U235
       (n,gamma)                            9.98211e-06 +/- 5.31708e-08
       Fission Rate                         2.16806e-05 +/- 7.85744e-08
       (n,elastic)                          1.68933e-05 +/- 4.97406e-08
   Incoming Energy [1000, 10000)
     U238
       (n,gamma)                            0.000464886 +/- 2.92429e-06
       Fission Rate                         6.864e-08 +/- 3.80899e-09
       (n,elastic)                          0.00707171 +/- 2.19568e-05
     U235
       (n,gamma)                            5.63325e-06 +/- 1.582e-08
       Fission Rate                         1.45748e-05 +/- 3.34797e-08
       (n,elastic)                          3.51879e-05 +/- 7.64077e-08
   Incoming Energy [10000, 100000)
     U238
       (n,gamma)                            0.000223097 +/- 6.14831e-07
       Fission Rate                         4.73644e-08 +/- 4.51617e-10
       (n,elastic)                          0.00713811 +/- 1.7614e-05
     U235
       (n,gamma)                            2.77733e-06 +/- 6.16012e-09
       Fission Rate                         8.25019e-06 +/- 1.82206e-08
       (n,elastic)                          4.3309e-05 +/- 1.0455e-07
   Incoming Energy [100000, 1000000)
     U238
       (n,gamma)                            7.79608e-05 +/- 1.17617e-07
       Fission Rate                         8.65362e-07 +/- 3.40866e-09
       (n,elastic)                          0.00499145 +/- 7.14529e-06
     U235
       (n,gamma)                            1.06522e-06 +/- 1.65327e-09
       Fission Rate                         5.737e-06 +/- 8.41274e-09
       (n,elastic)                          3.12547e-05 +/- 4.5077e-08
   Incoming Energy [1000000, 10000000)
     U238
       (n,gamma)                            1.38002e-05 +/- 7.13705e-08
       Fission Rate                         0.000117387 +/- 6.01441e-07
       (n,elastic)                          0.00101021 +/- 5.0077e-06
     U235
       (n,gamma)                            1.08959e-07 +/- 5.53738e-10
       Fission Rate                         2.49279e-06 +/- 1.17033e-08
       (n,elastic)                          7.45777e-06 +/- 3.69653e-08
 Cell 14
   Incoming Energy [0, 0.01)
     U238
       (n,gamma)                            0 +/- 0
       Fission Rate                         0 +/- 0
       (n,elastic)                          0 +/- 0
     U235
       (n,gamma)                            0 +/- 0
       Fission Rate                         0 +/- 0
       (n,elastic)                          0 +/- 0
   Incoming Energy [0.01, 0.1)
     U238
       (n,gamma)                            0 +/- 0
       Fission Rate                         0 +/- 0
       (n,elastic)                          0 +/- 0
     U235
       (n,gamma)                            0 +/- 0
       Fission Rate                         0 +/- 0
       (n,elastic)                          0 +/- 0
   Incoming Energy [0.1, 1)
     U238
       (n,gamma)                            0 +/- 0
       Fission Rate                         0 +/- 0
       (n,elastic)                          0 +/- 0
     U235
       (n,gamma)                            0 +/- 0
       Fission Rate                         0 +/- 0
       (n,elastic)                          0 +/- 0
   Incoming Energy [1, 10)
     U238
       (n,gamma)                            0 +/- 0
       Fission Rate                         0 +/- 0
       (n,elastic)                          0 +/- 0
     U235
       (n,gamma)                            0 +/- 0
       Fission Rate                         0 +/- 0
       (n,elastic)                          0 +/- 0
   Incoming Energy [10, 100)
     U238
       (n,gamma)                            0 +/- 0
       Fission Rate                         0 +/- 0
       (n,elastic)                          0 +/- 0
     U235
       (n,gamma)                            0 +/- 0
       Fission Rate                         0 +/- 0
       (n,elastic)                          0 +/- 0
   Incoming Energy [100, 1000)
     U238
       (n,gamma)                            0 +/- 0
       Fission Rate                         0 +/- 0
       (n,elastic)                          0 +/- 0
     U235
       (n,gamma)                            0 +/- 0
       Fission Rate                         0 +/- 0
       (n,elastic)                          0 +/- 0
   Incoming Energy [1000, 10000)
     U238
       (n,gamma)                            0 +/- 0
       Fission Rate                         0 +/- 0
       (n,elastic)                          0 +/- 0
     U235
       (n,gamma)                            0 +/- 0
       Fission Rate                         0 +/- 0
       (n,elastic)                          0 +/- 0
   Incoming Energy [10000, 100000)
     U238
       (n,gamma)                            0 +/- 0
       Fission Rate                         0 +/- 0
       (n,elastic)                          0 +/- 0
     U235
       (n,gamma)                            0 +/- 0
       Fission Rate                         0 +/- 0
       (n,elastic)                          0 +/- 0
   Incoming Energy [100000, 1000000)
     U238
       (n,gamma)                            0 +/- 0
       Fission Rate                         0 +/- 0
       (n,elastic)                          0 +/- 0
     U235
       (n,gamma)                            0 +/- 0
       Fission Rate                         0 +/- 0
       (n,elastic)                          0 +/- 0
   Incoming Energy [1000000, 10000000)
     U238
       (n,gamma)                            0 +/- 0
       Fission Rate                         0 +/- 0
       (n,elastic)                          0 +/- 0
     U235
       (n,gamma)                            0 +/- 0
       Fission Rate                         0 +/- 0
       (n,elastic)                          0 +/- 0
 Cell 21
   Incoming Energy [0, 0.01)
     U238
       (n,gamma)                            0 +/- 0
       Fission Rate                         0 +/- 0
       (n,elastic)                          0 +/- 0
     U235
       (n,gamma)                            0 +/- 0
       Fission Rate                         0 +/- 0
       (n,elastic)                          0 +/- 0
   Incoming Energy [0.01, 0.1)
     U238
       (n,gamma)                            0 +/- 0
       Fission Rate                         0 +/- 0
       (n,elastic)                          0 +/- 0
     U235
       (n,gamma)                            0 +/- 0
       Fission Rate                         0 +/- 0
       (n,elastic)                          0 +/- 0
   Incoming Energy [0.1, 1)
     U238
       (n,gamma)                            0 +/- 0
       Fission Rate                         0 +/- 0
       (n,elastic)                          0 +/- 0
     U235
       (n,gamma)                            0 +/- 0
       Fission Rate                         0 +/- 0
       (n,elastic)                          0 +/- 0
   Incoming Energy [1, 10)
     U238
       (n,gamma)                            0 +/- 0
       Fission Rate                         0 +/- 0
       (n,elastic)                          0 +/- 0
     U235
       (n,gamma)                            0 +/- 0
       Fission Rate                         0 +/- 0
       (n,elastic)                          0 +/- 0
   Incoming Energy [10, 100)
     U238
       (n,gamma)                            0 +/- 0
       Fission Rate                         0 +/- 0
       (n,elastic)                          0 +/- 0
     U235
       (n,gamma)                            0 +/- 0
       Fission Rate                         0 +/- 0
       (n,elastic)                          0 +/- 0
   Incoming Energy [100, 1000)
     U238
       (n,gamma)                            0 +/- 0
       Fission Rate                         0 +/- 0
       (n,elastic)                          0 +/- 0
     U235
       (n,gamma)                            0 +/- 0
       Fission Rate                         0 +/- 0
       (n,elastic)                          0 +/- 0
   Incoming Energy [1000, 10000)
     U238
       (n,gamma)                            0 +/- 0
       Fission Rate                         0 +/- 0
       (n,elastic)                          0 +/- 0
     U235
       (n,gamma)                            0 +/- 0
       Fission Rate                         0 +/- 0
       (n,elastic)                          0 +/- 0
   Incoming Energy [10000, 100000)
     U238
       (n,gamma)                            0 +/- 0
       Fission Rate                         0 +/- 0
       (n,elastic)                          0 +/- 0
     U235
       (n,gamma)                            0 +/- 0
       Fission Rate                         0 +/- 0
       (n,elastic)                          0 +/- 0
   Incoming Energy [100000, 1000000)
     U238
       (n,gamma)                            0 +/- 0
       Fission Rate                         0 +/- 0
       (n,elastic)                          0 +/- 0
     U235
       (n,gamma)                            0 +/- 0
       Fission Rate                         0 +/- 0
       (n,elastic)                          0 +/- 0
   Incoming Energy [1000000, 10000000)
     U238
       (n,gamma)                            0 +/- 0
       Fission Rate                         0 +/- 0
       (n,elastic)                          0 +/- 0
     U235
       (n,gamma)                            0 +/- 0
       Fission Rate                         0 +/- 0
       (n,elastic)                          0 +/- 0
 Cell 22
   Incoming Energy [0, 0.01)
     U238
       (n,gamma)                            0 +/- 0
       Fission Rate                         0 +/- 0
       (n,elastic)                          0 +/- 0
     U235
       (n,gamma)                            0 +/- 0
       Fission Rate                         0 +/- 0
       (n,elastic)                          0 +/- 0
   Incoming Energy [0.01, 0.1)
     U238
       (n,gamma)                            0 +/- 0
       Fission Rate                         0 +/- 0
       (n,elastic)                          0 +/- 0
     U235
       (n,gamma)                            0 +/- 0
       Fission Rate                         0 +/- 0
       (n,elastic)                          0 +/- 0
   Incoming Energy [0.1, 1)
     U238
       (n,gamma)                            0 +/- 0
       Fission Rate                         0 +/- 0
       (n,elastic)                          0 +/- 0
     U235
       (n,gamma)                            0 +/- 0
       Fission Rate                         0 +/- 0
       (n,elastic)                          0 +/- 0
   Incoming Energy [1, 10)
     U238
       (n,gamma)                            0 +/- 0
       Fission Rate                         0 +/- 0
       (n,elastic)                          0 +/- 0
     U235
       (n,gamma)                            0 +/- 0
       Fission Rate                         0 +/- 0
       (n,elastic)                          0 +/- 0
   Incoming Energy [10, 100)
     U238
       (n,gamma)                            0 +/- 0
       Fission Rate                         0 +/- 0
       (n,elastic)                          0 +/- 0
     U235
       (n,gamma)                            0 +/- 0
       Fission Rate                         0 +/- 0
       (n,elastic)                          0 +/- 0
   Incoming Energy [100, 1000)
     U238
       (n,gamma)                            0 +/- 0
       Fission Rate                         0 +/- 0
       (n,elastic)                          0 +/- 0
     U235
       (n,gamma)                            0 +/- 0
       Fission Rate                         0 +/- 0
       (n,elastic)                          0 +/- 0
   Incoming Energy [1000, 10000)
     U238
       (n,gamma)                            0 +/- 0
       Fission Rate                         0 +/- 0
       (n,elastic)                          0 +/- 0
     U235
       (n,gamma)                            0 +/- 0
       Fission Rate                         0 +/- 0
       (n,elastic)                          0 +/- 0
   Incoming Energy [10000, 100000)
     U238
       (n,gamma)                            0 +/- 0
       Fission Rate                         0 +/- 0
       (n,elastic)                          0 +/- 0
     U235
       (n,gamma)                            0 +/- 0
       Fission Rate                         0 +/- 0
       (n,elastic)                          0 +/- 0
   Incoming Energy [100000, 1000000)
     U238
       (n,gamma)                            0 +/- 0
       Fission Rate                         0 +/- 0
       (n,elastic)                          0 +/- 0
     U235
       (n,gamma)                            0 +/- 0
       Fission Rate                         0 +/- 0
       (n,elastic)                          0 +/- 0
   Incoming Energy [1000000, 10000000)
     U238
       (n,gamma)                            0 +/- 0
       Fission Rate                         0 +/- 0
       (n,elastic)                          0 +/- 0
     U235
       (n,gamma)                            0 +/- 0
       Fission Rate                         0 +/- 0
       (n,elastic)                          0 +/- 0
 Cell 23
   Incoming Energy [0, 0.01)
     U238
       (n,gamma)                            0 +/- 0
       Fission Rate                         0 +/- 0
       (n,elastic)                          0 +/- 0
     U235
       (n,gamma)                            0 +/- 0
       Fission Rate                         0 +/- 0
       (n,elastic)                          0 +/- 0
   Incoming Energy [0.01, 0.1)
     U238
       (n,gamma)                            0 +/- 0
       Fission Rate                         0 +/- 0
       (n,elastic)                          0 +/- 0
     U235
       (n,gamma)                            0 +/- 0
       Fission Rate                         0 +/- 0
       (n,elastic)                          0 +/- 0
   Incoming Energy [0.1, 1)
     U238
       (n,gamma)                            0 +/- 0
       Fission Rate                         0 +/- 0
       (n,elastic)                          0 +/- 0
     U235
       (n,gamma)                            0 +/- 0
       Fission Rate                         0 +/- 0
       (n,elastic)                          0 +/- 0
   Incoming Energy [1, 10)
     U238
       (n,gamma)                            0 +/- 0
       Fission Rate                         0 +/- 0
       (n,elastic)                          0 +/- 0
     U235
       (n,gamma)                            0 +/- 0
       Fission Rate                         0 +/- 0
       (n,elastic)                          0 +/- 0
   Incoming Energy [10, 100)
     U238
       (n,gamma)                            0 +/- 0
       Fission Rate                         0 +/- 0
       (n,elastic)                          0 +/- 0
     U235
       (n,gamma)                            0 +/- 0
       Fission Rate                         0 +/- 0
       (n,elastic)                          0 +/- 0
   Incoming Energy [100, 1000)
     U238
       (n,gamma)                            0 +/- 0
       Fission Rate                         0 +/- 0
       (n,elastic)                          0 +/- 0
     U235
       (n,gamma)                            0 +/- 0
       Fission Rate                         0 +/- 0
       (n,elastic)                          0 +/- 0
   Incoming Energy [1000, 10000)
     U238
       (n,gamma)                            0 +/- 0
       Fission Rate                         0 +/- 0
       (n,elastic)                          0 +/- 0
     U235
       (n,gamma)                            0 +/- 0
       Fission Rate                         0 +/- 0
       (n,elastic)                          0 +/- 0
   Incoming Energy [10000, 100000)
     U238
       (n,gamma)                            0 +/- 0
       Fission Rate                         0 +/- 0
       (n,elastic)                          0 +/- 0
     U235
       (n,gamma)                            0 +/- 0
       Fission Rate                         0 +/- 0
       (n,elastic)                          0 +/- 0
   Incoming Energy [100000, 1000000)
     U238
       (n,gamma)                            0 +/- 0
       Fission Rate                         0 +/- 0
       (n,elastic)                          0 +/- 0
     U235
       (n,gamma)                            0 +/- 0
       Fission Rate                         0 +/- 0
       (n,elastic)                          0 +/- 0
   Incoming Energy [1000000, 10000000)
     U238
       (n,gamma)                            0 +/- 0
       Fission Rate                         0 +/- 0
       (n,elastic)                          0 +/- 0
     U235
       (n,gamma)                            0 +/- 0
       Fission Rate                         0 +/- 0
       (n,elastic)                          0 +/- 0
 Cell 24
   Incoming Energy [0, 0.01)
     U238
       (n,gamma)                            0 +/- 0
       Fission Rate                         0 +/- 0
       (n,elastic)                          0 +/- 0
     U235
       (n,gamma)                            0 +/- 0
       Fission Rate                         0 +/- 0
       (n,elastic)                          0 +/- 0
   Incoming Energy [0.01, 0.1)
     U238
       (n,gamma)                            0 +/- 0
       Fission Rate                         0 +/- 0
       (n,elastic)                          0 +/- 0
     U235
       (n,gamma)                            0 +/- 0
       Fission Rate                         0 +/- 0
       (n,elastic)                          0 +/- 0
   Incoming Energy [0.1, 1)
     U238
       (n,gamma)                            0 +/- 0
       Fission Rate                         0 +/- 0
       (n,elastic)                          0 +/- 0
     U235
       (n,gamma)                            0 +/- 0
       Fission Rate                         0 +/- 0
       (n,elastic)                          0 +/- 0
   Incoming Energy [1, 10)
     U238
       (n,gamma)                            0 +/- 0
       Fission Rate                         0 +/- 0
       (n,elastic)                          0 +/- 0
     U235
       (n,gamma)                            0 +/- 0
       Fission Rate                         0 +/- 0
       (n,elastic)                          0 +/- 0
   Incoming Energy [10, 100)
     U238
       (n,gamma)                            0 +/- 0
       Fission Rate                         0 +/- 0
       (n,elastic)                          0 +/- 0
     U235
       (n,gamma)                            0 +/- 0
       Fission Rate                         0 +/- 0
       (n,elastic)                          0 +/- 0
   Incoming Energy [100, 1000)
     U238
       (n,gamma)                            0 +/- 0
       Fission Rate                         0 +/- 0
       (n,elastic)                          0 +/- 0
     U235
       (n,gamma)                            0 +/- 0
       Fission Rate                         0 +/- 0
       (n,elastic)                          0 +/- 0
   Incoming Energy [1000, 10000)
     U238
       (n,gamma)                            0 +/- 0
       Fission Rate                         0 +/- 0
       (n,elastic)                          0 +/- 0
     U235
       (n,gamma)                            0 +/- 0
       Fission Rate                         0 +/- 0
       (n,elastic)                          0 +/- 0
   Incoming Energy [10000, 100000)
     U238
       (n,gamma)                            0 +/- 0
       Fission Rate                         0 +/- 0
       (n,elastic)                          0 +/- 0
     U235
       (n,gamma)                            0 +/- 0
       Fission Rate                         0 +/- 0
       (n,elastic)                          0 +/- 0
   Incoming Energy [100000, 1000000)
     U238
       (n,gamma)                            0 +/- 0
       Fission Rate                         0 +/- 0
       (n,elastic)                          0 +/- 0
     U235
       (n,gamma)                            0 +/- 0
       Fission Rate                         0 +/- 0
       (n,elastic)                          0 +/- 0
   Incoming Energy [1000000, 10000000)
     U238
       (n,gamma)                            0 +/- 0
       Fission Rate                         0 +/- 0
       (n,elastic)                          0 +/- 0
     U235
       (n,gamma)                            0 +/- 0
       Fission Rate                         0 +/- 0
       (n,elastic)                          0 +/- 0
 ========================>     TALLY 120: FLUX     <========================

 Cell 11
   Total Material
     Flux                                 0.84497 +/- 0.000808362
 Cell 12
   Total Material
     Flux                                 9.67595 +/- 0.009345
 Cell 13
   Total Material
     Flux                                 55.9263 +/- 0.0846634
 Cell 14
   Total Material
     Flux                                 0.826027 +/- 0.00541772
 Cell 21
   Total Material
     Flux                                 1.52312 +/- 0.00207964
 Cell 22
   Total Material
     Flux                                 18.132 +/- 0.0252377
 Cell 23
   Total Material
     Flux                                 118.188 +/- 0.0827628
 Cell 24
   Total Material
     Flux                                 0.129452 +/- 0.00143661
 ===================>     TALLY 121: FLUX SPECTRUM     <====================

 Cell 11
   Incoming Energy [0, 0.01)
     Total Material
       Flux                                 0 +/- 0
   Incoming Energy [0.01, 0.1)
     Total Material
       Flux                                 0 +/- 0
   Incoming Energy [0.1, 1)
     Total Material
       Flux                                 2.25934e-06 +/- 1.27102e-06
   Incoming Energy [1, 10)
     Total Material
       Flux                                 0.000170512 +/- 1.29054e-05
   Incoming Energy [10, 100)
     Total Material
       Flux                                 0.00730487 +/- 0.00013249
   Incoming Energy [100, 1000)
     Total Material
       Flux                                 0.0383238 +/- 0.000218744
   Incoming Energy [1000, 10000)
     Total Material
       Flux                                 0.0909595 +/- 0.000264448
   Incoming Energy [10000, 100000)
     Total Material
       Flux                                 0.159099 +/- 0.000405706
   Incoming Energy [100000, 1000000)
     Total Material
       Flux                                 0.30188 +/- 0.000522195
   Incoming Energy [1000000, 10000000)
     Total Material
       Flux                                 0.118945 +/- 0.000510187
 Cell 12
   Incoming Energy [0, 0.01)
     Total Material
       Flux                                 0 +/- 0
   Incoming Energy [0.01, 0.1)
     Total Material
       Flux                                 0 +/- 0
   Incoming Energy [0.1, 1)
     Total Material
       Flux                                 1.99962e-05 +/- 1.06384e-05
   Incoming Energy [1, 10)
     Total Material
       Flux                                 0.00235034 +/- 0.000198708
   Incoming Energy [10, 100)
     Total Material
       Flux                                 0.104499 +/- 0.000661539
   Incoming Energy [100, 1000)
     Total Material
       Flux                                 0.531826 +/- 0.00213302
   Incoming Energy [1000, 10000)
     Total Material
       Flux                                 1.16819 +/- 0.00394086
   Incoming Energy [10000, 100000)
     Total Material
       Flux                                 1.99219 +/- 0.00466506
   Incoming Energy [100000, 1000000)
     Total Material
       Flux                                 3.54403 +/- 0.00609186
   Incoming Energy [1000000, 10000000)
     Total Material
       Flux                                 1.34308 +/- 0.00294191
 Cell 13
   Incoming Energy [0, 0.01)
     Total Material
       Flux                                 0 +/- 0
   Incoming Energy [0.01, 0.1)
     Total Material
       Flux                                 0 +/- 0
   Incoming Energy [0.1, 1)
     Total Material
       Flux                                 1.24608e-05 +/- 3.27643e-06
   Incoming Energy [1, 10)
     Total Material
       Flux                                 0.0180035 +/- 0.000392601
   Incoming Energy [10, 100)
     Total Material
       Flux                                 0.933684 +/- 0.00533993
   Incoming Energy [100, 1000)
     Total Material
       Flux                                 5.19692 +/- 0.0100445
   Incoming Energy [1000, 10000)
     Total Material
       Flux                                 10.2658 +/- 0.0115191
   Incoming Energy [10000, 100000)
     Total Material
       Flux                                 13.8209 +/- 0.0255488
   Incoming Energy [100000, 1000000)
     Total Material
       Flux                                 15.8095 +/- 0.0307984
   Incoming Energy [1000000, 10000000)
     Total Material
       Flux                                 6.94461 +/- 0.017286
 Cell 14
   Incoming Energy [0, 0.01)
     Total Material
       Flux                                 0 +/- 0
   Incoming Energy [0.01, 0.1)
     Total Material
       Flux                                 0 +/- 0
   Incoming Energy [0.1, 1)
     Total Material
       Flux                                 4.29866e-06 +/- 4.29866e-06
   Incoming Energy [1, 10)
     Total Material
       Flux                                 0.00103847 +/- 0.000150952
   Incoming Energy [10, 100)
     Total Material
       Flux                                 0.0272979 +/- 0.000783324
   Incoming Energy [100, 1000)
     Total Material
       Flux                                 0.0995783 +/- 0.00098168
   Incoming Energy [1000, 10000)
     Total Material
       Flux                                 0.158451 +/- 0.00146276
   Incoming Energy [10000, 100000)
     Total Material
       Flux                                 0.194159 +/- 0.0013128
   Incoming Energy [100000, 1000000)
     Total Material
       Flux                                 0.238774 +/- 0.00299431
   Incoming Energy [1000000, 10000000)
     Total Material
       Flux                                 0.0882228 +/- 0.00115213
 Cell 21
   Incoming Energy [0, 0.01)
     Total Material
       Flux                                 0 +/- 0
   Incoming Energy [0.01, 0.1)
     Total Material
       Flux                                 0 +/- 0
   Incoming Energy [0.1, 1)
     Total Material
       Flux                                 1.79408e-06 +/- 1.03449e-06
   Incoming Energy [1, 10)
     Total Material
       Flux                                 0.00023991 +/- 1.7328e-05
   Incoming Energy [10, 100)
     Total Material
       Flux                                 0.0115549 +/- 0.000109973
   Incoming Energy [100, 1000)
     Total Material
       Flux                                 0.0602375 +/- 0.000266444
   Incoming Energy [1000, 10000)
     Total Material
       Flux                                 0.145563 +/- 0.000787469
   Incoming Energy [10000, 100000)
     Total Material
       Flux                                 0.256967 +/- 0.0010126
   Incoming Energy [100000, 1000000)
     Total Material
       Flux                                 0.539355 +/- 0.000844278
   Incoming Energy [1000000, 10000000)
     Total Material
       Flux                                 0.228134 +/- 0.0005893
 Cell 22
   Incoming Energy [0, 0.01)
     Total Material
       Flux                                 0 +/- 0
   Incoming Energy [0.01, 0.1)
     Total Material
       Flux                                 0 +/- 0
   Incoming Energy [0.1, 1)
     Total Material
       Flux                                 1.66185e-05 +/- 9.08908e-06
   Incoming Energy [1, 10)
     Total Material
       Flux                                 0.00378537 +/- 0.000139188
   Incoming Energy [10, 100)
     Total Material
       Flux                                 0.169633 +/- 0.00170858
   Incoming Energy [100, 1000)
     Total Material
       Flux                                 0.861362 +/- 0.00353446
   Incoming Energy [1000, 10000)
     Total Material
       Flux                                 1.92053 +/- 0.00578558
   Incoming Energy [10000, 100000)
     Total Material
       Flux                                 3.30711 +/- 0.00956888
   Incoming Energy [100000, 1000000)
     Total Material
       Flux                                 6.45292 +/- 0.0101733
   Incoming Energy [1000000, 10000000)
     Total Material
       Flux                                 2.76116 +/- 0.00577483
 Cell 23
   Incoming Energy [0, 0.01)
     Total Material
       Flux                                 0 +/- 0
   Incoming Energy [0.01, 0.1)
     Total Material
       Flux                                 0 +/- 0
   Incoming Energy [0.1, 1)
     Total Material
       Flux                                 1.44055e-05 +/- 7.84221e-06
   Incoming Energy [1, 10)
     Total Material
       Flux                                 0.0341579 +/- 0.000533562
   Incoming Energy [10, 100)
     Total Material
       Flux                                 1.80897 +/- 0.00437485
   Incoming Energy [100, 1000)
     Total Material
       Flux                                 10.1888 +/- 0.0145247
   Incoming Energy [1000, 10000)
     Total Material
       Flux                                 20.3199 +/- 0.0315864
   Incoming Energy [10000, 100000)
     Total Material
       Flux                                 27.7831 +/- 0.0272348
   Incoming Energy [100000, 1000000)
     Total Material
       Flux                                 33.3525 +/- 0.019043
   Incoming Energy [1000000, 10000000)
     Total Material
       Flux                                 16.5787 +/- 0.02299
 Cell 24
   Incoming Energy [0, 0.01)
     Total Material
       Flux                                 0 +/- 0
   Incoming Energy [0.01, 0.1)
     Total Material
       Flux                                 0 +/- 0
   Incoming Energy [0.1, 1)
     Total Material
       Flux                                 0 +/- 0
   Incoming Energy [1, 10)
     Total Material
       Flux                                 9.07981e-05 +/- 3.08054e-05
   Incoming Energy [10, 100)
     Total Material
       Flux                                 0.00428153 +/- 0.000253698
   Incoming Energy [100, 1000)
     Total Material
       Flux                                 0.0163679 +/- 0.000653137
   Incoming Energy [1000, 10000)
     Total Material
       Flux                                 0.0243182 +/- 0.000395181
   Incoming Energy [10000, 100000)
     Total Material
       Flux                                 0.0306316 +/- 0.000690157
   Incoming Energy [100000, 1000000)
     Total Material
       Flux                                 0.0373826 +/- 0.000854556
   Incoming Energy [1000000, 10000000)
     Total Material
       Flux                                 0.0143252 +/- 0.000291215
