 ====================>     TALLY 2: CAPTURE TALLY     <=====================

 Incoming Energy [1e-05, 27855.153213328693)
   U238
     (n,gamma)                            0.0402279 +/- 2.53748e-05
 Incoming Energy [27855.153213328693, 55710.30641665739)
   U238
     (n,gamma)                            0.00305293 +/- 9.72868e-07
 Incoming Energy [55710.30641665739, 83565.45961998608)
   U238
     (n,gamma)                            0.00140387 +/- 4.87493e-07
 Incoming Energy [83565.45961998608, 111420.61282331478)
   U238
     (n,gamma)                            0.000315716 +/- 1.33884e-07
 Incoming Energy [111420.61282331478, 139275.76602664345)
   U238
     (n,gamma)                            0.000324509 +/- 1.42115e-07
 Incoming Energy [139275.76602664345, 167130.91922997215)
   U238
     (n,gamma)                            0.00026331 +/- 1.28873e-07
 Incoming Energy [167130.91922997215, 194986.07243330084)
   U238
     (n,gamma)                            0.000172758 +/- 1.14283e-07
 Incoming Energy [194986.07243330084, 222841.22563662953)
   U238
     (n,gamma)                            0.000104253 +/- 8.0593e-08
 Incoming Energy [222841.22563662953, 250696.37883995823)
   U238
     (n,gamma)                            5.52054e-05 +/- 4.33798e-08
 Incoming Energy [250696.37883995823, 278551.53204328695)
   U238
     (n,gamma)                            3.19312e-05 +/- 2.57494e-08
 Incoming Energy [278551.53204328695, 306406.6852466156)
   U238
     (n,gamma)                            3.79284e-05 +/- 2.74903e-08
 Incoming Energy [306406.6852466156, 334261.83844994433)
   U238
     (n,gamma)                            4.27262e-05 +/- 3.28032e-08
 Incoming Energy [334261.83844994433, 362116.99165327306)
   U238
     (n,gamma)                            4.16853e-05 +/- 3.57638e-08
 Incoming Energy [362116.99165327306, 389972.1448566017)
   U238
     (n,gamma)                            4.1241e-05 +/- 3.52202e-08
 Incoming Energy [389972.1448566017, 417827.2980599304)
   U238
     (n,gamma)                            4.45154e-05 +/- 3.38017e-08
 Incoming Energy [417827.2980599304, 445682.4512632591)
   U238
     (n,gamma)                            4.3781e-05 +/- 3.67207e-08
 Incoming Energy [445682.4512632591, 473537.6044665878)
   U238
     (n,gamma)                            5.86917e-05 +/- 4.40314e-08
 Incoming Energy [473537.6044665878, 501392.7576699165)
   U238
     (n,gamma)                            6.2968e-05 +/- 5.20967e-08
 Incoming Energy [501392.7576699165, 529247.9108732451)
   U238
     (n,gamma)                            5.64072e-05 +/- 5.03565e-08
 Incoming Energy [529247.9108732451, 557103.0640765738)
   U238
     (n,gamma)                            6.1657e-05 +/- 5.59004e-08
 Incoming Energy [557103.0640765738, 584958.2172799025)
   U238
     (n,gamma)                            6.50702e-05 +/- 6.19242e-08
 Incoming Energy [584958.2172799025, 612813.3704832311)
   U238
     (n,gamma)                            5.16023e-05 +/- 4.40268e-08
 Incoming Energy [612813.3704832311, 640668.5236865599)
   U238
     (n,gamma)                            4.9983e-05 +/- 4.40363e-08
 Incoming Energy [640668.5236865599, 668523.6768898886)
   U238
     (n,gamma)                            5.58663e-05 +/- 5.28137e-08
 Incoming Energy [668523.6768898886, 696378.8300932173)
   U238
     (n,gamma)                            6.42488e-05 +/- 6.79169e-08
 Incoming Energy [696378.8300932173, 724233.983296546)
   U238
     (n,gamma)                            6.55743e-05 +/- 6.52065e-08
 Incoming Energy [724233.983296546, 752089.1364998746)
   U238
     (n,gamma)                            5.51624e-05 +/- 5.59882e-08
 Incoming Energy [752089.1364998746, 779944.2897032034)
   U238
     (n,gamma)                            5.18925e-05 +/- 5.49729e-08
 Incoming Energy [779944.2897032034, 807799.4429065321)
   U238
     (n,gamma)                            5.07289e-05 +/- 5.81466e-08
 Incoming Energy [807799.4429065321, 835654.5961098607)
   U238
     (n,gamma)                            4.81201e-05 +/- 5.05723e-08
 Incoming Energy [835654.5961098607, 863509.7493131894)
   U238
     (n,gamma)                            4.38142e-05 +/- 4.69875e-08
 Incoming Energy [863509.7493131894, 891364.9025165181)
   U238
     (n,gamma)                            4.42724e-05 +/- 5.88727e-08
 Incoming Energy [891364.9025165181, 919220.0557198469)
   U238
     (n,gamma)                            4.13191e-05 +/- 5.32414e-08
 Incoming Energy [919220.0557198469, 947075.2089231756)
   U238
     (n,gamma)                            3.66996e-05 +/- 4.5827e-08
 Incoming Energy [947075.2089231756, 974930.3621265042)
   U238
     (n,gamma)                            3.97738e-05 +/- 5.34938e-08
 Incoming Energy [974930.3621265042, 1002785.5153298329)
   U238
     (n,gamma)                            4.06319e-05 +/- 5.61903e-08
 Incoming Energy [1002785.5153298329, 1030640.6685331616)
   U238
     (n,gamma)                            3.99412e-05 +/- 6.38766e-08
 Incoming Energy [1030640.6685331616, 1058495.8217364904)
   U238
     (n,gamma)                            3.57052e-05 +/- 5.42624e-08
 Incoming Energy [1058495.8217364904, 1086350.9749398192)
   U238
     (n,gamma)                            3.36775e-05 +/- 5.15789e-08
 Incoming Energy [1086350.9749398192, 1114206.1281431478)
   U238
     (n,gamma)                            2.885e-05 +/- 4.35565e-08
 Incoming Energy [1114206.1281431478, 1142061.2813464764)
   U238
     (n,gamma)                            2.8703e-05 +/- 3.92051e-08
 Incoming Energy [1142061.2813464764, 1169916.4345498052)
   U238
     (n,gamma)                            2.84522e-05 +/- 3.86514e-08
 Incoming Energy [1169916.4345498052, 1197771.5877531338)
   U238
     (n,gamma)                            2.34547e-05 +/- 3.54384e-08
 Incoming Energy [1197771.5877531338, 1225626.7409564625)
   U238
     (n,gamma)                            2.07299e-05 +/- 3.00582e-08
 Incoming Energy [1225626.7409564625, 1253481.8941597913)
   U238
     (n,gamma)                            1.77995e-05 +/- 2.26566e-08
 Incoming Energy [1253481.8941597913, 1281337.04736312)
   U238
     (n,gamma)                            1.75776e-05 +/- 2.64888e-08
 Incoming Energy [1281337.04736312, 1309192.2005664487)
   U238
     (n,gamma)                            1.69173e-05 +/- 2.69425e-08
 Incoming Energy [1309192.2005664487, 1337047.3537697773)
   U238
     (n,gamma)                            1.69985e-05 +/- 2.96217e-08
 Incoming Energy [1337047.3537697773, 1364902.506973106)
   U238
     (n,gamma)                            1.72088e-05 +/- 3.08502e-08
 Incoming Energy [1364902.506973106, 1392757.6601764348)
   U238
     (n,gamma)                            1.71797e-05 +/- 2.84926e-08
 Incoming Energy [1392757.6601764348, 1420612.8133797634)
   U238
     (n,gamma)                            1.67986e-05 +/- 3.1591e-08
 Incoming Energy [1420612.8133797634, 1448467.9665830922)
   U238
     (n,gamma)                            1.61256e-05 +/- 2.71834e-08
 Incoming Energy [1448467.9665830922, 1476323.1197864208)
   U238
     (n,gamma)                            1.52936e-05 +/- 2.64439e-08
 Incoming Energy [1476323.1197864208, 1504178.2729897494)
   U238
     (n,gamma)                            1.43196e-05 +/- 2.67802e-08
 Incoming Energy [1504178.2729897494, 1532033.4261930783)
   U238
     (n,gamma)                            1.31773e-05 +/- 2.12395e-08
 Incoming Energy [1532033.4261930783, 1559888.579396407)
   U238
     (n,gamma)                            1.20638e-05 +/- 2.15414e-08
 Incoming Energy [1559888.579396407, 1587743.7325997355)
   U238
     (n,gamma)                            1.11419e-05 +/- 1.88674e-08
 Incoming Energy [1587743.7325997355, 1615598.8858030643)
   U238
     (n,gamma)                            1.04099e-05 +/- 1.70371e-08
 Incoming Energy [1615598.8858030643, 1643454.039006393)
   U238
     (n,gamma)                            1.0026e-05 +/- 1.92084e-08
 Incoming Energy [1643454.039006393, 1671309.1922097215)
   U238
     (n,gamma)                            9.18407e-06 +/- 1.44168e-08
 Incoming Energy [1671309.1922097215, 1699164.3454130504)
   U238
     (n,gamma)                            9.75909e-06 +/- 1.96818e-08
 Incoming Energy [1699164.3454130504, 1727019.498616379)
   U238
     (n,gamma)                            9.68795e-06 +/- 1.99914e-08
 Incoming Energy [1727019.498616379, 1754874.6518197078)
   U238
     (n,gamma)                            9.4908e-06 +/- 1.75827e-08
 Incoming Energy [1754874.6518197078, 1782729.8050230364)
   U238
     (n,gamma)                            9.29686e-06 +/- 2.13341e-08
 Incoming Energy [1782729.8050230364, 1810584.958226365)
   U238
     (n,gamma)                            9.11994e-06 +/- 1.78363e-08
 Incoming Energy [1810584.958226365, 1838440.1114296939)
   U238
     (n,gamma)                            8.8679e-06 +/- 2.07079e-08
 Incoming Energy [1838440.1114296939, 1866295.2646330225)
   U238
     (n,gamma)                            8.5883e-06 +/- 1.77506e-08
 Incoming Energy [1866295.2646330225, 1894150.4178363513)
   U238
     (n,gamma)                            8.2258e-06 +/- 1.66136e-08
 Incoming Energy [1894150.4178363513, 1922005.57103968)
   U238
     (n,gamma)                            7.6213e-06 +/- 1.67696e-08
 Incoming Energy [1922005.57103968, 1949860.7242430085)
   U238
     (n,gamma)                            6.68515e-06 +/- 1.46808e-08
 Incoming Energy [1949860.7242430085, 1977715.8774463374)
   U238
     (n,gamma)                            5.8381e-06 +/- 1.25479e-08
 Incoming Energy [1977715.8774463374, 2005571.030649666)
   U238
     (n,gamma)                            5.38618e-06 +/- 1.21053e-08
 Incoming Energy [2005571.030649666, 2033426.1838529946)
   U238
     (n,gamma)                            5.32539e-06 +/- 1.18948e-08
 Incoming Energy [2033426.1838529946, 2061281.3370563234)
   U238
     (n,gamma)                            5.37806e-06 +/- 1.3231e-08
 Incoming Energy [2061281.3370563234, 2089136.490259652)
   U238
     (n,gamma)                            5.33078e-06 +/- 1.1201e-08
 Incoming Energy [2089136.490259652, 2116991.6434629806)
   U238
     (n,gamma)                            5.17503e-06 +/- 1.31416e-08
 Incoming Energy [2116991.6434629806, 2144846.7966663092)
   U238
     (n,gamma)                            5.00796e-06 +/- 1.12391e-08
 Incoming Energy [2144846.7966663092, 2172701.9498696383)
   U238
     (n,gamma)                            4.83978e-06 +/- 1.07286e-08
 Incoming Energy [2172701.9498696383, 2200557.103072967)
   U238
     (n,gamma)                            4.71995e-06 +/- 9.91576e-09
 Incoming Energy [2200557.103072967, 2228412.2562762955)
   U238
     (n,gamma)                            4.36477e-06 +/- 1.02048e-08
 Incoming Energy [2228412.2562762955, 2256267.409479624)
   U238
     (n,gamma)                            3.65707e-06 +/- 8.12176e-09
 Incoming Energy [2256267.409479624, 2284122.5626829527)
   U238
     (n,gamma)                            3.58456e-06 +/- 8.62718e-09
 Incoming Energy [2284122.5626829527, 2311977.715886282)
   U238
     (n,gamma)                            3.58706e-06 +/- 9.65112e-09
 Incoming Energy [2311977.715886282, 2339832.8690896104)
   U238
     (n,gamma)                            3.64994e-06 +/- 8.68494e-09
 Incoming Energy [2339832.8690896104, 2367688.022292939)
   U238
     (n,gamma)                            3.55519e-06 +/- 8.00027e-09
 Incoming Energy [2367688.022292939, 2395543.1754962676)
   U238
     (n,gamma)                            3.406e-06 +/- 8.39868e-09
 Incoming Energy [2395543.1754962676, 2423398.328699596)
   U238
     (n,gamma)                            3.16984e-06 +/- 8.66632e-09
 Incoming Energy [2423398.328699596, 2451253.481902925)
   U238
     (n,gamma)                            2.90355e-06 +/- 7.50146e-09
 Incoming Energy [2451253.481902925, 2479108.635106254)
   U238
     (n,gamma)                            2.64962e-06 +/- 6.16584e-09
 Incoming Energy [2479108.635106254, 2506963.7883095825)
   U238
     (n,gamma)                            2.5038e-06 +/- 6.01699e-09
 Incoming Energy [2506963.7883095825, 2534818.941512911)
   U238
     (n,gamma)                            2.31538e-06 +/- 5.81638e-09
 Incoming Energy [2534818.941512911, 2562674.0947162397)
   U238
     (n,gamma)                            2.19689e-06 +/- 6.39131e-09
 Incoming Energy [2562674.0947162397, 2590529.2479195683)
   U238
     (n,gamma)                            2.12389e-06 +/- 5.74994e-09
 Incoming Energy [2590529.2479195683, 2618384.4011228974)
   U238
     (n,gamma)                            2.04922e-06 +/- 5.69343e-09
 Incoming Energy [2618384.4011228974, 2646239.554326226)
   U238
     (n,gamma)                            1.98572e-06 +/- 5.30985e-09
 Incoming Energy [2646239.554326226, 2674094.7075295546)
   U238
     (n,gamma)                            1.87934e-06 +/- 5.46715e-09
 Incoming Energy [2674094.7075295546, 2701949.860732883)
   U238
     (n,gamma)                            1.72507e-06 +/- 4.67888e-09
 Incoming Energy [2701949.860732883, 2729805.013936212)
   U238
     (n,gamma)                            1.63546e-06 +/- 4.7323e-09
 Incoming Energy [2729805.013936212, 2757660.167139541)
   U238
     (n,gamma)                            1.59997e-06 +/- 4.44078e-09
 Incoming Energy [2757660.167139541, 2785515.3203428695)
   U238
     (n,gamma)                            1.58877e-06 +/- 4.28226e-09
 Incoming Energy [2785515.3203428695, 2813370.473546198)
   U238
     (n,gamma)                            1.53593e-06 +/- 4.42375e-09
 Incoming Energy [2813370.473546198, 2841225.6267495267)
   U238
     (n,gamma)                            1.48185e-06 +/- 4.52313e-09
 Incoming Energy [2841225.6267495267, 2869080.7799528553)
   U238
     (n,gamma)                            1.42869e-06 +/- 4.18411e-09
 Incoming Energy [2869080.7799528553, 2896935.9331561844)
   U238
     (n,gamma)                            1.38573e-06 +/- 4.10679e-09
 Incoming Energy [2896935.9331561844, 2924791.086359513)
   U238
     (n,gamma)                            1.35268e-06 +/- 4.30857e-09
 Incoming Energy [2924791.086359513, 2952646.2395628416)
   U238
     (n,gamma)                            1.31466e-06 +/- 3.88304e-09
 Incoming Energy [2952646.2395628416, 2980501.39276617)
   U238
     (n,gamma)                            1.2866e-06 +/- 3.65959e-09
 Incoming Energy [2980501.39276617, 3008356.545969499)
   U238
     (n,gamma)                            1.24811e-06 +/- 3.77001e-09
 Incoming Energy [3008356.545969499, 3036211.6991728274)
   U238
     (n,gamma)                            1.15169e-06 +/- 3.88179e-09
 Incoming Energy [3036211.6991728274, 3064066.8523761565)
   U238
     (n,gamma)                            1.0433e-06 +/- 3.44603e-09
 Incoming Energy [3064066.8523761565, 3091922.005579485)
   U238
     (n,gamma)                            1.05565e-06 +/- 3.08874e-09
 Incoming Energy [3091922.005579485, 3119777.1587828137)
   U238
     (n,gamma)                            1.02452e-06 +/- 3.15895e-09
 Incoming Energy [3119777.1587828137, 3147632.3119861423)
   U238
     (n,gamma)                            9.48685e-07 +/- 3.15864e-09
 Incoming Energy [3147632.3119861423, 3175487.465189471)
   U238
     (n,gamma)                            9.6e-07 +/- 3.09603e-09
 Incoming Energy [3175487.465189471, 3203342.6183928)
   U238
     (n,gamma)                            9.4645e-07 +/- 3.37553e-09
 Incoming Energy [3203342.6183928, 3231197.7715961286)
   U238
     (n,gamma)                            8.90927e-07 +/- 2.89826e-09
 Incoming Energy [3231197.7715961286, 3259052.924799457)
   U238
     (n,gamma)                            8.31033e-07 +/- 2.66998e-09
 Incoming Energy [3259052.924799457, 3286908.078002786)
   U238
     (n,gamma)                            8.07998e-07 +/- 2.74986e-09
 Incoming Energy [3286908.078002786, 3314763.2312061144)
   U238
     (n,gamma)                            7.99932e-07 +/- 2.62227e-09
 Incoming Energy [3314763.2312061144, 3342618.384409443)
   U238
     (n,gamma)                            7.88064e-07 +/- 2.90119e-09
 Incoming Energy [3342618.384409443, 3370473.537612772)
   U238
     (n,gamma)                            7.617e-07 +/- 2.44338e-09
 Incoming Energy [3370473.537612772, 3398328.6908161007)
   U238
     (n,gamma)                            7.05207e-07 +/- 2.34012e-09
 Incoming Energy [3398328.6908161007, 3426183.8440194293)
   U238
     (n,gamma)                            6.21248e-07 +/- 2.17364e-09
 Incoming Energy [3426183.8440194293, 3454038.997222758)
   U238
     (n,gamma)                            5.87143e-07 +/- 2.13608e-09
 Incoming Energy [3454038.997222758, 3481894.1504260865)
   U238
     (n,gamma)                            6.06493e-07 +/- 2.30645e-09
 Incoming Energy [3481894.1504260865, 3509749.3036294156)
   U238
     (n,gamma)                            5.737e-07 +/- 1.98336e-09
 Incoming Energy [3509749.3036294156, 3537604.456832744)
   U238
     (n,gamma)                            5.80825e-07 +/- 1.85285e-09
 Incoming Energy [3537604.456832744, 3565459.610036073)
   U238
     (n,gamma)                            5.58951e-07 +/- 2.1319e-09
 Incoming Energy [3565459.610036073, 3593314.7632394014)
   U238
     (n,gamma)                            4.97894e-07 +/- 1.73581e-09
 Incoming Energy [3593314.7632394014, 3621169.91644273)
   U238
     (n,gamma)                            4.74326e-07 +/- 1.95834e-09
 Incoming Energy [3621169.91644273, 3649025.069646059)
   U238
     (n,gamma)                            4.4552e-07 +/- 1.62736e-09
 Incoming Energy [3649025.069646059, 3676880.2228493877)
   U238
     (n,gamma)                            4.30431e-07 +/- 1.69346e-09
 Incoming Energy [3676880.2228493877, 3704735.3760527163)
   U238
     (n,gamma)                            4.54508e-07 +/- 1.6926e-09
 Incoming Energy [3704735.3760527163, 3732590.529256045)
   U238
     (n,gamma)                            4.63351e-07 +/- 1.67624e-09
 Incoming Energy [3732590.529256045, 3760445.6824593735)
   U238
     (n,gamma)                            4.37172e-07 +/- 1.43148e-09
 Incoming Energy [3760445.6824593735, 3788300.8356627026)
   U238
     (n,gamma)                            4.00372e-07 +/- 1.47122e-09
 Incoming Energy [3788300.8356627026, 3816155.988866031)
   U238
     (n,gamma)                            3.81307e-07 +/- 1.37961e-09
 Incoming Energy [3816155.988866031, 3844011.14206936)
   U238
     (n,gamma)                            3.60874e-07 +/- 1.41391e-09
 Incoming Energy [3844011.14206936, 3871866.2952726884)
   U238
     (n,gamma)                            3.55348e-07 +/- 1.21341e-09
 Incoming Energy [3871866.2952726884, 3899721.448476017)
   U238
     (n,gamma)                            3.41683e-07 +/- 1.3424e-09
 Incoming Energy [3899721.448476017, 3927576.6016793456)
   U238
     (n,gamma)                            3.25965e-07 +/- 1.24495e-09
 Incoming Energy [3927576.6016793456, 3955431.7548826747)
   U238
     (n,gamma)                            3.08358e-07 +/- 1.12375e-09
 Incoming Energy [3955431.7548826747, 3983286.9080860033)
   U238
     (n,gamma)                            2.98542e-07 +/- 1.08675e-09
 Incoming Energy [3983286.9080860033, 4011142.061289332)
   U238
     (n,gamma)                            2.94116e-07 +/- 1.11878e-09
 Incoming Energy [4011142.061289332, 4038997.2144926605)
   U238
     (n,gamma)                            2.84825e-07 +/- 1.07217e-09
 Incoming Energy [4038997.2144926605, 4066852.367695989)
   U238
     (n,gamma)                            2.66208e-07 +/- 9.65491e-10
 Incoming Energy [4066852.367695989, 4094707.520899318)
   U238
     (n,gamma)                            2.50231e-07 +/- 1.03136e-09
 Incoming Energy [4094707.520899318, 4122562.6741026468)
   U238
     (n,gamma)                            2.34964e-07 +/- 8.3182e-10
 Incoming Energy [4122562.6741026468, 4150417.8273059754)
   U238
     (n,gamma)                            2.28341e-07 +/- 8.32995e-10
 Incoming Energy [4150417.8273059754, 4178272.980509304)
   U238
     (n,gamma)                            2.26427e-07 +/- 7.70649e-10
 Incoming Energy [4178272.980509304, 4206128.133712633)
   U238
     (n,gamma)                            2.24384e-07 +/- 9.03513e-10
 Incoming Energy [4206128.133712633, 4233983.286915961)
   U238
     (n,gamma)                            2.12603e-07 +/- 9.30559e-10
 Incoming Energy [4233983.286915961, 4261838.44011929)
   U238
     (n,gamma)                            1.85328e-07 +/- 8.08366e-10
 Incoming Energy [4261838.44011929, 4289693.593322618)
   U238
     (n,gamma)                            1.7227e-07 +/- 6.06658e-10
 Incoming Energy [4289693.593322618, 4317548.746525947)
   U238
     (n,gamma)                            1.67597e-07 +/- 6.88515e-10
 Incoming Energy [4317548.746525947, 4345403.899729276)
   U238
     (n,gamma)                            1.71943e-07 +/- 7.04266e-10
 Incoming Energy [4345403.899729276, 4373259.052932604)
   U238
     (n,gamma)                            1.68529e-07 +/- 7.68537e-10
 Incoming Energy [4373259.052932604, 4401114.206135933)
   U238
     (n,gamma)                            1.5865e-07 +/- 6.08034e-10
 Incoming Energy [4401114.206135933, 4428969.359339261)
   U238
     (n,gamma)                            1.52463e-07 +/- 6.23482e-10
 Incoming Energy [4428969.359339261, 4456824.5125425905)
   U238
     (n,gamma)                            1.46376e-07 +/- 5.79923e-10
 Incoming Energy [4456824.5125425905, 4484679.66574592)
   U238
     (n,gamma)                            1.38386e-07 +/- 5.46334e-10
 Incoming Energy [4484679.66574592, 4512534.818949248)
   U238
     (n,gamma)                            1.30474e-07 +/- 6.02257e-10
 Incoming Energy [4512534.818949248, 4540389.972152577)
   U238
     (n,gamma)                            1.25741e-07 +/- 5.19852e-10
 Incoming Energy [4540389.972152577, 4568245.125355905)
   U238
     (n,gamma)                            1.22457e-07 +/- 5.08686e-10
 Incoming Energy [4568245.125355905, 4596100.278559234)
   U238
     (n,gamma)                            1.19036e-07 +/- 5.24903e-10
 Incoming Energy [4596100.278559234, 4623955.431762563)
   U238
     (n,gamma)                            1.15603e-07 +/- 4.54196e-10
 Incoming Energy [4623955.431762563, 4651810.584965891)
   U238
     (n,gamma)                            1.1437e-07 +/- 4.88435e-10
 Incoming Energy [4651810.584965891, 4679665.73816922)
   U238
     (n,gamma)                            1.10969e-07 +/- 4.58096e-10
 Incoming Energy [4679665.73816922, 4707520.891372548)
   U238
     (n,gamma)                            1.05806e-07 +/- 4.72924e-10
 Incoming Energy [4707520.891372548, 4735376.0445758775)
   U238
     (n,gamma)                            1.04568e-07 +/- 4.4242e-10
 Incoming Energy [4735376.0445758775, 4763231.197779207)
   U238
     (n,gamma)                            1.03743e-07 +/- 3.99299e-10
 Incoming Energy [4763231.197779207, 4791086.350982535)
   U238
     (n,gamma)                            1.00431e-07 +/- 4.444e-10
 Incoming Energy [4791086.350982535, 4818941.504185864)
   U238
     (n,gamma)                            9.74354e-08 +/- 4.25175e-10
 Incoming Energy [4818941.504185864, 4846796.657389192)
   U238
     (n,gamma)                            9.3104e-08 +/- 4.11313e-10
 Incoming Energy [4846796.657389192, 4874651.810592521)
   U238
     (n,gamma)                            9.06532e-08 +/- 4.02744e-10
 Incoming Energy [4874651.810592521, 4902506.963795849)
   U238
     (n,gamma)                            8.65389e-08 +/- 4.16703e-10
 Incoming Energy [4902506.963795849, 4930362.116999178)
   U238
     (n,gamma)                            8.30059e-08 +/- 3.74311e-10
 Incoming Energy [4930362.116999178, 4958217.270202507)
   U238
     (n,gamma)                            8.06004e-08 +/- 4.24436e-10
 Incoming Energy [4958217.270202507, 4986072.423405835)
   U238
     (n,gamma)                            8.16482e-08 +/- 3.98929e-10
 Incoming Energy [4986072.423405835, 5013927.5766091645)
   U238
     (n,gamma)                            7.90183e-08 +/- 3.92909e-10
 Incoming Energy [5013927.5766091645, 5041782.729812493)
   U238
     (n,gamma)                            7.57125e-08 +/- 3.66013e-10
 Incoming Energy [5041782.729812493, 5069637.883015822)
   U238
     (n,gamma)                            7.27348e-08 +/- 3.53969e-10
 Incoming Energy [5069637.883015822, 5097493.036219151)
   U238
     (n,gamma)                            7.00173e-08 +/- 3.28281e-10
 Incoming Energy [5097493.036219151, 5125348.189422479)
   U238
     (n,gamma)                            6.69899e-08 +/- 3.04782e-10
 Incoming Energy [5125348.189422479, 5153203.342625808)
   U238
     (n,gamma)                            6.37737e-08 +/- 3.1482e-10
 Incoming Energy [5153203.342625808, 5181058.495829136)
   U238
     (n,gamma)                            6.22479e-08 +/- 2.86538e-10
 Incoming Energy [5181058.495829136, 5208913.649032465)
   U238
     (n,gamma)                            6.01497e-08 +/- 2.5812e-10
 Incoming Energy [5208913.649032465, 5236768.802235794)
   U238
     (n,gamma)                            5.88852e-08 +/- 2.65487e-10
 Incoming Energy [5236768.802235794, 5264623.955439122)
   U238
     (n,gamma)                            5.78662e-08 +/- 3.13114e-10
 Incoming Energy [5264623.955439122, 5292479.108642451)
   U238
     (n,gamma)                            5.71911e-08 +/- 3.00295e-10
 Incoming Energy [5292479.108642451, 5320334.26184578)
   U238
     (n,gamma)                            5.63658e-08 +/- 2.766e-10
 Incoming Energy [5320334.26184578, 5348189.415049109)
   U238
     (n,gamma)                            5.37887e-08 +/- 2.42838e-10
 Incoming Energy [5348189.415049109, 5376044.568252438)
   U238
     (n,gamma)                            5.12576e-08 +/- 2.44365e-10
 Incoming Energy [5376044.568252438, 5403899.721455766)
   U238
     (n,gamma)                            4.92413e-08 +/- 2.56e-10
 Incoming Energy [5403899.721455766, 5431754.874659095)
   U238
     (n,gamma)                            4.62092e-08 +/- 2.16128e-10
 Incoming Energy [5431754.874659095, 5459610.027862423)
   U238
     (n,gamma)                            4.44698e-08 +/- 2.33901e-10
 Incoming Energy [5459610.027862423, 5487465.181065752)
   U238
     (n,gamma)                            4.27659e-08 +/- 2.20503e-10
 Incoming Energy [5487465.181065752, 5515320.334269081)
   U238
     (n,gamma)                            4.11986e-08 +/- 2.196e-10
 Incoming Energy [5515320.334269081, 5543175.487472409)
   U238
     (n,gamma)                            4.00522e-08 +/- 1.86942e-10
 Incoming Energy [5543175.487472409, 5571030.640675738)
   U238
     (n,gamma)                            3.88237e-08 +/- 2.02555e-10
 Incoming Energy [5571030.640675738, 5598885.793879067)
   U238
     (n,gamma)                            3.82703e-08 +/- 1.91348e-10
 Incoming Energy [5598885.793879067, 5626740.947082396)
   U238
     (n,gamma)                            3.75463e-08 +/- 1.82311e-10
 Incoming Energy [5626740.947082396, 5654596.100285725)
   U238
     (n,gamma)                            3.66184e-08 +/- 1.91491e-10
 Incoming Energy [5654596.100285725, 5682451.253489053)
   U238
     (n,gamma)                            3.59879e-08 +/- 1.83151e-10
 Incoming Energy [5682451.253489053, 5710306.406692382)
   U238
     (n,gamma)                            3.46968e-08 +/- 1.75386e-10
 Incoming Energy [5710306.406692382, 5738161.55989571)
   U238
     (n,gamma)                            3.3108e-08 +/- 1.86517e-10
 Incoming Energy [5738161.55989571, 5766016.713099039)
   U238
     (n,gamma)                            3.17017e-08 +/- 1.52496e-10
 Incoming Energy [5766016.713099039, 5793871.866302368)
   U238
     (n,gamma)                            3.09304e-08 +/- 1.82296e-10
 Incoming Energy [5793871.866302368, 5821727.019505696)
   U238
     (n,gamma)                            3.01432e-08 +/- 1.42659e-10
 Incoming Energy [5821727.019505696, 5849582.172709025)
   U238
     (n,gamma)                            2.96692e-08 +/- 1.61841e-10
 Incoming Energy [5849582.172709025, 5877437.325912354)
   U238
     (n,gamma)                            2.92393e-08 +/- 1.68334e-10
 Incoming Energy [5877437.325912354, 5905292.479115683)
   U238
     (n,gamma)                            2.81063e-08 +/- 1.48715e-10
 Incoming Energy [5905292.479115683, 5933147.632319011)
   U238
     (n,gamma)                            2.71787e-08 +/- 1.38935e-10
 Incoming Energy [5933147.632319011, 5961002.78552234)
   U238
     (n,gamma)                            2.66133e-08 +/- 1.44345e-10
 Incoming Energy [5961002.78552234, 5988857.938725669)
   U238
     (n,gamma)                            2.65403e-08 +/- 1.42568e-10
 Incoming Energy [5988857.938725669, 6016713.091928997)
   U238
     (n,gamma)                            2.5921e-08 +/- 1.31277e-10
 Incoming Energy [6016713.091928997, 6044568.245132326)
   U238
     (n,gamma)                            2.52553e-08 +/- 1.45502e-10
 Incoming Energy [6044568.245132326, 6072423.398335654)
   U238
     (n,gamma)                            2.51455e-08 +/- 1.2824e-10
 Incoming Energy [6072423.398335654, 6100278.551538983)
   U238
     (n,gamma)                            2.37454e-08 +/- 1.24063e-10
 Incoming Energy [6100278.551538983, 6128133.704742312)
   U238
     (n,gamma)                            2.29312e-08 +/- 1.1713e-10
 Incoming Energy [6128133.704742312, 6155988.857945641)
   U238
     (n,gamma)                            2.25566e-08 +/- 1.04564e-10
 Incoming Energy [6155988.857945641, 6183844.01114897)
   U238
     (n,gamma)                            2.18664e-08 +/- 1.2167e-10
 Incoming Energy [6183844.01114897, 6211699.164352298)
   U238
     (n,gamma)                            2.10417e-08 +/- 1.20596e-10
 Incoming Energy [6211699.164352298, 6239554.317555627)
   U238
     (n,gamma)                            2.0925e-08 +/- 1.17436e-10
 Incoming Energy [6239554.317555627, 6267409.470758956)
   U238
     (n,gamma)                            2.0266e-08 +/- 1.14109e-10
 Incoming Energy [6267409.470758956, 6295264.623962284)
   U238
     (n,gamma)                            1.99492e-08 +/- 1.04723e-10
 Incoming Energy [6295264.623962284, 6323119.777165613)
   U238
     (n,gamma)                            1.95646e-08 +/- 1.14762e-10
 Incoming Energy [6323119.777165613, 6350974.930368941)
   U238
     (n,gamma)                            1.90238e-08 +/- 9.91603e-11
 Incoming Energy [6350974.930368941, 6378830.08357227)
   U238
     (n,gamma)                            1.87684e-08 +/- 1.08897e-10
 Incoming Energy [6378830.08357227, 6406685.236775599)
   U238
     (n,gamma)                            1.82642e-08 +/- 1.02456e-10
 Incoming Energy [6406685.236775599, 6434540.389978928)
   U238
     (n,gamma)                            1.79994e-08 +/- 1.07899e-10
 Incoming Energy [6434540.389978928, 6462395.543182257)
   U238
     (n,gamma)                            1.75777e-08 +/- 1.01771e-10
 Incoming Energy [6462395.543182257, 6490250.696385585)
   U238
     (n,gamma)                            1.70843e-08 +/- 9.17804e-11
 Incoming Energy [6490250.696385585, 6518105.849588914)
   U238
     (n,gamma)                            1.67391e-08 +/- 1.09078e-10
 Incoming Energy [6518105.849588914, 6545961.002792243)
   U238
     (n,gamma)                            1.63969e-08 +/- 8.92586e-11
 Incoming Energy [6545961.002792243, 6573816.155995571)
   U238
     (n,gamma)                            1.56984e-08 +/- 9.85357e-11
 Incoming Energy [6573816.155995571, 6601671.3091989)
   U238
     (n,gamma)                            1.54513e-08 +/- 9.13145e-11
 Incoming Energy [6601671.3091989, 6629526.462402228)
   U238
     (n,gamma)                            1.5016e-08 +/- 9.22081e-11
 Incoming Energy [6629526.462402228, 6657381.615605557)
   U238
     (n,gamma)                            1.48743e-08 +/- 8.63057e-11
 Incoming Energy [6657381.615605557, 6685236.7688088855)
   U238
     (n,gamma)                            1.4597e-08 +/- 9.95639e-11
 Incoming Energy [6685236.7688088855, 6713091.922012215)
   U238
     (n,gamma)                            1.46906e-08 +/- 9.32546e-11
 Incoming Energy [6713091.922012215, 6740947.075215544)
   U238
     (n,gamma)                            1.48765e-08 +/- 9.08046e-11
 Incoming Energy [6740947.075215544, 6768802.228418872)
   U238
     (n,gamma)                            1.43865e-08 +/- 7.788e-11
 Incoming Energy [6768802.228418872, 6796657.381622201)
   U238
     (n,gamma)                            1.42478e-08 +/- 8.44734e-11
 Incoming Energy [6796657.381622201, 6824512.534825529)
   U238
     (n,gamma)                            1.36645e-08 +/- 8.7624e-11
 Incoming Energy [6824512.534825529, 6852367.688028858)
   U238
     (n,gamma)                            1.31274e-08 +/- 8.39203e-11
 Incoming Energy [6852367.688028858, 6880222.841232187)
   U238
     (n,gamma)                            1.25906e-08 +/- 8.34416e-11
 Incoming Energy [6880222.841232187, 6908077.994435515)
   U238
     (n,gamma)                            1.24326e-08 +/- 8.65796e-11
 Incoming Energy [6908077.994435515, 6935933.147638844)
   U238
     (n,gamma)                            1.20575e-08 +/- 7.06833e-11
 Incoming Energy [6935933.147638844, 6963788.3008421725)
   U238
     (n,gamma)                            1.1901e-08 +/- 7.52937e-11
 Incoming Energy [6963788.3008421725, 6991643.454045502)
   U238
     (n,gamma)                            1.16837e-08 +/- 7.3761e-11
 Incoming Energy [6991643.454045502, 7019498.607248831)
   U238
     (n,gamma)                            1.15974e-08 +/- 7.60346e-11
 Incoming Energy [7019498.607248831, 7047353.760452159)
   U238
     (n,gamma)                            1.13001e-08 +/- 7.42981e-11
 Incoming Energy [7047353.760452159, 7075208.913655488)
   U238
     (n,gamma)                            1.08928e-08 +/- 7.5841e-11
 Incoming Energy [7075208.913655488, 7103064.066858816)
   U238
     (n,gamma)                            1.07646e-08 +/- 6.73233e-11
 Incoming Energy [7103064.066858816, 7130919.220062145)
   U238
     (n,gamma)                            1.05696e-08 +/- 6.57135e-11
 Incoming Energy [7130919.220062145, 7158774.373265474)
   U238
     (n,gamma)                            1.04393e-08 +/- 6.83689e-11
 Incoming Energy [7158774.373265474, 7186629.526468802)
   U238
     (n,gamma)                            1.05169e-08 +/- 6.47141e-11
 Incoming Energy [7186629.526468802, 7214484.679672131)
   U238
     (n,gamma)                            1.04669e-08 +/- 6.93809e-11
 Incoming Energy [7214484.679672131, 7242339.832875459)
   U238
     (n,gamma)                            1.05676e-08 +/- 7.12734e-11
 Incoming Energy [7242339.832875459, 7270194.9860787885)
   U238
     (n,gamma)                            1.02799e-08 +/- 7.08608e-11
 Incoming Energy [7270194.9860787885, 7298050.139282118)
   U238
     (n,gamma)                            1.01053e-08 +/- 6.23401e-11
 Incoming Energy [7298050.139282118, 7325905.292485446)
   U238
     (n,gamma)                            1.0369e-08 +/- 6.35651e-11
 Incoming Energy [7325905.292485446, 7353760.445688775)
   U238
     (n,gamma)                            1.02323e-08 +/- 6.37374e-11
 Incoming Energy [7353760.445688775, 7381615.598892103)
   U238
     (n,gamma)                            9.91683e-09 +/- 5.75519e-11
 Incoming Energy [7381615.598892103, 7409470.752095432)
   U238
     (n,gamma)                            9.90751e-09 +/- 6.75449e-11
 Incoming Energy [7409470.752095432, 7437325.905298761)
   U238
     (n,gamma)                            9.8273e-09 +/- 7.35631e-11
 Incoming Energy [7437325.905298761, 7465181.058502089)
   U238
     (n,gamma)                            9.7844e-09 +/- 7.25157e-11
 Incoming Energy [7465181.058502089, 7493036.211705418)
   U238
     (n,gamma)                            9.61988e-09 +/- 7.10069e-11
 Incoming Energy [7493036.211705418, 7520891.364908746)
   U238
     (n,gamma)                            9.60403e-09 +/- 6.31519e-11
 Incoming Energy [7520891.364908746, 7548746.5181120755)
   U238
     (n,gamma)                            9.57226e-09 +/- 6.46869e-11
 Incoming Energy [7548746.5181120755, 7576601.671315405)
   U238
     (n,gamma)                            9.51651e-09 +/- 5.53998e-11
 Incoming Energy [7576601.671315405, 7604456.824518733)
   U238
     (n,gamma)                            9.5603e-09 +/- 5.37004e-11
 Incoming Energy [7604456.824518733, 7632311.977722062)
   U238
     (n,gamma)                            9.6725e-09 +/- 6.46338e-11
 Incoming Energy [7632311.977722062, 7660167.13092539)
   U238
     (n,gamma)                            9.80055e-09 +/- 6.55808e-11
 Incoming Energy [7660167.13092539, 7688022.284128719)
   U238
     (n,gamma)                            9.54268e-09 +/- 6.31573e-11
 Incoming Energy [7688022.284128719, 7715877.437332047)
   U238
     (n,gamma)                            9.56809e-09 +/- 6.64792e-11
 Incoming Energy [7715877.437332047, 7743732.590535376)
   U238
     (n,gamma)                            9.39231e-09 +/- 6.39797e-11
 Incoming Energy [7743732.590535376, 7771587.743738705)
   U238
     (n,gamma)                            9.48584e-09 +/- 6.6631e-11
 Incoming Energy [7771587.743738705, 7799442.896942033)
   U238
     (n,gamma)                            9.56698e-09 +/- 6.45576e-11
 Incoming Energy [7799442.896942033, 7827298.0501453625)
   U238
     (n,gamma)                            9.59591e-09 +/- 6.34316e-11
 Incoming Energy [7827298.0501453625, 7855153.203348691)
   U238
     (n,gamma)                            9.77122e-09 +/- 7.08474e-11
 Incoming Energy [7855153.203348691, 7883008.35655202)
   U238
     (n,gamma)                            9.83112e-09 +/- 6.19247e-11
 Incoming Energy [7883008.35655202, 7910863.509755349)
   U238
     (n,gamma)                            9.79388e-09 +/- 6.87528e-11
 Incoming Energy [7910863.509755349, 7938718.662958677)
   U238
     (n,gamma)                            9.8231e-09 +/- 6.33222e-11
 Incoming Energy [7938718.662958677, 7966573.816162006)
   U238
     (n,gamma)                            9.72016e-09 +/- 6.84736e-11
 Incoming Energy [7966573.816162006, 7994428.969365334)
   U238
     (n,gamma)                            9.70518e-09 +/- 6.86514e-11
 Incoming Energy [7994428.969365334, 8022284.122568663)
   U238
     (n,gamma)                            9.73513e-09 +/- 6.81239e-11
 Incoming Energy [8022284.122568663, 8050139.275771992)
   U238
     (n,gamma)                            9.95581e-09 +/- 7.15379e-11
 Incoming Energy [8050139.275771992, 8077994.42897532)
   U238
     (n,gamma)                            9.84752e-09 +/- 7.36415e-11
 Incoming Energy [8077994.42897532, 8105849.5821786495)
   U238
     (n,gamma)                            1.00055e-08 +/- 6.80111e-11
 Incoming Energy [8105849.5821786495, 8133704.735381978)
   U238
     (n,gamma)                            1.00545e-08 +/- 6.84262e-11
 Incoming Energy [8133704.735381978, 8161559.888585307)
   U238
     (n,gamma)                            1.00627e-08 +/- 7.00517e-11
 Incoming Energy [8161559.888585307, 8189415.041788636)
   U238
     (n,gamma)                            1.01303e-08 +/- 7.29915e-11
 Incoming Energy [8189415.041788636, 8217270.194991964)
   U238
     (n,gamma)                            1.0155e-08 +/- 6.7105e-11
 Incoming Energy [8217270.194991964, 8245125.348195293)
   U238
     (n,gamma)                            1.0204e-08 +/- 7.06493e-11
 Incoming Energy [8245125.348195293, 8272980.501398621)
   U238
     (n,gamma)                            1.01383e-08 +/- 6.93112e-11
 Incoming Energy [8272980.501398621, 8300835.65460195)
   U238
     (n,gamma)                            1.00899e-08 +/- 7.72915e-11
 Incoming Energy [8300835.65460195, 8328690.807805279)
   U238
     (n,gamma)                            1.01752e-08 +/- 6.9962e-11
 Incoming Energy [8328690.807805279, 8356545.961008607)
   U238
     (n,gamma)                            1.02589e-08 +/- 6.94464e-11
 Incoming Energy [8356545.961008607, 8384401.1142119365)
   U238
     (n,gamma)                            1.03508e-08 +/- 7.32855e-11
 Incoming Energy [8384401.1142119365, 8412256.267415266)
   U238
     (n,gamma)                            1.04532e-08 +/- 6.98669e-11
 Incoming Energy [8412256.267415266, 8440111.420618594)
   U238
     (n,gamma)                            1.03887e-08 +/- 7.88022e-11
 Incoming Energy [8440111.420618594, 8467966.573821923)
   U238
     (n,gamma)                            1.04118e-08 +/- 7.00512e-11
 Incoming Energy [8467966.573821923, 8495821.727025252)
   U238
     (n,gamma)                            1.07064e-08 +/- 7.31035e-11
 Incoming Energy [8495821.727025252, 8523676.88022858)
   U238
     (n,gamma)                            1.05349e-08 +/- 7.30805e-11
 Incoming Energy [8523676.88022858, 8551532.03343191)
   U238
     (n,gamma)                            1.07684e-08 +/- 6.94833e-11
 Incoming Energy [8551532.03343191, 8579387.186635237)
   U238
     (n,gamma)                            1.06995e-08 +/- 8.30693e-11
 Incoming Energy [8579387.186635237, 8607242.339838566)
   U238
     (n,gamma)                            1.0902e-08 +/- 7.888e-11
 Incoming Energy [8607242.339838566, 8635097.493041895)
   U238
     (n,gamma)                            1.08619e-08 +/- 7.84762e-11
 Incoming Energy [8635097.493041895, 8662952.646245224)
   U238
     (n,gamma)                            1.08926e-08 +/- 8.4259e-11
 Incoming Energy [8662952.646245224, 8690807.799448553)
   U238
     (n,gamma)                            1.07196e-08 +/- 7.47693e-11
 Incoming Energy [8690807.799448553, 8718662.95265188)
   U238
     (n,gamma)                            1.07887e-08 +/- 7.60604e-11
 Incoming Energy [8718662.95265188, 8746518.10585521)
   U238
     (n,gamma)                            1.0881e-08 +/- 8.56012e-11
 Incoming Energy [8746518.10585521, 8774373.259058539)
   U238
     (n,gamma)                            1.09547e-08 +/- 8.93136e-11
 Incoming Energy [8774373.259058539, 8802228.412261868)
   U238
     (n,gamma)                            1.11204e-08 +/- 7.85395e-11
 Incoming Energy [8802228.412261868, 8830083.565465197)
   U238
     (n,gamma)                            1.10963e-08 +/- 8.26681e-11
 Incoming Energy [8830083.565465197, 8857938.718668524)
   U238
     (n,gamma)                            1.11697e-08 +/- 8.2129e-11
 Incoming Energy [8857938.718668524, 8885793.871871853)
   U238
     (n,gamma)                            1.14528e-08 +/- 8.16423e-11
 Incoming Energy [8885793.871871853, 8913649.025075182)
   U238
     (n,gamma)                            1.15472e-08 +/- 8.59711e-11
 Incoming Energy [8913649.025075182, 8941504.178278511)
   U238
     (n,gamma)                            1.16423e-08 +/- 7.71794e-11
 Incoming Energy [8941504.178278511, 8969359.33148184)
   U238
     (n,gamma)                            1.15615e-08 +/- 7.45115e-11
 Incoming Energy [8969359.33148184, 8997214.484685168)
   U238
     (n,gamma)                            1.17059e-08 +/- 8.8207e-11
 Incoming Energy [8997214.484685168, 9025069.637888497)
   U238
     (n,gamma)                            1.17688e-08 +/- 9.08456e-11
 Incoming Energy [9025069.637888497, 9052924.791091826)
   U238
     (n,gamma)                            1.18047e-08 +/- 8.1721e-11
 Incoming Energy [9052924.791091826, 9080779.944295155)
   U238
     (n,gamma)                            1.2027e-08 +/- 8.6925e-11
 Incoming Energy [9080779.944295155, 9108635.097498484)
   U238
     (n,gamma)                            1.21663e-08 +/- 9.35675e-11
 Incoming Energy [9108635.097498484, 9136490.250701811)
   U238
     (n,gamma)                            1.22467e-08 +/- 9.97599e-11
 Incoming Energy [9136490.250701811, 9164345.40390514)
   U238
     (n,gamma)                            1.22067e-08 +/- 9.492e-11
 Incoming Energy [9164345.40390514, 9192200.55710847)
   U238
     (n,gamma)                            1.24684e-08 +/- 9.38508e-11
 Incoming Energy [9192200.55710847, 9220055.710311798)
   U238
     (n,gamma)                            1.23703e-08 +/- 9.67736e-11
 Incoming Energy [9220055.710311798, 9247910.863515127)
   U238
     (n,gamma)                            1.25212e-08 +/- 7.44796e-11
 Incoming Energy [9247910.863515127, 9275766.016718455)
   U238
     (n,gamma)                            1.27559e-08 +/- 9.22239e-11
 Incoming Energy [9275766.016718455, 9303621.169921784)
   U238
     (n,gamma)                            1.28713e-08 +/- 9.23755e-11
 Incoming Energy [9303621.169921784, 9331476.323125113)
   U238
     (n,gamma)                            1.27938e-08 +/- 8.37848e-11
 Incoming Energy [9331476.323125113, 9359331.476328442)
   U238
     (n,gamma)                            1.30528e-08 +/- 9.94078e-11
 Incoming Energy [9359331.476328442, 9387186.629531771)
   U238
     (n,gamma)                            1.27289e-08 +/- 9.42509e-11
 Incoming Energy [9387186.629531771, 9415041.782735098)
   U238
     (n,gamma)                            1.27063e-08 +/- 9.2186e-11
 Incoming Energy [9415041.782735098, 9442896.935938427)
   U238
     (n,gamma)                            1.28001e-08 +/- 8.21222e-11
 Incoming Energy [9442896.935938427, 9470752.089141756)
   U238
     (n,gamma)                            1.30293e-08 +/- 9.26881e-11
 Incoming Energy [9470752.089141756, 9498607.242345085)
   U238
     (n,gamma)                            1.29548e-08 +/- 9.41709e-11
 Incoming Energy [9498607.242345085, 9526462.395548414)
   U238
     (n,gamma)                            1.25322e-08 +/- 1.06622e-10
 Incoming Energy [9526462.395548414, 9554317.548751742)
   U238
     (n,gamma)                            1.27929e-08 +/- 9.50999e-11
 Incoming Energy [9554317.548751742, 9582172.70195507)
   U238
     (n,gamma)                            1.27746e-08 +/- 9.36269e-11
 Incoming Energy [9582172.70195507, 9610027.8551584)
   U238
     (n,gamma)                            1.315e-08 +/- 1.00674e-10
 Incoming Energy [9610027.8551584, 9637883.008361729)
   U238
     (n,gamma)                            1.32631e-08 +/- 1.02691e-10
 Incoming Energy [9637883.008361729, 9665738.161565058)
   U238
     (n,gamma)                            1.34606e-08 +/- 9.86149e-11
 Incoming Energy [9665738.161565058, 9693593.314768385)
   U238
     (n,gamma)                            1.35976e-08 +/- 1.11115e-10
 Incoming Energy [9693593.314768385, 9721448.467971714)
   U238
     (n,gamma)                            1.37213e-08 +/- 1.01486e-10
 Incoming Energy [9721448.467971714, 9749303.621175043)
   U238
     (n,gamma)                            1.39081e-08 +/- 9.90758e-11
 Incoming Energy [9749303.621175043, 9777158.774378372)
   U238
     (n,gamma)                            1.4221e-08 +/- 1.06863e-10
 Incoming Energy [9777158.774378372, 9805013.9275817)
   U238
     (n,gamma)                            1.43872e-08 +/- 1.09174e-10
 Incoming Energy [9805013.9275817, 9832869.080785029)
   U238
     (n,gamma)                            1.44327e-08 +/- 1.09439e-10
 Incoming Energy [9832869.080785029, 9860724.233988358)
   U238
     (n,gamma)                            1.46023e-08 +/- 1.05229e-10
 Incoming Energy [9860724.233988358, 9888579.387191687)
   U238
     (n,gamma)                            1.48362e-08 +/- 1.1043e-10
 Incoming Energy [9888579.387191687, 9916434.540395016)
   U238
     (n,gamma)                            1.49346e-08 +/- 1.01172e-10
 Incoming Energy [9916434.540395016, 9944289.693598343)
   U238
     (n,gamma)                            1.51647e-08 +/- 1.02021e-10
 Incoming Energy [9944289.693598343, 9972144.846801672)
   U238
     (n,gamma)                            1.52044e-08 +/- 1.2035e-10
 Incoming Energy [9972144.846801672, 10000000.000005001)
   U238
     (n,gamma)                            1.59609e-08 +/- 1.01698e-10
 Incoming Energy [10000000.000005001, 10027855.15320833)
   U238
     (n,gamma)                            1.63376e-08 +/- 1.19108e-10
 Incoming Energy [10027855.15320833, 10055710.30641166)
   U238
     (n,gamma)                            1.59978e-08 +/- 1.26353e-10
 Incoming Energy [10055710.30641166, 10083565.459614987)
   U238
     (n,gamma)                            1.61567e-08 +/- 1.12113e-10
 Incoming Energy [10083565.459614987, 10111420.612818316)
   U238
     (n,gamma)                            1.63262e-08 +/- 1.17364e-10
 Incoming Energy [10111420.612818316, 10139275.766021645)
   U238
     (n,gamma)                            1.66298e-08 +/- 1.04908e-10
 Incoming Energy [10139275.766021645, 10167130.919224974)
   U238
     (n,gamma)                            1.6581e-08 +/- 9.83287e-11
 Incoming Energy [10167130.919224974, 10194986.072428303)
   U238
     (n,gamma)                            1.68896e-08 +/- 1.30237e-10
 Incoming Energy [10194986.072428303, 10222841.22563163)
   U238
     (n,gamma)                            1.68443e-08 +/- 1.21822e-10
 Incoming Energy [10222841.22563163, 10250696.37883496)
   U238
     (n,gamma)                            1.7318e-08 +/- 1.33674e-10
 Incoming Energy [10250696.37883496, 10278551.532038288)
   U238
     (n,gamma)                            1.74304e-08 +/- 1.13474e-10
 Incoming Energy [10278551.532038288, 10306406.685241617)
   U238
     (n,gamma)                            1.78399e-08 +/- 1.3823e-10
 Incoming Energy [10306406.685241617, 10334261.838444946)
   U238
     (n,gamma)                            1.78696e-08 +/- 1.21716e-10
 Incoming Energy [10334261.838444946, 10362116.991648274)
   U238
     (n,gamma)                            1.80261e-08 +/- 1.22456e-10
 Incoming Energy [10362116.991648274, 10389972.144851603)
   U238
     (n,gamma)                            1.81472e-08 +/- 1.03986e-10
 Incoming Energy [10389972.144851603, 10417827.298054932)
   U238
     (n,gamma)                            1.84511e-08 +/- 1.20162e-10
 Incoming Energy [10417827.298054932, 10445682.45125826)
   U238
     (n,gamma)                            1.85434e-08 +/- 1.31798e-10
 Incoming Energy [10445682.45125826, 10473537.60446159)
   U238
     (n,gamma)                            1.8993e-08 +/- 1.34841e-10
 Incoming Energy [10473537.60446159, 10501392.757664917)
   U238
     (n,gamma)                            1.9067e-08 +/- 1.24974e-10
 Incoming Energy [10501392.757664917, 10529247.910868246)
   U238
     (n,gamma)                            1.9003e-08 +/- 1.27449e-10
 Incoming Energy [10529247.910868246, 10557103.064071575)
   U238
     (n,gamma)                            1.95336e-08 +/- 1.47013e-10
 Incoming Energy [10557103.064071575, 10584958.217274904)
   U238
     (n,gamma)                            1.97546e-08 +/- 1.12098e-10
 Incoming Energy [10584958.217274904, 10612813.370478233)
   U238
     (n,gamma)                            1.969e-08 +/- 1.33689e-10
 Incoming Energy [10612813.370478233, 10640668.52368156)
   U238
     (n,gamma)                            2.00128e-08 +/- 1.22982e-10
 Incoming Energy [10640668.52368156, 10668523.67688489)
   U238
     (n,gamma)                            2.01066e-08 +/- 1.20198e-10
 Incoming Energy [10668523.67688489, 10696378.830088219)
   U238
     (n,gamma)                            2.01343e-08 +/- 1.31509e-10
 Incoming Energy [10696378.830088219, 10724233.983291548)
   U238
     (n,gamma)                            2.03493e-08 +/- 1.3254e-10
 Incoming Energy [10724233.983291548, 10752089.136494877)
   U238
     (n,gamma)                            2.04318e-08 +/- 1.51817e-10
 Incoming Energy [10752089.136494877, 10779944.289698204)
   U238
     (n,gamma)                            2.06211e-08 +/- 1.39852e-10
 Incoming Energy [10779944.289698204, 10807799.442901533)
   U238
     (n,gamma)                            2.10527e-08 +/- 1.37654e-10
 Incoming Energy [10807799.442901533, 10835654.596104862)
   U238
     (n,gamma)                            2.10765e-08 +/- 1.39957e-10
 Incoming Energy [10835654.596104862, 10863509.749308191)
   U238
     (n,gamma)                            2.13147e-08 +/- 1.36354e-10
 Incoming Energy [10863509.749308191, 10891364.90251152)
   U238
     (n,gamma)                            2.14132e-08 +/- 1.3886e-10
 Incoming Energy [10891364.90251152, 10919220.055714848)
   U238
     (n,gamma)                            2.1249e-08 +/- 1.33227e-10
 Incoming Energy [10919220.055714848, 10947075.208918177)
   U238
     (n,gamma)                            2.16336e-08 +/- 1.39946e-10
 Incoming Energy [10947075.208918177, 10974930.362121506)
   U238
     (n,gamma)                            2.1802e-08 +/- 1.39083e-10
 Incoming Energy [10974930.362121506, 11002785.515324835)
   U238
     (n,gamma)                            2.23909e-08 +/- 1.41314e-10
 Incoming Energy [11002785.515324835, 11030640.668528164)
   U238
     (n,gamma)                            2.24507e-08 +/- 1.42513e-10
 Incoming Energy [11030640.668528164, 11058495.821731491)
   U238
     (n,gamma)                            2.27404e-08 +/- 1.47924e-10
 Incoming Energy [11058495.821731491, 11086350.97493482)
   U238
     (n,gamma)                            2.30928e-08 +/- 1.68177e-10
 Incoming Energy [11086350.97493482, 11114206.12813815)
   U238
     (n,gamma)                            2.3353e-08 +/- 1.64189e-10
 Incoming Energy [11114206.12813815, 11142061.281341478)
   U238
     (n,gamma)                            2.3705e-08 +/- 1.23772e-10
 Incoming Energy [11142061.281341478, 11169916.434544807)
   U238
     (n,gamma)                            2.39604e-08 +/- 1.47897e-10
 Incoming Energy [11169916.434544807, 11197771.587748135)
   U238
     (n,gamma)                            2.42612e-08 +/- 1.56224e-10
 Incoming Energy [11197771.587748135, 11225626.740951464)
   U238
     (n,gamma)                            2.51234e-08 +/- 1.45424e-10
 Incoming Energy [11225626.740951464, 11253481.894154793)
   U238
     (n,gamma)                            2.55292e-08 +/- 1.72832e-10
 Incoming Energy [11253481.894154793, 11281337.047358122)
   U238
     (n,gamma)                            2.55302e-08 +/- 1.46614e-10
 Incoming Energy [11281337.047358122, 11309192.20056145)
   U238
     (n,gamma)                            2.54281e-08 +/- 1.9135e-10
 Incoming Energy [11309192.20056145, 11337047.353764778)
   U238
     (n,gamma)                            2.59085e-08 +/- 1.42574e-10
 Incoming Energy [11337047.353764778, 11364902.506968107)
   U238
     (n,gamma)                            2.62926e-08 +/- 1.44631e-10
 Incoming Energy [11364902.506968107, 11392757.660171436)
   U238
     (n,gamma)                            2.69399e-08 +/- 1.55912e-10
 Incoming Energy [11392757.660171436, 11420612.813374765)
   U238
     (n,gamma)                            2.77915e-08 +/- 1.53555e-10
 Incoming Energy [11420612.813374765, 11448467.966578094)
   U238
     (n,gamma)                            2.80762e-08 +/- 1.73142e-10
 Incoming Energy [11448467.966578094, 11476323.119781421)
   U238
     (n,gamma)                            2.83002e-08 +/- 1.61372e-10
 Incoming Energy [11476323.119781421, 11504178.27298475)
   U238
     (n,gamma)                            2.88721e-08 +/- 1.56563e-10
 Incoming Energy [11504178.27298475, 11532033.42618808)
   U238
     (n,gamma)                            2.87788e-08 +/- 1.65804e-10
 Incoming Energy [11532033.42618808, 11559888.579391409)
   U238
     (n,gamma)                            2.90775e-08 +/- 1.672e-10
 Incoming Energy [11559888.579391409, 11587743.732594738)
   U238
     (n,gamma)                            2.9019e-08 +/- 1.44406e-10
 Incoming Energy [11587743.732594738, 11615598.885798065)
   U238
     (n,gamma)                            2.92844e-08 +/- 1.61834e-10
 Incoming Energy [11615598.885798065, 11643454.039001394)
   U238
     (n,gamma)                            2.95308e-08 +/- 1.67494e-10
 Incoming Energy [11643454.039001394, 11671309.192204723)
   U238
     (n,gamma)                            2.99708e-08 +/- 1.40178e-10
 Incoming Energy [11671309.192204723, 11699164.345408052)
   U238
     (n,gamma)                            3.00829e-08 +/- 1.74264e-10
 Incoming Energy [11699164.345408052, 11727019.49861138)
   U238
     (n,gamma)                            3.01109e-08 +/- 1.62557e-10
 Incoming Energy [11727019.49861138, 11754874.651814708)
   U238
     (n,gamma)                            2.991e-08 +/- 1.75247e-10
 Incoming Energy [11754874.651814708, 11782729.805018038)
   U238
     (n,gamma)                            3.04641e-08 +/- 1.74178e-10
 Incoming Energy [11782729.805018038, 11810584.958221367)
   U238
     (n,gamma)                            3.0713e-08 +/- 1.90007e-10
 Incoming Energy [11810584.958221367, 11838440.111424696)
   U238
     (n,gamma)                            2.99241e-08 +/- 1.56612e-10
 Incoming Energy [11838440.111424696, 11866295.264628023)
   U238
     (n,gamma)                            3.03286e-08 +/- 1.68509e-10
 Incoming Energy [11866295.264628023, 11894150.417831352)
   U238
     (n,gamma)                            3.03724e-08 +/- 1.74919e-10
 Incoming Energy [11894150.417831352, 11922005.571034681)
   U238
     (n,gamma)                            3.0814e-08 +/- 1.77109e-10
 Incoming Energy [11922005.571034681, 11949860.72423801)
   U238
     (n,gamma)                            3.06096e-08 +/- 1.65027e-10
 Incoming Energy [11949860.72423801, 11977715.87744134)
   U238
     (n,gamma)                            3.1262e-08 +/- 1.59847e-10
 Incoming Energy [11977715.87744134, 12005571.030644666)
   U238
     (n,gamma)                            3.12786e-08 +/- 1.69029e-10
 Incoming Energy [12005571.030644666, 12033426.183847995)
   U238
     (n,gamma)                            3.14363e-08 +/- 1.67606e-10
 Incoming Energy [12033426.183847995, 12061281.337051325)
   U238
     (n,gamma)                            3.18738e-08 +/- 1.42619e-10
 Incoming Energy [12061281.337051325, 12089136.490254654)
   U238
     (n,gamma)                            3.20533e-08 +/- 1.55571e-10
 Incoming Energy [12089136.490254654, 12116991.643457983)
   U238
     (n,gamma)                            3.24913e-08 +/- 1.74193e-10
 Incoming Energy [12116991.643457983, 12144846.79666131)
   U238
     (n,gamma)                            3.33088e-08 +/- 1.55049e-10
 Incoming Energy [12144846.79666131, 12172701.949864639)
   U238
     (n,gamma)                            3.38864e-08 +/- 1.67724e-10
 Incoming Energy [12172701.949864639, 12200557.103067968)
   U238
     (n,gamma)                            3.40883e-08 +/- 1.78699e-10
 Incoming Energy [12200557.103067968, 12228412.256271297)
   U238
     (n,gamma)                            3.44723e-08 +/- 1.96475e-10
 Incoming Energy [12228412.256271297, 12256267.409474626)
   U238
     (n,gamma)                            3.53492e-08 +/- 1.64074e-10
 Incoming Energy [12256267.409474626, 12284122.562677953)
   U238
     (n,gamma)                            3.57565e-08 +/- 1.63459e-10
 Incoming Energy [12284122.562677953, 12311977.715881282)
   U238
     (n,gamma)                            3.66005e-08 +/- 1.5966e-10
 Incoming Energy [12311977.715881282, 12339832.869084612)
   U238
     (n,gamma)                            3.75126e-08 +/- 1.76661e-10
 Incoming Energy [12339832.869084612, 12367688.02228794)
   U238
     (n,gamma)                            3.79718e-08 +/- 1.95089e-10
 Incoming Energy [12367688.02228794, 12395543.17549127)
   U238
     (n,gamma)                            3.89177e-08 +/- 1.82358e-10
 Incoming Energy [12395543.17549127, 12423398.328694597)
   U238
     (n,gamma)                            3.97727e-08 +/- 1.99757e-10
 Incoming Energy [12423398.328694597, 12451253.481897926)
   U238
     (n,gamma)                            4.07773e-08 +/- 1.65695e-10
 Incoming Energy [12451253.481897926, 12479108.635101255)
   U238
     (n,gamma)                            4.14378e-08 +/- 1.88784e-10
 Incoming Energy [12479108.635101255, 12506963.788304584)
   U238
     (n,gamma)                            4.23808e-08 +/- 2.09064e-10
 Incoming Energy [12506963.788304584, 12534818.941507913)
   U238
     (n,gamma)                            3.96168e-08 +/- 1.83524e-10
 Incoming Energy [12534818.941507913, 12562674.09471124)
   U238
     (n,gamma)                            3.9774e-08 +/- 1.93354e-10
 Incoming Energy [12562674.09471124, 12590529.24791457)
   U238
     (n,gamma)                            4.04099e-08 +/- 1.72251e-10
 Incoming Energy [12590529.24791457, 12618384.401117899)
   U238
     (n,gamma)                            4.1286e-08 +/- 1.73509e-10
 Incoming Energy [12618384.401117899, 12646239.554321228)
   U238
     (n,gamma)                            4.17842e-08 +/- 1.77813e-10
 Incoming Energy [12646239.554321228, 12674094.707524557)
   U238
     (n,gamma)                            4.23968e-08 +/- 1.95088e-10
 Incoming Energy [12674094.707524557, 12701949.860727884)
   U238
     (n,gamma)                            4.37913e-08 +/- 2.04947e-10
 Incoming Energy [12701949.860727884, 12729805.013931213)
   U238
     (n,gamma)                            4.43837e-08 +/- 2.10168e-10
 Incoming Energy [12729805.013931213, 12757660.167134542)
   U238
     (n,gamma)                            4.50982e-08 +/- 1.69006e-10
 Incoming Energy [12757660.167134542, 12785515.320337871)
   U238
     (n,gamma)                            4.58128e-08 +/- 2.06734e-10
 Incoming Energy [12785515.320337871, 12813370.4735412)
   U238
     (n,gamma)                            4.65938e-08 +/- 1.9547e-10
 Incoming Energy [12813370.4735412, 12841225.626744527)
   U238
     (n,gamma)                            4.7652e-08 +/- 1.91704e-10
 Incoming Energy [12841225.626744527, 12869080.779947856)
   U238
     (n,gamma)                            4.857e-08 +/- 2.03752e-10
 Incoming Energy [12869080.779947856, 12896935.933151186)
   U238
     (n,gamma)                            4.95282e-08 +/- 2.24966e-10
 Incoming Energy [12896935.933151186, 12924791.086354515)
   U238
     (n,gamma)                            5.00431e-08 +/- 2.26995e-10
 Incoming Energy [12924791.086354515, 12952646.239557844)
   U238
     (n,gamma)                            5.10354e-08 +/- 2.11777e-10
 Incoming Energy [12952646.239557844, 12980501.39276117)
   U238
     (n,gamma)                            5.16198e-08 +/- 2.27829e-10
 Incoming Energy [12980501.39276117, 13008356.5459645)
   U238
     (n,gamma)                            5.22264e-08 +/- 2.38422e-10
 Incoming Energy [13008356.5459645, 13036211.699167829)
   U238
     (n,gamma)                            5.24928e-08 +/- 1.99434e-10
 Incoming Energy [13036211.699167829, 13064066.852371158)
   U238
     (n,gamma)                            5.315e-08 +/- 2.13574e-10
 Incoming Energy [13064066.852371158, 13091922.005574487)
   U238
     (n,gamma)                            5.35616e-08 +/- 2.1953e-10
 Incoming Energy [13091922.005574487, 13119777.158777814)
   U238
     (n,gamma)                            5.40926e-08 +/- 2.14889e-10
 Incoming Energy [13119777.158777814, 13147632.311981143)
   U238
     (n,gamma)                            5.41032e-08 +/- 2.4224e-10
 Incoming Energy [13147632.311981143, 13175487.465184473)
   U238
     (n,gamma)                            5.51026e-08 +/- 2.22935e-10
 Incoming Energy [13175487.465184473, 13203342.618387802)
   U238
     (n,gamma)                            5.55224e-08 +/- 2.17149e-10
 Incoming Energy [13203342.618387802, 13231197.77159113)
   U238
     (n,gamma)                            5.54974e-08 +/- 2.06815e-10
 Incoming Energy [13231197.77159113, 13259052.924794458)
   U238
     (n,gamma)                            5.58159e-08 +/- 2.52296e-10
 Incoming Energy [13259052.924794458, 13286908.077997787)
   U238
     (n,gamma)                            5.57837e-08 +/- 1.98255e-10
 Incoming Energy [13286908.077997787, 13314763.231201116)
   U238
     (n,gamma)                            5.61453e-08 +/- 2.07002e-10
 Incoming Energy [13314763.231201116, 13342618.384404445)
   U238
     (n,gamma)                            5.64008e-08 +/- 1.88251e-10
 Incoming Energy [13342618.384404445, 13370473.537607772)
   U238
     (n,gamma)                            5.64753e-08 +/- 2.04081e-10
 Incoming Energy [13370473.537607772, 13398328.690811101)
   U238
     (n,gamma)                            5.67266e-08 +/- 2.15996e-10
 Incoming Energy [13398328.690811101, 13426183.84401443)
   U238
     (n,gamma)                            5.74351e-08 +/- 2.24234e-10
 Incoming Energy [13426183.84401443, 13454038.99721776)
   U238
     (n,gamma)                            5.81713e-08 +/- 2.26887e-10
 Incoming Energy [13454038.99721776, 13481894.150421089)
   U238
     (n,gamma)                            5.8793e-08 +/- 2.16461e-10
 Incoming Energy [13481894.150421089, 13509749.303624416)
   U238
     (n,gamma)                            6.00943e-08 +/- 2.15544e-10
 Incoming Energy [13509749.303624416, 13537604.456827745)
   U238
     (n,gamma)                            6.07066e-08 +/- 2.19357e-10
 Incoming Energy [13537604.456827745, 13565459.610031074)
   U238
     (n,gamma)                            6.23657e-08 +/- 2.16628e-10
 Incoming Energy [13565459.610031074, 13593314.763234403)
   U238
     (n,gamma)                            6.35961e-08 +/- 2.04213e-10
 Incoming Energy [13593314.763234403, 13621169.916437732)
   U238
     (n,gamma)                            6.55318e-08 +/- 2.49082e-10
 Incoming Energy [13621169.916437732, 13649025.06964106)
   U238
     (n,gamma)                            6.80399e-08 +/- 2.24093e-10
 Incoming Energy [13649025.06964106, 13676880.222844388)
   U238
     (n,gamma)                            7.09622e-08 +/- 2.47506e-10
 Incoming Energy [13676880.222844388, 13704735.376047717)
   U238
     (n,gamma)                            7.46636e-08 +/- 2.11568e-10
 Incoming Energy [13704735.376047717, 13732590.529251046)
   U238
     (n,gamma)                            7.84108e-08 +/- 2.63492e-10
 Incoming Energy [13732590.529251046, 13760445.682454376)
   U238
     (n,gamma)                            8.4045e-08 +/- 2.55386e-10
 Incoming Energy [13760445.682454376, 13788300.835657703)
   U238
     (n,gamma)                            8.95536e-08 +/- 2.32575e-10
 Incoming Energy [13788300.835657703, 13816155.988861032)
   U238
     (n,gamma)                            9.61259e-08 +/- 2.84859e-10
 Incoming Energy [13816155.988861032, 13844011.14206436)
   U238
     (n,gamma)                            1.0452e-07 +/- 2.71778e-10
 Incoming Energy [13844011.14206436, 13871866.29526769)
   U238
     (n,gamma)                            1.13454e-07 +/- 2.65387e-10
 Incoming Energy [13871866.29526769, 13899721.448471019)
   U238
     (n,gamma)                            1.18578e-07 +/- 3.15478e-10
 Incoming Energy [13899721.448471019, 13927576.601674346)
   U238
     (n,gamma)                            1.30404e-07 +/- 3.24626e-10
 Incoming Energy [13927576.601674346, 13955431.754877675)
   U238
     (n,gamma)                            1.43353e-07 +/- 3.24381e-10
 Incoming Energy [13955431.754877675, 13983286.908081004)
   U238
     (n,gamma)                            1.57464e-07 +/- 3.26719e-10
 Incoming Energy [13983286.908081004, 14011142.061284333)
   U238
     (n,gamma)                            1.75091e-07 +/- 3.13728e-10
 Incoming Energy [14011142.061284333, 14038997.214487663)
   U238
     (n,gamma)                            1.92487e-07 +/- 3.48095e-10
 Incoming Energy [14038997.214487663, 14066852.36769099)
   U238
     (n,gamma)                            2.23877e-07 +/- 3.90763e-10
 Incoming Energy [14066852.36769099, 14094707.520894319)
   U238
     (n,gamma)                            3.52793e-06 +/- 1.16857e-09
 Incoming Energy [14094707.520894319, 14122562.674097648)
   U238
     (n,gamma)                            1.17913e-12 +/- 8.0521e-13
 Incoming Energy [14122562.674097648, 14150417.827300977)
   U238
     (n,gamma)                            1.91106e-13 +/- 1.91106e-13
 Incoming Energy [14150417.827300977, 14178272.980504306)
   U238
     (n,gamma)                            1.93435e-12 +/- 1.22005e-12
 Incoming Energy [14178272.980504306, 14206128.133707633)
   U238
     (n,gamma)                            2.615e-14 +/- 2.615e-14
 Incoming Energy [14206128.133707633, 14233983.286910962)
   U238
     (n,gamma)                            5.68553e-13 +/- 4.00117e-13
 Incoming Energy [14233983.286910962, 14261838.440114291)
   U238
     (n,gamma)                            0 +/- 0
 Incoming Energy [14261838.440114291, 14289693.59331762)
   U238
     (n,gamma)                            5.41952e-13 +/- 3.81281e-13
 Incoming Energy [14289693.59331762, 14317548.74652095)
   U238
     (n,gamma)                            1.36751e-12 +/- 7.96526e-13
 Incoming Energy [14317548.74652095, 14345403.899724277)
   U238
     (n,gamma)                            1.42151e-13 +/- 1.42151e-13
 Incoming Energy [14345403.899724277, 14373259.052927606)
   U238
     (n,gamma)                            1.29731e-14 +/- 1.29731e-14
 Incoming Energy [14373259.052927606, 14401114.206130935)
   U238
     (n,gamma)                            1.80007e-12 +/- 1.43616e-12
 Incoming Energy [14401114.206130935, 14428969.359334264)
   U238
     (n,gamma)                            1.21322e-12 +/- 7.3931e-13
 Incoming Energy [14428969.359334264, 14456824.512537593)
   U238
     (n,gamma)                            1.15035e-12 +/- 5.88185e-13
 Incoming Energy [14456824.512537593, 14484679.66574092)
   U238
     (n,gamma)                            9.57477e-13 +/- 8.24375e-13
 Incoming Energy [14484679.66574092, 14512534.81894425)
   U238
     (n,gamma)                            1.58332e-12 +/- 1.2212e-12
 Incoming Energy [14512534.81894425, 14540389.972147578)
   U238
     (n,gamma)                            4.81153e-13 +/- 3.38518e-13
 Incoming Energy [14540389.972147578, 14568245.125350907)
   U238
     (n,gamma)                            3.02924e-13 +/- 3.02924e-13
 Incoming Energy [14568245.125350907, 14596100.278554237)
   U238
     (n,gamma)                            1.01017e-13 +/- 1.01017e-13
 Incoming Energy [14596100.278554237, 14623955.431757564)
   U238
     (n,gamma)                            2.4697e-13 +/- 2.4697e-13
 Incoming Energy [14623955.431757564, 14651810.584960893)
   U238
     (n,gamma)                            1.94783e-12 +/- 1.33608e-12
 Incoming Energy [14651810.584960893, 14679665.738164222)
   U238
     (n,gamma)                            1.08065e-12 +/- 7.61594e-13
 Incoming Energy [14679665.738164222, 14707520.891367551)
   U238
     (n,gamma)                            1.14973e-12 +/- 1.03946e-12
 Incoming Energy [14707520.891367551, 14735376.04457088)
   U238
     (n,gamma)                            9.42054e-14 +/- 9.42054e-14
 Incoming Energy [14735376.04457088, 14763231.197774207)
   U238
     (n,gamma)                            1.61059e-12 +/- 9.53409e-13
 Incoming Energy [14763231.197774207, 14791086.350977536)
   U238
     (n,gamma)                            0 +/- 0
 Incoming Energy [14791086.350977536, 14818941.504180865)
   U238
     (n,gamma)                            8.09249e-13 +/- 6.24653e-13
 Incoming Energy [14818941.504180865, 14846796.657384194)
   U238
     (n,gamma)                            1.02037e-12 +/- 9.36615e-13
 Incoming Energy [14846796.657384194, 14874651.810587524)
   U238
     (n,gamma)                            1.1529e-12 +/- 8.69824e-13
 Incoming Energy [14874651.810587524, 14902506.96379085)
   U238
     (n,gamma)                            2.14915e-12 +/- 1.68476e-12
 Incoming Energy [14902506.96379085, 14930362.11699418)
   U238
     (n,gamma)                            1.43317e-12 +/- 8.63575e-13
 Incoming Energy [14930362.11699418, 14958217.270197509)
   U238
     (n,gamma)                            1.58112e-12 +/- 1.38392e-12
 Incoming Energy [14958217.270197509, 14986072.423400838)
   U238
     (n,gamma)                            3.80913e-13 +/- 2.81002e-13
 Incoming Energy [14986072.423400838, 15013927.576604167)
   U238
     (n,gamma)                            2.82603e-13 +/- 2.82603e-13
 Incoming Energy [15013927.576604167, 15041782.729807494)
   U238
     (n,gamma)                            1.40372e-12 +/- 6.34159e-13
 Incoming Energy [15041782.729807494, 15069637.883010823)
   U238
     (n,gamma)                            2.55592e-13 +/- 2.55592e-13
 Incoming Energy [15069637.883010823, 15097493.036214152)
   U238
     (n,gamma)                            8.4337e-13 +/- 7.50492e-13
 Incoming Energy [15097493.036214152, 15125348.189417481)
   U238
     (n,gamma)                            2.85016e-13 +/- 2.59961e-13
 Incoming Energy [15125348.189417481, 15153203.34262081)
   U238
     (n,gamma)                            9.02608e-13 +/- 7.01231e-13
 Incoming Energy [15153203.34262081, 15181058.495824138)
   U238
     (n,gamma)                            0 +/- 0
 Incoming Energy [15181058.495824138, 15208913.649027467)
   U238
     (n,gamma)                            3.63072e-14 +/- 3.63072e-14
 Incoming Energy [15208913.649027467, 15236768.802230796)
   U238
     (n,gamma)                            9.64527e-14 +/- 9.1182e-14
 Incoming Energy [15236768.802230796, 15264623.955434125)
   U238
     (n,gamma)                            6.9712e-13 +/- 5.70968e-13
 Incoming Energy [15264623.955434125, 15292479.108637452)
   U238
     (n,gamma)                            1.60542e-13 +/- 1.60542e-13
 Incoming Energy [15292479.108637452, 15320334.261840781)
   U238
     (n,gamma)                            0 +/- 0
 Incoming Energy [15320334.261840781, 15348189.41504411)
   U238
     (n,gamma)                            9.07253e-14 +/- 9.07253e-14
 Incoming Energy [15348189.41504411, 15376044.56824744)
   U238
     (n,gamma)                            9.93003e-14 +/- 9.93003e-14
 Incoming Energy [15376044.56824744, 15403899.721450768)
   U238
     (n,gamma)                            3.12278e-13 +/- 3.12278e-13
 Incoming Energy [15403899.721450768, 15431754.874654096)
   U238
     (n,gamma)                            0 +/- 0
 Incoming Energy [15431754.874654096, 15459610.027857425)
   U238
     (n,gamma)                            0 +/- 0
 Incoming Energy [15459610.027857425, 15487465.181060754)
   U238
     (n,gamma)                            1.07274e-12 +/- 1.07274e-12
 Incoming Energy [15487465.181060754, 15515320.334264083)
   U238
     (n,gamma)                            2.06839e-13 +/- 1.78951e-13
 Incoming Energy [15515320.334264083, 15543175.487467412)
   U238
     (n,gamma)                            4.36542e-14 +/- 4.36542e-14
 Incoming Energy [15543175.487467412, 15571030.64067074)
   U238
     (n,gamma)                            0 +/- 0
 Incoming Energy [15571030.64067074, 15598885.793874068)
   U238
     (n,gamma)                            1.48222e-13 +/- 1.06214e-13
 Incoming Energy [15598885.793874068, 15626740.947077397)
   U238
     (n,gamma)                            6.01276e-14 +/- 5.84415e-14
 Incoming Energy [15626740.947077397, 15654596.100280726)
   U238
     (n,gamma)                            7.24049e-15 +/- 7.24049e-15
 Incoming Energy [15654596.100280726, 15682451.253484055)
   U238
     (n,gamma)                            0 +/- 0
 Incoming Energy [15682451.253484055, 15710306.406687383)
   U238
     (n,gamma)                            0 +/- 0
 Incoming Energy [15710306.406687383, 15738161.559890712)
   U238
     (n,gamma)                            0 +/- 0
 Incoming Energy [15738161.559890712, 15766016.71309404)
   U238
     (n,gamma)                            0 +/- 0
 Incoming Energy [15766016.71309404, 15793871.86629737)
   U238
     (n,gamma)                            6.56071e-15 +/- 6.56071e-15
 Incoming Energy [15793871.86629737, 15821727.019500699)
   U238
     (n,gamma)                            0 +/- 0
 Incoming Energy [15821727.019500699, 15849582.172704026)
   U238
     (n,gamma)                            0 +/- 0
 Incoming Energy [15849582.172704026, 15877437.325907355)
   U238
     (n,gamma)                            2.81015e-13 +/- 1.73538e-13
 Incoming Energy [15877437.325907355, 15905292.479110684)
   U238
     (n,gamma)                            0 +/- 0
 Incoming Energy [15905292.479110684, 15933147.632314013)
   U238
     (n,gamma)                            0 +/- 0
 Incoming Energy [15933147.632314013, 15961002.785517342)
   U238
     (n,gamma)                            0 +/- 0
 Incoming Energy [15961002.785517342, 15988857.93872067)
   U238
     (n,gamma)                            0 +/- 0
 Incoming Energy [15988857.93872067, 16016713.091923999)
   U238
     (n,gamma)                            0 +/- 0
 Incoming Energy [16016713.091923999, 16044568.245127328)
   U238
     (n,gamma)                            0 +/- 0
 Incoming Energy [16044568.245127328, 16072423.398330657)
   U238
     (n,gamma)                            2.11651e-14 +/- 2.11651e-14
 Incoming Energy [16072423.398330657, 16100278.551533986)
   U238
     (n,gamma)                            0 +/- 0
 Incoming Energy [16100278.551533986, 16128133.704737313)
   U238
     (n,gamma)                            0 +/- 0
 Incoming Energy [16128133.704737313, 16155988.857940642)
   U238
     (n,gamma)                            0 +/- 0
 Incoming Energy [16155988.857940642, 16183844.011143971)
   U238
     (n,gamma)                            0 +/- 0
 Incoming Energy [16183844.011143971, 16211699.1643473)
   U238
     (n,gamma)                            0 +/- 0
 Incoming Energy [16211699.1643473, 16239554.31755063)
   U238
     (n,gamma)                            0 +/- 0
 Incoming Energy [16239554.31755063, 16267409.470753957)
   U238
     (n,gamma)                            3.81446e-13 +/- 3.06324e-13
 Incoming Energy [16267409.470753957, 16295264.623957286)
   U238
     (n,gamma)                            0 +/- 0
 Incoming Energy [16295264.623957286, 16323119.777160615)
   U238
     (n,gamma)                            0 +/- 0
 Incoming Energy [16323119.777160615, 16350974.930363944)
   U238
     (n,gamma)                            4.20465e-13 +/- 4.20465e-13
 Incoming Energy [16350974.930363944, 16378830.083567273)
   U238
     (n,gamma)                            0 +/- 0
 Incoming Energy [16378830.083567273, 16406685.2367706)
   U238
     (n,gamma)                            0 +/- 0
 Incoming Energy [16406685.2367706, 16434540.38997393)
   U238
     (n,gamma)                            0 +/- 0
 Incoming Energy [16434540.38997393, 16462395.543177258)
   U238
     (n,gamma)                            0 +/- 0
 Incoming Energy [16462395.543177258, 16490250.696380587)
   U238
     (n,gamma)                            0 +/- 0
 Incoming Energy [16490250.696380587, 16518105.849583916)
   U238
     (n,gamma)                            7.03136e-13 +/- 7.03136e-13
 Incoming Energy [16518105.849583916, 16545961.002787244)
   U238
     (n,gamma)                            5.28871e-14 +/- 5.28871e-14
 Incoming Energy [16545961.002787244, 16573816.155990573)
   U238
     (n,gamma)                            0 +/- 0
 Incoming Energy [16573816.155990573, 16601671.309193902)
   U238
     (n,gamma)                            6.89296e-13 +/- 6.38928e-13
 Incoming Energy [16601671.309193902, 16629526.46239723)
   U238
     (n,gamma)                            8.85899e-13 +/- 8.1346e-13
 Incoming Energy [16629526.46239723, 16657381.61560056)
   U238
     (n,gamma)                            5.13613e-13 +/- 5.13613e-13
 Incoming Energy [16657381.61560056, 16685236.768803887)
   U238
     (n,gamma)                            1.02673e-13 +/- 1.02673e-13
 Incoming Energy [16685236.768803887, 16713091.922007216)
   U238
     (n,gamma)                            4.24538e-14 +/- 4.24538e-14
 Incoming Energy [16713091.922007216, 16740947.075210545)
   U238
     (n,gamma)                            0 +/- 0
 Incoming Energy [16740947.075210545, 16768802.228413874)
   U238
     (n,gamma)                            0 +/- 0
 Incoming Energy [16768802.228413874, 16796657.3816172)
   U238
     (n,gamma)                            0 +/- 0
 Incoming Energy [16796657.3816172, 16824512.53482053)
   U238
     (n,gamma)                            0 +/- 0
 Incoming Energy [16824512.53482053, 16852367.688023858)
   U238
     (n,gamma)                            0 +/- 0
 Incoming Energy [16852367.688023858, 16880222.841227185)
   U238
     (n,gamma)                            0 +/- 0
 Incoming Energy [16880222.841227185, 16908077.994430516)
   U238
     (n,gamma)                            0 +/- 0
 Incoming Energy [16908077.994430516, 16935933.147633843)
   U238
     (n,gamma)                            0 +/- 0
 Incoming Energy [16935933.147633843, 16963788.300837174)
   U238
     (n,gamma)                            0 +/- 0
 Incoming Energy [16963788.300837174, 16991643.4540405)
   U238
     (n,gamma)                            1.07451e-14 +/- 1.07451e-14
 Incoming Energy [16991643.4540405, 17019498.60724383)
   U238
     (n,gamma)                            7.42564e-14 +/- 7.42564e-14
 Incoming Energy [17019498.60724383, 17047353.76044716)
   U238
     (n,gamma)                            0 +/- 0
 Incoming Energy [17047353.76044716, 17075208.913650487)
   U238
     (n,gamma)                            0 +/- 0
 Incoming Energy [17075208.913650487, 17103064.066853818)
   U238
     (n,gamma)                            0 +/- 0
 Incoming Energy [17103064.066853818, 17130919.220057145)
   U238
     (n,gamma)                            0 +/- 0
 Incoming Energy [17130919.220057145, 17158774.373260472)
   U238
     (n,gamma)                            6.0493e-14 +/- 6.0493e-14
 Incoming Energy [17158774.373260472, 17186629.526463803)
   U238
     (n,gamma)                            0 +/- 0
 Incoming Energy [17186629.526463803, 17214484.67966713)
   U238
     (n,gamma)                            0 +/- 0
 Incoming Energy [17214484.67966713, 17242339.83287046)
   U238
     (n,gamma)                            0 +/- 0
 Incoming Energy [17242339.83287046, 17270194.98607379)
   U238
     (n,gamma)                            0 +/- 0
 Incoming Energy [17270194.98607379, 17298050.139277115)
   U238
     (n,gamma)                            0 +/- 0
 Incoming Energy [17298050.139277115, 17325905.292480446)
   U238
     (n,gamma)                            0 +/- 0
 Incoming Energy [17325905.292480446, 17353760.445683774)
   U238
     (n,gamma)                            5.93109e-14 +/- 5.93109e-14
 Incoming Energy [17353760.445683774, 17381615.598887105)
   U238
     (n,gamma)                            7.52333e-14 +/- 7.52333e-14
 Incoming Energy [17381615.598887105, 17409470.75209043)
   U238
     (n,gamma)                            0 +/- 0
 Incoming Energy [17409470.75209043, 17437325.90529376)
   U238
     (n,gamma)                            0 +/- 0
 Incoming Energy [17437325.90529376, 17465181.05849709)
   U238
     (n,gamma)                            0 +/- 0
 Incoming Energy [17465181.05849709, 17493036.211700417)
   U238
     (n,gamma)                            0 +/- 0
 Incoming Energy [17493036.211700417, 17520891.364903748)
   U238
     (n,gamma)                            0 +/- 0
 Incoming Energy [17520891.364903748, 17548746.518107075)
   U238
     (n,gamma)                            0 +/- 0
 Incoming Energy [17548746.518107075, 17576601.671310402)
   U238
     (n,gamma)                            0 +/- 0
 Incoming Energy [17576601.671310402, 17604456.824513733)
   U238
     (n,gamma)                            0 +/- 0
 Incoming Energy [17604456.824513733, 17632311.97771706)
   U238
     (n,gamma)                            0 +/- 0
 Incoming Energy [17632311.97771706, 17660167.13092039)
   U238
     (n,gamma)                            0 +/- 0
 Incoming Energy [17660167.13092039, 17688022.28412372)
   U238
     (n,gamma)                            0 +/- 0
 Incoming Energy [17688022.28412372, 17715877.437327046)
   U238
     (n,gamma)                            0 +/- 0
 Incoming Energy [17715877.437327046, 17743732.590530377)
   U238
     (n,gamma)                            0 +/- 0
 Incoming Energy [17743732.590530377, 17771587.743733704)
   U238
     (n,gamma)                            0 +/- 0
 Incoming Energy [17771587.743733704, 17799442.896937035)
   U238
     (n,gamma)                            3.56628e-14 +/- 3.56628e-14
 Incoming Energy [17799442.896937035, 17827298.050140362)
   U238
     (n,gamma)                            0 +/- 0
 Incoming Energy [17827298.050140362, 17855153.20334369)
   U238
     (n,gamma)                            0 +/- 0
 Incoming Energy [17855153.20334369, 17883008.35654702)
   U238
     (n,gamma)                            3.47031e-13 +/- 3.25036e-13
 Incoming Energy [17883008.35654702, 17910863.509750348)
   U238
     (n,gamma)                            0 +/- 0
 Incoming Energy [17910863.509750348, 17938718.66295368)
   U238
     (n,gamma)                            0 +/- 0
 Incoming Energy [17938718.66295368, 17966573.816157006)
   U238
     (n,gamma)                            1.37766e-13 +/- 1.37766e-13
 Incoming Energy [17966573.816157006, 17994428.969360333)
   U238
     (n,gamma)                            0 +/- 0
 Incoming Energy [17994428.969360333, 18022284.122563664)
   U238
     (n,gamma)                            0 +/- 0
 Incoming Energy [18022284.122563664, 18050139.27576699)
   U238
     (n,gamma)                            0 +/- 0
 Incoming Energy [18050139.27576699, 18077994.428970322)
   U238
     (n,gamma)                            1.46977e-13 +/- 1.46977e-13
 Incoming Energy [18077994.428970322, 18105849.58217365)
   U238
     (n,gamma)                            0 +/- 0
 Incoming Energy [18105849.58217365, 18133704.735376976)
   U238
     (n,gamma)                            0 +/- 0
 Incoming Energy [18133704.735376976, 18161559.888580307)
   U238
     (n,gamma)                            0 +/- 0
 Incoming Energy [18161559.888580307, 18189415.041783635)
   U238
     (n,gamma)                            9.19416e-14 +/- 9.19416e-14
 Incoming Energy [18189415.041783635, 18217270.194986966)
   U238
     (n,gamma)                            0 +/- 0
 Incoming Energy [18217270.194986966, 18245125.348190293)
   U238
     (n,gamma)                            1.75022e-13 +/- 1.75022e-13
 Incoming Energy [18245125.348190293, 18272980.50139362)
   U238
     (n,gamma)                            0 +/- 0
 Incoming Energy [18272980.50139362, 18300835.65459695)
   U238
     (n,gamma)                            0 +/- 0
 Incoming Energy [18300835.65459695, 18328690.807800278)
   U238
     (n,gamma)                            1.21388e-13 +/- 1.21388e-13
 Incoming Energy [18328690.807800278, 18356545.96100361)
   U238
     (n,gamma)                            0 +/- 0
 Incoming Energy [18356545.96100361, 18384401.114206936)
   U238
     (n,gamma)                            0 +/- 0
 Incoming Energy [18384401.114206936, 18412256.267410263)
   U238
     (n,gamma)                            0 +/- 0
 Incoming Energy [18412256.267410263, 18440111.420613594)
   U238
     (n,gamma)                            2.42896e-14 +/- 2.42896e-14
 Incoming Energy [18440111.420613594, 18467966.57381692)
   U238
     (n,gamma)                            0 +/- 0
 Incoming Energy [18467966.57381692, 18495821.727020252)
   U238
     (n,gamma)                            0 +/- 0
 Incoming Energy [18495821.727020252, 18523676.88022358)
   U238
     (n,gamma)                            0 +/- 0
 Incoming Energy [18523676.88022358, 18551532.033426907)
   U238
     (n,gamma)                            8.33391e-15 +/- 8.33391e-15
 Incoming Energy [18551532.033426907, 18579387.186630238)
   U238
     (n,gamma)                            0 +/- 0
 Incoming Energy [18579387.186630238, 18607242.339833565)
   U238
     (n,gamma)                            0 +/- 0
 Incoming Energy [18607242.339833565, 18635097.493036896)
   U238
     (n,gamma)                            0 +/- 0
 Incoming Energy [18635097.493036896, 18662952.646240223)
   U238
     (n,gamma)                            0 +/- 0
 Incoming Energy [18662952.646240223, 18690807.79944355)
   U238
     (n,gamma)                            0 +/- 0
 Incoming Energy [18690807.79944355, 18718662.95264688)
   U238
     (n,gamma)                            0 +/- 0
 Incoming Energy [18718662.95264688, 18746518.10585021)
   U238
     (n,gamma)                            0 +/- 0
 Incoming Energy [18746518.10585021, 18774373.25905354)
   U238
     (n,gamma)                            0 +/- 0
 Incoming Energy [18774373.25905354, 18802228.412256867)
   U238
     (n,gamma)                            0 +/- 0
 Incoming Energy [18802228.412256867, 18830083.565460194)
   U238
     (n,gamma)                            0 +/- 0
 Incoming Energy [18830083.565460194, 18857938.718663525)
   U238
     (n,gamma)                            0 +/- 0
 Incoming Energy [18857938.718663525, 18885793.871866852)
   U238
     (n,gamma)                            0 +/- 0
 Incoming Energy [18885793.871866852, 18913649.025070183)
   U238
     (n,gamma)                            0 +/- 0
 Incoming Energy [18913649.025070183, 18941504.17827351)
   U238
     (n,gamma)                            0 +/- 0
 Incoming Energy [18941504.17827351, 18969359.331476837)
   U238
     (n,gamma)                            0 +/- 0
 Incoming Energy [18969359.331476837, 18997214.48468017)
   U238
     (n,gamma)                            1.50447e-13 +/- 1.50447e-13
 Incoming Energy [18997214.48468017, 19025069.637883496)
   U238
     (n,gamma)                            5.48141e-16 +/- 5.48141e-16
 Incoming Energy [19025069.637883496, 19052924.791086826)
   U238
     (n,gamma)                            0 +/- 0
 Incoming Energy [19052924.791086826, 19080779.944290154)
   U238
     (n,gamma)                            0 +/- 0
 Incoming Energy [19080779.944290154, 19108635.09749348)
   U238
     (n,gamma)                            0 +/- 0
 Incoming Energy [19108635.09749348, 19136490.25069681)
   U238
     (n,gamma)                            0 +/- 0
 Incoming Energy [19136490.25069681, 19164345.40390014)
   U238
     (n,gamma)                            1.43457e-13 +/- 1.43457e-13
 Incoming Energy [19164345.40390014, 19192200.55710347)
   U238
     (n,gamma)                            0 +/- 0
 Incoming Energy [19192200.55710347, 19220055.710306797)
   U238
     (n,gamma)                            0 +/- 0
 Incoming Energy [19220055.710306797, 19247910.863510124)
   U238
     (n,gamma)                            0 +/- 0
 Incoming Energy [19247910.863510124, 19275766.016713455)
   U238
     (n,gamma)                            0 +/- 0
 Incoming Energy [19275766.016713455, 19303621.169916783)
   U238
     (n,gamma)                            0 +/- 0
 Incoming Energy [19303621.169916783, 19331476.323120113)
   U238
     (n,gamma)                            0 +/- 0
 Incoming Energy [19331476.323120113, 19359331.47632344)
   U238
     (n,gamma)                            0 +/- 0
 Incoming Energy [19359331.47632344, 19387186.629526768)
   U238
     (n,gamma)                            0 +/- 0
 Incoming Energy [19387186.629526768, 19415041.7827301)
   U238
     (n,gamma)                            0 +/- 0
 Incoming Energy [19415041.7827301, 19442896.935933426)
   U238
     (n,gamma)                            0 +/- 0
 Incoming Energy [19442896.935933426, 19470752.089136757)
   U238
     (n,gamma)                            0 +/- 0
 Incoming Energy [19470752.089136757, 19498607.242340084)
   U238
     (n,gamma)                            0 +/- 0
 Incoming Energy [19498607.242340084, 19526462.39554341)
   U238
     (n,gamma)                            0 +/- 0
 Incoming Energy [19526462.39554341, 19554317.548746742)
   U238
     (n,gamma)                            0 +/- 0
 Incoming Energy [19554317.548746742, 19582172.70195007)
   U238
     (n,gamma)                            0 +/- 0
 Incoming Energy [19582172.70195007, 19610027.855153397)
   U238
     (n,gamma)                            0 +/- 0
 Incoming Energy [19610027.855153397, 19637883.008356728)
   U238
     (n,gamma)                            0 +/- 0
 Incoming Energy [19637883.008356728, 19665738.161560055)
   U238
     (n,gamma)                            0 +/- 0
 Incoming Energy [19665738.161560055, 19693593.314763386)
   U238
     (n,gamma)                            0 +/- 0
 Incoming Energy [19693593.314763386, 19721448.467966713)
   U238
     (n,gamma)                            0 +/- 0
 Incoming Energy [19721448.467966713, 19749303.62117004)
   U238
     (n,gamma)                            0 +/- 0
 Incoming Energy [19749303.62117004, 19777158.77437337)
   U238
     (n,gamma)                            0 +/- 0
 Incoming Energy [19777158.77437337, 19805013.9275767)
   U238
     (n,gamma)                            0 +/- 0
 Incoming Energy [19805013.9275767, 19832869.08078003)
   U238
     (n,gamma)                            0 +/- 0
 Incoming Energy [19832869.08078003, 19860724.233983357)
   U238
     (n,gamma)                            0 +/- 0
 Incoming Energy [19860724.233983357, 19888579.387186684)
   U238
     (n,gamma)                            0 +/- 0
 Incoming Energy [19888579.387186684, 19916434.540390015)
   U238
     (n,gamma)                            0 +/- 0
 Incoming Energy [19916434.540390015, 19944289.69359334)
   U238
     (n,gamma)                            0 +/- 0
 Incoming Energy [19944289.69359334, 19972144.846796673)
   U238
     (n,gamma)                            0 +/- 0
 Incoming Energy [19972144.846796673, 20000000)
   U238
     (n,gamma)                            0 +/- 0
