          Code Name & Version = mcnp6, 6.3.0, production
  
     _/      _/        _/_/_/       _/      _/       _/_/_/         _/_/_/ 
    _/_/  _/_/      _/             _/_/    _/       _/    _/     _/        
   _/  _/  _/      _/             _/  _/  _/       _/_/_/       _/_/_/     
  _/      _/      _/             _/    _/_/       _/           _/    _/    
 _/      _/        _/_/_/       _/      _/       _/             _/_/       
  
  +------------------------------------------------------------------------------------------------------------------+
  | Copyright (c) 2018. Triad National Security, LLC. All rights reserved.                                           |
  |   This program was produced under U.S. Government contract 89233218CNA000001 for Los Alamos National Laboratory  |
  | (LANL), which is operated by Triad National Security, LLC for the U.S. Department of Energy/National Nuclear     |
  | Security Administration.                                                                                         |
  |   For a period of five years from February 14, 2018, the U.S. Government is granted for itself and others acting |
  | on its behalf a nonexclusive, paid-up, irrevocable, worldwide license in this data to reproduce, prepare         |
  | derivative works, and perform publicly and display publicly, by or on behalf of the U.S. Government.             |
  |   Subsequent to the specified period or any extension granted, the U.S. Government is granted for itself and     |
  | others acting on its behalf a nonexclusive, paid-up, irrevocable worldwide license in this material to           |
  | reproduce, prepare derivative works, distribute copies to the public, perform publicly and display publicly, and |
  | to permit others to do so. The specific term of the license can be identified by inquiry made to the Contractor  |
  | or DOE/NNSA.                                                                                                     |
  |   User is subject to applicable United States and foreign laws, regulations, rules and decrees with respect to   |
  | any transfer of the Intellectual Property and related technical data to foreign countries, including the U.S.    |
  | Foreign Corrupt Practices Act, the Arms Control Act, the Export Administration Act, the U.S. Anti-Boycott Laws,  |
  | and any regulations promulgated thereunder, including the International Traffic in Arms Regulations (ITAR), the  |
  | U.S. Export Administration Regulations (EAR) and explicitly Title 10, Part 810 of the United States Code of      |
  | Federal Regulations. FAILURE TO CONFORM TO SUCH LAWS, REGULATIONS, RULES, AND DECREES MAY RESULT IN CRIMINAL     |
  | LIABILITY UNDER U.S. LAW.                                                                                        |
  |   NO EXPRESS OR IMPLIED LICENSES TO ANY PARTY'S PATENT RIGHTS ARE GRANTED BY THIS NOTICE. THIS SOFTWARE IS       |
  | PROVIDED BY THE COPYRIGHT HOLDERS AND CONTRIBUTORS "AS IS" AND ANY EXPRESS OR IMPLIED WARRANTIES, INCLUDING, BUT |
  | NOT LIMITED TO, THE IMPLIED WARRANTIES OF MERCHANTABILITY AND FITNESS FOR A PARTICULAR PURPOSE ARE DISCLAIMED.   |
  | NEITHER THE UNITED STATES NOR THE UNITED STATES DEPARTMENT OF ENERGY/NATIONAL NUCLEAR SECURITY ADMINSTRATION,    |
  | NOR TRIAD NATIONAL SECURITY, LLC, NOR ANY OF THEIR EMPLOYEES, MAKES ANY WARRANTY, EXPRESS OR IMPLIED, OR ASSUMES |
  | ANY LEGAL LIABILITY OR RESPONSIBILITY FOR THE ACCURACY, COMPLETENESS, OR USEFULNESS OF ANY INFORMATION,          |
  | APPARATUS, PRODUCT, OR PROCESS DISCLOSED, OR REPRESENTS THAT ITS USE WOULD NOT INFRINGE PRIVATELY OWNED RIGHTS.  |
  +------------------------------------------------------------------------------------------------------------------+
  
1mcnp6 version 6.3.0 ld=01/26/23                     01/07/26 11:49:11 
 *************************************************************************                 probid =  01/07/26 11:49:11 
Source version = release/6.3-55762725c4
 i=./inputs/wedge_A_001.50kgm3.inp o=./outputs/o_wedge_A_001.50kgm3.out tasks 32

 
  comment.  Physics models disabled.
         1-       HCPB Unit Prism (December 2025) - Case A - 001.50 kg/m3
         2-       c
         3-       c
         4-       c ==============================================================================
         5-       c Case: 001.50 kg/cm
         6-       c
         7-       c Dimensions (inboard, outboard):
         8-       c  XY face half-lengths c1, c2: 3.070609, 3.840228 [cm]
         9-       c  XY face lengths      b1, b2: 6.141217, 7.680457 [cm]
        10-       c  XY face areas        A1, A2: 37.714549, 58.989424 [cm ]
        11-       c  Breeding region vols V1, V2: 1697.154727, 4837.132733 [cm ]
        12-       c  Fraction of fluence  f1, f2: 0.390000, 0.610000
        13-       c
        14-       c 'breeder' = Li4SiO4, Be
        15-       c 'breeding region' (br) = the physical blanket layer that contains the breeder
        16-       c                          this layer usually contains breeder + structure + coolant
        17-       c 'breeding volume' (bv) = volume nominally occupied in breeding region by breeder
        18-       c
        19-       c With respect to the BREEDER material, i.e., per 1 m  of breeder volume, we have these new volume fractions:
        20-       c   vf_biso_breeder_new =  0.031650 vol%
        21-       c   vf_li_breeder_new   =  25.590642 vol%
        22-       c   vf_be_breeder_new   =  74.377709 vol%
        23-       c   check they add up   = 100.000000 vol%
        24-       c
        25-       c With respect to the whole BREEDING REGION, we have these new volume fractions:
        26-       c   vf_biso_br =  0.016122 vol%
        27-       c   vf_li_br   =  13.035873 vol%
        28-       c   vf_be_br   =  37.888005 vol%
        29-       c   VF_EU_NOM  =  11.760000 vol%
        30-       c   VF_HE_NOM  =  37.300000 vol%
        31-       c   check they add up   = 100.000000 vol%
        32-       c   check that BISO + Li4SiO4 + Be adds up to the nominal Li4SiO4 + Be fraction
        33-       c   vf_biso_br + vf_li_br + vf_be_br = 50.940000 : VF_LI_NOM + VF_BE_NOM = 50.940000
        34-       c
        35-       c Check BISO volume fraction wrt breeding region is correct:
        36-       c   Inboard : N1 * BISO_VOLUME / (b1**2 * h1) = 0.015796 vol%
        37-       c   Outboard: N2 * BISO_VOLUME / (b2**2 * h2) = 0.016237 vol%
        38-       c   Total   : (N1+N2) * BISO_VOLUME / (b1**2 * h1 + b2**2 * h2) = 0.016122 vol%
        39-       c   ...should match                                  vf_biso_br = 0.016122 vol%
        40-       c
        41-       c BISO spheres per cc of breeding volume: 0.604464 spheres/cm
        42-       c              per cc of breeding region: 0.307914 spheres/cm
        43-       c
        44-       c
        45-       c
        46-       c       CELL CARDS *************************************************************
        47-       c
        48-       c       Void cells -------------------------------------------------------------
        49-         90    0           -134 (-130:-111:+112:-121:+122)  imp:n=0  $  void around inboard blanket
        50-         91    0           +134 -135 (+141:+142:+143:+144)  imp:n=0  $  void around plasma chamber
        51-         92    0           +135 (+139:-113:+114:-123:+124)  imp:n=0  $  void around outboard blanket
        52-       c
        53-       c
        54-       c       Plasma chamber cell ----------------------------------------------------
        55-         10    0           -142 -141 -144 -143 +134 -135  imp:n=1  tmp=7.76e-8  $ plasma chamber
        56-       c
        57-       c
        58-       c       Inboard blanket  cells -------------------------------------------------
        59-         11    1  -19.000     +111 -112 +121 -122 +133 -134  imp:n=1  tmp=7.76e-8  vol=7.542909e+00  $  first wall
        60-         12    2   -7.800     +111 -112 +121 -122 +132 -133  imp:n=1  tmp=7.76e-8  vol=9.428637e+01  $  eurofer inner
        61-         14    2   -7.800     +111 -112 +121 -122 +130 -131  imp:n=1  tmp=7.76e-8  vol=9.428637e+01  $  eurofer outer
        62-         13    3   -1.936391  +111 -112 +121 -122 +131 -132  imp:n=1  tmp=7.76e-8  vol=1.697155e+03  $  breeder region
        63-       c
        64-       c
        65-       c       Outboard blanket cells -------------------------------------------------
        66-         21    1  -19.000     +113 -114 +123 -124 +135 -136  imp:n=1  tmp=7.76e-8  vol=1.179788e+01  $  first wall
        67-         22    2   -7.800     +113 -114 +123 -124 +136 -137  imp:n=1  tmp=7.76e-8  vol=1.474735e+02  $  eurofer inner
        68-         24    2   -7.800     +113 -114 +123 -124 +138 -139  imp:n=1  tmp=7.76e-8  vol=1.474735e+02  $  eurofer outer
        69-         23    3   -1.936391  +113 -114 +123 -124 +137 -138  imp:n=1  tmp=7.76e-8  vol=4.837133e+03  $  breeder region
        70-       c
        71-       c
        72-       
        73-       c       SURFACE CARDS *********************************************************
        74-       c
        75-       c
        76-       *111 px -3.0706085  $ inboard face -x
        77-       *112 px +3.0706085  $ inboard face +x
        78-       *113 px -3.8402285  $ outboard face -x
        79-       *114 px +3.8402285  $ outboard face +x
        80-       c
        81-       *121 py -3.0706085  $ inboard face -y
        82-       *122 py +3.0706085  $ inboard face +y
        83-       *123 py -3.8402285  $ outboard face -y
        84-       *124 py +3.8402285  $ outboard face +y
        85-       c
        86-        130 pz   -2.5   $
        87-        131 pz    0.0   $   2.5 cm - inboard outer eurofer
        88-        132 pz   45.0   $  45.0 cm - inboard breeding region
        89-        133 pz   47.5   $   2.5 cm - inboard inner eurofer
        90-        134 pz   47.7   $   0.2 cm - inboard W first wall
        91-        135 pz  447.7   $ 400.0 cm - plasma chamber
        92-        136 pz  447.9   $   0.2 cm - outboard W first wall
        93-        137 pz  450.4   $   2.5 cm - outboard inner eurofer
        94-        138 pz  532.4   $  82.0 cm - outboard breeding region
        95-        139 pz  534.9   $   2.5 cm - outboard outer eurofer
        96-       c
        97-       c
        98-       c
        99-       c Slope: dx/dz = (3.8402285-3.0706085)/(447.7-47.7)
       100-       c
       101-       c Plane normal card entries: Ax + By + Cz     D = 0
       102-       c Plane normal: (1, 0, -dx/dz) normalized, passing through (3.0706085, 0, 47.7)
       103-       c +X side: connects x=+3.0706085 at z=47.7 to x=+3.8402285 at z=447.7
       104-       c -X side: connects x=-3.0706085 at z=47.7 to x=-3.8402285 at z=447.7
       105-       c +Y side: connects y=+3.0706085 at z=47.7 to y=+3.8402285 at z=447.7
       106-       c -Y side: connects y=-3.0706085 at z=47.7 to y=-3.8402285 at z=447.7
       107-       c
       108-       *141  p   1.0   0.0  -1.924050e-03   2.978831e+00   $ +X tilted plane
       109-       *142  p  -1.0   0.0  -1.924050e-03   2.978831e+00   $ -X tilted plane
       110-       *143  p   0.0   1.0  -1.924050e-03   2.978831e+00   $ +Y tilted plane
       111-       *144  p   0.0  -1.0  -1.924050e-03   2.978831e+00   $ -Y tilted plane
       112-       c
       113-       c
       114-       
       115-       c       DATA CARDS ************************************************************
       116-       c
       117-       c
       118-       c       Tungsten (19.0 g/cc, 900 K) -------------------------------------------
       119-       c
       120-       m1      74180.02c  0.0012
       121-               74182.02c  0.2650
       122-               74183.02c  0.1431
       123-               74184.02c  0.3064
       124-               74186.02c  0.2843
       125-       c
       126-       c
       127-       c       Eurofer (7.8 g/cc, 900 K)  --------------------------------------------
       128-       c
       129-       m2      26054.02c  -0.05044870828    $ Fe-54
       130-               26056.02c  -0.82123206117    $ Fe-56
       131-               26057.02c  -0.01930505394    $ Fe-57
       132-               26058.02c  -0.00261417662    $ Fe-58
       133-                6012.02c  -0.00108680753    $ C-12
       134-                6013.02c  -0.00001319247    $ C-13
       135-               24050.02c  -0.00375631796    $ Cr-50
       136-               24052.02c  -0.07532942612    $ Cr-52
       137-               24053.02c  -0.00870622281    $ Cr-53
       138-               24054.02c  -0.00220802779    $ Cr-54
       139-               74180.02c  -0.00001292033    $ W-180
       140-               74182.02c  -0.00288497544    $ W-182
       141-               74183.02c  -0.00156646628    $ W-183
       142-               74184.02c  -0.00337240113    $ W-184
       143-               74186.02c  -0.00316323682    $ W-186
       144-               25055.02c  -0.00400000000    $ Mn-55
       145-                7014.02c  -0.00029882316    $ N-14
       146-                7015.02c  -0.00000117684    $ N-15
       147-       c
       148-       c mt2     fe-56.45t   $ 800 K
       149-       c
       150-       c
       151-       c       Breeder material (1.936391 g/cc, 900 K)  ------------------------------
       152-       c       Converted from OpenMC XML by 'wedge_A_convert.py'
       153-       c
       154-       m3         3006.02c  5.41261446290e-02  $ Li-6
       155-                  3007.02c  3.60840964194e-02  $ Li-7
       156-                 14028.02c  2.08489006593e-02  $ Si-28
       157-                 14029.02c  1.05864768924e-03  $ Si-29
       158-                 14030.02c  6.97865287611e-04  $ Si-30
       159-                  8016.02c  9.00495031471e-02  $ O-16
       160-                  8017.02c  3.42101613507e-05  $ O-17
       161-                  8018.02c  1.80564661651e-04  $ O-18
       162-                  4009.02c  6.54673053715e-01  $ Be-9
       163-                 92234.02c  1.45899688467e-09  $ U-234
       164-                 92235.02c  1.94640991799e-07  $ U-235
       165-                 92238.02c  2.68223608385e-05  $ U-238
       166-                  6012.02c  7.51553043680e-04  $ C-12
       167-                  6013.02c  8.41896996718e-06  $ C-13
       168-                 26054.02c  7.22146306872e-03  $ Fe-54
       169-                 26056.02c  1.13361526503e-01  $ Fe-56
       170-                 26057.02c  2.61801201756e-03  $ Fe-57
       171-                 26058.02c  3.48409338816e-04  $ Fe-58
       172-                 24050.02c  5.80689800867e-04  $ Cr-50
       173-                 24052.02c  1.11980247928e-02  $ Cr-52
       174-                 24053.02c  1.26976612153e-03  $ Cr-53
       175-                 24054.02c  3.16071663763e-04  $ Cr-54
       176-                 74180.02c  5.54386501273e-07  $ W-180
       177-                 74182.02c  1.22427019031e-04  $ W-182
       178-                 74183.02c  6.61105902768e-05  $ W-183
       179-                 74184.02c  1.41553353325e-04  $ W-184
       180-                 74186.02c  1.31343401927e-04  $ W-186
       181-                 25055.02c  5.62172681344e-04  $ Mn-55
       182-                  7014.02c  1.64768355472e-04  $ N-14
       183-                  7015.02c  6.05765404771e-07  $ N-15
       184-                  2003.02c  6.71304859142e-09  $ He-3
       185-                  2004.02c  3.35651758266e-03  $ He-4
       186-       c
       187-       c mt3     be-met.45t  $ 800 K
       188-       c          fe-56.45t  $ 800 K
       189-       c          u-uo2.45t  $ 800 K
       190-       c          o-uo2.45t  $ 800 K
       191-       c         si-sic.45t  $ 800 K
       192-       c          c-sic.45t  $ 800 K
       193-       c
       194-       c
       195-       c       Lithium tally material ------------------------------------------------
       196-       c
       197-        m31     3006.02c  0.600000  $  60.000 at% in Li
  warning.  material        31 is used only for a perturbation or tally.
       198-                3007.02c  0.400000  $  40.000 at% in Li
       199-       c
       200-       c
       201-       c       U-238 tally material --------------------------------------------------
       202-       m51     92238.02c  1
  warning.  material        51 is used only for a perturbation or tally.
       203-       c
       204-       c
       205-       c       SOURCE DEFINITION *****************************************************
       206-       c       Point source at center of plasma chamber
       207-       sdef    pos=0 0 247.7  erg=14.0  par=n
       208-       c
       209-       c
       210-       c       TALLIES ***************************************************************
       211-       c
       212-       fc4     flux
       213-       f4:n    13  23   T  $ inboard, outboard, total
       214-       e4      1e-6 1e-5 1e-4 1e-3 1e-2 1e-1 1e0 1e1 20
       215-       c
       216-       c       this output is (1/cm2)
       217-       c
       218-       c
       219-       fc14    60 at%-enriched Li (n,Xt) micro_xs * flux
       220-       f14:n   13  23   T  $ inboard, outboard, total
       221-       fm14     1  31 205  $ tally mat 31, reaction (n,Xt)
       222-       e14     1e-6 1e-5 1e-4 1e-3 1e-2 1e-1 1e0 1e1 20
       223-       c
       224-       c       this output is (b/at) (1/cm2), offline multiply (at/b-cm)
       225-       c
       226-       c
       227-       fc24    U-238 (n,gamma) micro_xs * flux
       228-       f24:n   (13 23)
       229-       fm24     1  51  102  $ tally mat 51, reaction (n,gamma)
       230-       e24     1e-6 1e-5 1e-4 1e-3 1e-2 1e-1 1e0 1e1 20
       231-       c
       232-       c this output is (b/at) (1/cm2), offline multiply (at/b-cm)
       233-       c
       234-       c
       235-       c       ***********************************************************************
       236-       c
       237-         MODE  N
       238-         NPS   1e7
       239-       c
       240-         PRINT 100 126
       241-       c prints table  72 cell temperatures
       242-       c        table 100 cross section tables
       243-       c        table 126 particle activity in each cell
       244-       c does not print all other basic tables
       245-       c
       246-       c       -----------------------------------------------------------------------
       247-       

 ***************************************************
 * Random Number Generator  =                    1 *
 * Random Number Seed       =       19073486328125 *
 * Random Number Multiplier =       19073486328125 *
 * Random Number Adder      =                    0 *
 * Random Number Bits Used  =                   48 *
 * Random Number Stride     =               152917 *
 ***************************************************

 
  comment.  total nubar used if fissionable isotopes are present.
1cells                                                                                                  print table 60

                               atom        gram                                            neutron                                     
              cell      mat   density     density     volume       mass            pieces importance                                   

        1       90        0  0.00000E+00 0.00000E+00 0.00000E+00 0.00000E+00           0  0.0000E+00                                   
        2       91        0  0.00000E+00 0.00000E+00 0.00000E+00 0.00000E+00           0  0.0000E+00                                   
        3       92        0  0.00000E+00 0.00000E+00 0.00000E+00 0.00000E+00           0  0.0000E+00                                   
        4       10        0  0.00000E+00 0.00000E+00 1.91828E+04 0.00000E+00           0  1.0000E+00                                   
        5       11        1  6.22377E-02 1.90000E+01 7.54291E+00 1.43315E+02           0  1.0000E+00                                   
        6       12        2  8.44458E-02 7.80000E+00 9.42864E+01 7.35434E+02           0  1.0000E+00                                   
        7       14        2  8.44458E-02 7.80000E+00 9.42864E+01 7.35434E+02           0  1.0000E+00                                   
        8       13        3  7.15423E-02 1.93639E+00 1.69715E+03 3.28636E+03           0  1.0000E+00                                   
        9       21        1  6.22377E-02 1.90000E+01 1.17979E+01 2.24160E+02           0  1.0000E+00                                   
       10       22        2  8.44458E-02 7.80000E+00 1.47474E+02 1.15029E+03           0  1.0000E+00                                   
       11       24        2  8.44458E-02 7.80000E+00 1.47474E+02 1.15029E+03           0  1.0000E+00                                   
       12       23        3  7.15423E-02 1.93639E+00 4.83713E+03 9.36658E+03           0  1.0000E+00                                   

 total                                               2.62200E+04 1.67919E+04

    minimum source weight = 1.0000E+00    maximum source weight = 1.0000E+00
 
  comment.  threading will be used when possible in portions of mcnp6.
 
  comment.  threading will be used for n/p/e table physics.
 
  comment.  threading will generally not be used for model physics.

         2 warning messages so far.
1cross-section tables                                                                                   print table 100
     XSDIR used: C:\\MCNP_SOURCE\\MCNP_DATA/xsdir_mcnp6.3

     table    length

                        tables from file Lib80x/He/2003.802nc                                            

   2003.02c    3464  He3 Lib80x (jlconlin)  Reference LA-UR-18-24034 by Conlin, J.L., et al    .  mat 225      05/01/18
                     Energy range:   1.00000E-11  to  2.00000E+01 MeV.
                     particle-production data for alphas    being expunged from   2003.02c          

                        tables from file Lib80x/He/2004.802nc                                            

   2004.02c   17694  He4 Lib80x (jlconlin)  Reference LA-UR-18-24034 by Conlin, J.L., et al    .  mat 228      05/01/18
                     Energy range:   1.00000E-11  to  2.00000E+01 MeV.

                        tables from file Lib80x/Li/3006.802nc                                            

   3006.02c   36371  Li6 Lib80x (jlconlin)  Reference LA-UR-18-24034 by Conlin, J.L., et al    .  mat 325      05/01/18
                     Energy range:   1.00000E-11  to  2.00000E+01 MeV.
                     particle-production data for tritons   being expunged from   3006.02c          
                     particle-production data for alphas    being expunged from   3006.02c          

                        tables from file Lib80x/Li/3007.802nc                                            

   3007.02c   24462  Li7 Lib80x (jlconlin)  Reference LA-UR-18-24034 by Conlin, J.L., et al    .  mat 328      05/01/18
                     Energy range:   1.00000E-11  to  2.00000E+01 MeV.

                        tables from file Lib80x/Be/4009.802nc                                            

   4009.02c  108415  Be9 Lib80x (jlconlin)  Reference LA-UR-18-24034 by Conlin, J.L., et al    .  mat 425      05/02/18
                     Energy range:   1.00000E-11  to  2.00000E+01 MeV.
                     particle-production data for protons   being expunged from   4009.02c          
                     particle-production data for deuterons being expunged from   4009.02c          
                     particle-production data for tritons   being expunged from   4009.02c          
                     particle-production data for alphas    being expunged from   4009.02c          

                        tables from file Lib80x/C/6012.802nc                                             

   6012.02c  172826  C12 Lib80x (jlconlin)  Reference LA-UR-18-24034 by Conlin, J.L., et al    .  mat 625      05/02/18
                     Energy range:   1.00000E-11  to  1.50000E+02 MeV.
                     particle-production data for protons   being expunged from   6012.02c          
                     particle-production data for deuterons being expunged from   6012.02c          
                     particle-production data for alphas    being expunged from   6012.02c          

                        tables from file Lib80x/C/6013.802nc                                             

   6013.02c  202956  C13 Lib80x (jlconlin)  Reference LA-UR-18-24034 by Conlin, J.L., et al    .  mat 628      05/02/18
                     Energy range:   1.00000E-11  to  2.00000E+01 MeV.

                        tables from file Lib80x/N/7014.802nc                                             

   7014.02c  113105  N14 Lib80x (jlconlin)  Reference LA-UR-18-24034 by Conlin, J.L., et al    .  mat 725      05/01/18
                     Energy range:   1.00000E-11  to  1.50000E+02 MeV.
                     particle-production data for protons   being expunged from   7014.02c          
                     particle-production data for deuterons being expunged from   7014.02c          
                     particle-production data for alphas    being expunged from   7014.02c          

                        tables from file Lib80x/N/7015.802nc                                             

   7015.02c   29680  N15 Lib80x (jlconlin)  Reference LA-UR-18-24034 by Conlin, J.L., et al    .  mat 728      05/01/18
                     Energy range:   1.00000E-11  to  2.00000E+01 MeV.

                        tables from file Lib80x/O/8016.802nc                                             

   8016.02c  411450  O16 Lib80x (jlconlin)  Reference LA-UR-18-24034 by Conlin, J.L., et al    .  mat 825      05/02/18
                     Energy range:   1.00000E-11  to  1.50000E+02 MeV.
                     particle-production data for protons   being expunged from   8016.02c          
                     particle-production data for deuterons being expunged from   8016.02c          
                     particle-production data for tritons   being expunged from   8016.02c          
                     particle-production data for alphas    being expunged from   8016.02c          

                        tables from file Lib80x/O/8017.802nc                                             

   8017.02c    6541  O17 Lib80x (jlconlin)  Reference LA-UR-18-24034 by Conlin, J.L., et al    .  mat 828      05/02/18
                     Energy range:   1.00000E-11  to  2.00000E+01 MeV.

                        tables from file Lib80x/O/8018.802nc                                             

   8018.02c    8895  O18 Lib80x (jlconlin)  Reference LA-UR-18-24034 by Conlin, J.L., et al    .  mat 831      05/02/18
                     Energy range:   1.00000E-11  to  2.00000E+01 MeV.

                        tables from file Lib80x/Si/14028.802nc                                           

  14028.02c  154723  Si28 Lib80x (jlconlin)  Reference LA-UR-18-24034 by Conlin, J.L., et a    l. mat1425      05/02/18
                     Energy range:   1.00000E-11  to  1.50000E+02 MeV.
                     particle-production data for protons   being expunged from  14028.02c          
                     particle-production data for deuterons being expunged from  14028.02c          
                     particle-production data for tritons   being expunged from  14028.02c          
                     particle-production data for alphas    being expunged from  14028.02c          

                        tables from file Lib80x/Si/14029.802nc                                           

  14029.02c  136646  Si29 Lib80x (jlconlin)  Reference LA-UR-18-24034 by Conlin, J.L., et a    l. mat1428      05/02/18
                     Energy range:   1.00000E-11  to  1.50000E+02 MeV.
                     particle-production data for protons   being expunged from  14029.02c          
                     particle-production data for deuterons being expunged from  14029.02c          
                     particle-production data for tritons   being expunged from  14029.02c          
                     particle-production data for alphas    being expunged from  14029.02c          

                        tables from file Lib80x/Si/14030.802nc                                           

  14030.02c  127543  Si30 Lib80x (jlconlin)  Reference LA-UR-18-24034 by Conlin, J.L., et a    l. mat1431      05/02/18
                     Energy range:   1.00000E-11  to  1.50000E+02 MeV.
                     particle-production data for protons   being expunged from  14030.02c          
                     particle-production data for deuterons being expunged from  14030.02c          
                     particle-production data for tritons   being expunged from  14030.02c          
                     particle-production data for alphas    being expunged from  14030.02c          

                        tables from file Lib80x/Cr/24050.802nc                                           

  24050.02c  241666  Cr50 Lib80x (jlconlin)  Reference LA-UR-18-24034 by Conlin, J.L., et a    l. mat2425      05/01/18
                     Energy range:   1.00000E-11  to  1.50000E+02 MeV.
                     particle-production data for protons   being expunged from  24050.02c          
                     particle-production data for deuterons being expunged from  24050.02c          
                     particle-production data for tritons   being expunged from  24050.02c          
                     particle-production data for alphas    being expunged from  24050.02c          

                        tables from file Lib80x/Cr/24052.802nc                                           

  24052.02c  263346  Cr52 Lib80x (jlconlin)  Reference LA-UR-18-24034 by Conlin, J.L., et a    l. mat2431      05/01/18
                     Energy range:   1.00000E-11  to  1.50000E+02 MeV.
                     particle-production data for protons   being expunged from  24052.02c          
                     particle-production data for deuterons being expunged from  24052.02c          
                     particle-production data for tritons   being expunged from  24052.02c          
                     particle-production data for alphas    being expunged from  24052.02c          

                        tables from file Lib80x/Cr/24053.802nc                                           

  24053.02c  216351  Cr53 Lib80x (jlconlin)  Reference LA-UR-18-24034 by Conlin, J.L., et a    l. mat2434      05/01/18
                     Energy range:   1.00000E-11  to  1.50000E+02 MeV.
                     particle-production data for protons   being expunged from  24053.02c          
                     particle-production data for deuterons being expunged from  24053.02c          
                     particle-production data for tritons   being expunged from  24053.02c          
                     particle-production data for alphas    being expunged from  24053.02c          

                        tables from file Lib80x/Cr/24054.802nc                                           

  24054.02c  168463  Cr54 Lib80x (jlconlin)  Reference LA-UR-18-24034 by Conlin, J.L., et a    l. mat2437      05/01/18
                     Energy range:   1.00000E-11  to  1.50000E+02 MeV.
                     particle-production data for protons   being expunged from  24054.02c          
                     particle-production data for deuterons being expunged from  24054.02c          
                     particle-production data for tritons   being expunged from  24054.02c          
                     particle-production data for alphas    being expunged from  24054.02c          

                        tables from file Lib80x/Mn/25055.802nc                                           

  25055.02c  651966  Mn55 Lib80x (jlconlin)  Reference LA-UR-18-24034 by Conlin, J.L., et a    l. mat2525      05/01/18
                     Energy range:   1.00000E-11  to  6.00000E+01 MeV.
                     particle-production data for protons   being expunged from  25055.02c          
                     particle-production data for deuterons being expunged from  25055.02c          
                     particle-production data for tritons   being expunged from  25055.02c          
                     particle-production data for helions   being expunged from  25055.02c          
                     particle-production data for alphas    being expunged from  25055.02c          
                     probability tables used from 1.2500E-01 to 1.0000E+00 mev.

                        tables from file Lib80x/Fe/26054.802nc                                           

  26054.02c 1549249  Fe54 Lib80x (jlconlin)  Reference LA-UR-18-24034 by Conlin, J.L., et a    l. mat2625      05/01/18
                     Energy range:   1.00000E-11  to  1.50000E+02 MeV.
                     particle-production data for protons   being expunged from  26054.02c          
                     particle-production data for deuterons being expunged from  26054.02c          
                     particle-production data for tritons   being expunged from  26054.02c          
                     particle-production data for helions   being expunged from  26054.02c          
                     particle-production data for alphas    being expunged from  26054.02c          

                        tables from file Lib80x/Fe/26056.802nc                                           

  26056.02c 2736146  Fe56 Lib80x (jlconlin)  Reference LA-UR-18-24034 by Conlin, J.L., et a    l. mat2631      05/01/18
                     Energy range:   1.00000E-11  to  1.50000E+02 MeV.
                     particle-production data for protons   being expunged from  26056.02c          
                     particle-production data for deuterons being expunged from  26056.02c          
                     particle-production data for tritons   being expunged from  26056.02c          
                     particle-production data for helions   being expunged from  26056.02c          
                     particle-production data for alphas    being expunged from  26056.02c          

                        tables from file Lib80x/Fe/26057.802nc                                           

  26057.02c 1402072  Fe57 Lib80x (jlconlin)  Reference LA-UR-18-24034 by Conlin, J.L., et a    l. mat2634      05/01/18
                     Energy range:   1.00000E-11  to  1.50000E+02 MeV.
                     particle-production data for protons   being expunged from  26057.02c          
                     particle-production data for deuterons being expunged from  26057.02c          
                     particle-production data for tritons   being expunged from  26057.02c          
                     particle-production data for helions   being expunged from  26057.02c          
                     particle-production data for alphas    being expunged from  26057.02c          

                        tables from file Lib80x/Fe/26058.802nc                                           

  26058.02c 1863656  Fe58 Lib80x (jlconlin)  Reference LA-UR-18-24034 by Conlin, J.L., et a    l. mat2637      05/01/18
                     Energy range:   1.00000E-11  to  1.50000E+02 MeV.
                     particle-production data for protons   being expunged from  26058.02c          
                     particle-production data for deuterons being expunged from  26058.02c          
                     particle-production data for tritons   being expunged from  26058.02c          
                     particle-production data for helions   being expunged from  26058.02c          
                     particle-production data for alphas    being expunged from  26058.02c          
                     probability tables used from 3.5000E-01 to 3.0000E+00 mev.

                        tables from file Lib80x/W/74180.802nc                                            

  74180.02c 1195630  W180 Lib80x (jlconlin)  Reference LA-UR-18-24034 by Conlin, J.L., et a    l. mat7425      05/01/18
                     Energy range:   1.00000E-11  to  1.50000E+02 MeV.
                     particle-production data for protons   being expunged from  74180.02c          
                     particle-production data for alphas    being expunged from  74180.02c          

                        tables from file Lib80x/W/74182.802nc                                            

  74182.02c 1375713  W182 Lib80x (jlconlin)  Reference LA-UR-18-24034 by Conlin, J.L., et a    l. mat7431      05/01/18
                     Energy range:   1.00000E-11  to  1.50000E+02 MeV.
                     particle-production data for protons   being expunged from  74182.02c          
                     particle-production data for alphas    being expunged from  74182.02c          
                     probability tables used from 1.0000E-02 to 1.0000E-01 mev.

                        tables from file Lib80x/W/74183.802nc                                            

  74183.02c 1488939  W183 Lib80x (jlconlin)  Reference LA-UR-18-24034 by Conlin, J.L., et a    l. mat7434      05/01/18
                     Energy range:   1.00000E-11  to  1.50000E+02 MeV.
                     particle-production data for protons   being expunged from  74183.02c          
                     particle-production data for alphas    being expunged from  74183.02c          
                     probability tables used from 5.0000E-03 to 4.5000E-02 mev.

                        tables from file Lib80x/W/74184.802nc                                            

  74184.02c 1241496  W184 Lib80x (jlconlin)  Reference LA-UR-18-24034 by Conlin, J.L., et a    l. mat7437      05/01/18
                     Energy range:   1.00000E-11  to  1.50000E+02 MeV.
                     particle-production data for protons   being expunged from  74184.02c          
                     particle-production data for alphas    being expunged from  74184.02c          
                     probability tables used from 1.0000E-02 to 1.0000E-01 mev.

                        tables from file Lib80x/W/74186.802nc                                            

  74186.02c 1455643  W186 Lib80x (jlconlin)  Reference LA-UR-18-24034 by Conlin, J.L., et a    l. mat7443      05/01/18
                     Energy range:   1.00000E-11  to  1.50000E+02 MeV.
                     particle-production data for protons   being expunged from  74186.02c          
                     particle-production data for alphas    being expunged from  74186.02c          
                     probability tables used from 1.0000E-02 to 1.0000E-01 mev.

                        tables from file Lib80x/U/92234.802nc                                            

  92234.02c  357064  U234 Lib80x (jlconlin)  Reference LA-UR-18-24034 bytotal nu J.L., et a    l. mat9225      05/01/18
                     Energy range:   1.00000E-11  to  3.00000E+01 MeV.
                     probability tables used from 1.5000E-03 to 1.0000E-01 mev.

                        tables from file Lib80x/U/92235.802nc                                            

  92235.02c 1590983  U235 Lib80x (jlconlin)  Reference LA-UR-18-24034 bytotal nu J.L., et a    l. mat9228      05/02/18
                     Energy range:   1.00000E-11  to  3.00000E+01 MeV.
                     particle-production data for protons   being expunged from  92235.02c          
                     particle-production data for deuterons being expunged from  92235.02c          
                     particle-production data for tritons   being expunged from  92235.02c          
                     particle-production data for helions   being expunged from  92235.02c          
                     particle-production data for alphas    being expunged from  92235.02c          
                     probability tables used from 2.2500E-03 to 2.5000E-02 mev.

                        tables from file Lib80x/U/92238.802nc                                            

  92238.02c 2832324  U238 Lib80x (jlconlin)  Reference LA-UR-18-24034 bytotal nu J.L., et a    l. mat9237      05/02/18
                     Energy range:   1.00000E-11  to  3.00000E+01 MeV.
                     particle-production data for protons   being expunged from  92238.02c          
                     particle-production data for deuterons being expunged from  92238.02c          
                     particle-production data for tritons   being expunged from  92238.02c          
                     particle-production data for helions   being expunged from  92238.02c          
                     particle-production data for alphas    being expunged from  92238.02c          
                     probability tables used from 2.0000E-02 to 1.4901E-01 mev.

  total    22185478

1particles and energy limits                                                                            print table 101

                         particle      maximum       smallest      largest       always        always
                         cutoff        particle      table         table         use table     use model
   particle type         energy        energy        maximum       maximum       below         above

    1  n    neutron     0.0000E+00    1.0000E+36    2.0000E+01    1.5000E+02    1.0000E+36    1.0000E+36
 
  comment.  setting up hash-based fast table search for xsec tables

 ------------------------------------------------------------------------------------------
 =====> Set up arrays for hash-based fast table search for xsec data

    number of hash bins   =     8192
    min hash table energy =  1.00000E-11
    max hash table energy =  1.50000E+02

           nuclide      ne      emin        emax     ave_bins  min_bins  max_bins
            2003.02c     693 1.00000E-11 2.00000E+01       0.1       0.0       3.0
            2004.02c     512 1.00000E-11 2.00000E+01       0.1       0.0       1.0
            3006.02c     797 1.00000E-11 2.00000E+01       0.1       0.0       3.0
            3007.02c     790 1.00000E-11 2.00000E+01       0.1       0.0       4.0
            4009.02c     644 1.00000E-11 2.00000E+01       0.1       0.0       3.0
            6012.02c    1544 1.00000E-11 1.50000E+02       0.2       0.0      19.0
            6013.02c    1129 1.00000E-11 2.00000E+01       0.1       0.0      18.0
            7014.02c    1826 1.00000E-11 1.50000E+02       0.2       0.0      18.0
            7015.02c     911 1.00000E-11 2.00000E+01       0.1       0.0       6.0
            8016.02c    3012 1.00000E-11 1.50000E+02       0.4       0.0      50.0
            8017.02c     744 1.00000E-11 2.00000E+01       0.1       0.0       4.0
            8018.02c    1493 1.00000E-11 2.00000E+01       0.2       0.0      38.0
           14028.02c    8165 1.00000E-11 1.50000E+02       1.0       0.0     133.0
           14029.02c    5008 1.00000E-11 1.50000E+02       0.6       0.0     102.0
           14030.02c    6147 1.00000E-11 1.50000E+02       0.8       0.0      88.0
           24050.02c   32255 1.00000E-11 1.50000E+02       3.9       0.0     227.0
           24052.02c   31731 1.00000E-11 1.50000E+02       3.9       0.0     201.0
           24053.02c   23225 1.00000E-11 1.50000E+02       2.8       0.0     130.0
           24054.02c   14911 1.00000E-11 1.50000E+02       1.8       0.0     133.0
           25055.02c   12818 1.00000E-11 6.00000E+01       1.6       0.0     124.0
           26054.02c   35067 1.00000E-11 1.50000E+02       4.3       0.0     428.0
           26056.02c   40419 1.00000E-11 1.50000E+02       4.9       0.0     168.0
           26057.02c   11229 1.00000E-11 1.50000E+02       1.4       0.0     124.0
           26058.02c   19682 1.00000E-11 1.50000E+02       2.4       0.0     239.0
           74180.02c    2392 1.00000E-11 1.50000E+02       0.3       0.0      38.0
           74182.02c   35299 1.00000E-11 1.50000E+02       4.3       0.0     172.0
           74183.02c   44315 1.00000E-11 1.50000E+02       5.4       0.0     131.0
           74184.02c   26851 1.00000E-11 1.50000E+02       3.3       0.0     170.0
           74186.02c   25050 1.00000E-11 1.50000E+02       3.1       0.0     182.0
           92234.02c   22833 1.00000E-11 3.00000E+01       2.8       0.0     105.0
           92235.02c   53283 1.00000E-11 3.00000E+01       6.5       0.0     142.0
           92238.02c  119578 1.00000E-11 3.00000E+01      14.6       0.0     326.0

 ------------------------------------------------------------------------------------------


 ***********************************************************************************************************************

 dump no.    1 on file runtph.h5     nps =           0     coll =              0     ctm =        0.00   nrn =          
       0

         2 warning messages so far.
1problem summary                                                                                                           

      run terminated when    10000000  particle histories were done.
+                                                                                                    01/07/26 11:51:33 

 =====>     258.95 M histories/hr    (based on wall-clock time in mcrun)


      HCPB Unit Prism (December 2025) - Case A - 001.50 kg/m3     probid =  01/07/26 11:49:11 

 neutron creation    tracks      weight        energy            neutron loss        tracks      weight        energy
                                 (per source particle)                                           (per source particle)

 source            10000000    1.0000E+00    1.4000E+01          escape              443141    3.1387E-02    6.3987E-02
 nucl. interaction        0    0.            0.                  energy cutoff            0    0.            0.        
 particle decay           0    0.            0.                  time cutoff              0    0.            0.        
 weight window            0    0.            0.                  weight window            0    0.            0.        
 cell importance          0    0.            0.                  cell importance          0    0.            0.        
 weight cutoff            0    1.2038E-01    2.9389E-03          weight cutoff     16907296    1.2049E-01    2.9452E-03
 e or t importance        0    0.            0.                  e or t importance        0    0.            0.        
 dxtran                   0    0.            0.                  dxtran                   0    0.            0.        
 forced collisions        0    0.            0.                  forced collisions        0    0.            0.        
 exp. transform           0    0.            0.                  exp. transform           0    0.            0.        
 upscattering             0    0.            8.6709E-10          downscattering           0    0.            7.7312E+00
 photonuclear             0    0.            0.                  capture                  2    1.6255E+00    1.8282E+00
 (n,xn)            14696215    1.3135E+00    3.0284E+00          loss to (n,xn)     7347355    6.5666E-01    7.4050E+00
 prompt fission        2234    1.8569E-04    3.8761E-04          loss to fission        672    5.3822E-05    4.1296E-04
 delayed fission         17    1.3694E-06    9.8065E-07          nucl. interaction        0    0.            0.        
 prompt photofis          0    0.            0.                  particle decay           0    0.            0.        
 tabular boundary         0    0.            0.                  tabular boundary         0    0.            0.        
 tabular sampling         0    0.            0.                  elastic scatter          0    0.            0.        
     total         24698466    2.4341E+00    1.7032E+01              total         24698466    2.4341E+00    1.7032E+01

   number of neutrons banked                 7350439        average time of (shakes)              cutoffs
   neutron tracks per source particle     2.4698E+00          escape            7.1932E+01          tco   1.0000E+33
   neutron collisions per source particle 9.2575E+01          capture           1.6839E+03          eco   0.0000E+00
   total neutron collisions                925747809          capture or escape 1.6534E+03          wc1  -5.0000E-01
   net multiplication              1.6569E+00 0.0001          any termination   1.2334E+03          wc2  -2.5000E-01

 computer time so far in this run    72.23 minutes            maximum number ever in bank         5
 computer time in mcrun              72.02 minutes            bank overflows to backup file       0
 source particles per minute            1.3885E+05
 random numbers generated               9682675366            most random numbers used was        5714 in history     9285185

 range of sampled source weights = 1.0000E+00 to 1.0000E+00

 number of histories processed by each thread
      302694      308456      313323      313784      309228      311453      307875      310303      313228      316250
      313371      315245      312828      310489      312992      312090      319190      316107      318532      317864
      312221      310322      308821      308842      314329      314698      312453      314258      308654      309432
      313310      317358
1neutron  activity in each cell                                                                         print table 126

                       tracks     population   collisions   collisions     number        flux        average      average
              cell    entering                               * weight     weighted     weighted   track weight   track mfp
                                                          (per history)    energy       energy     (relative)      (cm)

        4       10    40565282     13425354            0    0.0000E+00   2.2180E-01   4.0484E+00   8.1441E-01   0.0000E+00
        5       11    25554925      9557245      6739458    4.9222E-01   1.3951E-01   2.6188E+00   7.8890E-01   2.1435E+00
        6       12    24237901      9453829     49581341    3.5522E+00   9.9043E-02   1.9236E+00   7.7807E-01   4.5751E+00
        7       14      618716       467391      1347047    8.9324E-02   5.4721E-02   1.3539E+00   6.9812E-01   4.0119E+00
        8       13    13939754      8830546    243478578    1.7349E+01   4.9842E-02   1.2130E+00   7.3762E-01   3.6096E+00
        9       21    45517840     12427119     11417185    8.4831E-01   1.7752E-01   3.1095E+00   8.0274E-01   2.2038E+00
       10       22    43867980     12841805     87018226    6.3528E+00   1.3612E-01   2.5884E+00   7.9444E-01   4.6477E+00
       11       24      108945        81783       238868    1.4417E-02   4.9141E-02   1.1618E+00   6.3234E-01   3.9907E+00
       12       23    25024521     14449804    525927106    3.7375E+01   5.9182E-02   1.4667E+00   7.3773E-01   3.7486E+00

           total     219435864     81534876    925747809    6.6073E+01

1tally        4        nps =    10000000
+                                   flux                                                                       
           tally type 4    track length estimate of particle flux.      units   1/cm**2        
           particle(s): neutrons 

           volumes 
                   cell:      13           23          total                                                       
                         1.69715E+03  4.83713E+03  6.53429E+03
 
 cell  13                                                                                                                              
      energy   
    1.0000E-06   4.96595E-09 0.1461
    1.0000E-05   9.65358E-06 0.0054
    1.0000E-04   5.10796E-04 0.0011
    1.0000E-03   2.86891E-03 0.0006
    1.0000E-02   5.71821E-03 0.0005
    1.0000E-01   7.74920E-03 0.0005
    1.0000E+00   8.94346E-03 0.0005
    1.0000E+01   3.97517E-03 0.0008
    2.0000E+01   1.70647E-03 0.0010
      total      3.14819E-02 0.0004
 
 cell  23                                                                                                                              
      energy   
    1.0000E-06   3.11237E-09 0.0943
    1.0000E-05   6.99258E-06 0.0038
    1.0000E-04   3.71428E-04 0.0008
    1.0000E-03   2.09350E-03 0.0004
    1.0000E-02   4.18610E-03 0.0003
    1.0000E-01   5.72449E-03 0.0003
    1.0000E+00   6.88367E-03 0.0003
    1.0000E+01   3.41696E-03 0.0005
    2.0000E+01   1.68528E-03 0.0006
      total      2.43684E-02 0.0003
 
 cell union total                                                                                                                      
      energy   
    1.0000E-06   3.59380E-09 0.0800
    1.0000E-05   7.68372E-06 0.0031
    1.0000E-04   4.07626E-04 0.0006
    1.0000E-03   2.29490E-03 0.0003
    1.0000E-02   4.58403E-03 0.0002
    1.0000E-01   6.25037E-03 0.0002
    1.0000E+00   7.41866E-03 0.0002
    1.0000E+01   3.56194E-03 0.0004
    2.0000E+01   1.69079E-03 0.0005
      total      2.62160E-02 0.0002


 ===================================================================================================================================

           results of 10 statistical checks for the estimated answer for the tally fluctuation chart (tfc) bin of tally        4

 tfc bin     --mean--      ---------relative error---------      ----variance of the variance----      --figure of merit--     -pdf-
 behavior    behavior      value   decrease   decrease rate      value   decrease   decrease rate       value     behavior     slope

 desired      random       <0.10      yes      1/sqrt(nps)       <0.10      yes        1/nps           constant    random      >3.00
 observed     random        0.00      yes          yes            0.00      yes         yes            constant    random      10.00
 passed?        yes          yes      yes          yes             yes      yes         yes               yes        yes         yes

 ===================================================================================================================================


 this tally meets the statistical criteria used to form confidence intervals: check the tally fluctuation chart to verify.
 the results in other bins associated with this tally may not meet these statistical criteria.

 ----- estimated confidence intervals:  -----

 estimated asymmetric confidence interval(1,2,3 sigma): 3.1469E-02 to 3.1495E-02; 3.1455E-02 to 3.1509E-02; 3.1442E-02 to 3.1522E-02
 estimated  symmetric confidence interval(1,2,3 sigma): 3.1469E-02 to 3.1495E-02; 3.1455E-02 to 3.1509E-02; 3.1442E-02 to 3.1522E-02

 fom = (histories/minute)*(f(x) signal-to-noise ratio)**2 = (1.388E+05)*( 7.476E-01)**2 = (1.388E+05)*(5.589E-01) = 7.760E+04

1tally       14        nps =    10000000
+                                   60 at%-enriched Li (n,Xt) micro_xs * flux                                  
           tally type 4    track length estimate of particle flux.                             
           particle(s): neutrons 

           volumes 
                   cell:      13           23          total                                                       
                         1.69715E+03  4.83713E+03  6.53429E+03
 
 cell  13                                                                                                                              
 multiplier bin:   1.00000E+00        31         205                                                                                   
      energy   
    1.0000E-06   5.01990E-07 0.1455
    1.0000E-05   3.34058E-04 0.0056
    1.0000E-04   6.59885E-03 0.0012
    1.0000E-03   1.36568E-02 0.0006
    1.0000E-02   9.25496E-03 0.0005
    1.0000E-01   4.27833E-03 0.0005
    1.0000E+00   5.21699E-03 0.0005
    1.0000E+01   5.47125E-04 0.0008
    2.0000E+01   2.42915E-04 0.0010
      total      4.01305E-02 0.0005
 
 cell  23                                                                                                                              
 multiplier bin:   1.00000E+00        31         205                                                                                   
      energy   
    1.0000E-06   3.14725E-07 0.0951
    1.0000E-05   2.41495E-04 0.0039
    1.0000E-04   4.79838E-03 0.0008
    1.0000E-03   9.96324E-03 0.0004
    1.0000E-02   6.76971E-03 0.0003
    1.0000E-01   3.15547E-03 0.0003
    1.0000E+00   3.97831E-03 0.0003
    1.0000E+01   4.70967E-04 0.0005
    2.0000E+01   2.39789E-04 0.0006
      total      2.96177E-02 0.0003
 
 cell union total                                                                                                                      
 multiplier bin:   1.00000E+00        31         205                                                                                   
      energy   
    1.0000E-06   3.63363E-07 0.0803
    1.0000E-05   2.65536E-04 0.0032
    1.0000E-04   5.26602E-03 0.0007
    1.0000E-03   1.09226E-02 0.0003
    1.0000E-02   7.41521E-03 0.0002
    1.0000E-01   3.44711E-03 0.0002
    1.0000E+00   4.30003E-03 0.0002
    1.0000E+01   4.90748E-04 0.0004
    2.0000E+01   2.40601E-04 0.0005
      total      3.23482E-02 0.0002


 ===================================================================================================================================

           results of 10 statistical checks for the estimated answer for the tally fluctuation chart (tfc) bin of tally       14

 tfc bin     --mean--      ---------relative error---------      ----variance of the variance----      --figure of merit--     -pdf-
 behavior    behavior      value   decrease   decrease rate      value   decrease   decrease rate       value     behavior     slope

 desired      random       <0.10      yes      1/sqrt(nps)       <0.10      yes        1/nps           constant    random      >3.00
 observed     random        0.00      yes          yes            0.00      yes         yes            constant    random      10.00
 passed?        yes          yes      yes          yes             yes      yes         yes               yes        yes         yes

 ===================================================================================================================================


 this tally meets the statistical criteria used to form confidence intervals: check the tally fluctuation chart to verify.
 the results in other bins associated with this tally may not meet these statistical criteria.

 ----- estimated confidence intervals:  -----

 estimated asymmetric confidence interval(1,2,3 sigma): 4.0110E-02 to 4.0152E-02; 4.0088E-02 to 4.0173E-02; 4.0067E-02 to 4.0194E-02
 estimated  symmetric confidence interval(1,2,3 sigma): 4.0109E-02 to 4.0152E-02; 4.0088E-02 to 4.0173E-02; 4.0067E-02 to 4.0194E-02

 fom = (histories/minute)*(f(x) signal-to-noise ratio)**2 = (1.388E+05)*( 6.036E-01)**2 = (1.388E+05)*(3.643E-01) = 5.059E+04

1tally       24        nps =    10000000
+                                   U-238 (n,gamma) micro_xs * flux                                            
           tally type 4    track length estimate of particle flux.                             
           particle(s): neutrons 

           volumes 
                   cell:    (13 23)                                                                                
                         6.53429E+03
 
 cell (13 23)                                                                                                                          
 multiplier bin:   1.00000E+00        51         102                                                                                   
      energy   
    1.0000E-06   1.94167E-09 0.0801
    1.0000E-05   9.52076E-04 0.0098
    1.0000E-04   1.55789E-02 0.0022
    1.0000E-03   1.49970E-02 0.0009
    1.0000E-02   5.62746E-03 0.0003
    1.0000E-01   2.57170E-03 0.0002
    1.0000E+00   9.29711E-04 0.0002
    1.0000E+01   1.75653E-04 0.0004
    2.0000E+01   1.51862E-06 0.0005
      total      4.08340E-02 0.0010


 ===================================================================================================================================

           results of 10 statistical checks for the estimated answer for the tally fluctuation chart (tfc) bin of tally       24

 tfc bin     --mean--      ---------relative error---------      ----variance of the variance----      --figure of merit--     -pdf-
 behavior    behavior      value   decrease   decrease rate      value   decrease   decrease rate       value     behavior     slope

 desired      random       <0.10      yes      1/sqrt(nps)       <0.10      yes        1/nps           constant    random      >3.00
 observed     random        0.00      yes          yes            0.00      yes         yes            constant    random      10.00
 passed?        yes          yes      yes          yes             yes      yes         yes               yes        yes         yes

 ===================================================================================================================================


 this tally meets the statistical criteria used to form confidence intervals: check the tally fluctuation chart to verify.
 the results in other bins associated with this tally may not meet these statistical criteria.

 ----- estimated confidence intervals:  -----

 estimated asymmetric confidence interval(1,2,3 sigma): 4.0794E-02 to 4.0874E-02; 4.0755E-02 to 4.0914E-02; 4.0715E-02 to 4.0953E-02
 estimated  symmetric confidence interval(1,2,3 sigma): 4.0794E-02 to 4.0874E-02; 4.0755E-02 to 4.0914E-02; 4.0715E-02 to 4.0953E-02

 fom = (histories/minute)*(f(x) signal-to-noise ratio)**2 = (1.388E+05)*( 3.249E-01)**2 = (1.388E+05)*(1.055E-01) = 1.465E+04

1status of the statistical checks used to form confidence intervals for the mean for each tally bin


 tally   result of statistical checks for the tfc bin (the first check not passed is listed) and error magnitude check for all bins

        4   passed the 10 statistical checks for the tally fluctuation chart bin result               
         missed all bin error check:    30 tally bins had     0 bins with zeros and     1 bins with relative errors exceeding 0.10

       14   passed the 10 statistical checks for the tally fluctuation chart bin result               
         missed all bin error check:    30 tally bins had     0 bins with zeros and     1 bins with relative errors exceeding 0.10

       24   passed the 10 statistical checks for the tally fluctuation chart bin result               
         passed all bin error check:    10 tally bins all have relative errors less than 0.10 with no zero bins


 the 10 statistical checks are only for the tally fluctuation chart bin and do not apply to other tally bins.

 warning.       2 of the     3 tallies had bins with relative errors greater than recommended.
1tally fluctuation charts                              

                            tally        4                          tally       14                          tally       24
          nps      mean     error   vov  slope    fom      mean     error   vov  slope    fom      mean     error   vov  slope    fom
       512000   3.1461E-02 0.0019 0.0000 10.0   77121   4.0166E-02 0.0023 0.0000  7.9   50268   4.0844E-02 0.0043 0.0004 10.0   14829
      1024000   3.1491E-02 0.0013 0.0000 10.0   77542   4.0211E-02 0.0016 0.0000 10.0   50499   4.0960E-02 0.0030 0.0002 10.0   14694
      1536000   3.1524E-02 0.0011 0.0000 10.0   77247   4.0191E-02 0.0013 0.0000 10.0   50342   4.0925E-02 0.0025 0.0001 10.0   14658
      2048000   3.1517E-02 0.0009 0.0000 10.0   77212   4.0156E-02 0.0012 0.0000 10.0   50339   4.0823E-02 0.0021 0.0001 10.0   14665
      2560000   3.1528E-02 0.0008 0.0000 10.0   77325   4.0181E-02 0.0010 0.0000 10.0   50400   4.0846E-02 0.0019 0.0001 10.0   14638
      3072000   3.1525E-02 0.0008 0.0000 10.0   77434   4.0194E-02 0.0009 0.0000 10.0   50437   4.0833E-02 0.0017 0.0001 10.0   14741
      3584000   3.1512E-02 0.0007 0.0000 10.0   77417   4.0188E-02 0.0009 0.0000 10.0   50405   4.0847E-02 0.0016 0.0001 10.0   14728
      4096000   3.1510E-02 0.0007 0.0000 10.0   77441   4.0184E-02 0.0008 0.0000 10.0   50440   4.0859E-02 0.0015 0.0001 10.0   14711
      4608000   3.1494E-02 0.0006 0.0000 10.0   77503   4.0167E-02 0.0008 0.0000 10.0   50463   4.0865E-02 0.0014 0.0000 10.0   14705
      5120000   3.1488E-02 0.0006 0.0000 10.0   77542   4.0152E-02 0.0007 0.0000 10.0   50498   4.0851E-02 0.0014 0.0000 10.0   14662
      5632000   3.1484E-02 0.0006 0.0000 10.0   77599   4.0140E-02 0.0007 0.0000 10.0   50541   4.0841E-02 0.0013 0.0000 10.0   14677
      6144000   3.1475E-02 0.0005 0.0000 10.0   77612   4.0137E-02 0.0007 0.0000 10.0   50559   4.0836E-02 0.0012 0.0000 10.0   14719
      6656000   3.1473E-02 0.0005 0.0000 10.0   77567   4.0137E-02 0.0006 0.0000 10.0   50551   4.0861E-02 0.0012 0.0000 10.0   14676
      7168000   3.1476E-02 0.0005 0.0000 10.0   77561   4.0141E-02 0.0006 0.0000 10.0   50539   4.0867E-02 0.0011 0.0000 10.0   14647
      7680000   3.1476E-02 0.0005 0.0000 10.0   77602   4.0137E-02 0.0006 0.0000 10.0   50581   4.0864E-02 0.0011 0.0000 10.0   14641
      8192000   3.1480E-02 0.0005 0.0000 10.0   77594   4.0136E-02 0.0006 0.0000 10.0   50584   4.0832E-02 0.0011 0.0000 10.0   14653
      8704000   3.1482E-02 0.0005 0.0000 10.0   77499   4.0137E-02 0.0006 0.0000 10.0   50525   4.0833E-02 0.0010 0.0000 10.0   14628
      9216000   3.1485E-02 0.0004 0.0000 10.0   77556   4.0133E-02 0.0005 0.0000 10.0   50552   4.0832E-02 0.0010 0.0000 10.0   14647
      9728000   3.1479E-02 0.0004 0.0000 10.0   77571   4.0128E-02 0.0005 0.0000 10.0   50570   4.0838E-02 0.0010 0.0000 10.0   14657
     10000000   3.1482E-02 0.0004 0.0000 10.0   77595   4.0131E-02 0.0005 0.0000 10.0   50586   4.0834E-02 0.0010 0.0000 10.0   14654

 ***********************************************************************************************************************

 dump no.    2 on file runtph.h5     nps =    10000000     coll =      925747809     ctm =       72.02   nrn =       
 9682675366

         3 warning messages so far.


 run terminated when    10000000  particle histories were done.

 computer time =   72.24 minutes

 mcnp6 version 6.3.0 01/26/23                     01/07/26 11:51:33                     probid =  01/07/26 11:49:11 
