 ===================>     TALLY 13: FLUX_BY_REGION     <====================

 Cell 13
   Total Material
     Flux                                 11.3868 +/- 0.0132796
 Cell 14
   Total Material
     Flux                                 10.8238 +/- 0.0125216
 Cell 15
   Total Material
     Flux                                 254.667 +/- 0.291291
 ==================>     TALLY 14: FLUX_CENTERLINE_X     <==================

 Mesh Index (1, 1, 1)
   Total Material
     Flux                                 0.0099007 +/- 1.42442e-05
 Mesh Index (2, 1, 1)
   Total Material
     Flux                                 0.00990713 +/- 1.36327e-05
 Mesh Index (3, 1, 1)
   Total Material
     Flux                                 0.0099017 +/- 1.34356e-05
 Mesh Index (4, 1, 1)
   Total Material
     Flux                                 0.00989918 +/- 1.33267e-05
 Mesh Index (5, 1, 1)
   Total Material
     Flux                                 0.00989361 +/- 1.24334e-05
 Mesh Index (6, 1, 1)
   Total Material
     Flux                                 0.00989377 +/- 1.29389e-05
 Mesh Index (7, 1, 1)
   Total Material
     Flux                                 0.00988809 +/- 1.3516e-05
 Mesh Index (8, 1, 1)
   Total Material
     Flux                                 0.00989014 +/- 1.30163e-05
 Mesh Index (9, 1, 1)
   Total Material
     Flux                                 0.00988877 +/- 1.27015e-05
 Mesh Index (10, 1, 1)
   Total Material
     Flux                                 0.0098947 +/- 1.31151e-05
 Mesh Index (11, 1, 1)
   Total Material
     Flux                                 0.00989602 +/- 1.30006e-05
 Mesh Index (12, 1, 1)
   Total Material
     Flux                                 0.0098989 +/- 1.30303e-05
 Mesh Index (13, 1, 1)
   Total Material
     Flux                                 0.0099003 +/- 1.24774e-05
 Mesh Index (14, 1, 1)
   Total Material
     Flux                                 0.00990028 +/- 1.30084e-05
 Mesh Index (15, 1, 1)
   Total Material
     Flux                                 0.00989928 +/- 1.30914e-05
 Mesh Index (16, 1, 1)
   Total Material
     Flux                                 0.00989758 +/- 1.36941e-05
 Mesh Index (17, 1, 1)
   Total Material
     Flux                                 0.00989713 +/- 1.34444e-05
 Mesh Index (18, 1, 1)
   Total Material
     Flux                                 0.00989734 +/- 1.30383e-05
 Mesh Index (19, 1, 1)
   Total Material
     Flux                                 0.0099002 +/- 1.21301e-05
 Mesh Index (20, 1, 1)
   Total Material
     Flux                                 0.00989961 +/- 1.19782e-05
 Mesh Index (21, 1, 1)
   Total Material
     Flux                                 0.00989791 +/- 1.23563e-05
 Mesh Index (22, 1, 1)
   Total Material
     Flux                                 0.00989529 +/- 1.20691e-05
 Mesh Index (23, 1, 1)
   Total Material
     Flux                                 0.00989096 +/- 1.27405e-05
 Mesh Index (24, 1, 1)
   Total Material
     Flux                                 0.00989434 +/- 1.25682e-05
 Mesh Index (25, 1, 1)
   Total Material
     Flux                                 0.00989732 +/- 1.12365e-05
 Mesh Index (26, 1, 1)
   Total Material
     Flux                                 0.00989079 +/- 1.22278e-05
 Mesh Index (27, 1, 1)
   Total Material
     Flux                                 0.0098949 +/- 1.26577e-05
 Mesh Index (28, 1, 1)
   Total Material
     Flux                                 0.00989027 +/- 1.20533e-05
 Mesh Index (29, 1, 1)
   Total Material
     Flux                                 0.0098937 +/- 1.22538e-05
 Mesh Index (30, 1, 1)
   Total Material
     Flux                                 0.0098904 +/- 1.22422e-05
 Mesh Index (31, 1, 1)
   Total Material
     Flux                                 0.00989054 +/- 1.2552e-05
 Mesh Index (32, 1, 1)
   Total Material
     Flux                                 0.0098923 +/- 1.21849e-05
 Mesh Index (33, 1, 1)
   Total Material
     Flux                                 0.00988507 +/- 1.27967e-05
 Mesh Index (34, 1, 1)
   Total Material
     Flux                                 0.00988639 +/- 1.28741e-05
 Mesh Index (35, 1, 1)
   Total Material
     Flux                                 0.00989143 +/- 1.31453e-05
 Mesh Index (36, 1, 1)
   Total Material
     Flux                                 0.00988119 +/- 1.20411e-05
 Mesh Index (37, 1, 1)
   Total Material
     Flux                                 0.0098854 +/- 1.22001e-05
 Mesh Index (38, 1, 1)
   Total Material
     Flux                                 0.00988901 +/- 1.23696e-05
 Mesh Index (39, 1, 1)
   Total Material
     Flux                                 0.00988799 +/- 1.28399e-05
 Mesh Index (40, 1, 1)
   Total Material
     Flux                                 0.00988592 +/- 1.13316e-05
 Mesh Index (41, 1, 1)
   Total Material
     Flux                                 0.00988491 +/- 1.24688e-05
 Mesh Index (42, 1, 1)
   Total Material
     Flux                                 0.00988151 +/- 1.24503e-05
 Mesh Index (43, 1, 1)
   Total Material
     Flux                                 0.00988961 +/- 1.32505e-05
 Mesh Index (44, 1, 1)
   Total Material
     Flux                                 0.00988903 +/- 1.20739e-05
 Mesh Index (45, 1, 1)
   Total Material
     Flux                                 0.00989801 +/- 1.32838e-05
 Mesh Index (46, 1, 1)
   Total Material
     Flux                                 0.0099005 +/- 1.38997e-05
 Mesh Index (47, 1, 1)
   Total Material
     Flux                                 0.00989461 +/- 1.35011e-05
 Mesh Index (48, 1, 1)
   Total Material
     Flux                                 0.00989761 +/- 1.33144e-05
 Mesh Index (49, 1, 1)
   Total Material
     Flux                                 0.00989856 +/- 1.42798e-05
 Mesh Index (50, 1, 1)
   Total Material
     Flux                                 0.00989598 +/- 1.4077e-05
 Mesh Index (51, 1, 1)
   Total Material
     Flux                                 0.0098975 +/- 1.4048e-05
 Mesh Index (52, 1, 1)
   Total Material
     Flux                                 0.00989809 +/- 1.35785e-05
 Mesh Index (53, 1, 1)
   Total Material
     Flux                                 0.00989746 +/- 1.35176e-05
 Mesh Index (54, 1, 1)
   Total Material
     Flux                                 0.00989652 +/- 1.34342e-05
 Mesh Index (55, 1, 1)
   Total Material
     Flux                                 0.00989303 +/- 1.37507e-05
 Mesh Index (56, 1, 1)
   Total Material
     Flux                                 0.0098987 +/- 1.33471e-05
 Mesh Index (57, 1, 1)
   Total Material
     Flux                                 0.00990057 +/- 1.32952e-05
 Mesh Index (58, 1, 1)
   Total Material
     Flux                                 0.00990127 +/- 1.3933e-05
 Mesh Index (59, 1, 1)
   Total Material
     Flux                                 0.00990716 +/- 1.31303e-05
 Mesh Index (60, 1, 1)
   Total Material
     Flux                                 0.00990464 +/- 1.35013e-05
 Mesh Index (61, 1, 1)
   Total Material
     Flux                                 0.00989959 +/- 1.26192e-05
 Mesh Index (62, 1, 1)
   Total Material
     Flux                                 0.00989424 +/- 1.29442e-05
 Mesh Index (63, 1, 1)
   Total Material
     Flux                                 0.00989186 +/- 1.35038e-05
 Mesh Index (64, 1, 1)
   Total Material
     Flux                                 0.00989192 +/- 1.31351e-05
 Mesh Index (65, 1, 1)
   Total Material
     Flux                                 0.00989326 +/- 1.36452e-05
 Mesh Index (66, 1, 1)
   Total Material
     Flux                                 0.00989224 +/- 1.31196e-05
 Mesh Index (67, 1, 1)
   Total Material
     Flux                                 0.00989777 +/- 1.2704e-05
 Mesh Index (68, 1, 1)
   Total Material
     Flux                                 0.00989548 +/- 1.21016e-05
 Mesh Index (69, 1, 1)
   Total Material
     Flux                                 0.00989161 +/- 1.19158e-05
 Mesh Index (70, 1, 1)
   Total Material
     Flux                                 0.00989033 +/- 1.24389e-05
 Mesh Index (71, 1, 1)
   Total Material
     Flux                                 0.00988822 +/- 1.20513e-05
 Mesh Index (72, 1, 1)
   Total Material
     Flux                                 0.00989363 +/- 1.28983e-05
 Mesh Index (73, 1, 1)
   Total Material
     Flux                                 0.0098951 +/- 1.29946e-05
 Mesh Index (74, 1, 1)
   Total Material
     Flux                                 0.00988803 +/- 1.28559e-05
 Mesh Index (75, 1, 1)
   Total Material
     Flux                                 0.00988568 +/- 1.27343e-05
 Mesh Index (76, 1, 1)
   Total Material
     Flux                                 0.00988438 +/- 1.25562e-05
 Mesh Index (77, 1, 1)
   Total Material
     Flux                                 0.00989346 +/- 1.28601e-05
 Mesh Index (78, 1, 1)
   Total Material
     Flux                                 0.00989426 +/- 1.23639e-05
 Mesh Index (79, 1, 1)
   Total Material
     Flux                                 0.0098984 +/- 1.18322e-05
 Mesh Index (80, 1, 1)
   Total Material
     Flux                                 0.00989326 +/- 1.24185e-05
 Mesh Index (81, 1, 1)
   Total Material
     Flux                                 0.00988705 +/- 1.30749e-05
 Mesh Index (82, 1, 1)
   Total Material
     Flux                                 0.00988714 +/- 1.28512e-05
 Mesh Index (83, 1, 1)
   Total Material
     Flux                                 0.00989006 +/- 1.27156e-05
 Mesh Index (84, 1, 1)
   Total Material
     Flux                                 0.0098893 +/- 1.2429e-05
 Mesh Index (85, 1, 1)
   Total Material
     Flux                                 0.00988974 +/- 1.30856e-05
 Mesh Index (86, 1, 1)
   Total Material
     Flux                                 0.00989125 +/- 1.18697e-05
 Mesh Index (87, 1, 1)
   Total Material
     Flux                                 0.00989497 +/- 1.32078e-05
 Mesh Index (88, 1, 1)
   Total Material
     Flux                                 0.0098928 +/- 1.3195e-05
 Mesh Index (89, 1, 1)
   Total Material
     Flux                                 0.00989579 +/- 1.32194e-05
 Mesh Index (90, 1, 1)
   Total Material
     Flux                                 0.00990243 +/- 1.30138e-05
 Mesh Index (91, 1, 1)
   Total Material
     Flux                                 0.00989906 +/- 1.34756e-05
 Mesh Index (92, 1, 1)
   Total Material
     Flux                                 0.00989839 +/- 1.28654e-05
 Mesh Index (93, 1, 1)
   Total Material
     Flux                                 0.00989289 +/- 1.31973e-05
 Mesh Index (94, 1, 1)
   Total Material
     Flux                                 0.00989984 +/- 1.37562e-05
 Mesh Index (95, 1, 1)
   Total Material
     Flux                                 0.00989663 +/- 1.45291e-05
 Mesh Index (96, 1, 1)
   Total Material
     Flux                                 0.00989294 +/- 1.36436e-05
 Mesh Index (97, 1, 1)
   Total Material
     Flux                                 0.00989853 +/- 1.353e-05
 Mesh Index (98, 1, 1)
   Total Material
     Flux                                 0.00989784 +/- 1.33968e-05
 Mesh Index (99, 1, 1)
   Total Material
     Flux                                 0.00989936 +/- 1.43259e-05
 Mesh Index (100, 1, 1)
   Total Material
     Flux                                 0.00989661 +/- 1.38897e-05
 Mesh Index (101, 1, 1)
   Total Material
     Flux                                 0.00990012 +/- 1.43988e-05
 Mesh Index (102, 1, 1)
   Total Material
     Flux                                 0.00989831 +/- 1.36603e-05
 Mesh Index (103, 1, 1)
   Total Material
     Flux                                 0.00989326 +/- 1.37186e-05
 Mesh Index (104, 1, 1)
   Total Material
     Flux                                 0.00988877 +/- 1.34216e-05
 Mesh Index (105, 1, 1)
   Total Material
     Flux                                 0.0098918 +/- 1.40434e-05
 Mesh Index (106, 1, 1)
   Total Material
     Flux                                 0.0098892 +/- 1.42237e-05
 Mesh Index (107, 1, 1)
   Total Material
     Flux                                 0.00989119 +/- 1.35512e-05
 Mesh Index (108, 1, 1)
   Total Material
     Flux                                 0.00989341 +/- 1.39725e-05
 Mesh Index (109, 1, 1)
   Total Material
     Flux                                 0.00989257 +/- 1.38314e-05
 Mesh Index (110, 1, 1)
   Total Material
     Flux                                 0.00989436 +/- 1.25991e-05
 Mesh Index (111, 1, 1)
   Total Material
     Flux                                 0.00989127 +/- 1.21948e-05
 Mesh Index (112, 1, 1)
   Total Material
     Flux                                 0.00989053 +/- 1.23743e-05
 Mesh Index (113, 1, 1)
   Total Material
     Flux                                 0.00988414 +/- 1.33251e-05
 Mesh Index (114, 1, 1)
   Total Material
     Flux                                 0.00989552 +/- 1.29918e-05
 Mesh Index (115, 1, 1)
   Total Material
     Flux                                 0.00989539 +/- 1.36353e-05
 Mesh Index (116, 1, 1)
   Total Material
     Flux                                 0.00990273 +/- 1.3556e-05
 Mesh Index (117, 1, 1)
   Total Material
     Flux                                 0.00989937 +/- 1.38661e-05
 Mesh Index (118, 1, 1)
   Total Material
     Flux                                 0.00989871 +/- 1.34667e-05
 Mesh Index (119, 1, 1)
   Total Material
     Flux                                 0.00990007 +/- 1.36852e-05
 Mesh Index (120, 1, 1)
   Total Material
     Flux                                 0.00989902 +/- 1.38826e-05
 Mesh Index (121, 1, 1)
   Total Material
     Flux                                 0.00989686 +/- 1.35832e-05
 Mesh Index (122, 1, 1)
   Total Material
     Flux                                 0.00990033 +/- 1.35164e-05
 Mesh Index (123, 1, 1)
   Total Material
     Flux                                 0.00990277 +/- 1.37269e-05
 Mesh Index (124, 1, 1)
   Total Material
     Flux                                 0.00990153 +/- 1.34053e-05
 Mesh Index (125, 1, 1)
   Total Material
     Flux                                 0.00990054 +/- 1.34183e-05
 Mesh Index (126, 1, 1)
   Total Material
     Flux                                 0.00989729 +/- 1.33736e-05
 Mesh Index (127, 1, 1)
   Total Material
     Flux                                 0.00989859 +/- 1.41401e-05
 Mesh Index (128, 1, 1)
   Total Material
     Flux                                 0.00989978 +/- 1.4008e-05
 Mesh Index (129, 1, 1)
   Total Material
     Flux                                 0.00990246 +/- 1.34915e-05
 Mesh Index (130, 1, 1)
   Total Material
     Flux                                 0.00989921 +/- 1.29495e-05
 Mesh Index (131, 1, 1)
   Total Material
     Flux                                 0.00990305 +/- 1.35645e-05
 Mesh Index (132, 1, 1)
   Total Material
     Flux                                 0.00990769 +/- 1.36609e-05
 Mesh Index (133, 1, 1)
   Total Material
     Flux                                 0.00990915 +/- 1.35954e-05
 Mesh Index (134, 1, 1)
   Total Material
     Flux                                 0.00990115 +/- 1.40506e-05
 Mesh Index (135, 1, 1)
   Total Material
     Flux                                 0.00990562 +/- 1.44301e-05
 Mesh Index (136, 1, 1)
   Total Material
     Flux                                 0.00990584 +/- 1.35277e-05
 Mesh Index (137, 1, 1)
   Total Material
     Flux                                 0.00990473 +/- 1.34779e-05
 Mesh Index (138, 1, 1)
   Total Material
     Flux                                 0.00990792 +/- 1.32692e-05
 Mesh Index (139, 1, 1)
   Total Material
     Flux                                 0.00990185 +/- 1.34149e-05
 Mesh Index (140, 1, 1)
   Total Material
     Flux                                 0.00990326 +/- 1.39595e-05
 Mesh Index (141, 1, 1)
   Total Material
     Flux                                 0.00990496 +/- 1.3701e-05
 Mesh Index (142, 1, 1)
   Total Material
     Flux                                 0.00991124 +/- 1.31533e-05
 Mesh Index (143, 1, 1)
   Total Material
     Flux                                 0.00991345 +/- 1.30794e-05
 Mesh Index (144, 1, 1)
   Total Material
     Flux                                 0.00991473 +/- 1.28363e-05
 Mesh Index (145, 1, 1)
   Total Material
     Flux                                 0.00991066 +/- 1.29421e-05
 Mesh Index (146, 1, 1)
   Total Material
     Flux                                 0.00990043 +/- 1.3443e-05
 Mesh Index (147, 1, 1)
   Total Material
     Flux                                 0.00990514 +/- 1.37786e-05
 Mesh Index (148, 1, 1)
   Total Material
     Flux                                 0.00990851 +/- 1.32868e-05
 Mesh Index (149, 1, 1)
   Total Material
     Flux                                 0.00990451 +/- 1.27562e-05
 Mesh Index (150, 1, 1)
   Total Material
     Flux                                 0.00990159 +/- 1.38409e-05
 Mesh Index (151, 1, 1)
   Total Material
     Flux                                 0.0099093 +/- 1.28322e-05
 Mesh Index (152, 1, 1)
   Total Material
     Flux                                 0.00991085 +/- 1.29219e-05
 Mesh Index (153, 1, 1)
   Total Material
     Flux                                 0.00990708 +/- 1.32216e-05
 Mesh Index (154, 1, 1)
   Total Material
     Flux                                 0.00990443 +/- 1.41207e-05
 Mesh Index (155, 1, 1)
   Total Material
     Flux                                 0.00990553 +/- 1.33135e-05
 Mesh Index (156, 1, 1)
   Total Material
     Flux                                 0.00991177 +/- 1.27997e-05
 Mesh Index (157, 1, 1)
   Total Material
     Flux                                 0.00991343 +/- 1.273e-05
 Mesh Index (158, 1, 1)
   Total Material
     Flux                                 0.00991144 +/- 1.24962e-05
 Mesh Index (159, 1, 1)
   Total Material
     Flux                                 0.00991153 +/- 1.24267e-05
 Mesh Index (160, 1, 1)
   Total Material
     Flux                                 0.00991185 +/- 1.20494e-05
 Mesh Index (161, 1, 1)
   Total Material
     Flux                                 0.00991881 +/- 1.24711e-05
 Mesh Index (162, 1, 1)
   Total Material
     Flux                                 0.0099129 +/- 1.25246e-05
 Mesh Index (163, 1, 1)
   Total Material
     Flux                                 0.00991158 +/- 1.28328e-05
 Mesh Index (164, 1, 1)
   Total Material
     Flux                                 0.00991577 +/- 1.28594e-05
 Mesh Index (165, 1, 1)
   Total Material
     Flux                                 0.0099122 +/- 1.32733e-05
 Mesh Index (166, 1, 1)
   Total Material
     Flux                                 0.00990986 +/- 1.4088e-05
 Mesh Index (167, 1, 1)
   Total Material
     Flux                                 0.00991533 +/- 1.35637e-05
 Mesh Index (168, 1, 1)
   Total Material
     Flux                                 0.00991674 +/- 1.3502e-05
 Mesh Index (169, 1, 1)
   Total Material
     Flux                                 0.00991768 +/- 1.28736e-05
 Mesh Index (170, 1, 1)
   Total Material
     Flux                                 0.00991597 +/- 1.21586e-05
 Mesh Index (171, 1, 1)
   Total Material
     Flux                                 0.00991704 +/- 1.25081e-05
 Mesh Index (172, 1, 1)
   Total Material
     Flux                                 0.00992032 +/- 1.34048e-05
 Mesh Index (173, 1, 1)
   Total Material
     Flux                                 0.00992579 +/- 1.36404e-05
 Mesh Index (174, 1, 1)
   Total Material
     Flux                                 0.00992368 +/- 1.32381e-05
 Mesh Index (175, 1, 1)
   Total Material
     Flux                                 0.00992188 +/- 1.26604e-05
 Mesh Index (176, 1, 1)
   Total Material
     Flux                                 0.00991952 +/- 1.24359e-05
 Mesh Index (177, 1, 1)
   Total Material
     Flux                                 0.00991855 +/- 1.29509e-05
 Mesh Index (178, 1, 1)
   Total Material
     Flux                                 0.00991393 +/- 1.30316e-05
 Mesh Index (179, 1, 1)
   Total Material
     Flux                                 0.00990999 +/- 1.26768e-05
 Mesh Index (180, 1, 1)
   Total Material
     Flux                                 0.00992101 +/- 1.33179e-05
 Mesh Index (181, 1, 1)
   Total Material
     Flux                                 0.00992049 +/- 1.34927e-05
 Mesh Index (182, 1, 1)
   Total Material
     Flux                                 0.00992442 +/- 1.31451e-05
 Mesh Index (183, 1, 1)
   Total Material
     Flux                                 0.00992491 +/- 1.29716e-05
 Mesh Index (184, 1, 1)
   Total Material
     Flux                                 0.00992348 +/- 1.23424e-05
 Mesh Index (185, 1, 1)
   Total Material
     Flux                                 0.00991615 +/- 1.28048e-05
 Mesh Index (186, 1, 1)
   Total Material
     Flux                                 0.00991801 +/- 1.24833e-05
 Mesh Index (187, 1, 1)
   Total Material
     Flux                                 0.00992417 +/- 1.25899e-05
 Mesh Index (188, 1, 1)
   Total Material
     Flux                                 0.00992221 +/- 1.2035e-05
 Mesh Index (189, 1, 1)
   Total Material
     Flux                                 0.00992859 +/- 1.08624e-05
 Mesh Index (190, 1, 1)
   Total Material
     Flux                                 0.00992431 +/- 1.11483e-05
 Mesh Index (191, 1, 1)
   Total Material
     Flux                                 0.00992726 +/- 1.10206e-05
 Mesh Index (192, 1, 1)
   Total Material
     Flux                                 0.00992228 +/- 1.17607e-05
 Mesh Index (193, 1, 1)
   Total Material
     Flux                                 0.00993272 +/- 1.13494e-05
 Mesh Index (194, 1, 1)
   Total Material
     Flux                                 0.00993126 +/- 1.19839e-05
 Mesh Index (195, 1, 1)
   Total Material
     Flux                                 0.00994254 +/- 1.29569e-05
 Mesh Index (196, 1, 1)
   Total Material
     Flux                                 0.00993261 +/- 1.25921e-05
 Mesh Index (197, 1, 1)
   Total Material
     Flux                                 0.00993775 +/- 1.2557e-05
 Mesh Index (198, 1, 1)
   Total Material
     Flux                                 0.00994458 +/- 1.23137e-05
 Mesh Index (199, 1, 1)
   Total Material
     Flux                                 0.009942 +/- 1.24363e-05
 Mesh Index (200, 1, 1)
   Total Material
     Flux                                 0.00993954 +/- 1.22941e-05
 Mesh Index (201, 1, 1)
   Total Material
     Flux                                 0.00993416 +/- 1.26865e-05
 Mesh Index (202, 1, 1)
   Total Material
     Flux                                 0.00994096 +/- 1.34297e-05
 Mesh Index (203, 1, 1)
   Total Material
     Flux                                 0.00994328 +/- 1.25218e-05
 Mesh Index (204, 1, 1)
   Total Material
     Flux                                 0.00994035 +/- 1.23104e-05
 Mesh Index (205, 1, 1)
   Total Material
     Flux                                 0.0099457 +/- 1.29203e-05
 Mesh Index (206, 1, 1)
   Total Material
     Flux                                 0.00994876 +/- 1.26321e-05
 Mesh Index (207, 1, 1)
   Total Material
     Flux                                 0.00995008 +/- 1.21342e-05
 Mesh Index (208, 1, 1)
   Total Material
     Flux                                 0.00994352 +/- 1.23288e-05
 Mesh Index (209, 1, 1)
   Total Material
     Flux                                 0.00994576 +/- 1.21811e-05
 Mesh Index (210, 1, 1)
   Total Material
     Flux                                 0.0099446 +/- 1.28325e-05
 Mesh Index (211, 1, 1)
   Total Material
     Flux                                 0.00994574 +/- 1.24441e-05
 Mesh Index (212, 1, 1)
   Total Material
     Flux                                 0.00995561 +/- 1.31383e-05
 Mesh Index (213, 1, 1)
   Total Material
     Flux                                 0.00995871 +/- 1.2018e-05
 Mesh Index (214, 1, 1)
   Total Material
     Flux                                 0.00995645 +/- 1.27054e-05
 Mesh Index (215, 1, 1)
   Total Material
     Flux                                 0.0099599 +/- 1.2466e-05
 Mesh Index (216, 1, 1)
   Total Material
     Flux                                 0.00996864 +/- 1.31405e-05
 Mesh Index (217, 1, 1)
   Total Material
     Flux                                 0.00997325 +/- 1.29722e-05
 Mesh Index (218, 1, 1)
   Total Material
     Flux                                 0.00998082 +/- 1.3271e-05
 Mesh Index (219, 1, 1)
   Total Material
     Flux                                 0.00998252 +/- 1.41385e-05
 Mesh Index (220, 1, 1)
   Total Material
     Flux                                 0.0099878 +/- 1.42561e-05
 Mesh Index (221, 1, 1)
   Total Material
     Flux                                 0.00998909 +/- 1.48628e-05
 Mesh Index (222, 1, 1)
   Total Material
     Flux                                 0.00999663 +/- 1.43049e-05
 Mesh Index (223, 1, 1)
   Total Material
     Flux                                 0.00999687 +/- 1.37703e-05
 Mesh Index (224, 1, 1)
   Total Material
     Flux                                 0.0100003 +/- 1.4026e-05
 Mesh Index (225, 1, 1)
   Total Material
     Flux                                 0.0100071 +/- 1.32038e-05
 Mesh Index (226, 1, 1)
   Total Material
     Flux                                 0.0100103 +/- 1.2822e-05
 Mesh Index (227, 1, 1)
   Total Material
     Flux                                 0.0100143 +/- 1.26314e-05
 Mesh Index (228, 1, 1)
   Total Material
     Flux                                 0.010018 +/- 1.27706e-05
 Mesh Index (229, 1, 1)
   Total Material
     Flux                                 0.0100283 +/- 1.31041e-05
 Mesh Index (230, 1, 1)
   Total Material
     Flux                                 0.0100337 +/- 1.34187e-05
 Mesh Index (231, 1, 1)
   Total Material
     Flux                                 0.010038 +/- 1.26649e-05
 Mesh Index (232, 1, 1)
   Total Material
     Flux                                 0.0100467 +/- 1.31821e-05
 Mesh Index (233, 1, 1)
   Total Material
     Flux                                 0.0100519 +/- 1.27348e-05
 Mesh Index (234, 1, 1)
   Total Material
     Flux                                 0.010066 +/- 1.34961e-05
 Mesh Index (235, 1, 1)
   Total Material
     Flux                                 0.0100689 +/- 1.29207e-05
 Mesh Index (236, 1, 1)
   Total Material
     Flux                                 0.0100759 +/- 1.26298e-05
 Mesh Index (237, 1, 1)
   Total Material
     Flux                                 0.0100913 +/- 1.29096e-05
 Mesh Index (238, 1, 1)
   Total Material
     Flux                                 0.0101051 +/- 1.41236e-05
 Mesh Index (239, 1, 1)
   Total Material
     Flux                                 0.0101211 +/- 1.45132e-05
 Mesh Index (240, 1, 1)
   Total Material
     Flux                                 0.0101381 +/- 1.41222e-05
 Mesh Index (241, 1, 1)
   Total Material
     Flux                                 0.0101601 +/- 1.42242e-05
 Mesh Index (242, 1, 1)
   Total Material
     Flux                                 0.010174 +/- 1.42382e-05
 Mesh Index (243, 1, 1)
   Total Material
     Flux                                 0.010199 +/- 1.39133e-05
 Mesh Index (244, 1, 1)
   Total Material
     Flux                                 0.0102277 +/- 1.39244e-05
 Mesh Index (245, 1, 1)
   Total Material
     Flux                                 0.010258 +/- 1.41468e-05
 Mesh Index (246, 1, 1)
   Total Material
     Flux                                 0.0102921 +/- 1.46537e-05
 Mesh Index (247, 1, 1)
   Total Material
     Flux                                 0.0103439 +/- 1.32641e-05
 Mesh Index (248, 1, 1)
   Total Material
     Flux                                 0.0104093 +/- 1.46099e-05
 Mesh Index (249, 1, 1)
   Total Material
     Flux                                 0.0105045 +/- 1.5241e-05
 Mesh Index (250, 1, 1)
   Total Material
     Flux                                 0.0107555 +/- 1.40917e-05
 Mesh Index (251, 1, 1)
   Total Material
     Flux                                 0.0107636 +/- 1.43545e-05
 Mesh Index (252, 1, 1)
   Total Material
     Flux                                 0.010503 +/- 1.30184e-05
 Mesh Index (253, 1, 1)
   Total Material
     Flux                                 0.0104037 +/- 1.34249e-05
 Mesh Index (254, 1, 1)
   Total Material
     Flux                                 0.0103415 +/- 1.34546e-05
 Mesh Index (255, 1, 1)
   Total Material
     Flux                                 0.0102933 +/- 1.28789e-05
 Mesh Index (256, 1, 1)
   Total Material
     Flux                                 0.0102507 +/- 1.23188e-05
 Mesh Index (257, 1, 1)
   Total Material
     Flux                                 0.0102214 +/- 1.22852e-05
 Mesh Index (258, 1, 1)
   Total Material
     Flux                                 0.0101983 +/- 1.31887e-05
 Mesh Index (259, 1, 1)
   Total Material
     Flux                                 0.0101713 +/- 1.32154e-05
 Mesh Index (260, 1, 1)
   Total Material
     Flux                                 0.0101526 +/- 1.33257e-05
 Mesh Index (261, 1, 1)
   Total Material
     Flux                                 0.0101309 +/- 1.32317e-05
 Mesh Index (262, 1, 1)
   Total Material
     Flux                                 0.0101275 +/- 1.30987e-05
 Mesh Index (263, 1, 1)
   Total Material
     Flux                                 0.010106 +/- 1.31913e-05
 Mesh Index (264, 1, 1)
   Total Material
     Flux                                 0.0100946 +/- 1.3011e-05
 Mesh Index (265, 1, 1)
   Total Material
     Flux                                 0.0100857 +/- 1.37179e-05
 Mesh Index (266, 1, 1)
   Total Material
     Flux                                 0.0100738 +/- 1.3934e-05
 Mesh Index (267, 1, 1)
   Total Material
     Flux                                 0.0100681 +/- 1.40129e-05
 Mesh Index (268, 1, 1)
   Total Material
     Flux                                 0.0100507 +/- 1.4536e-05
 Mesh Index (269, 1, 1)
   Total Material
     Flux                                 0.010045 +/- 1.41349e-05
 Mesh Index (270, 1, 1)
   Total Material
     Flux                                 0.010044 +/- 1.31124e-05
 Mesh Index (271, 1, 1)
   Total Material
     Flux                                 0.0100402 +/- 1.36865e-05
 Mesh Index (272, 1, 1)
   Total Material
     Flux                                 0.0100326 +/- 1.37579e-05
 Mesh Index (273, 1, 1)
   Total Material
     Flux                                 0.0100246 +/- 1.33987e-05
 Mesh Index (274, 1, 1)
   Total Material
     Flux                                 0.0100066 +/- 1.36758e-05
 Mesh Index (275, 1, 1)
   Total Material
     Flux                                 0.0100065 +/- 1.51962e-05
 Mesh Index (276, 1, 1)
   Total Material
     Flux                                 0.0100044 +/- 1.39379e-05
 Mesh Index (277, 1, 1)
   Total Material
     Flux                                 0.00999282 +/- 1.33693e-05
 Mesh Index (278, 1, 1)
   Total Material
     Flux                                 0.00998914 +/- 1.29934e-05
 Mesh Index (279, 1, 1)
   Total Material
     Flux                                 0.00998686 +/- 1.34683e-05
 Mesh Index (280, 1, 1)
   Total Material
     Flux                                 0.00998586 +/- 1.29822e-05
 Mesh Index (281, 1, 1)
   Total Material
     Flux                                 0.0099744 +/- 1.28313e-05
 Mesh Index (282, 1, 1)
   Total Material
     Flux                                 0.00997144 +/- 1.31673e-05
 Mesh Index (283, 1, 1)
   Total Material
     Flux                                 0.00996847 +/- 1.34799e-05
 Mesh Index (284, 1, 1)
   Total Material
     Flux                                 0.00996973 +/- 1.32915e-05
 Mesh Index (285, 1, 1)
   Total Material
     Flux                                 0.00996414 +/- 1.34753e-05
 Mesh Index (286, 1, 1)
   Total Material
     Flux                                 0.00996493 +/- 1.35539e-05
 Mesh Index (287, 1, 1)
   Total Material
     Flux                                 0.0099568 +/- 1.40884e-05
 Mesh Index (288, 1, 1)
   Total Material
     Flux                                 0.00994588 +/- 1.44481e-05
 Mesh Index (289, 1, 1)
   Total Material
     Flux                                 0.00995024 +/- 1.31961e-05
 Mesh Index (290, 1, 1)
   Total Material
     Flux                                 0.00994392 +/- 1.29737e-05
 Mesh Index (291, 1, 1)
   Total Material
     Flux                                 0.00993871 +/- 1.31053e-05
 Mesh Index (292, 1, 1)
   Total Material
     Flux                                 0.00993698 +/- 1.31121e-05
 Mesh Index (293, 1, 1)
   Total Material
     Flux                                 0.00994098 +/- 1.3303e-05
 Mesh Index (294, 1, 1)
   Total Material
     Flux                                 0.00993727 +/- 1.32864e-05
 Mesh Index (295, 1, 1)
   Total Material
     Flux                                 0.00994268 +/- 1.33025e-05
 Mesh Index (296, 1, 1)
   Total Material
     Flux                                 0.00994362 +/- 1.30503e-05
 Mesh Index (297, 1, 1)
   Total Material
     Flux                                 0.00994519 +/- 1.25769e-05
 Mesh Index (298, 1, 1)
   Total Material
     Flux                                 0.00993981 +/- 1.40491e-05
 Mesh Index (299, 1, 1)
   Total Material
     Flux                                 0.00993653 +/- 1.39317e-05
 Mesh Index (300, 1, 1)
   Total Material
     Flux                                 0.00993864 +/- 1.36695e-05
 Mesh Index (301, 1, 1)
   Total Material
     Flux                                 0.00993592 +/- 1.3272e-05
 Mesh Index (302, 1, 1)
   Total Material
     Flux                                 0.00992917 +/- 1.28537e-05
 Mesh Index (303, 1, 1)
   Total Material
     Flux                                 0.00994505 +/- 1.41059e-05
 Mesh Index (304, 1, 1)
   Total Material
     Flux                                 0.0099324 +/- 1.45511e-05
 Mesh Index (305, 1, 1)
   Total Material
     Flux                                 0.0099286 +/- 1.46724e-05
 Mesh Index (306, 1, 1)
   Total Material
     Flux                                 0.00993347 +/- 1.46257e-05
 Mesh Index (307, 1, 1)
   Total Material
     Flux                                 0.00992381 +/- 1.39266e-05
 Mesh Index (308, 1, 1)
   Total Material
     Flux                                 0.00991564 +/- 1.52673e-05
 Mesh Index (309, 1, 1)
   Total Material
     Flux                                 0.00991904 +/- 1.41453e-05
 Mesh Index (310, 1, 1)
   Total Material
     Flux                                 0.00992663 +/- 1.34879e-05
 Mesh Index (311, 1, 1)
   Total Material
     Flux                                 0.00992944 +/- 1.3329e-05
 Mesh Index (312, 1, 1)
   Total Material
     Flux                                 0.00992391 +/- 1.3494e-05
 Mesh Index (313, 1, 1)
   Total Material
     Flux                                 0.0099219 +/- 1.33635e-05
 Mesh Index (314, 1, 1)
   Total Material
     Flux                                 0.00992123 +/- 1.35863e-05
 Mesh Index (315, 1, 1)
   Total Material
     Flux                                 0.00991752 +/- 1.289e-05
 Mesh Index (316, 1, 1)
   Total Material
     Flux                                 0.00992577 +/- 1.28028e-05
 Mesh Index (317, 1, 1)
   Total Material
     Flux                                 0.00992261 +/- 1.30153e-05
 Mesh Index (318, 1, 1)
   Total Material
     Flux                                 0.00992158 +/- 1.2226e-05
 Mesh Index (319, 1, 1)
   Total Material
     Flux                                 0.00992873 +/- 1.24149e-05
 Mesh Index (320, 1, 1)
   Total Material
     Flux                                 0.0099192 +/- 1.12732e-05
 Mesh Index (321, 1, 1)
   Total Material
     Flux                                 0.00991894 +/- 1.20119e-05
 Mesh Index (322, 1, 1)
   Total Material
     Flux                                 0.00992112 +/- 1.21695e-05
 Mesh Index (323, 1, 1)
   Total Material
     Flux                                 0.0099154 +/- 1.2887e-05
 Mesh Index (324, 1, 1)
   Total Material
     Flux                                 0.00991896 +/- 1.36289e-05
 Mesh Index (325, 1, 1)
   Total Material
     Flux                                 0.00991281 +/- 1.43532e-05
 Mesh Index (326, 1, 1)
   Total Material
     Flux                                 0.00991376 +/- 1.33983e-05
 Mesh Index (327, 1, 1)
   Total Material
     Flux                                 0.00990373 +/- 1.44065e-05
 Mesh Index (328, 1, 1)
   Total Material
     Flux                                 0.00990204 +/- 1.42415e-05
 Mesh Index (329, 1, 1)
   Total Material
     Flux                                 0.00990761 +/- 1.45368e-05
 Mesh Index (330, 1, 1)
   Total Material
     Flux                                 0.00991337 +/- 1.37891e-05
 Mesh Index (331, 1, 1)
   Total Material
     Flux                                 0.00991112 +/- 1.41886e-05
 Mesh Index (332, 1, 1)
   Total Material
     Flux                                 0.0099172 +/- 1.47809e-05
 Mesh Index (333, 1, 1)
   Total Material
     Flux                                 0.009917 +/- 1.51548e-05
 Mesh Index (334, 1, 1)
   Total Material
     Flux                                 0.00991264 +/- 1.37224e-05
 Mesh Index (335, 1, 1)
   Total Material
     Flux                                 0.00990683 +/- 1.40035e-05
 Mesh Index (336, 1, 1)
   Total Material
     Flux                                 0.00990783 +/- 1.43068e-05
 Mesh Index (337, 1, 1)
   Total Material
     Flux                                 0.00990427 +/- 1.39271e-05
 Mesh Index (338, 1, 1)
   Total Material
     Flux                                 0.00990711 +/- 1.32988e-05
 Mesh Index (339, 1, 1)
   Total Material
     Flux                                 0.00990061 +/- 1.3944e-05
 Mesh Index (340, 1, 1)
   Total Material
     Flux                                 0.00989928 +/- 1.37671e-05
 Mesh Index (341, 1, 1)
   Total Material
     Flux                                 0.00990353 +/- 1.35549e-05
 Mesh Index (342, 1, 1)
   Total Material
     Flux                                 0.0099064 +/- 1.28565e-05
 Mesh Index (343, 1, 1)
   Total Material
     Flux                                 0.00990107 +/- 1.37756e-05
 Mesh Index (344, 1, 1)
   Total Material
     Flux                                 0.00989108 +/- 1.35741e-05
 Mesh Index (345, 1, 1)
   Total Material
     Flux                                 0.00989167 +/- 1.45214e-05
 Mesh Index (346, 1, 1)
   Total Material
     Flux                                 0.00990151 +/- 1.33357e-05
 Mesh Index (347, 1, 1)
   Total Material
     Flux                                 0.00990047 +/- 1.32812e-05
 Mesh Index (348, 1, 1)
   Total Material
     Flux                                 0.00989616 +/- 1.38327e-05
 Mesh Index (349, 1, 1)
   Total Material
     Flux                                 0.00989686 +/- 1.30804e-05
 Mesh Index (350, 1, 1)
   Total Material
     Flux                                 0.00990349 +/- 1.37618e-05
 Mesh Index (351, 1, 1)
   Total Material
     Flux                                 0.00990487 +/- 1.21692e-05
 Mesh Index (352, 1, 1)
   Total Material
     Flux                                 0.00990539 +/- 1.24372e-05
 Mesh Index (353, 1, 1)
   Total Material
     Flux                                 0.00991216 +/- 1.22659e-05
 Mesh Index (354, 1, 1)
   Total Material
     Flux                                 0.00991208 +/- 1.25058e-05
 Mesh Index (355, 1, 1)
   Total Material
     Flux                                 0.00990775 +/- 1.25048e-05
 Mesh Index (356, 1, 1)
   Total Material
     Flux                                 0.00990556 +/- 1.20708e-05
 Mesh Index (357, 1, 1)
   Total Material
     Flux                                 0.00990555 +/- 1.14191e-05
 Mesh Index (358, 1, 1)
   Total Material
     Flux                                 0.00990389 +/- 1.25465e-05
 Mesh Index (359, 1, 1)
   Total Material
     Flux                                 0.00990475 +/- 1.24069e-05
 Mesh Index (360, 1, 1)
   Total Material
     Flux                                 0.00989846 +/- 1.14061e-05
 Mesh Index (361, 1, 1)
   Total Material
     Flux                                 0.00990167 +/- 1.21245e-05
 Mesh Index (362, 1, 1)
   Total Material
     Flux                                 0.00990038 +/- 1.30082e-05
 Mesh Index (363, 1, 1)
   Total Material
     Flux                                 0.00990059 +/- 1.34692e-05
 Mesh Index (364, 1, 1)
   Total Material
     Flux                                 0.0098959 +/- 1.33119e-05
 Mesh Index (365, 1, 1)
   Total Material
     Flux                                 0.00990046 +/- 1.39715e-05
 Mesh Index (366, 1, 1)
   Total Material
     Flux                                 0.00990657 +/- 1.36014e-05
 Mesh Index (367, 1, 1)
   Total Material
     Flux                                 0.00990245 +/- 1.42331e-05
 Mesh Index (368, 1, 1)
   Total Material
     Flux                                 0.00990451 +/- 1.44049e-05
 Mesh Index (369, 1, 1)
   Total Material
     Flux                                 0.0099076 +/- 1.41421e-05
 Mesh Index (370, 1, 1)
   Total Material
     Flux                                 0.00989628 +/- 1.4243e-05
 Mesh Index (371, 1, 1)
   Total Material
     Flux                                 0.00989032 +/- 1.4216e-05
 Mesh Index (372, 1, 1)
   Total Material
     Flux                                 0.00989563 +/- 1.38327e-05
 Mesh Index (373, 1, 1)
   Total Material
     Flux                                 0.00988942 +/- 1.30819e-05
 Mesh Index (374, 1, 1)
   Total Material
     Flux                                 0.00988712 +/- 1.20797e-05
 Mesh Index (375, 1, 1)
   Total Material
     Flux                                 0.00989088 +/- 1.33582e-05
 Mesh Index (376, 1, 1)
   Total Material
     Flux                                 0.00988549 +/- 1.30319e-05
 Mesh Index (377, 1, 1)
   Total Material
     Flux                                 0.00988973 +/- 1.26008e-05
 Mesh Index (378, 1, 1)
   Total Material
     Flux                                 0.00988534 +/- 1.14578e-05
 Mesh Index (379, 1, 1)
   Total Material
     Flux                                 0.00989599 +/- 1.19973e-05
 Mesh Index (380, 1, 1)
   Total Material
     Flux                                 0.00989269 +/- 1.25268e-05
 Mesh Index (381, 1, 1)
   Total Material
     Flux                                 0.00989276 +/- 1.27574e-05
 Mesh Index (382, 1, 1)
   Total Material
     Flux                                 0.00989039 +/- 1.33159e-05
 Mesh Index (383, 1, 1)
   Total Material
     Flux                                 0.00988983 +/- 1.33776e-05
 Mesh Index (384, 1, 1)
   Total Material
     Flux                                 0.00989383 +/- 1.33295e-05
 Mesh Index (385, 1, 1)
   Total Material
     Flux                                 0.00989553 +/- 1.36791e-05
 Mesh Index (386, 1, 1)
   Total Material
     Flux                                 0.00990164 +/- 1.29066e-05
 Mesh Index (387, 1, 1)
   Total Material
     Flux                                 0.00990039 +/- 1.31602e-05
 Mesh Index (388, 1, 1)
   Total Material
     Flux                                 0.00990225 +/- 1.29817e-05
 Mesh Index (389, 1, 1)
   Total Material
     Flux                                 0.00989889 +/- 1.38908e-05
 Mesh Index (390, 1, 1)
   Total Material
     Flux                                 0.00989919 +/- 1.33615e-05
 Mesh Index (391, 1, 1)
   Total Material
     Flux                                 0.00989193 +/- 1.40909e-05
 Mesh Index (392, 1, 1)
   Total Material
     Flux                                 0.00989807 +/- 1.48889e-05
 Mesh Index (393, 1, 1)
   Total Material
     Flux                                 0.00989643 +/- 1.43653e-05
 Mesh Index (394, 1, 1)
   Total Material
     Flux                                 0.00989074 +/- 1.41653e-05
 Mesh Index (395, 1, 1)
   Total Material
     Flux                                 0.00988728 +/- 1.33579e-05
 Mesh Index (396, 1, 1)
   Total Material
     Flux                                 0.00989328 +/- 1.26499e-05
 Mesh Index (397, 1, 1)
   Total Material
     Flux                                 0.00989547 +/- 1.3061e-05
 Mesh Index (398, 1, 1)
   Total Material
     Flux                                 0.00988864 +/- 1.2703e-05
 Mesh Index (399, 1, 1)
   Total Material
     Flux                                 0.00989794 +/- 1.24905e-05
 Mesh Index (400, 1, 1)
   Total Material
     Flux                                 0.0098983 +/- 1.26052e-05
 Mesh Index (401, 1, 1)
   Total Material
     Flux                                 0.0099021 +/- 1.26939e-05
 Mesh Index (402, 1, 1)
   Total Material
     Flux                                 0.00989506 +/- 1.2965e-05
 Mesh Index (403, 1, 1)
   Total Material
     Flux                                 0.00990264 +/- 1.34909e-05
 Mesh Index (404, 1, 1)
   Total Material
     Flux                                 0.00989845 +/- 1.23041e-05
 Mesh Index (405, 1, 1)
   Total Material
     Flux                                 0.00989623 +/- 1.20589e-05
 Mesh Index (406, 1, 1)
   Total Material
     Flux                                 0.00989319 +/- 1.27471e-05
 Mesh Index (407, 1, 1)
   Total Material
     Flux                                 0.0098988 +/- 1.20722e-05
 Mesh Index (408, 1, 1)
   Total Material
     Flux                                 0.00989837 +/- 1.344e-05
 Mesh Index (409, 1, 1)
   Total Material
     Flux                                 0.00989241 +/- 1.3636e-05
 Mesh Index (410, 1, 1)
   Total Material
     Flux                                 0.00988991 +/- 1.37442e-05
 Mesh Index (411, 1, 1)
   Total Material
     Flux                                 0.00989021 +/- 1.35295e-05
 Mesh Index (412, 1, 1)
   Total Material
     Flux                                 0.00990066 +/- 1.32899e-05
 Mesh Index (413, 1, 1)
   Total Material
     Flux                                 0.00989751 +/- 1.18971e-05
 Mesh Index (414, 1, 1)
   Total Material
     Flux                                 0.00989834 +/- 1.20786e-05
 Mesh Index (415, 1, 1)
   Total Material
     Flux                                 0.00989693 +/- 1.31921e-05
 Mesh Index (416, 1, 1)
   Total Material
     Flux                                 0.00989683 +/- 1.3062e-05
 Mesh Index (417, 1, 1)
   Total Material
     Flux                                 0.0099043 +/- 1.35482e-05
 Mesh Index (418, 1, 1)
   Total Material
     Flux                                 0.00990581 +/- 1.44708e-05
 Mesh Index (419, 1, 1)
   Total Material
     Flux                                 0.00989832 +/- 1.37934e-05
 Mesh Index (420, 1, 1)
   Total Material
     Flux                                 0.00990871 +/- 1.4245e-05
 Mesh Index (421, 1, 1)
   Total Material
     Flux                                 0.00990546 +/- 1.46436e-05
 Mesh Index (422, 1, 1)
   Total Material
     Flux                                 0.00991023 +/- 1.45223e-05
 Mesh Index (423, 1, 1)
   Total Material
     Flux                                 0.00991231 +/- 1.44143e-05
 Mesh Index (424, 1, 1)
   Total Material
     Flux                                 0.00991336 +/- 1.30785e-05
 Mesh Index (425, 1, 1)
   Total Material
     Flux                                 0.0099108 +/- 1.29181e-05
 Mesh Index (426, 1, 1)
   Total Material
     Flux                                 0.00990983 +/- 1.28258e-05
 Mesh Index (427, 1, 1)
   Total Material
     Flux                                 0.00989973 +/- 1.41108e-05
 Mesh Index (428, 1, 1)
   Total Material
     Flux                                 0.00989873 +/- 1.38471e-05
 Mesh Index (429, 1, 1)
   Total Material
     Flux                                 0.00989821 +/- 1.341e-05
 Mesh Index (430, 1, 1)
   Total Material
     Flux                                 0.00989665 +/- 1.30465e-05
 Mesh Index (431, 1, 1)
   Total Material
     Flux                                 0.00989255 +/- 1.42354e-05
 Mesh Index (432, 1, 1)
   Total Material
     Flux                                 0.00989215 +/- 1.42817e-05
 Mesh Index (433, 1, 1)
   Total Material
     Flux                                 0.00989347 +/- 1.37101e-05
 Mesh Index (434, 1, 1)
   Total Material
     Flux                                 0.00989434 +/- 1.33803e-05
 Mesh Index (435, 1, 1)
   Total Material
     Flux                                 0.00989375 +/- 1.36705e-05
 Mesh Index (436, 1, 1)
   Total Material
     Flux                                 0.00989008 +/- 1.25707e-05
 Mesh Index (437, 1, 1)
   Total Material
     Flux                                 0.00989428 +/- 1.26244e-05
 Mesh Index (438, 1, 1)
   Total Material
     Flux                                 0.00989122 +/- 1.33896e-05
 Mesh Index (439, 1, 1)
   Total Material
     Flux                                 0.00989382 +/- 1.3796e-05
 Mesh Index (440, 1, 1)
   Total Material
     Flux                                 0.00989881 +/- 1.31289e-05
 Mesh Index (441, 1, 1)
   Total Material
     Flux                                 0.00989144 +/- 1.37109e-05
 Mesh Index (442, 1, 1)
   Total Material
     Flux                                 0.00989521 +/- 1.39743e-05
 Mesh Index (443, 1, 1)
   Total Material
     Flux                                 0.00989572 +/- 1.43627e-05
 Mesh Index (444, 1, 1)
   Total Material
     Flux                                 0.00989536 +/- 1.32716e-05
 Mesh Index (445, 1, 1)
   Total Material
     Flux                                 0.00989928 +/- 1.33969e-05
 Mesh Index (446, 1, 1)
   Total Material
     Flux                                 0.00989069 +/- 1.29527e-05
 Mesh Index (447, 1, 1)
   Total Material
     Flux                                 0.00990584 +/- 1.36177e-05
 Mesh Index (448, 1, 1)
   Total Material
     Flux                                 0.00990662 +/- 1.41099e-05
 Mesh Index (449, 1, 1)
   Total Material
     Flux                                 0.00989596 +/- 1.46897e-05
 Mesh Index (450, 1, 1)
   Total Material
     Flux                                 0.00989871 +/- 1.44368e-05
 Mesh Index (451, 1, 1)
   Total Material
     Flux                                 0.00990412 +/- 1.24208e-05
 Mesh Index (452, 1, 1)
   Total Material
     Flux                                 0.00990207 +/- 1.24793e-05
 Mesh Index (453, 1, 1)
   Total Material
     Flux                                 0.00990015 +/- 1.24744e-05
 Mesh Index (454, 1, 1)
   Total Material
     Flux                                 0.00989828 +/- 1.32439e-05
 Mesh Index (455, 1, 1)
   Total Material
     Flux                                 0.00989919 +/- 1.21806e-05
 Mesh Index (456, 1, 1)
   Total Material
     Flux                                 0.0099093 +/- 1.12143e-05
 Mesh Index (457, 1, 1)
   Total Material
     Flux                                 0.00990452 +/- 1.147e-05
 Mesh Index (458, 1, 1)
   Total Material
     Flux                                 0.009897 +/- 1.27432e-05
 Mesh Index (459, 1, 1)
   Total Material
     Flux                                 0.00989324 +/- 1.29794e-05
 Mesh Index (460, 1, 1)
   Total Material
     Flux                                 0.00989679 +/- 1.32178e-05
 Mesh Index (461, 1, 1)
   Total Material
     Flux                                 0.00989397 +/- 1.31106e-05
 Mesh Index (462, 1, 1)
   Total Material
     Flux                                 0.00989484 +/- 1.38158e-05
 Mesh Index (463, 1, 1)
   Total Material
     Flux                                 0.00989214 +/- 1.31816e-05
 Mesh Index (464, 1, 1)
   Total Material
     Flux                                 0.00988896 +/- 1.3263e-05
 Mesh Index (465, 1, 1)
   Total Material
     Flux                                 0.00989633 +/- 1.35497e-05
 Mesh Index (466, 1, 1)
   Total Material
     Flux                                 0.00989738 +/- 1.32437e-05
 Mesh Index (467, 1, 1)
   Total Material
     Flux                                 0.0099001 +/- 1.39083e-05
 Mesh Index (468, 1, 1)
   Total Material
     Flux                                 0.00989988 +/- 1.35157e-05
 Mesh Index (469, 1, 1)
   Total Material
     Flux                                 0.00989764 +/- 1.31393e-05
 Mesh Index (470, 1, 1)
   Total Material
     Flux                                 0.00989523 +/- 1.36716e-05
 Mesh Index (471, 1, 1)
   Total Material
     Flux                                 0.00989579 +/- 1.30717e-05
 Mesh Index (472, 1, 1)
   Total Material
     Flux                                 0.00990186 +/- 1.36173e-05
 Mesh Index (473, 1, 1)
   Total Material
     Flux                                 0.00989964 +/- 1.28403e-05
 Mesh Index (474, 1, 1)
   Total Material
     Flux                                 0.00989842 +/- 1.18928e-05
 Mesh Index (475, 1, 1)
   Total Material
     Flux                                 0.00989003 +/- 1.2341e-05
 Mesh Index (476, 1, 1)
   Total Material
     Flux                                 0.00989336 +/- 1.3047e-05
 Mesh Index (477, 1, 1)
   Total Material
     Flux                                 0.00989126 +/- 1.31081e-05
 Mesh Index (478, 1, 1)
   Total Material
     Flux                                 0.00989379 +/- 1.38229e-05
 Mesh Index (479, 1, 1)
   Total Material
     Flux                                 0.00989488 +/- 1.3778e-05
 Mesh Index (480, 1, 1)
   Total Material
     Flux                                 0.00989434 +/- 1.28054e-05
 Mesh Index (481, 1, 1)
   Total Material
     Flux                                 0.00989191 +/- 1.25737e-05
 Mesh Index (482, 1, 1)
   Total Material
     Flux                                 0.0098902 +/- 1.24094e-05
 Mesh Index (483, 1, 1)
   Total Material
     Flux                                 0.00989454 +/- 1.28472e-05
 Mesh Index (484, 1, 1)
   Total Material
     Flux                                 0.00989563 +/- 1.30849e-05
 Mesh Index (485, 1, 1)
   Total Material
     Flux                                 0.00988779 +/- 1.25073e-05
 Mesh Index (486, 1, 1)
   Total Material
     Flux                                 0.00988735 +/- 1.35701e-05
 Mesh Index (487, 1, 1)
   Total Material
     Flux                                 0.009891 +/- 1.3041e-05
 Mesh Index (488, 1, 1)
   Total Material
     Flux                                 0.00988666 +/- 1.36615e-05
 Mesh Index (489, 1, 1)
   Total Material
     Flux                                 0.00988582 +/- 1.31781e-05
 Mesh Index (490, 1, 1)
   Total Material
     Flux                                 0.00988983 +/- 1.35058e-05
 Mesh Index (491, 1, 1)
   Total Material
     Flux                                 0.00989418 +/- 1.33132e-05
 Mesh Index (492, 1, 1)
   Total Material
     Flux                                 0.00990001 +/- 1.33459e-05
 Mesh Index (493, 1, 1)
   Total Material
     Flux                                 0.00989608 +/- 1.29474e-05
 Mesh Index (494, 1, 1)
   Total Material
     Flux                                 0.00989381 +/- 1.45612e-05
 Mesh Index (495, 1, 1)
   Total Material
     Flux                                 0.00989336 +/- 1.32979e-05
 Mesh Index (496, 1, 1)
   Total Material
     Flux                                 0.00989746 +/- 1.39043e-05
 Mesh Index (497, 1, 1)
   Total Material
     Flux                                 0.00989702 +/- 1.33771e-05
 Mesh Index (498, 1, 1)
   Total Material
     Flux                                 0.00989733 +/- 1.40828e-05
 Mesh Index (499, 1, 1)
   Total Material
     Flux                                 0.0098992 +/- 1.43878e-05
 Mesh Index (500, 1, 1)
   Total Material
     Flux                                 0.00989623 +/- 1.44304e-05
