 ===============>     TALLY 99: TOTAL FERTILE RXN RATE     <================

 U238
   (n,gamma)                            0.181612 +/- 0.000259753
   Fission Rate                         0.02831 +/- 3.08334e-05
   (n,elastic)                          2.71481 +/- 0.00243221
 U235
   (n,gamma)                            0.00256915 +/- 3.43066e-06
   Fission Rate                         0.00678067 +/- 6.43667e-06
   (n,elastic)                          0.0154426 +/- 1.33759e-05
 Th232
   (n,gamma)                            0 +/- 0
   Fission Rate                         0 +/- 0
   (n,elastic)                          0 +/- 0
 =================>     TALLY 102: TOTAL LI RXN RATE     <==================

 Li6
   (n,gamma)                            4.32557e-05 +/- 4.45116e-08
   (n,Xt)                               1.15479 +/- 0.00112749
   (n,elastic)                          0.75592 +/- 0.000710122
 Li7
   (n,gamma)                            3.44747e-05 +/- 3.51175e-08
   (n,Xt)                               0.00980097 +/- 1.61168e-05
   (n,elastic)                          0.524832 +/- 0.000509333
 =================>     TALLY 100: FERTILE RXN RATES     <==================

 Cell 11
   U238
     (n,gamma)                            0 +/- 0
     Fission Rate                         0 +/- 0
     (n,elastic)                          0 +/- 0
   U235
     (n,gamma)                            0 +/- 0
     Fission Rate                         0 +/- 0
     (n,elastic)                          0 +/- 0
   Th232
     (n,gamma)                            0 +/- 0
     Fission Rate                         0 +/- 0
     (n,elastic)                          0 +/- 0
 Cell 12
   U238
     (n,gamma)                            0 +/- 0
     Fission Rate                         0 +/- 0
     (n,elastic)                          0 +/- 0
   U235
     (n,gamma)                            0 +/- 0
     Fission Rate                         0 +/- 0
     (n,elastic)                          0 +/- 0
   Th232
     (n,gamma)                            0 +/- 0
     Fission Rate                         0 +/- 0
     (n,elastic)                          0 +/- 0
 Cell 13
   U238
     (n,gamma)                            0.0590738 +/- 0.000163223
     Fission Rate                         0.00774339 +/- 1.68014e-05
     (n,elastic)                          0.871535 +/- 0.00132832
   U235
     (n,gamma)                            0.000836907 +/- 2.11537e-06
     Fission Rate                         0.00218162 +/- 3.74919e-06
     (n,elastic)                          0.0049437 +/- 7.81462e-06
   Th232
     (n,gamma)                            0 +/- 0
     Fission Rate                         0 +/- 0
     (n,elastic)                          0 +/- 0
 Cell 14
   U238
     (n,gamma)                            0 +/- 0
     Fission Rate                         0 +/- 0
     (n,elastic)                          0 +/- 0
   U235
     (n,gamma)                            0 +/- 0
     Fission Rate                         0 +/- 0
     (n,elastic)                          0 +/- 0
   Th232
     (n,gamma)                            0 +/- 0
     Fission Rate                         0 +/- 0
     (n,elastic)                          0 +/- 0
 Cell 21
   U238
     (n,gamma)                            0 +/- 0
     Fission Rate                         0 +/- 0
     (n,elastic)                          0 +/- 0
   U235
     (n,gamma)                            0 +/- 0
     Fission Rate                         0 +/- 0
     (n,elastic)                          0 +/- 0
   Th232
     (n,gamma)                            0 +/- 0
     Fission Rate                         0 +/- 0
     (n,elastic)                          0 +/- 0
 Cell 22
   U238
     (n,gamma)                            0 +/- 0
     Fission Rate                         0 +/- 0
     (n,elastic)                          0 +/- 0
   U235
     (n,gamma)                            0 +/- 0
     Fission Rate                         0 +/- 0
     (n,elastic)                          0 +/- 0
   Th232
     (n,gamma)                            0 +/- 0
     Fission Rate                         0 +/- 0
     (n,elastic)                          0 +/- 0
 Cell 23
   U238
     (n,gamma)                            0.122538 +/- 0.000243107
     Fission Rate                         0.0205667 +/- 3.26652e-05
     (n,elastic)                          1.84328 +/- 0.0019054
   U235
     (n,gamma)                            0.00173224 +/- 2.05958e-06
     Fission Rate                         0.00459905 +/- 5.24745e-06
     (n,elastic)                          0.0104989 +/- 9.82024e-06
   Th232
     (n,gamma)                            0 +/- 0
     Fission Rate                         0 +/- 0
     (n,elastic)                          0 +/- 0
 Cell 24
   U238
     (n,gamma)                            0 +/- 0
     Fission Rate                         0 +/- 0
     (n,elastic)                          0 +/- 0
   U235
     (n,gamma)                            0 +/- 0
     Fission Rate                         0 +/- 0
     (n,elastic)                          0 +/- 0
   Th232
     (n,gamma)                            0 +/- 0
     Fission Rate                         0 +/- 0
     (n,elastic)                          0 +/- 0
 ====================>     TALLY 103: LI RXN RATES     <====================

 Cell 11
   Li6
     (n,gamma)                            0 +/- 0
     (n,Xt)                               0 +/- 0
     (n,elastic)                          0 +/- 0
   Li7
     (n,gamma)                            0 +/- 0
     (n,Xt)                               0 +/- 0
     (n,elastic)                          0 +/- 0
 Cell 12
   Li6
     (n,gamma)                            0 +/- 0
     (n,Xt)                               0 +/- 0
     (n,elastic)                          0 +/- 0
   Li7
     (n,gamma)                            0 +/- 0
     (n,Xt)                               0 +/- 0
     (n,elastic)                          0 +/- 0
 Cell 13
   Li6
     (n,gamma)                            1.40382e-05 +/- 2.72017e-08
     (n,Xt)                               0.37472 +/- 0.000676748
     (n,elastic)                          0.237292 +/- 0.000406559
   Li7
     (n,gamma)                            1.1213e-05 +/- 2.12313e-08
     (n,Xt)                               0.00261284 +/- 5.6306e-06
     (n,elastic)                          0.16463 +/- 0.000291182
 Cell 14
   Li6
     (n,gamma)                            0 +/- 0
     (n,Xt)                               0 +/- 0
     (n,elastic)                          0 +/- 0
   Li7
     (n,gamma)                            0 +/- 0
     (n,Xt)                               0 +/- 0
     (n,elastic)                          0 +/- 0
 Cell 21
   Li6
     (n,gamma)                            0 +/- 0
     (n,Xt)                               0 +/- 0
     (n,elastic)                          0 +/- 0
   Li7
     (n,gamma)                            0 +/- 0
     (n,Xt)                               0 +/- 0
     (n,elastic)                          0 +/- 0
 Cell 22
   Li6
     (n,gamma)                            0 +/- 0
     (n,Xt)                               0 +/- 0
     (n,elastic)                          0 +/- 0
   Li7
     (n,gamma)                            0 +/- 0
     (n,Xt)                               0 +/- 0
     (n,elastic)                          0 +/- 0
 Cell 23
   Li6
     (n,gamma)                            2.92175e-05 +/- 3.20486e-08
     (n,Xt)                               0.780075 +/- 0.000837299
     (n,elastic)                          0.518628 +/- 0.000556387
   Li7
     (n,gamma)                            2.32617e-05 +/- 2.51082e-08
     (n,Xt)                               0.00718813 +/- 1.55736e-05
     (n,elastic)                          0.360201 +/- 0.000403607
 Cell 24
   Li6
     (n,gamma)                            0 +/- 0
     (n,Xt)                               0 +/- 0
     (n,elastic)                          0 +/- 0
   Li7
     (n,gamma)                            0 +/- 0
     (n,Xt)                               0 +/- 0
     (n,elastic)                          0 +/- 0
 ========================>     TALLY 97: FLUX     <=========================

 Cell 11
   Total Material
     Flux                                 0.895798 +/- 0.00155874
 Cell 12
   Total Material
     Flux                                 10.2962 +/- 0.0128166
 Cell 13
   Total Material
     Flux                                 59.8321 +/- 0.0946717
 Cell 14
   Total Material
     Flux                                 0.242249 +/- 0.00140097
 Cell 21
   Total Material
     Flux                                 1.60475 +/- 0.00333685
 Cell 22
   Total Material
     Flux                                 19.191 +/- 0.0319966
 Cell 23
   Total Material
     Flux                                 130.438 +/- 0.126113
 Cell 24
   Total Material
     Flux                                 0.0358228 +/- 0.000671597
 =============>     TALLY 101: FERTILE RXN RATES SPECTRUM     <=============

 Cell 11
   Incoming Energy [0, 0.01)
     U238
       (n,gamma)                            0 +/- 0
       Fission Rate                         0 +/- 0
       (n,elastic)                          0 +/- 0
     U235
       (n,gamma)                            0 +/- 0
       Fission Rate                         0 +/- 0
       (n,elastic)                          0 +/- 0
     Th232
       (n,gamma)                            0 +/- 0
       Fission Rate                         0 +/- 0
       (n,elastic)                          0 +/- 0
   Incoming Energy [0.01, 0.1)
     U238
       (n,gamma)                            0 +/- 0
       Fission Rate                         0 +/- 0
       (n,elastic)                          0 +/- 0
     U235
       (n,gamma)                            0 +/- 0
       Fission Rate                         0 +/- 0
       (n,elastic)                          0 +/- 0
     Th232
       (n,gamma)                            0 +/- 0
       Fission Rate                         0 +/- 0
       (n,elastic)                          0 +/- 0
   Incoming Energy [0.1, 1)
     U238
       (n,gamma)                            0 +/- 0
       Fission Rate                         0 +/- 0
       (n,elastic)                          0 +/- 0
     U235
       (n,gamma)                            0 +/- 0
       Fission Rate                         0 +/- 0
       (n,elastic)                          0 +/- 0
     Th232
       (n,gamma)                            0 +/- 0
       Fission Rate                         0 +/- 0
       (n,elastic)                          0 +/- 0
   Incoming Energy [1, 10)
     U238
       (n,gamma)                            0 +/- 0
       Fission Rate                         0 +/- 0
       (n,elastic)                          0 +/- 0
     U235
       (n,gamma)                            0 +/- 0
       Fission Rate                         0 +/- 0
       (n,elastic)                          0 +/- 0
     Th232
       (n,gamma)                            0 +/- 0
       Fission Rate                         0 +/- 0
       (n,elastic)                          0 +/- 0
   Incoming Energy [10, 100)
     U238
       (n,gamma)                            0 +/- 0
       Fission Rate                         0 +/- 0
       (n,elastic)                          0 +/- 0
     U235
       (n,gamma)                            0 +/- 0
       Fission Rate                         0 +/- 0
       (n,elastic)                          0 +/- 0
     Th232
       (n,gamma)                            0 +/- 0
       Fission Rate                         0 +/- 0
       (n,elastic)                          0 +/- 0
   Incoming Energy [100, 1000)
     U238
       (n,gamma)                            0 +/- 0
       Fission Rate                         0 +/- 0
       (n,elastic)                          0 +/- 0
     U235
       (n,gamma)                            0 +/- 0
       Fission Rate                         0 +/- 0
       (n,elastic)                          0 +/- 0
     Th232
       (n,gamma)                            0 +/- 0
       Fission Rate                         0 +/- 0
       (n,elastic)                          0 +/- 0
   Incoming Energy [1000, 10000)
     U238
       (n,gamma)                            0 +/- 0
       Fission Rate                         0 +/- 0
       (n,elastic)                          0 +/- 0
     U235
       (n,gamma)                            0 +/- 0
       Fission Rate                         0 +/- 0
       (n,elastic)                          0 +/- 0
     Th232
       (n,gamma)                            0 +/- 0
       Fission Rate                         0 +/- 0
       (n,elastic)                          0 +/- 0
   Incoming Energy [10000, 100000)
     U238
       (n,gamma)                            0 +/- 0
       Fission Rate                         0 +/- 0
       (n,elastic)                          0 +/- 0
     U235
       (n,gamma)                            0 +/- 0
       Fission Rate                         0 +/- 0
       (n,elastic)                          0 +/- 0
     Th232
       (n,gamma)                            0 +/- 0
       Fission Rate                         0 +/- 0
       (n,elastic)                          0 +/- 0
   Incoming Energy [100000, 1000000)
     U238
       (n,gamma)                            0 +/- 0
       Fission Rate                         0 +/- 0
       (n,elastic)                          0 +/- 0
     U235
       (n,gamma)                            0 +/- 0
       Fission Rate                         0 +/- 0
       (n,elastic)                          0 +/- 0
     Th232
       (n,gamma)                            0 +/- 0
       Fission Rate                         0 +/- 0
       (n,elastic)                          0 +/- 0
   Incoming Energy [1000000, 10000000)
     U238
       (n,gamma)                            0 +/- 0
       Fission Rate                         0 +/- 0
       (n,elastic)                          0 +/- 0
     U235
       (n,gamma)                            0 +/- 0
       Fission Rate                         0 +/- 0
       (n,elastic)                          0 +/- 0
     Th232
       (n,gamma)                            0 +/- 0
       Fission Rate                         0 +/- 0
       (n,elastic)                          0 +/- 0
 Cell 12
   Incoming Energy [0, 0.01)
     U238
       (n,gamma)                            0 +/- 0
       Fission Rate                         0 +/- 0
       (n,elastic)                          0 +/- 0
     U235
       (n,gamma)                            0 +/- 0
       Fission Rate                         0 +/- 0
       (n,elastic)                          0 +/- 0
     Th232
       (n,gamma)                            0 +/- 0
       Fission Rate                         0 +/- 0
       (n,elastic)                          0 +/- 0
   Incoming Energy [0.01, 0.1)
     U238
       (n,gamma)                            0 +/- 0
       Fission Rate                         0 +/- 0
       (n,elastic)                          0 +/- 0
     U235
       (n,gamma)                            0 +/- 0
       Fission Rate                         0 +/- 0
       (n,elastic)                          0 +/- 0
     Th232
       (n,gamma)                            0 +/- 0
       Fission Rate                         0 +/- 0
       (n,elastic)                          0 +/- 0
   Incoming Energy [0.1, 1)
     U238
       (n,gamma)                            0 +/- 0
       Fission Rate                         0 +/- 0
       (n,elastic)                          0 +/- 0
     U235
       (n,gamma)                            0 +/- 0
       Fission Rate                         0 +/- 0
       (n,elastic)                          0 +/- 0
     Th232
       (n,gamma)                            0 +/- 0
       Fission Rate                         0 +/- 0
       (n,elastic)                          0 +/- 0
   Incoming Energy [1, 10)
     U238
       (n,gamma)                            0 +/- 0
       Fission Rate                         0 +/- 0
       (n,elastic)                          0 +/- 0
     U235
       (n,gamma)                            0 +/- 0
       Fission Rate                         0 +/- 0
       (n,elastic)                          0 +/- 0
     Th232
       (n,gamma)                            0 +/- 0
       Fission Rate                         0 +/- 0
       (n,elastic)                          0 +/- 0
   Incoming Energy [10, 100)
     U238
       (n,gamma)                            0 +/- 0
       Fission Rate                         0 +/- 0
       (n,elastic)                          0 +/- 0
     U235
       (n,gamma)                            0 +/- 0
       Fission Rate                         0 +/- 0
       (n,elastic)                          0 +/- 0
     Th232
       (n,gamma)                            0 +/- 0
       Fission Rate                         0 +/- 0
       (n,elastic)                          0 +/- 0
   Incoming Energy [100, 1000)
     U238
       (n,gamma)                            0 +/- 0
       Fission Rate                         0 +/- 0
       (n,elastic)                          0 +/- 0
     U235
       (n,gamma)                            0 +/- 0
       Fission Rate                         0 +/- 0
       (n,elastic)                          0 +/- 0
     Th232
       (n,gamma)                            0 +/- 0
       Fission Rate                         0 +/- 0
       (n,elastic)                          0 +/- 0
   Incoming Energy [1000, 10000)
     U238
       (n,gamma)                            0 +/- 0
       Fission Rate                         0 +/- 0
       (n,elastic)                          0 +/- 0
     U235
       (n,gamma)                            0 +/- 0
       Fission Rate                         0 +/- 0
       (n,elastic)                          0 +/- 0
     Th232
       (n,gamma)                            0 +/- 0
       Fission Rate                         0 +/- 0
       (n,elastic)                          0 +/- 0
   Incoming Energy [10000, 100000)
     U238
       (n,gamma)                            0 +/- 0
       Fission Rate                         0 +/- 0
       (n,elastic)                          0 +/- 0
     U235
       (n,gamma)                            0 +/- 0
       Fission Rate                         0 +/- 0
       (n,elastic)                          0 +/- 0
     Th232
       (n,gamma)                            0 +/- 0
       Fission Rate                         0 +/- 0
       (n,elastic)                          0 +/- 0
   Incoming Energy [100000, 1000000)
     U238
       (n,gamma)                            0 +/- 0
       Fission Rate                         0 +/- 0
       (n,elastic)                          0 +/- 0
     U235
       (n,gamma)                            0 +/- 0
       Fission Rate                         0 +/- 0
       (n,elastic)                          0 +/- 0
     Th232
       (n,gamma)                            0 +/- 0
       Fission Rate                         0 +/- 0
       (n,elastic)                          0 +/- 0
   Incoming Energy [1000000, 10000000)
     U238
       (n,gamma)                            0 +/- 0
       Fission Rate                         0 +/- 0
       (n,elastic)                          0 +/- 0
     U235
       (n,gamma)                            0 +/- 0
       Fission Rate                         0 +/- 0
       (n,elastic)                          0 +/- 0
     Th232
       (n,gamma)                            0 +/- 0
       Fission Rate                         0 +/- 0
       (n,elastic)                          0 +/- 0
 Cell 13
   Incoming Energy [0, 0.01)
     U238
       (n,gamma)                            0 +/- 0
       Fission Rate                         0 +/- 0
       (n,elastic)                          0 +/- 0
     U235
       (n,gamma)                            0 +/- 0
       Fission Rate                         0 +/- 0
       (n,elastic)                          0 +/- 0
     Th232
       (n,gamma)                            0 +/- 0
       Fission Rate                         0 +/- 0
       (n,elastic)                          0 +/- 0
   Incoming Energy [0.01, 0.1)
     U238
       (n,gamma)                            0 +/- 0
       Fission Rate                         0 +/- 0
       (n,elastic)                          0 +/- 0
     U235
       (n,gamma)                            0 +/- 0
       Fission Rate                         0 +/- 0
       (n,elastic)                          0 +/- 0
     Th232
       (n,gamma)                            0 +/- 0
       Fission Rate                         0 +/- 0
       (n,elastic)                          0 +/- 0
   Incoming Energy [0.1, 1)
     U238
       (n,gamma)                            1.94596e-09 +/- 1.31855e-09
       Fission Rate                         1.29717e-14 +/- 8.82143e-15
       (n,elastic)                          2.99721e-08 +/- 1.98645e-08
     U235
       (n,gamma)                            2.96036e-10 +/- 2.02108e-10
       Fission Rate                         1.85966e-09 +/- 1.279e-09
       (n,elastic)                          3.1158e-10 +/- 2.07191e-10
     Th232
       (n,gamma)                            0 +/- 0
       Fission Rate                         0 +/- 0
       (n,elastic)                          0 +/- 0
   Incoming Energy [1, 10)
     U238
       (n,gamma)                            0.000392586 +/- 2.03642e-05
       Fission Rate                         1.8574e-10 +/- 8.94109e-12
       (n,elastic)                          0.000186822 +/- 4.99528e-06
     U235
       (n,gamma)                            4.16859e-06 +/- 1.22617e-07
       Fission Rate                         7.33722e-06 +/- 2.5756e-07
       (n,elastic)                          1.34234e-06 +/- 3.03707e-08
     Th232
       (n,gamma)                            0 +/- 0
       Fission Rate                         0 +/- 0
       (n,elastic)                          0 +/- 0
   Incoming Energy [10, 100)
     U238
       (n,gamma)                            0.00888969 +/- 7.46184e-05
       Fission Rate                         1.50506e-08 +/- 1.56884e-10
       (n,elastic)                          0.0191173 +/- 9.98917e-05
     U235
       (n,gamma)                            0.000154307 +/- 9.47069e-07
       Fission Rate                         0.000280886 +/- 1.1331e-06
       (n,elastic)                          8.83315e-05 +/- 4.07527e-07
     Th232
       (n,gamma)                            0 +/- 0
       Fission Rate                         0 +/- 0
       (n,elastic)                          0 +/- 0
   Incoming Energy [100, 1000)
     U238
       (n,gamma)                            0.0226793 +/- 0.000114082
       Fission Rate                         4.26994e-06 +/- 6.40238e-08
       (n,elastic)                          0.127902 +/- 0.000402864
     U235
       (n,gamma)                            0.000334446 +/- 9.39673e-07
       Fission Rate                         0.000733772 +/- 1.80123e-06
       (n,elastic)                          0.000573294 +/- 1.2203e-06
     Th232
       (n,gamma)                            0 +/- 0
       Fission Rate                         0 +/- 0
       (n,elastic)                          0 +/- 0
   Incoming Energy [1000, 10000)
     U238
       (n,gamma)                            0.0157354 +/- 3.1952e-05
       Fission Rate                         2.42221e-06 +/- 3.45349e-08
       (n,elastic)                          0.241796 +/- 0.000497348
     U235
       (n,gamma)                            0.000200383 +/- 4.97621e-07
       Fission Rate                         0.000519632 +/- 1.18578e-06
       (n,elastic)                          0.0012567 +/- 2.56953e-06
     Th232
       (n,gamma)                            0 +/- 0
       Fission Rate                         0 +/- 0
       (n,elastic)                          0 +/- 0
   Incoming Energy [10000, 100000)
     U238
       (n,gamma)                            0.00811892 +/- 1.41488e-05
       Fission Rate                         1.6665e-06 +/- 6.96742e-09
       (n,elastic)                          0.259939 +/- 0.000431371
     U235
       (n,gamma)                            0.000101501 +/- 1.8039e-07
       Fission Rate                         0.000301596 +/- 5.3716e-07
       (n,elastic)                          0.00158434 +/- 2.78295e-06
     Th232
       (n,gamma)                            0 +/- 0
       Fission Rate                         0 +/- 0
       (n,elastic)                          0 +/- 0
   Incoming Energy [100000, 1000000)
     U238
       (n,gamma)                            0.0027959 +/- 4.29614e-06
       Fission Rate                         2.96687e-05 +/- 8.13945e-08
       (n,elastic)                          0.179487 +/- 0.000271856
     U235
       (n,gamma)                            3.84526e-05 +/- 5.44074e-08
       Fission Rate                         0.000205708 +/- 3.20683e-07
       (n,elastic)                          0.00112442 +/- 1.70013e-06
     Th232
       (n,gamma)                            0 +/- 0
       Fission Rate                         0 +/- 0
       (n,elastic)                          0 +/- 0
   Incoming Energy [1000000, 10000000)
     U238
       (n,gamma)                            0.000458828 +/- 1.27038e-06
       Fission Rate                         0.00372514 +/- 1.28771e-05
       (n,elastic)                          0.0329345 +/- 0.000104138
     U235
       (n,gamma)                            3.61875e-06 +/- 1.02014e-08
       Fission Rate                         8.06721e-05 +/- 2.46093e-07
       (n,elastic)                          0.000243191 +/- 7.73299e-07
     Th232
       (n,gamma)                            0 +/- 0
       Fission Rate                         0 +/- 0
       (n,elastic)                          0 +/- 0
 Cell 14
   Incoming Energy [0, 0.01)
     U238
       (n,gamma)                            0 +/- 0
       Fission Rate                         0 +/- 0
       (n,elastic)                          0 +/- 0
     U235
       (n,gamma)                            0 +/- 0
       Fission Rate                         0 +/- 0
       (n,elastic)                          0 +/- 0
     Th232
       (n,gamma)                            0 +/- 0
       Fission Rate                         0 +/- 0
       (n,elastic)                          0 +/- 0
   Incoming Energy [0.01, 0.1)
     U238
       (n,gamma)                            0 +/- 0
       Fission Rate                         0 +/- 0
       (n,elastic)                          0 +/- 0
     U235
       (n,gamma)                            0 +/- 0
       Fission Rate                         0 +/- 0
       (n,elastic)                          0 +/- 0
     Th232
       (n,gamma)                            0 +/- 0
       Fission Rate                         0 +/- 0
       (n,elastic)                          0 +/- 0
   Incoming Energy [0.1, 1)
     U238
       (n,gamma)                            0 +/- 0
       Fission Rate                         0 +/- 0
       (n,elastic)                          0 +/- 0
     U235
       (n,gamma)                            0 +/- 0
       Fission Rate                         0 +/- 0
       (n,elastic)                          0 +/- 0
     Th232
       (n,gamma)                            0 +/- 0
       Fission Rate                         0 +/- 0
       (n,elastic)                          0 +/- 0
   Incoming Energy [1, 10)
     U238
       (n,gamma)                            0 +/- 0
       Fission Rate                         0 +/- 0
       (n,elastic)                          0 +/- 0
     U235
       (n,gamma)                            0 +/- 0
       Fission Rate                         0 +/- 0
       (n,elastic)                          0 +/- 0
     Th232
       (n,gamma)                            0 +/- 0
       Fission Rate                         0 +/- 0
       (n,elastic)                          0 +/- 0
   Incoming Energy [10, 100)
     U238
       (n,gamma)                            0 +/- 0
       Fission Rate                         0 +/- 0
       (n,elastic)                          0 +/- 0
     U235
       (n,gamma)                            0 +/- 0
       Fission Rate                         0 +/- 0
       (n,elastic)                          0 +/- 0
     Th232
       (n,gamma)                            0 +/- 0
       Fission Rate                         0 +/- 0
       (n,elastic)                          0 +/- 0
   Incoming Energy [100, 1000)
     U238
       (n,gamma)                            0 +/- 0
       Fission Rate                         0 +/- 0
       (n,elastic)                          0 +/- 0
     U235
       (n,gamma)                            0 +/- 0
       Fission Rate                         0 +/- 0
       (n,elastic)                          0 +/- 0
     Th232
       (n,gamma)                            0 +/- 0
       Fission Rate                         0 +/- 0
       (n,elastic)                          0 +/- 0
   Incoming Energy [1000, 10000)
     U238
       (n,gamma)                            0 +/- 0
       Fission Rate                         0 +/- 0
       (n,elastic)                          0 +/- 0
     U235
       (n,gamma)                            0 +/- 0
       Fission Rate                         0 +/- 0
       (n,elastic)                          0 +/- 0
     Th232
       (n,gamma)                            0 +/- 0
       Fission Rate                         0 +/- 0
       (n,elastic)                          0 +/- 0
   Incoming Energy [10000, 100000)
     U238
       (n,gamma)                            0 +/- 0
       Fission Rate                         0 +/- 0
       (n,elastic)                          0 +/- 0
     U235
       (n,gamma)                            0 +/- 0
       Fission Rate                         0 +/- 0
       (n,elastic)                          0 +/- 0
     Th232
       (n,gamma)                            0 +/- 0
       Fission Rate                         0 +/- 0
       (n,elastic)                          0 +/- 0
   Incoming Energy [100000, 1000000)
     U238
       (n,gamma)                            0 +/- 0
       Fission Rate                         0 +/- 0
       (n,elastic)                          0 +/- 0
     U235
       (n,gamma)                            0 +/- 0
       Fission Rate                         0 +/- 0
       (n,elastic)                          0 +/- 0
     Th232
       (n,gamma)                            0 +/- 0
       Fission Rate                         0 +/- 0
       (n,elastic)                          0 +/- 0
   Incoming Energy [1000000, 10000000)
     U238
       (n,gamma)                            0 +/- 0
       Fission Rate                         0 +/- 0
       (n,elastic)                          0 +/- 0
     U235
       (n,gamma)                            0 +/- 0
       Fission Rate                         0 +/- 0
       (n,elastic)                          0 +/- 0
     Th232
       (n,gamma)                            0 +/- 0
       Fission Rate                         0 +/- 0
       (n,elastic)                          0 +/- 0
 Cell 21
   Incoming Energy [0, 0.01)
     U238
       (n,gamma)                            0 +/- 0
       Fission Rate                         0 +/- 0
       (n,elastic)                          0 +/- 0
     U235
       (n,gamma)                            0 +/- 0
       Fission Rate                         0 +/- 0
       (n,elastic)                          0 +/- 0
     Th232
       (n,gamma)                            0 +/- 0
       Fission Rate                         0 +/- 0
       (n,elastic)                          0 +/- 0
   Incoming Energy [0.01, 0.1)
     U238
       (n,gamma)                            0 +/- 0
       Fission Rate                         0 +/- 0
       (n,elastic)                          0 +/- 0
     U235
       (n,gamma)                            0 +/- 0
       Fission Rate                         0 +/- 0
       (n,elastic)                          0 +/- 0
     Th232
       (n,gamma)                            0 +/- 0
       Fission Rate                         0 +/- 0
       (n,elastic)                          0 +/- 0
   Incoming Energy [0.1, 1)
     U238
       (n,gamma)                            0 +/- 0
       Fission Rate                         0 +/- 0
       (n,elastic)                          0 +/- 0
     U235
       (n,gamma)                            0 +/- 0
       Fission Rate                         0 +/- 0
       (n,elastic)                          0 +/- 0
     Th232
       (n,gamma)                            0 +/- 0
       Fission Rate                         0 +/- 0
       (n,elastic)                          0 +/- 0
   Incoming Energy [1, 10)
     U238
       (n,gamma)                            0 +/- 0
       Fission Rate                         0 +/- 0
       (n,elastic)                          0 +/- 0
     U235
       (n,gamma)                            0 +/- 0
       Fission Rate                         0 +/- 0
       (n,elastic)                          0 +/- 0
     Th232
       (n,gamma)                            0 +/- 0
       Fission Rate                         0 +/- 0
       (n,elastic)                          0 +/- 0
   Incoming Energy [10, 100)
     U238
       (n,gamma)                            0 +/- 0
       Fission Rate                         0 +/- 0
       (n,elastic)                          0 +/- 0
     U235
       (n,gamma)                            0 +/- 0
       Fission Rate                         0 +/- 0
       (n,elastic)                          0 +/- 0
     Th232
       (n,gamma)                            0 +/- 0
       Fission Rate                         0 +/- 0
       (n,elastic)                          0 +/- 0
   Incoming Energy [100, 1000)
     U238
       (n,gamma)                            0 +/- 0
       Fission Rate                         0 +/- 0
       (n,elastic)                          0 +/- 0
     U235
       (n,gamma)                            0 +/- 0
       Fission Rate                         0 +/- 0
       (n,elastic)                          0 +/- 0
     Th232
       (n,gamma)                            0 +/- 0
       Fission Rate                         0 +/- 0
       (n,elastic)                          0 +/- 0
   Incoming Energy [1000, 10000)
     U238
       (n,gamma)                            0 +/- 0
       Fission Rate                         0 +/- 0
       (n,elastic)                          0 +/- 0
     U235
       (n,gamma)                            0 +/- 0
       Fission Rate                         0 +/- 0
       (n,elastic)                          0 +/- 0
     Th232
       (n,gamma)                            0 +/- 0
       Fission Rate                         0 +/- 0
       (n,elastic)                          0 +/- 0
   Incoming Energy [10000, 100000)
     U238
       (n,gamma)                            0 +/- 0
       Fission Rate                         0 +/- 0
       (n,elastic)                          0 +/- 0
     U235
       (n,gamma)                            0 +/- 0
       Fission Rate                         0 +/- 0
       (n,elastic)                          0 +/- 0
     Th232
       (n,gamma)                            0 +/- 0
       Fission Rate                         0 +/- 0
       (n,elastic)                          0 +/- 0
   Incoming Energy [100000, 1000000)
     U238
       (n,gamma)                            0 +/- 0
       Fission Rate                         0 +/- 0
       (n,elastic)                          0 +/- 0
     U235
       (n,gamma)                            0 +/- 0
       Fission Rate                         0 +/- 0
       (n,elastic)                          0 +/- 0
     Th232
       (n,gamma)                            0 +/- 0
       Fission Rate                         0 +/- 0
       (n,elastic)                          0 +/- 0
   Incoming Energy [1000000, 10000000)
     U238
       (n,gamma)                            0 +/- 0
       Fission Rate                         0 +/- 0
       (n,elastic)                          0 +/- 0
     U235
       (n,gamma)                            0 +/- 0
       Fission Rate                         0 +/- 0
       (n,elastic)                          0 +/- 0
     Th232
       (n,gamma)                            0 +/- 0
       Fission Rate                         0 +/- 0
       (n,elastic)                          0 +/- 0
 Cell 22
   Incoming Energy [0, 0.01)
     U238
       (n,gamma)                            0 +/- 0
       Fission Rate                         0 +/- 0
       (n,elastic)                          0 +/- 0
     U235
       (n,gamma)                            0 +/- 0
       Fission Rate                         0 +/- 0
       (n,elastic)                          0 +/- 0
     Th232
       (n,gamma)                            0 +/- 0
       Fission Rate                         0 +/- 0
       (n,elastic)                          0 +/- 0
   Incoming Energy [0.01, 0.1)
     U238
       (n,gamma)                            0 +/- 0
       Fission Rate                         0 +/- 0
       (n,elastic)                          0 +/- 0
     U235
       (n,gamma)                            0 +/- 0
       Fission Rate                         0 +/- 0
       (n,elastic)                          0 +/- 0
     Th232
       (n,gamma)                            0 +/- 0
       Fission Rate                         0 +/- 0
       (n,elastic)                          0 +/- 0
   Incoming Energy [0.1, 1)
     U238
       (n,gamma)                            0 +/- 0
       Fission Rate                         0 +/- 0
       (n,elastic)                          0 +/- 0
     U235
       (n,gamma)                            0 +/- 0
       Fission Rate                         0 +/- 0
       (n,elastic)                          0 +/- 0
     Th232
       (n,gamma)                            0 +/- 0
       Fission Rate                         0 +/- 0
       (n,elastic)                          0 +/- 0
   Incoming Energy [1, 10)
     U238
       (n,gamma)                            0 +/- 0
       Fission Rate                         0 +/- 0
       (n,elastic)                          0 +/- 0
     U235
       (n,gamma)                            0 +/- 0
       Fission Rate                         0 +/- 0
       (n,elastic)                          0 +/- 0
     Th232
       (n,gamma)                            0 +/- 0
       Fission Rate                         0 +/- 0
       (n,elastic)                          0 +/- 0
   Incoming Energy [10, 100)
     U238
       (n,gamma)                            0 +/- 0
       Fission Rate                         0 +/- 0
       (n,elastic)                          0 +/- 0
     U235
       (n,gamma)                            0 +/- 0
       Fission Rate                         0 +/- 0
       (n,elastic)                          0 +/- 0
     Th232
       (n,gamma)                            0 +/- 0
       Fission Rate                         0 +/- 0
       (n,elastic)                          0 +/- 0
   Incoming Energy [100, 1000)
     U238
       (n,gamma)                            0 +/- 0
       Fission Rate                         0 +/- 0
       (n,elastic)                          0 +/- 0
     U235
       (n,gamma)                            0 +/- 0
       Fission Rate                         0 +/- 0
       (n,elastic)                          0 +/- 0
     Th232
       (n,gamma)                            0 +/- 0
       Fission Rate                         0 +/- 0
       (n,elastic)                          0 +/- 0
   Incoming Energy [1000, 10000)
     U238
       (n,gamma)                            0 +/- 0
       Fission Rate                         0 +/- 0
       (n,elastic)                          0 +/- 0
     U235
       (n,gamma)                            0 +/- 0
       Fission Rate                         0 +/- 0
       (n,elastic)                          0 +/- 0
     Th232
       (n,gamma)                            0 +/- 0
       Fission Rate                         0 +/- 0
       (n,elastic)                          0 +/- 0
   Incoming Energy [10000, 100000)
     U238
       (n,gamma)                            0 +/- 0
       Fission Rate                         0 +/- 0
       (n,elastic)                          0 +/- 0
     U235
       (n,gamma)                            0 +/- 0
       Fission Rate                         0 +/- 0
       (n,elastic)                          0 +/- 0
     Th232
       (n,gamma)                            0 +/- 0
       Fission Rate                         0 +/- 0
       (n,elastic)                          0 +/- 0
   Incoming Energy [100000, 1000000)
     U238
       (n,gamma)                            0 +/- 0
       Fission Rate                         0 +/- 0
       (n,elastic)                          0 +/- 0
     U235
       (n,gamma)                            0 +/- 0
       Fission Rate                         0 +/- 0
       (n,elastic)                          0 +/- 0
     Th232
       (n,gamma)                            0 +/- 0
       Fission Rate                         0 +/- 0
       (n,elastic)                          0 +/- 0
   Incoming Energy [1000000, 10000000)
     U238
       (n,gamma)                            0 +/- 0
       Fission Rate                         0 +/- 0
       (n,elastic)                          0 +/- 0
     U235
       (n,gamma)                            0 +/- 0
       Fission Rate                         0 +/- 0
       (n,elastic)                          0 +/- 0
     Th232
       (n,gamma)                            0 +/- 0
       Fission Rate                         0 +/- 0
       (n,elastic)                          0 +/- 0
 Cell 23
   Incoming Energy [0, 0.01)
     U238
       (n,gamma)                            0 +/- 0
       Fission Rate                         0 +/- 0
       (n,elastic)                          0 +/- 0
     U235
       (n,gamma)                            0 +/- 0
       Fission Rate                         0 +/- 0
       (n,elastic)                          0 +/- 0
     Th232
       (n,gamma)                            0 +/- 0
       Fission Rate                         0 +/- 0
       (n,elastic)                          0 +/- 0
   Incoming Energy [0.01, 0.1)
     U238
       (n,gamma)                            0 +/- 0
       Fission Rate                         0 +/- 0
       (n,elastic)                          0 +/- 0
     U235
       (n,gamma)                            0 +/- 0
       Fission Rate                         0 +/- 0
       (n,elastic)                          0 +/- 0
     Th232
       (n,gamma)                            0 +/- 0
       Fission Rate                         0 +/- 0
       (n,elastic)                          0 +/- 0
   Incoming Energy [0.1, 1)
     U238
       (n,gamma)                            1.95243e-08 +/- 6.62033e-09
       Fission Rate                         1.27673e-13 +/- 4.32944e-14
       (n,elastic)                          3.4518e-07 +/- 1.17013e-07
     U235
       (n,gamma)                            2.52383e-09 +/- 8.53068e-10
       Fission Rate                         1.60077e-08 +/- 5.41776e-09
       (n,elastic)                          3.5167e-09 +/- 1.19217e-09
     Th232
       (n,gamma)                            0 +/- 0
       Fission Rate                         0 +/- 0
       (n,elastic)                          0 +/- 0
   Incoming Energy [1, 10)
     U238
       (n,gamma)                            0.000849042 +/- 2.84027e-05
       Fission Rate                         4.01546e-10 +/- 1.26414e-11
       (n,elastic)                          0.000390615 +/- 6.51785e-06
     U235
       (n,gamma)                            8.91315e-06 +/- 1.98092e-07
       Fission Rate                         1.63511e-05 +/- 4.40799e-07
       (n,elastic)                          2.82622e-06 +/- 4.4154e-08
     Th232
       (n,gamma)                            0 +/- 0
       Fission Rate                         0 +/- 0
       (n,elastic)                          0 +/- 0
   Incoming Energy [10, 100)
     U238
       (n,gamma)                            0.0182017 +/- 0.000127853
       Fission Rate                         3.08249e-08 +/- 2.15145e-10
       (n,elastic)                          0.0392534 +/- 0.000168443
     U235
       (n,gamma)                            0.000315039 +/- 1.3686e-06
       Fission Rate                         0.000573451 +/- 1.87001e-06
       (n,elastic)                          0.000180566 +/- 4.7176e-07
     Th232
       (n,gamma)                            0 +/- 0
       Fission Rate                         0 +/- 0
       (n,elastic)                          0 +/- 0
   Incoming Energy [100, 1000)
     U238
       (n,gamma)                            0.046802 +/- 0.00013798
       Fission Rate                         8.69239e-06 +/- 9.86838e-08
       (n,elastic)                          0.26348 +/- 0.000536934
     U235
       (n,gamma)                            0.000690298 +/- 8.22685e-07
       Fission Rate                         0.00151527 +/- 2.42819e-06
       (n,elastic)                          0.00118253 +/- 1.64369e-06
     Th232
       (n,gamma)                            0 +/- 0
       Fission Rate                         0 +/- 0
       (n,elastic)                          0 +/- 0
   Incoming Energy [1000, 10000)
     U238
       (n,gamma)                            0.0326336 +/- 6.22713e-05
       Fission Rate                         5.06853e-06 +/- 6.31086e-08
       (n,elastic)                          0.501639 +/- 0.000511013
     U235
       (n,gamma)                            0.000415128 +/- 4.39311e-07
       Fission Rate                         0.00107685 +/- 1.09921e-06
       (n,elastic)                          0.00260616 +/- 2.37249e-06
     Th232
       (n,gamma)                            0 +/- 0
       Fission Rate                         0 +/- 0
       (n,elastic)                          0 +/- 0
   Incoming Energy [10000, 100000)
     U238
       (n,gamma)                            0.016902 +/- 1.87528e-05
       Fission Rate                         3.46756e-06 +/- 6.6703e-09
       (n,elastic)                          0.542075 +/- 0.000552723
     U235
       (n,gamma)                            0.00021142 +/- 2.1334e-07
       Fission Rate                         0.000628376 +/- 6.37057e-07
       (n,elastic)                          0.00330386 +/- 3.26384e-06
     Th232
       (n,gamma)                            0 +/- 0
       Fission Rate                         0 +/- 0
       (n,elastic)                          0 +/- 0
   Incoming Energy [100000, 1000000)
     U238
       (n,gamma)                            0.00606114 +/- 6.45784e-06
       Fission Rate                         6.69283e-05 +/- 9.33179e-08
       (n,elastic)                          0.387777 +/- 0.000425602
     U235
       (n,gamma)                            8.28073e-05 +/- 9.00902e-08
       Fission Rate                         0.000445918 +/- 4.7573e-07
       (n,elastic)                          0.00242884 +/- 2.6275e-06
     Th232
       (n,gamma)                            0 +/- 0
       Fission Rate                         0 +/- 0
       (n,elastic)                          0 +/- 0
   Incoming Energy [1000000, 10000000)
     U238
       (n,gamma)                            0.00107961 +/- 1.94258e-06
       Fission Rate                         0.00930117 +/- 2.03715e-05
       (n,elastic)                          0.0800991 +/- 0.000162033
     U235
       (n,gamma)                            8.55066e-06 +/- 1.553e-08
       Fission Rate                         0.000196678 +/- 3.94732e-07
       (n,elastic)                          0.000591706 +/- 1.1977e-06
     Th232
       (n,gamma)                            0 +/- 0
       Fission Rate                         0 +/- 0
       (n,elastic)                          0 +/- 0
 Cell 24
   Incoming Energy [0, 0.01)
     U238
       (n,gamma)                            0 +/- 0
       Fission Rate                         0 +/- 0
       (n,elastic)                          0 +/- 0
     U235
       (n,gamma)                            0 +/- 0
       Fission Rate                         0 +/- 0
       (n,elastic)                          0 +/- 0
     Th232
       (n,gamma)                            0 +/- 0
       Fission Rate                         0 +/- 0
       (n,elastic)                          0 +/- 0
   Incoming Energy [0.01, 0.1)
     U238
       (n,gamma)                            0 +/- 0
       Fission Rate                         0 +/- 0
       (n,elastic)                          0 +/- 0
     U235
       (n,gamma)                            0 +/- 0
       Fission Rate                         0 +/- 0
       (n,elastic)                          0 +/- 0
     Th232
       (n,gamma)                            0 +/- 0
       Fission Rate                         0 +/- 0
       (n,elastic)                          0 +/- 0
   Incoming Energy [0.1, 1)
     U238
       (n,gamma)                            0 +/- 0
       Fission Rate                         0 +/- 0
       (n,elastic)                          0 +/- 0
     U235
       (n,gamma)                            0 +/- 0
       Fission Rate                         0 +/- 0
       (n,elastic)                          0 +/- 0
     Th232
       (n,gamma)                            0 +/- 0
       Fission Rate                         0 +/- 0
       (n,elastic)                          0 +/- 0
   Incoming Energy [1, 10)
     U238
       (n,gamma)                            0 +/- 0
       Fission Rate                         0 +/- 0
       (n,elastic)                          0 +/- 0
     U235
       (n,gamma)                            0 +/- 0
       Fission Rate                         0 +/- 0
       (n,elastic)                          0 +/- 0
     Th232
       (n,gamma)                            0 +/- 0
       Fission Rate                         0 +/- 0
       (n,elastic)                          0 +/- 0
   Incoming Energy [10, 100)
     U238
       (n,gamma)                            0 +/- 0
       Fission Rate                         0 +/- 0
       (n,elastic)                          0 +/- 0
     U235
       (n,gamma)                            0 +/- 0
       Fission Rate                         0 +/- 0
       (n,elastic)                          0 +/- 0
     Th232
       (n,gamma)                            0 +/- 0
       Fission Rate                         0 +/- 0
       (n,elastic)                          0 +/- 0
   Incoming Energy [100, 1000)
     U238
       (n,gamma)                            0 +/- 0
       Fission Rate                         0 +/- 0
       (n,elastic)                          0 +/- 0
     U235
       (n,gamma)                            0 +/- 0
       Fission Rate                         0 +/- 0
       (n,elastic)                          0 +/- 0
     Th232
       (n,gamma)                            0 +/- 0
       Fission Rate                         0 +/- 0
       (n,elastic)                          0 +/- 0
   Incoming Energy [1000, 10000)
     U238
       (n,gamma)                            0 +/- 0
       Fission Rate                         0 +/- 0
       (n,elastic)                          0 +/- 0
     U235
       (n,gamma)                            0 +/- 0
       Fission Rate                         0 +/- 0
       (n,elastic)                          0 +/- 0
     Th232
       (n,gamma)                            0 +/- 0
       Fission Rate                         0 +/- 0
       (n,elastic)                          0 +/- 0
   Incoming Energy [10000, 100000)
     U238
       (n,gamma)                            0 +/- 0
       Fission Rate                         0 +/- 0
       (n,elastic)                          0 +/- 0
     U235
       (n,gamma)                            0 +/- 0
       Fission Rate                         0 +/- 0
       (n,elastic)                          0 +/- 0
     Th232
       (n,gamma)                            0 +/- 0
       Fission Rate                         0 +/- 0
       (n,elastic)                          0 +/- 0
   Incoming Energy [100000, 1000000)
     U238
       (n,gamma)                            0 +/- 0
       Fission Rate                         0 +/- 0
       (n,elastic)                          0 +/- 0
     U235
       (n,gamma)                            0 +/- 0
       Fission Rate                         0 +/- 0
       (n,elastic)                          0 +/- 0
     Th232
       (n,gamma)                            0 +/- 0
       Fission Rate                         0 +/- 0
       (n,elastic)                          0 +/- 0
   Incoming Energy [1000000, 10000000)
     U238
       (n,gamma)                            0 +/- 0
       Fission Rate                         0 +/- 0
       (n,elastic)                          0 +/- 0
     U235
       (n,gamma)                            0 +/- 0
       Fission Rate                         0 +/- 0
       (n,elastic)                          0 +/- 0
     Th232
       (n,gamma)                            0 +/- 0
       Fission Rate                         0 +/- 0
       (n,elastic)                          0 +/- 0
 ====================>     TALLY 98: FLUX SPECTRUM     <====================

 Cell 11
   Incoming Energy [0, 0.01)
     Total Material
       Flux                                 0 +/- 0
   Incoming Energy [0.01, 0.1)
     Total Material
       Flux                                 0 +/- 0
   Incoming Energy [0.1, 1)
     Total Material
       Flux                                 5.08724e-07 +/- 3.46892e-07
   Incoming Energy [1, 10)
     Total Material
       Flux                                 0.000122363 +/- 1.29664e-05
   Incoming Energy [10, 100)
     Total Material
       Flux                                 0.00717554 +/- 7.59286e-05
   Incoming Energy [100, 1000)
     Total Material
       Flux                                 0.0395595 +/- 0.000280532
   Incoming Energy [1000, 10000)
     Total Material
       Flux                                 0.0993027 +/- 0.000487839
   Incoming Energy [10000, 100000)
     Total Material
       Flux                                 0.177115 +/- 0.000659375
   Incoming Energy [100000, 1000000)
     Total Material
       Flux                                 0.323752 +/- 0.000653622
   Incoming Energy [1000000, 10000000)
     Total Material
       Flux                                 0.120693 +/- 0.000305448
 Cell 12
   Incoming Energy [0, 0.01)
     Total Material
       Flux                                 0 +/- 0
   Incoming Energy [0.01, 0.1)
     Total Material
       Flux                                 0 +/- 0
   Incoming Energy [0.1, 1)
     Total Material
       Flux                                 1.11815e-05 +/- 8.60638e-06
   Incoming Energy [1, 10)
     Total Material
       Flux                                 0.0018916 +/- 0.000103189
   Incoming Energy [10, 100)
     Total Material
       Flux                                 0.0997406 +/- 0.00137813
   Incoming Energy [100, 1000)
     Total Material
       Flux                                 0.549454 +/- 0.00255406
   Incoming Energy [1000, 10000)
     Total Material
       Flux                                 1.26658 +/- 0.00478993
   Incoming Energy [10000, 100000)
     Total Material
       Flux                                 2.21125 +/- 0.00679067
   Incoming Energy [100000, 1000000)
     Total Material
       Flux                                 3.81828 +/- 0.00569551
   Incoming Energy [1000000, 10000000)
     Total Material
       Flux                                 1.36112 +/- 0.00370909
 Cell 13
   Incoming Energy [0, 0.01)
     Total Material
       Flux                                 0 +/- 0
   Incoming Energy [0.01, 0.1)
     Total Material
       Flux                                 0 +/- 0
   Incoming Energy [0.1, 1)
     Total Material
       Flux                                 2.56715e-06 +/- 1.70034e-06
   Incoming Energy [1, 10)
     Total Material
       Flux                                 0.0129483 +/- 0.000304355
   Incoming Energy [10, 100)
     Total Material
       Flux                                 0.835764 +/- 0.00389833
   Incoming Energy [100, 1000)
     Total Material
       Flux                                 5.28402 +/- 0.0108255
   Incoming Energy [1000, 10000)
     Total Material
       Flux                                 11.129 +/- 0.022448
   Incoming Energy [10000, 100000)
     Total Material
       Flux                                 15.4919 +/- 0.0270928
   Incoming Energy [100000, 1000000)
     Total Material
       Flux                                 17.3735 +/- 0.0282728
   Incoming Energy [1000000, 10000000)
     Total Material
       Flux                                 6.87814 +/- 0.021208
 Cell 14
   Incoming Energy [0, 0.01)
     Total Material
       Flux                                 0 +/- 0
   Incoming Energy [0.01, 0.1)
     Total Material
       Flux                                 0 +/- 0
   Incoming Energy [0.1, 1)
     Total Material
       Flux                                 0 +/- 0
   Incoming Energy [1, 10)
     Total Material
       Flux                                 9.24945e-05 +/- 1.99254e-05
   Incoming Energy [10, 100)
     Total Material
       Flux                                 0.00477915 +/- 0.000193477
   Incoming Energy [100, 1000)
     Total Material
       Flux                                 0.0258198 +/- 0.00056281
   Incoming Energy [1000, 10000)
     Total Material
       Flux                                 0.0427064 +/- 0.000678658
   Incoming Energy [10000, 100000)
     Total Material
       Flux                                 0.052392 +/- 0.000488421
   Incoming Energy [100000, 1000000)
     Total Material
       Flux                                 0.0670669 +/- 0.000959148
   Incoming Energy [1000000, 10000000)
     Total Material
       Flux                                 0.0388537 +/- 0.000499406
 Cell 21
   Incoming Energy [0, 0.01)
     Total Material
       Flux                                 0 +/- 0
   Incoming Energy [0.01, 0.1)
     Total Material
       Flux                                 0 +/- 0
   Incoming Energy [0.1, 1)
     Total Material
       Flux                                 4.53691e-07 +/- 3.04465e-07
   Incoming Energy [1, 10)
     Total Material
       Flux                                 0.000173015 +/- 1.63622e-05
   Incoming Energy [10, 100)
     Total Material
       Flux                                 0.0111134 +/- 0.000124722
   Incoming Energy [100, 1000)
     Total Material
       Flux                                 0.0625096 +/- 0.000471941
   Incoming Energy [1000, 10000)
     Total Material
       Flux                                 0.158577 +/- 0.000428
   Incoming Energy [10000, 100000)
     Total Material
       Flux                                 0.28549 +/- 0.00102081
   Incoming Energy [100000, 1000000)
     Total Material
       Flux                                 0.573659 +/- 0.0015013
   Incoming Energy [1000000, 10000000)
     Total Material
       Flux                                 0.23118 +/- 0.000720208
 Cell 22
   Incoming Energy [0, 0.01)
     Total Material
       Flux                                 0 +/- 0
   Incoming Energy [0.01, 0.1)
     Total Material
       Flux                                 0 +/- 0
   Incoming Energy [0.1, 1)
     Total Material
       Flux                                 1.10757e-05 +/- 6.70471e-06
   Incoming Energy [1, 10)
     Total Material
       Flux                                 0.00268684 +/- 0.000104512
   Incoming Energy [10, 100)
     Total Material
       Flux                                 0.161321 +/- 0.00126835
   Incoming Energy [100, 1000)
     Total Material
       Flux                                 0.895533 +/- 0.00287815
   Incoming Energy [1000, 10000)
     Total Material
       Flux                                 2.08206 +/- 0.00741067
   Incoming Energy [10000, 100000)
     Total Material
       Flux                                 3.67234 +/- 0.0136509
   Incoming Energy [100000, 1000000)
     Total Material
       Flux                                 6.91697 +/- 0.0107839
   Incoming Energy [1000000, 10000000)
     Total Material
       Flux                                 2.80101 +/- 0.00469308
 Cell 23
   Incoming Energy [0, 0.01)
     Total Material
       Flux                                 0 +/- 0
   Incoming Energy [0.01, 0.1)
     Total Material
       Flux                                 0 +/- 0
   Incoming Energy [0.1, 1)
     Total Material
       Flux                                 2.96767e-05 +/- 1.00601e-05
   Incoming Energy [1, 10)
     Total Material
       Flux                                 0.0270508 +/- 0.000440791
   Incoming Energy [10, 100)
     Total Material
       Flux                                 1.70979 +/- 0.00424021
   Incoming Energy [100, 1000)
     Total Material
       Flux                                 10.9008 +/- 0.0157951
   Incoming Energy [1000, 10000)
     Total Material
       Flux                                 23.0799 +/- 0.0211196
   Incoming Energy [10000, 100000)
     Total Material
       Flux                                 32.3163 +/- 0.031798
   Incoming Energy [100000, 1000000)
     Total Material
       Flux                                 37.7422 +/- 0.0404789
   Incoming Energy [1000000, 10000000)
     Total Material
       Flux                                 16.7266 +/- 0.0333234
 Cell 24
   Incoming Energy [0, 0.01)
     Total Material
       Flux                                 0 +/- 0
   Incoming Energy [0.01, 0.1)
     Total Material
       Flux                                 0 +/- 0
   Incoming Energy [0.1, 1)
     Total Material
       Flux                                 0 +/- 0
   Incoming Energy [1, 10)
     Total Material
       Flux                                 3.29313e-05 +/- 2.03239e-05
   Incoming Energy [10, 100)
     Total Material
       Flux                                 0.000740987 +/- 7.17892e-05
   Incoming Energy [100, 1000)
     Total Material
       Flux                                 0.00411549 +/- 0.000209192
   Incoming Energy [1000, 10000)
     Total Material
       Flux                                 0.00667118 +/- 0.000246712
   Incoming Energy [10000, 100000)
     Total Material
       Flux                                 0.00762027 +/- 0.000244863
   Incoming Energy [100000, 1000000)
     Total Material
       Flux                                 0.0102253 +/- 0.000390232
   Incoming Energy [1000000, 10000000)
     Total Material
       Flux                                 0.00539951 +/- 0.000172279
 ===============>     TALLY 104: LI RXN RATES SPECTRUM     <================

 Cell 11
   Incoming Energy [0, 0.01)
     Li6
       (n,gamma)                            0 +/- 0
       (n,Xt)                               0 +/- 0
       (n,elastic)                          0 +/- 0
     Li7
       (n,gamma)                            0 +/- 0
       (n,Xt)                               0 +/- 0
       (n,elastic)                          0 +/- 0
   Incoming Energy [0.01, 0.1)
     Li6
       (n,gamma)                            0 +/- 0
       (n,Xt)                               0 +/- 0
       (n,elastic)                          0 +/- 0
     Li7
       (n,gamma)                            0 +/- 0
       (n,Xt)                               0 +/- 0
       (n,elastic)                          0 +/- 0
   Incoming Energy [0.1, 1)
     Li6
       (n,gamma)                            0 +/- 0
       (n,Xt)                               0 +/- 0
       (n,elastic)                          0 +/- 0
     Li7
       (n,gamma)                            0 +/- 0
       (n,Xt)                               0 +/- 0
       (n,elastic)                          0 +/- 0
   Incoming Energy [1, 10)
     Li6
       (n,gamma)                            0 +/- 0
       (n,Xt)                               0 +/- 0
       (n,elastic)                          0 +/- 0
     Li7
       (n,gamma)                            0 +/- 0
       (n,Xt)                               0 +/- 0
       (n,elastic)                          0 +/- 0
   Incoming Energy [10, 100)
     Li6
       (n,gamma)                            0 +/- 0
       (n,Xt)                               0 +/- 0
       (n,elastic)                          0 +/- 0
     Li7
       (n,gamma)                            0 +/- 0
       (n,Xt)                               0 +/- 0
       (n,elastic)                          0 +/- 0
   Incoming Energy [100, 1000)
     Li6
       (n,gamma)                            0 +/- 0
       (n,Xt)                               0 +/- 0
       (n,elastic)                          0 +/- 0
     Li7
       (n,gamma)                            0 +/- 0
       (n,Xt)                               0 +/- 0
       (n,elastic)                          0 +/- 0
   Incoming Energy [1000, 10000)
     Li6
       (n,gamma)                            0 +/- 0
       (n,Xt)                               0 +/- 0
       (n,elastic)                          0 +/- 0
     Li7
       (n,gamma)                            0 +/- 0
       (n,Xt)                               0 +/- 0
       (n,elastic)                          0 +/- 0
   Incoming Energy [10000, 100000)
     Li6
       (n,gamma)                            0 +/- 0
       (n,Xt)                               0 +/- 0
       (n,elastic)                          0 +/- 0
     Li7
       (n,gamma)                            0 +/- 0
       (n,Xt)                               0 +/- 0
       (n,elastic)                          0 +/- 0
   Incoming Energy [100000, 1000000)
     Li6
       (n,gamma)                            0 +/- 0
       (n,Xt)                               0 +/- 0
       (n,elastic)                          0 +/- 0
     Li7
       (n,gamma)                            0 +/- 0
       (n,Xt)                               0 +/- 0
       (n,elastic)                          0 +/- 0
   Incoming Energy [1000000, 10000000)
     Li6
       (n,gamma)                            0 +/- 0
       (n,Xt)                               0 +/- 0
       (n,elastic)                          0 +/- 0
     Li7
       (n,gamma)                            0 +/- 0
       (n,Xt)                               0 +/- 0
       (n,elastic)                          0 +/- 0
 Cell 12
   Incoming Energy [0, 0.01)
     Li6
       (n,gamma)                            0 +/- 0
       (n,Xt)                               0 +/- 0
       (n,elastic)                          0 +/- 0
     Li7
       (n,gamma)                            0 +/- 0
       (n,Xt)                               0 +/- 0
       (n,elastic)                          0 +/- 0
   Incoming Energy [0.01, 0.1)
     Li6
       (n,gamma)                            0 +/- 0
       (n,Xt)                               0 +/- 0
       (n,elastic)                          0 +/- 0
     Li7
       (n,gamma)                            0 +/- 0
       (n,Xt)                               0 +/- 0
       (n,elastic)                          0 +/- 0
   Incoming Energy [0.1, 1)
     Li6
       (n,gamma)                            0 +/- 0
       (n,Xt)                               0 +/- 0
       (n,elastic)                          0 +/- 0
     Li7
       (n,gamma)                            0 +/- 0
       (n,Xt)                               0 +/- 0
       (n,elastic)                          0 +/- 0
   Incoming Energy [1, 10)
     Li6
       (n,gamma)                            0 +/- 0
       (n,Xt)                               0 +/- 0
       (n,elastic)                          0 +/- 0
     Li7
       (n,gamma)                            0 +/- 0
       (n,Xt)                               0 +/- 0
       (n,elastic)                          0 +/- 0
   Incoming Energy [10, 100)
     Li6
       (n,gamma)                            0 +/- 0
       (n,Xt)                               0 +/- 0
       (n,elastic)                          0 +/- 0
     Li7
       (n,gamma)                            0 +/- 0
       (n,Xt)                               0 +/- 0
       (n,elastic)                          0 +/- 0
   Incoming Energy [100, 1000)
     Li6
       (n,gamma)                            0 +/- 0
       (n,Xt)                               0 +/- 0
       (n,elastic)                          0 +/- 0
     Li7
       (n,gamma)                            0 +/- 0
       (n,Xt)                               0 +/- 0
       (n,elastic)                          0 +/- 0
   Incoming Energy [1000, 10000)
     Li6
       (n,gamma)                            0 +/- 0
       (n,Xt)                               0 +/- 0
       (n,elastic)                          0 +/- 0
     Li7
       (n,gamma)                            0 +/- 0
       (n,Xt)                               0 +/- 0
       (n,elastic)                          0 +/- 0
   Incoming Energy [10000, 100000)
     Li6
       (n,gamma)                            0 +/- 0
       (n,Xt)                               0 +/- 0
       (n,elastic)                          0 +/- 0
     Li7
       (n,gamma)                            0 +/- 0
       (n,Xt)                               0 +/- 0
       (n,elastic)                          0 +/- 0
   Incoming Energy [100000, 1000000)
     Li6
       (n,gamma)                            0 +/- 0
       (n,Xt)                               0 +/- 0
       (n,elastic)                          0 +/- 0
     Li7
       (n,gamma)                            0 +/- 0
       (n,Xt)                               0 +/- 0
       (n,elastic)                          0 +/- 0
   Incoming Energy [1000000, 10000000)
     Li6
       (n,gamma)                            0 +/- 0
       (n,Xt)                               0 +/- 0
       (n,elastic)                          0 +/- 0
     Li7
       (n,gamma)                            0 +/- 0
       (n,Xt)                               0 +/- 0
       (n,elastic)                          0 +/- 0
 Cell 13
   Incoming Energy [0, 0.01)
     Li6
       (n,gamma)                            0 +/- 0
       (n,Xt)                               0 +/- 0
       (n,elastic)                          0 +/- 0
     Li7
       (n,gamma)                            0 +/- 0
       (n,Xt)                               0 +/- 0
       (n,elastic)                          0 +/- 0
   Incoming Energy [0.01, 0.1)
     Li6
       (n,gamma)                            0 +/- 0
       (n,Xt)                               0 +/- 0
       (n,elastic)                          0 +/- 0
     Li7
       (n,gamma)                            0 +/- 0
       (n,Xt)                               0 +/- 0
       (n,elastic)                          0 +/- 0
   Incoming Energy [0.1, 1)
     Li6
       (n,gamma)                            6.10349e-11 +/- 4.16875e-11
       (n,Xt)                               1.48685e-06 +/- 1.01554e-06
       (n,elastic)                          5.68227e-09 +/- 3.76553e-09
     Li7
       (n,gamma)                            4.79953e-11 +/- 3.27817e-11
       (n,Xt)                               0 +/- 0
       (n,elastic)                          5.15571e-09 +/- 3.41502e-09
   Incoming Energy [1, 10)
     Li6
       (n,gamma)                            9.24546e-08 +/- 2.34648e-09
       (n,Xt)                               0.00225147 +/- 5.71445e-05
       (n,elastic)                          2.83718e-05 +/- 6.66992e-07
     Li7
       (n,gamma)                            7.27097e-08 +/- 1.84532e-09
       (n,Xt)                               0 +/- 0
       (n,elastic)                          2.62548e-05 +/- 6.16749e-07
   Incoming Energy [10, 100)
     Li6
       (n,gamma)                            2.22491e-06 +/- 1.00979e-08
       (n,Xt)                               0.054139 +/- 0.000245708
       (n,elastic)                          0.00182814 +/- 8.52656e-06
     Li7
       (n,gamma)                            1.74952e-06 +/- 7.93995e-09
       (n,Xt)                               0 +/- 0
       (n,elastic)                          0.00173105 +/- 8.09036e-06
   Incoming Energy [100, 1000)
     Li6
       (n,gamma)                            5.22793e-06 +/- 1.09069e-08
       (n,Xt)                               0.126997 +/- 0.000264983
       (n,elastic)                          0.0115277 +/- 2.36153e-05
     Li7
       (n,gamma)                            3.84639e-06 +/- 8.0796e-09
       (n,Xt)                               0 +/- 0
       (n,elastic)                          0.0112236 +/- 2.30093e-05
   Incoming Energy [1000, 10000)
     Li6
       (n,gamma)                            3.77008e-06 +/- 8.35445e-09
       (n,Xt)                               0.0914716 +/- 0.000202666
       (n,elastic)                          0.0240813 +/- 4.86207e-05
     Li7
       (n,gamma)                            3.20228e-06 +/- 6.8234e-09
       (n,Xt)                               0 +/- 0
       (n,elastic)                          0.0240355 +/- 4.84817e-05
   Incoming Energy [10000, 100000)
     Li6
       (n,gamma)                            1.68813e-06 +/- 3.02039e-09
       (n,Xt)                               0.0435488 +/- 7.7474e-05
       (n,elastic)                          0.0335716 +/- 5.86578e-05
     Li7
       (n,gamma)                            1.63928e-06 +/- 2.95272e-09
       (n,Xt)                               0 +/- 0
       (n,elastic)                          0.0326647 +/- 5.7197e-05
   Incoming Energy [100000, 1000000)
     Li6
       (n,gamma)                            7.12792e-07 +/- 1.08636e-09
       (n,Xt)                               0.0520885 +/- 9.31868e-05
       (n,elastic)                          0.134731 +/- 0.000263195
     Li7
       (n,gamma)                            6.12904e-07 +/- 9.54313e-10
       (n,Xt)                               0 +/- 0
       (n,elastic)                          0.0667923 +/- 0.000141779
   Incoming Energy [1000000, 10000000)
     Li6
       (n,gamma)                            2.33752e-07 +/- 7.17898e-10
       (n,Xt)                               0.00398319 +/- 1.20636e-05
       (n,elastic)                          0.0237982 +/- 7.63471e-05
     Li7
       (n,gamma)                            6.60623e-08 +/- 2.02463e-10
       (n,Xt)                               0.000807937 +/- 3.28901e-06
       (n,elastic)                          0.022156 +/- 7.06194e-05
 Cell 14
   Incoming Energy [0, 0.01)
     Li6
       (n,gamma)                            0 +/- 0
       (n,Xt)                               0 +/- 0
       (n,elastic)                          0 +/- 0
     Li7
       (n,gamma)                            0 +/- 0
       (n,Xt)                               0 +/- 0
       (n,elastic)                          0 +/- 0
   Incoming Energy [0.01, 0.1)
     Li6
       (n,gamma)                            0 +/- 0
       (n,Xt)                               0 +/- 0
       (n,elastic)                          0 +/- 0
     Li7
       (n,gamma)                            0 +/- 0
       (n,Xt)                               0 +/- 0
       (n,elastic)                          0 +/- 0
   Incoming Energy [0.1, 1)
     Li6
       (n,gamma)                            0 +/- 0
       (n,Xt)                               0 +/- 0
       (n,elastic)                          0 +/- 0
     Li7
       (n,gamma)                            0 +/- 0
       (n,Xt)                               0 +/- 0
       (n,elastic)                          0 +/- 0
   Incoming Energy [1, 10)
     Li6
       (n,gamma)                            0 +/- 0
       (n,Xt)                               0 +/- 0
       (n,elastic)                          0 +/- 0
     Li7
       (n,gamma)                            0 +/- 0
       (n,Xt)                               0 +/- 0
       (n,elastic)                          0 +/- 0
   Incoming Energy [10, 100)
     Li6
       (n,gamma)                            0 +/- 0
       (n,Xt)                               0 +/- 0
       (n,elastic)                          0 +/- 0
     Li7
       (n,gamma)                            0 +/- 0
       (n,Xt)                               0 +/- 0
       (n,elastic)                          0 +/- 0
   Incoming Energy [100, 1000)
     Li6
       (n,gamma)                            0 +/- 0
       (n,Xt)                               0 +/- 0
       (n,elastic)                          0 +/- 0
     Li7
       (n,gamma)                            0 +/- 0
       (n,Xt)                               0 +/- 0
       (n,elastic)                          0 +/- 0
   Incoming Energy [1000, 10000)
     Li6
       (n,gamma)                            0 +/- 0
       (n,Xt)                               0 +/- 0
       (n,elastic)                          0 +/- 0
     Li7
       (n,gamma)                            0 +/- 0
       (n,Xt)                               0 +/- 0
       (n,elastic)                          0 +/- 0
   Incoming Energy [10000, 100000)
     Li6
       (n,gamma)                            0 +/- 0
       (n,Xt)                               0 +/- 0
       (n,elastic)                          0 +/- 0
     Li7
       (n,gamma)                            0 +/- 0
       (n,Xt)                               0 +/- 0
       (n,elastic)                          0 +/- 0
   Incoming Energy [100000, 1000000)
     Li6
       (n,gamma)                            0 +/- 0
       (n,Xt)                               0 +/- 0
       (n,elastic)                          0 +/- 0
     Li7
       (n,gamma)                            0 +/- 0
       (n,Xt)                               0 +/- 0
       (n,elastic)                          0 +/- 0
   Incoming Energy [1000000, 10000000)
     Li6
       (n,gamma)                            0 +/- 0
       (n,Xt)                               0 +/- 0
       (n,elastic)                          0 +/- 0
     Li7
       (n,gamma)                            0 +/- 0
       (n,Xt)                               0 +/- 0
       (n,elastic)                          0 +/- 0
 Cell 21
   Incoming Energy [0, 0.01)
     Li6
       (n,gamma)                            0 +/- 0
       (n,Xt)                               0 +/- 0
       (n,elastic)                          0 +/- 0
     Li7
       (n,gamma)                            0 +/- 0
       (n,Xt)                               0 +/- 0
       (n,elastic)                          0 +/- 0
   Incoming Energy [0.01, 0.1)
     Li6
       (n,gamma)                            0 +/- 0
       (n,Xt)                               0 +/- 0
       (n,elastic)                          0 +/- 0
     Li7
       (n,gamma)                            0 +/- 0
       (n,Xt)                               0 +/- 0
       (n,elastic)                          0 +/- 0
   Incoming Energy [0.1, 1)
     Li6
       (n,gamma)                            0 +/- 0
       (n,Xt)                               0 +/- 0
       (n,elastic)                          0 +/- 0
     Li7
       (n,gamma)                            0 +/- 0
       (n,Xt)                               0 +/- 0
       (n,elastic)                          0 +/- 0
   Incoming Energy [1, 10)
     Li6
       (n,gamma)                            0 +/- 0
       (n,Xt)                               0 +/- 0
       (n,elastic)                          0 +/- 0
     Li7
       (n,gamma)                            0 +/- 0
       (n,Xt)                               0 +/- 0
       (n,elastic)                          0 +/- 0
   Incoming Energy [10, 100)
     Li6
       (n,gamma)                            0 +/- 0
       (n,Xt)                               0 +/- 0
       (n,elastic)                          0 +/- 0
     Li7
       (n,gamma)                            0 +/- 0
       (n,Xt)                               0 +/- 0
       (n,elastic)                          0 +/- 0
   Incoming Energy [100, 1000)
     Li6
       (n,gamma)                            0 +/- 0
       (n,Xt)                               0 +/- 0
       (n,elastic)                          0 +/- 0
     Li7
       (n,gamma)                            0 +/- 0
       (n,Xt)                               0 +/- 0
       (n,elastic)                          0 +/- 0
   Incoming Energy [1000, 10000)
     Li6
       (n,gamma)                            0 +/- 0
       (n,Xt)                               0 +/- 0
       (n,elastic)                          0 +/- 0
     Li7
       (n,gamma)                            0 +/- 0
       (n,Xt)                               0 +/- 0
       (n,elastic)                          0 +/- 0
   Incoming Energy [10000, 100000)
     Li6
       (n,gamma)                            0 +/- 0
       (n,Xt)                               0 +/- 0
       (n,elastic)                          0 +/- 0
     Li7
       (n,gamma)                            0 +/- 0
       (n,Xt)                               0 +/- 0
       (n,elastic)                          0 +/- 0
   Incoming Energy [100000, 1000000)
     Li6
       (n,gamma)                            0 +/- 0
       (n,Xt)                               0 +/- 0
       (n,elastic)                          0 +/- 0
     Li7
       (n,gamma)                            0 +/- 0
       (n,Xt)                               0 +/- 0
       (n,elastic)                          0 +/- 0
   Incoming Energy [1000000, 10000000)
     Li6
       (n,gamma)                            0 +/- 0
       (n,Xt)                               0 +/- 0
       (n,elastic)                          0 +/- 0
     Li7
       (n,gamma)                            0 +/- 0
       (n,Xt)                               0 +/- 0
       (n,elastic)                          0 +/- 0
 Cell 22
   Incoming Energy [0, 0.01)
     Li6
       (n,gamma)                            0 +/- 0
       (n,Xt)                               0 +/- 0
       (n,elastic)                          0 +/- 0
     Li7
       (n,gamma)                            0 +/- 0
       (n,Xt)                               0 +/- 0
       (n,elastic)                          0 +/- 0
   Incoming Energy [0.01, 0.1)
     Li6
       (n,gamma)                            0 +/- 0
       (n,Xt)                               0 +/- 0
       (n,elastic)                          0 +/- 0
     Li7
       (n,gamma)                            0 +/- 0
       (n,Xt)                               0 +/- 0
       (n,elastic)                          0 +/- 0
   Incoming Energy [0.1, 1)
     Li6
       (n,gamma)                            0 +/- 0
       (n,Xt)                               0 +/- 0
       (n,elastic)                          0 +/- 0
     Li7
       (n,gamma)                            0 +/- 0
       (n,Xt)                               0 +/- 0
       (n,elastic)                          0 +/- 0
   Incoming Energy [1, 10)
     Li6
       (n,gamma)                            0 +/- 0
       (n,Xt)                               0 +/- 0
       (n,elastic)                          0 +/- 0
     Li7
       (n,gamma)                            0 +/- 0
       (n,Xt)                               0 +/- 0
       (n,elastic)                          0 +/- 0
   Incoming Energy [10, 100)
     Li6
       (n,gamma)                            0 +/- 0
       (n,Xt)                               0 +/- 0
       (n,elastic)                          0 +/- 0
     Li7
       (n,gamma)                            0 +/- 0
       (n,Xt)                               0 +/- 0
       (n,elastic)                          0 +/- 0
   Incoming Energy [100, 1000)
     Li6
       (n,gamma)                            0 +/- 0
       (n,Xt)                               0 +/- 0
       (n,elastic)                          0 +/- 0
     Li7
       (n,gamma)                            0 +/- 0
       (n,Xt)                               0 +/- 0
       (n,elastic)                          0 +/- 0
   Incoming Energy [1000, 10000)
     Li6
       (n,gamma)                            0 +/- 0
       (n,Xt)                               0 +/- 0
       (n,elastic)                          0 +/- 0
     Li7
       (n,gamma)                            0 +/- 0
       (n,Xt)                               0 +/- 0
       (n,elastic)                          0 +/- 0
   Incoming Energy [10000, 100000)
     Li6
       (n,gamma)                            0 +/- 0
       (n,Xt)                               0 +/- 0
       (n,elastic)                          0 +/- 0
     Li7
       (n,gamma)                            0 +/- 0
       (n,Xt)                               0 +/- 0
       (n,elastic)                          0 +/- 0
   Incoming Energy [100000, 1000000)
     Li6
       (n,gamma)                            0 +/- 0
       (n,Xt)                               0 +/- 0
       (n,elastic)                          0 +/- 0
     Li7
       (n,gamma)                            0 +/- 0
       (n,Xt)                               0 +/- 0
       (n,elastic)                          0 +/- 0
   Incoming Energy [1000000, 10000000)
     Li6
       (n,gamma)                            0 +/- 0
       (n,Xt)                               0 +/- 0
       (n,elastic)                          0 +/- 0
     Li7
       (n,gamma)                            0 +/- 0
       (n,Xt)                               0 +/- 0
       (n,elastic)                          0 +/- 0
 Cell 23
   Incoming Energy [0, 0.01)
     Li6
       (n,gamma)                            0 +/- 0
       (n,Xt)                               0 +/- 0
       (n,elastic)                          0 +/- 0
     Li7
       (n,gamma)                            0 +/- 0
       (n,Xt)                               0 +/- 0
       (n,elastic)                          0 +/- 0
   Incoming Energy [0.01, 0.1)
     Li6
       (n,gamma)                            0 +/- 0
       (n,Xt)                               0 +/- 0
       (n,elastic)                          0 +/- 0
     Li7
       (n,gamma)                            0 +/- 0
       (n,Xt)                               0 +/- 0
       (n,elastic)                          0 +/- 0
   Incoming Energy [0.1, 1)
     Li6
       (n,gamma)                            5.86788e-10 +/- 1.98997e-10
       (n,Xt)                               1.42941e-05 +/- 4.84754e-06
       (n,elastic)                          6.54552e-08 +/- 2.21888e-08
     Li7
       (n,gamma)                            4.614e-10 +/- 1.56473e-10
       (n,Xt)                               0 +/- 0
       (n,elastic)                          5.95605e-08 +/- 2.01905e-08
   Incoming Energy [1, 10)
     Li6
       (n,gamma)                            1.9324e-07 +/- 3.27278e-09
       (n,Xt)                               0.0047058 +/- 7.97015e-05
       (n,elastic)                          5.92724e-05 +/- 9.65848e-07
     Li7
       (n,gamma)                            1.51971e-07 +/- 2.57388e-09
       (n,Xt)                               0 +/- 0
       (n,elastic)                          5.48485e-05 +/- 8.92548e-07
   Incoming Energy [10, 100)
     Li6
       (n,gamma)                            4.54597e-06 +/- 1.36383e-08
       (n,Xt)                               0.110617 +/- 0.000331934
       (n,elastic)                          0.00373997 +/- 9.27791e-06
     Li7
       (n,gamma)                            3.57465e-06 +/- 1.07247e-08
       (n,Xt)                               0 +/- 0
       (n,elastic)                          0.00354149 +/- 8.72343e-06
   Incoming Energy [100, 1000)
     Li6
       (n,gamma)                            1.07905e-05 +/- 1.65102e-08
       (n,Xt)                               0.262125 +/- 0.000401131
       (n,elastic)                          0.0237814 +/- 3.44658e-05
     Li7
       (n,gamma)                            7.93947e-06 +/- 1.22494e-08
       (n,Xt)                               0 +/- 0
       (n,elastic)                          0.0231537 +/- 3.34953e-05
   Incoming Energy [1000, 10000)
     Li6
       (n,gamma)                            7.81308e-06 +/- 7.63517e-09
       (n,Xt)                               0.189566 +/- 0.000185223
       (n,elastic)                          0.0499408 +/- 4.57269e-05
     Li7
       (n,gamma)                            6.63812e-06 +/- 6.29913e-09
       (n,Xt)                               0 +/- 0
       (n,elastic)                          0.0498463 +/- 4.56127e-05
   Incoming Energy [10000, 100000)
     Li6
       (n,gamma)                            3.51497e-06 +/- 3.50824e-09
       (n,Xt)                               0.0907117 +/- 8.98759e-05
       (n,elastic)                          0.0700421 +/- 6.86697e-05
     Li7
       (n,gamma)                            3.41193e-06 +/- 3.42589e-09
       (n,Xt)                               0 +/- 0
       (n,elastic)                          0.0681304 +/- 6.71069e-05
   Incoming Energy [100000, 1000000)
     Li6
       (n,gamma)                            1.54407e-06 +/- 1.64519e-09
       (n,Xt)                               0.112125 +/- 0.000127258
       (n,elastic)                          0.29134 +/- 0.000337091
     Li7
       (n,gamma)                            1.31809e-06 +/- 1.50308e-09
       (n,Xt)                               0 +/- 0
       (n,elastic)                          0.144658 +/- 0.000190469
   Incoming Energy [1000000, 10000000)
     Li6
       (n,gamma)                            5.6766e-07 +/- 1.12442e-09
       (n,Xt)                               0.00954125 +/- 1.77364e-05
       (n,elastic)                          0.0580581 +/- 0.000118213
     Li7
       (n,gamma)                            1.60312e-07 +/- 3.16617e-10
       (n,Xt)                               0.00212532 +/- 8.63881e-06
       (n,elastic)                          0.0539824 +/- 0.000109723
 Cell 24
   Incoming Energy [0, 0.01)
     Li6
       (n,gamma)                            0 +/- 0
       (n,Xt)                               0 +/- 0
       (n,elastic)                          0 +/- 0
     Li7
       (n,gamma)                            0 +/- 0
       (n,Xt)                               0 +/- 0
       (n,elastic)                          0 +/- 0
   Incoming Energy [0.01, 0.1)
     Li6
       (n,gamma)                            0 +/- 0
       (n,Xt)                               0 +/- 0
       (n,elastic)                          0 +/- 0
     Li7
       (n,gamma)                            0 +/- 0
       (n,Xt)                               0 +/- 0
       (n,elastic)                          0 +/- 0
   Incoming Energy [0.1, 1)
     Li6
       (n,gamma)                            0 +/- 0
       (n,Xt)                               0 +/- 0
       (n,elastic)                          0 +/- 0
     Li7
       (n,gamma)                            0 +/- 0
       (n,Xt)                               0 +/- 0
       (n,elastic)                          0 +/- 0
   Incoming Energy [1, 10)
     Li6
       (n,gamma)                            0 +/- 0
       (n,Xt)                               0 +/- 0
       (n,elastic)                          0 +/- 0
     Li7
       (n,gamma)                            0 +/- 0
       (n,Xt)                               0 +/- 0
       (n,elastic)                          0 +/- 0
   Incoming Energy [10, 100)
     Li6
       (n,gamma)                            0 +/- 0
       (n,Xt)                               0 +/- 0
       (n,elastic)                          0 +/- 0
     Li7
       (n,gamma)                            0 +/- 0
       (n,Xt)                               0 +/- 0
       (n,elastic)                          0 +/- 0
   Incoming Energy [100, 1000)
     Li6
       (n,gamma)                            0 +/- 0
       (n,Xt)                               0 +/- 0
       (n,elastic)                          0 +/- 0
     Li7
       (n,gamma)                            0 +/- 0
       (n,Xt)                               0 +/- 0
       (n,elastic)                          0 +/- 0
   Incoming Energy [1000, 10000)
     Li6
       (n,gamma)                            0 +/- 0
       (n,Xt)                               0 +/- 0
       (n,elastic)                          0 +/- 0
     Li7
       (n,gamma)                            0 +/- 0
       (n,Xt)                               0 +/- 0
       (n,elastic)                          0 +/- 0
   Incoming Energy [10000, 100000)
     Li6
       (n,gamma)                            0 +/- 0
       (n,Xt)                               0 +/- 0
       (n,elastic)                          0 +/- 0
     Li7
       (n,gamma)                            0 +/- 0
       (n,Xt)                               0 +/- 0
       (n,elastic)                          0 +/- 0
   Incoming Energy [100000, 1000000)
     Li6
       (n,gamma)                            0 +/- 0
       (n,Xt)                               0 +/- 0
       (n,elastic)                          0 +/- 0
     Li7
       (n,gamma)                            0 +/- 0
       (n,Xt)                               0 +/- 0
       (n,elastic)                          0 +/- 0
   Incoming Energy [1000000, 10000000)
     Li6
       (n,gamma)                            0 +/- 0
       (n,Xt)                               0 +/- 0
       (n,elastic)                          0 +/- 0
     Li7
       (n,gamma)                            0 +/- 0
       (n,Xt)                               0 +/- 0
       (n,elastic)                          0 +/- 0
