 ==================>     TALLY 38: TOTAL U RXN RATE     <===================

 U238
   (n,gamma)                            0.0178394 +/- 5.86713e-05
   Fission Rate                         0.00173957 +/- 1.58155e-06
   (n,elastic)                          0.166066 +/- 0.000139345
 U235
   (n,gamma)                            0.000147562 +/- 1.54489e-07
   Fission Rate                         0.000384283 +/- 3.52126e-07
   (n,elastic)                          0.000840456 +/- 5.84441e-07
 =====================>     TALLY 39: U RXN RATES     <=====================

 Cell 11
   U238
     (n,gamma)                            0 +/- 0
     Fission Rate                         0 +/- 0
     (n,elastic)                          0 +/- 0
   U235
     (n,gamma)                            0 +/- 0
     Fission Rate                         0 +/- 0
     (n,elastic)                          0 +/- 0
 Cell 12
   U238
     (n,gamma)                            0 +/- 0
     Fission Rate                         0 +/- 0
     (n,elastic)                          0 +/- 0
   U235
     (n,gamma)                            0 +/- 0
     Fission Rate                         0 +/- 0
     (n,elastic)                          0 +/- 0
 Cell 13
   U238
     (n,gamma)                            0.00608226 +/- 2.37511e-05
     Fission Rate                         0.000479583 +/- 6.63717e-07
     (n,elastic)                          0.0549629 +/- 6.48402e-05
   U235
     (n,gamma)                            4.97377e-05 +/- 7.80398e-08
     Fission Rate                         0.000127414 +/- 1.78457e-07
     (n,elastic)                          0.000275453 +/- 2.91534e-07
 Cell 14
   U238
     (n,gamma)                            0 +/- 0
     Fission Rate                         0 +/- 0
     (n,elastic)                          0 +/- 0
   U235
     (n,gamma)                            0 +/- 0
     Fission Rate                         0 +/- 0
     (n,elastic)                          0 +/- 0
 Cell 21
   U238
     (n,gamma)                            0 +/- 0
     Fission Rate                         0 +/- 0
     (n,elastic)                          0 +/- 0
   U235
     (n,gamma)                            0 +/- 0
     Fission Rate                         0 +/- 0
     (n,elastic)                          0 +/- 0
 Cell 22
   U238
     (n,gamma)                            0 +/- 0
     Fission Rate                         0 +/- 0
     (n,elastic)                          0 +/- 0
   U235
     (n,gamma)                            0 +/- 0
     Fission Rate                         0 +/- 0
     (n,elastic)                          0 +/- 0
 Cell 23
   U238
     (n,gamma)                            0.0117571 +/- 4.40689e-05
     Fission Rate                         0.00125999 +/- 1.16076e-06
     (n,elastic)                          0.111103 +/- 0.000111964
   U235
     (n,gamma)                            9.78242e-05 +/- 1.08882e-07
     Fission Rate                         0.000256869 +/- 2.19904e-07
     (n,elastic)                          0.000565003 +/- 4.27096e-07
 Cell 24
   U238
     (n,gamma)                            0 +/- 0
     Fission Rate                         0 +/- 0
     (n,elastic)                          0 +/- 0
   U235
     (n,gamma)                            0 +/- 0
     Fission Rate                         0 +/- 0
     (n,elastic)                          0 +/- 0
 ================>     TALLY 40: U RXN RATES SPECTRUM     <=================

 Cell 11
   Incoming Energy [0, 0.01)
     U238
       (n,gamma)                            0 +/- 0
       Fission Rate                         0 +/- 0
       (n,elastic)                          0 +/- 0
     U235
       (n,gamma)                            0 +/- 0
       Fission Rate                         0 +/- 0
       (n,elastic)                          0 +/- 0
   Incoming Energy [0.01, 0.1)
     U238
       (n,gamma)                            0 +/- 0
       Fission Rate                         0 +/- 0
       (n,elastic)                          0 +/- 0
     U235
       (n,gamma)                            0 +/- 0
       Fission Rate                         0 +/- 0
       (n,elastic)                          0 +/- 0
   Incoming Energy [0.1, 1)
     U238
       (n,gamma)                            0 +/- 0
       Fission Rate                         0 +/- 0
       (n,elastic)                          0 +/- 0
     U235
       (n,gamma)                            0 +/- 0
       Fission Rate                         0 +/- 0
       (n,elastic)                          0 +/- 0
   Incoming Energy [1, 10)
     U238
       (n,gamma)                            0 +/- 0
       Fission Rate                         0 +/- 0
       (n,elastic)                          0 +/- 0
     U235
       (n,gamma)                            0 +/- 0
       Fission Rate                         0 +/- 0
       (n,elastic)                          0 +/- 0
   Incoming Energy [10, 100)
     U238
       (n,gamma)                            0 +/- 0
       Fission Rate                         0 +/- 0
       (n,elastic)                          0 +/- 0
     U235
       (n,gamma)                            0 +/- 0
       Fission Rate                         0 +/- 0
       (n,elastic)                          0 +/- 0
   Incoming Energy [100, 1000)
     U238
       (n,gamma)                            0 +/- 0
       Fission Rate                         0 +/- 0
       (n,elastic)                          0 +/- 0
     U235
       (n,gamma)                            0 +/- 0
       Fission Rate                         0 +/- 0
       (n,elastic)                          0 +/- 0
   Incoming Energy [1000, 10000)
     U238
       (n,gamma)                            0 +/- 0
       Fission Rate                         0 +/- 0
       (n,elastic)                          0 +/- 0
     U235
       (n,gamma)                            0 +/- 0
       Fission Rate                         0 +/- 0
       (n,elastic)                          0 +/- 0
   Incoming Energy [10000, 100000)
     U238
       (n,gamma)                            0 +/- 0
       Fission Rate                         0 +/- 0
       (n,elastic)                          0 +/- 0
     U235
       (n,gamma)                            0 +/- 0
       Fission Rate                         0 +/- 0
       (n,elastic)                          0 +/- 0
   Incoming Energy [100000, 1000000)
     U238
       (n,gamma)                            0 +/- 0
       Fission Rate                         0 +/- 0
       (n,elastic)                          0 +/- 0
     U235
       (n,gamma)                            0 +/- 0
       Fission Rate                         0 +/- 0
       (n,elastic)                          0 +/- 0
   Incoming Energy [1000000, 10000000)
     U238
       (n,gamma)                            0 +/- 0
       Fission Rate                         0 +/- 0
       (n,elastic)                          0 +/- 0
     U235
       (n,gamma)                            0 +/- 0
       Fission Rate                         0 +/- 0
       (n,elastic)                          0 +/- 0
 Cell 12
   Incoming Energy [0, 0.01)
     U238
       (n,gamma)                            0 +/- 0
       Fission Rate                         0 +/- 0
       (n,elastic)                          0 +/- 0
     U235
       (n,gamma)                            0 +/- 0
       Fission Rate                         0 +/- 0
       (n,elastic)                          0 +/- 0
   Incoming Energy [0.01, 0.1)
     U238
       (n,gamma)                            0 +/- 0
       Fission Rate                         0 +/- 0
       (n,elastic)                          0 +/- 0
     U235
       (n,gamma)                            0 +/- 0
       Fission Rate                         0 +/- 0
       (n,elastic)                          0 +/- 0
   Incoming Energy [0.1, 1)
     U238
       (n,gamma)                            0 +/- 0
       Fission Rate                         0 +/- 0
       (n,elastic)                          0 +/- 0
     U235
       (n,gamma)                            0 +/- 0
       Fission Rate                         0 +/- 0
       (n,elastic)                          0 +/- 0
   Incoming Energy [1, 10)
     U238
       (n,gamma)                            0 +/- 0
       Fission Rate                         0 +/- 0
       (n,elastic)                          0 +/- 0
     U235
       (n,gamma)                            0 +/- 0
       Fission Rate                         0 +/- 0
       (n,elastic)                          0 +/- 0
   Incoming Energy [10, 100)
     U238
       (n,gamma)                            0 +/- 0
       Fission Rate                         0 +/- 0
       (n,elastic)                          0 +/- 0
     U235
       (n,gamma)                            0 +/- 0
       Fission Rate                         0 +/- 0
       (n,elastic)                          0 +/- 0
   Incoming Energy [100, 1000)
     U238
       (n,gamma)                            0 +/- 0
       Fission Rate                         0 +/- 0
       (n,elastic)                          0 +/- 0
     U235
       (n,gamma)                            0 +/- 0
       Fission Rate                         0 +/- 0
       (n,elastic)                          0 +/- 0
   Incoming Energy [1000, 10000)
     U238
       (n,gamma)                            0 +/- 0
       Fission Rate                         0 +/- 0
       (n,elastic)                          0 +/- 0
     U235
       (n,gamma)                            0 +/- 0
       Fission Rate                         0 +/- 0
       (n,elastic)                          0 +/- 0
   Incoming Energy [10000, 100000)
     U238
       (n,gamma)                            0 +/- 0
       Fission Rate                         0 +/- 0
       (n,elastic)                          0 +/- 0
     U235
       (n,gamma)                            0 +/- 0
       Fission Rate                         0 +/- 0
       (n,elastic)                          0 +/- 0
   Incoming Energy [100000, 1000000)
     U238
       (n,gamma)                            0 +/- 0
       Fission Rate                         0 +/- 0
       (n,elastic)                          0 +/- 0
     U235
       (n,gamma)                            0 +/- 0
       Fission Rate                         0 +/- 0
       (n,elastic)                          0 +/- 0
   Incoming Energy [1000000, 10000000)
     U238
       (n,gamma)                            0 +/- 0
       Fission Rate                         0 +/- 0
       (n,elastic)                          0 +/- 0
     U235
       (n,gamma)                            0 +/- 0
       Fission Rate                         0 +/- 0
       (n,elastic)                          0 +/- 0
 Cell 13
   Incoming Energy [0, 0.01)
     U238
       (n,gamma)                            0 +/- 0
       Fission Rate                         0 +/- 0
       (n,elastic)                          0 +/- 0
     U235
       (n,gamma)                            0 +/- 0
       Fission Rate                         0 +/- 0
       (n,elastic)                          0 +/- 0
   Incoming Energy [0.01, 0.1)
     U238
       (n,gamma)                            0 +/- 0
       Fission Rate                         0 +/- 0
       (n,elastic)                          0 +/- 0
     U235
       (n,gamma)                            0 +/- 0
       Fission Rate                         0 +/- 0
       (n,elastic)                          0 +/- 0
   Incoming Energy [0.1, 1)
     U238
       (n,gamma)                            2.239e-10 +/- 1.3891e-10
       Fission Rate                         1.48265e-15 +/- 9.22861e-16
       (n,elastic)                          3.69313e-09 +/- 2.25675e-09
     U235
       (n,gamma)                            2.77774e-11 +/- 1.63246e-11
       Fission Rate                         1.84205e-10 +/- 1.11354e-10
       (n,elastic)                          3.8086e-11 +/- 2.33504e-11
   Incoming Energy [1, 10)
     U238
       (n,gamma)                            0.000127297 +/- 7.17455e-06
       Fission Rate                         5.66557e-11 +/- 3.18402e-12
       (n,elastic)                          2.06805e-05 +/- 4.75654e-07
     U235
       (n,gamma)                            3.07958e-07 +/- 9.13099e-09
       Fission Rate                         5.41337e-07 +/- 1.6241e-08
       (n,elastic)                          1.04323e-07 +/- 2.07835e-09
   Incoming Energy [10, 100)
     U238
       (n,gamma)                            0.00198171 +/- 2.67572e-05
       Fission Rate                         3.11261e-09 +/- 4.40149e-11
       (n,elastic)                          0.00275511 +/- 2.92428e-05
     U235
       (n,gamma)                            1.03119e-05 +/- 3.77562e-08
       Fission Rate                         1.84923e-05 +/- 5.32351e-08
       (n,elastic)                          5.78614e-06 +/- 1.44671e-08
   Incoming Energy [100, 1000)
     U238
       (n,gamma)                            0.00238719 +/- 9.75472e-06
       Fission Rate                         2.50749e-07 +/- 4.15515e-09
       (n,elastic)                          0.0111547 +/- 3.22893e-05
     U235
       (n,gamma)                            2.01456e-05 +/- 4.70849e-08
       Fission Rate                         4.37682e-05 +/- 9.89263e-08
       (n,elastic)                          3.39865e-05 +/- 6.3986e-08
   Incoming Energy [1000, 10000)
     U238
       (n,gamma)                            0.000967059 +/- 3.02135e-06
       Fission Rate                         1.4243e-07 +/- 1.56588e-09
       (n,elastic)                          0.0145795 +/- 3.2435e-05
     U235
       (n,gamma)                            1.12068e-05 +/- 1.86344e-08
       Fission Rate                         2.90312e-05 +/- 4.74646e-08
       (n,elastic)                          6.99908e-05 +/- 1.14244e-07
   Incoming Energy [10000, 100000)
     U238
       (n,gamma)                            0.000438917 +/- 5.40574e-07
       Fission Rate                         9.04763e-08 +/- 3.09476e-10
       (n,elastic)                          0.0140464 +/- 1.54703e-05
     U235
       (n,gamma)                            5.46e-06 +/- 6.41735e-09
       Fission Rate                         1.62171e-05 +/- 1.86131e-08
       (n,elastic)                          8.51429e-05 +/- 9.22054e-08
   Incoming Energy [100000, 1000000)
     U238
       (n,gamma)                            0.000152926 +/- 1.98769e-07
       Fission Rate                         1.69364e-06 +/- 2.5042e-09
       (n,elastic)                          0.00979066 +/- 1.30519e-05
     U235
       (n,gamma)                            2.09042e-06 +/- 2.6701e-09
       Fission Rate                         1.12529e-05 +/- 1.48648e-08
       (n,elastic)                          6.13139e-05 +/- 8.05037e-08
   Incoming Energy [1000000, 10000000)
     U238
       (n,gamma)                            2.69605e-05 +/- 5.60122e-08
       Fission Rate                         0.000231699 +/- 5.04728e-07
       (n,elastic)                          0.0019865 +/- 3.67747e-06
     U235
       (n,gamma)                            2.13057e-07 +/- 4.48301e-10
       Fission Rate                         4.90133e-06 +/- 9.10331e-09
       (n,elastic)                          1.46674e-05 +/- 2.74746e-08
 Cell 14
   Incoming Energy [0, 0.01)
     U238
       (n,gamma)                            0 +/- 0
       Fission Rate                         0 +/- 0
       (n,elastic)                          0 +/- 0
     U235
       (n,gamma)                            0 +/- 0
       Fission Rate                         0 +/- 0
       (n,elastic)                          0 +/- 0
   Incoming Energy [0.01, 0.1)
     U238
       (n,gamma)                            0 +/- 0
       Fission Rate                         0 +/- 0
       (n,elastic)                          0 +/- 0
     U235
       (n,gamma)                            0 +/- 0
       Fission Rate                         0 +/- 0
       (n,elastic)                          0 +/- 0
   Incoming Energy [0.1, 1)
     U238
       (n,gamma)                            0 +/- 0
       Fission Rate                         0 +/- 0
       (n,elastic)                          0 +/- 0
     U235
       (n,gamma)                            0 +/- 0
       Fission Rate                         0 +/- 0
       (n,elastic)                          0 +/- 0
   Incoming Energy [1, 10)
     U238
       (n,gamma)                            0 +/- 0
       Fission Rate                         0 +/- 0
       (n,elastic)                          0 +/- 0
     U235
       (n,gamma)                            0 +/- 0
       Fission Rate                         0 +/- 0
       (n,elastic)                          0 +/- 0
   Incoming Energy [10, 100)
     U238
       (n,gamma)                            0 +/- 0
       Fission Rate                         0 +/- 0
       (n,elastic)                          0 +/- 0
     U235
       (n,gamma)                            0 +/- 0
       Fission Rate                         0 +/- 0
       (n,elastic)                          0 +/- 0
   Incoming Energy [100, 1000)
     U238
       (n,gamma)                            0 +/- 0
       Fission Rate                         0 +/- 0
       (n,elastic)                          0 +/- 0
     U235
       (n,gamma)                            0 +/- 0
       Fission Rate                         0 +/- 0
       (n,elastic)                          0 +/- 0
   Incoming Energy [1000, 10000)
     U238
       (n,gamma)                            0 +/- 0
       Fission Rate                         0 +/- 0
       (n,elastic)                          0 +/- 0
     U235
       (n,gamma)                            0 +/- 0
       Fission Rate                         0 +/- 0
       (n,elastic)                          0 +/- 0
   Incoming Energy [10000, 100000)
     U238
       (n,gamma)                            0 +/- 0
       Fission Rate                         0 +/- 0
       (n,elastic)                          0 +/- 0
     U235
       (n,gamma)                            0 +/- 0
       Fission Rate                         0 +/- 0
       (n,elastic)                          0 +/- 0
   Incoming Energy [100000, 1000000)
     U238
       (n,gamma)                            0 +/- 0
       Fission Rate                         0 +/- 0
       (n,elastic)                          0 +/- 0
     U235
       (n,gamma)                            0 +/- 0
       Fission Rate                         0 +/- 0
       (n,elastic)                          0 +/- 0
   Incoming Energy [1000000, 10000000)
     U238
       (n,gamma)                            0 +/- 0
       Fission Rate                         0 +/- 0
       (n,elastic)                          0 +/- 0
     U235
       (n,gamma)                            0 +/- 0
       Fission Rate                         0 +/- 0
       (n,elastic)                          0 +/- 0
 Cell 21
   Incoming Energy [0, 0.01)
     U238
       (n,gamma)                            0 +/- 0
       Fission Rate                         0 +/- 0
       (n,elastic)                          0 +/- 0
     U235
       (n,gamma)                            0 +/- 0
       Fission Rate                         0 +/- 0
       (n,elastic)                          0 +/- 0
   Incoming Energy [0.01, 0.1)
     U238
       (n,gamma)                            0 +/- 0
       Fission Rate                         0 +/- 0
       (n,elastic)                          0 +/- 0
     U235
       (n,gamma)                            0 +/- 0
       Fission Rate                         0 +/- 0
       (n,elastic)                          0 +/- 0
   Incoming Energy [0.1, 1)
     U238
       (n,gamma)                            0 +/- 0
       Fission Rate                         0 +/- 0
       (n,elastic)                          0 +/- 0
     U235
       (n,gamma)                            0 +/- 0
       Fission Rate                         0 +/- 0
       (n,elastic)                          0 +/- 0
   Incoming Energy [1, 10)
     U238
       (n,gamma)                            0 +/- 0
       Fission Rate                         0 +/- 0
       (n,elastic)                          0 +/- 0
     U235
       (n,gamma)                            0 +/- 0
       Fission Rate                         0 +/- 0
       (n,elastic)                          0 +/- 0
   Incoming Energy [10, 100)
     U238
       (n,gamma)                            0 +/- 0
       Fission Rate                         0 +/- 0
       (n,elastic)                          0 +/- 0
     U235
       (n,gamma)                            0 +/- 0
       Fission Rate                         0 +/- 0
       (n,elastic)                          0 +/- 0
   Incoming Energy [100, 1000)
     U238
       (n,gamma)                            0 +/- 0
       Fission Rate                         0 +/- 0
       (n,elastic)                          0 +/- 0
     U235
       (n,gamma)                            0 +/- 0
       Fission Rate                         0 +/- 0
       (n,elastic)                          0 +/- 0
   Incoming Energy [1000, 10000)
     U238
       (n,gamma)                            0 +/- 0
       Fission Rate                         0 +/- 0
       (n,elastic)                          0 +/- 0
     U235
       (n,gamma)                            0 +/- 0
       Fission Rate                         0 +/- 0
       (n,elastic)                          0 +/- 0
   Incoming Energy [10000, 100000)
     U238
       (n,gamma)                            0 +/- 0
       Fission Rate                         0 +/- 0
       (n,elastic)                          0 +/- 0
     U235
       (n,gamma)                            0 +/- 0
       Fission Rate                         0 +/- 0
       (n,elastic)                          0 +/- 0
   Incoming Energy [100000, 1000000)
     U238
       (n,gamma)                            0 +/- 0
       Fission Rate                         0 +/- 0
       (n,elastic)                          0 +/- 0
     U235
       (n,gamma)                            0 +/- 0
       Fission Rate                         0 +/- 0
       (n,elastic)                          0 +/- 0
   Incoming Energy [1000000, 10000000)
     U238
       (n,gamma)                            0 +/- 0
       Fission Rate                         0 +/- 0
       (n,elastic)                          0 +/- 0
     U235
       (n,gamma)                            0 +/- 0
       Fission Rate                         0 +/- 0
       (n,elastic)                          0 +/- 0
 Cell 22
   Incoming Energy [0, 0.01)
     U238
       (n,gamma)                            0 +/- 0
       Fission Rate                         0 +/- 0
       (n,elastic)                          0 +/- 0
     U235
       (n,gamma)                            0 +/- 0
       Fission Rate                         0 +/- 0
       (n,elastic)                          0 +/- 0
   Incoming Energy [0.01, 0.1)
     U238
       (n,gamma)                            0 +/- 0
       Fission Rate                         0 +/- 0
       (n,elastic)                          0 +/- 0
     U235
       (n,gamma)                            0 +/- 0
       Fission Rate                         0 +/- 0
       (n,elastic)                          0 +/- 0
   Incoming Energy [0.1, 1)
     U238
       (n,gamma)                            0 +/- 0
       Fission Rate                         0 +/- 0
       (n,elastic)                          0 +/- 0
     U235
       (n,gamma)                            0 +/- 0
       Fission Rate                         0 +/- 0
       (n,elastic)                          0 +/- 0
   Incoming Energy [1, 10)
     U238
       (n,gamma)                            0 +/- 0
       Fission Rate                         0 +/- 0
       (n,elastic)                          0 +/- 0
     U235
       (n,gamma)                            0 +/- 0
       Fission Rate                         0 +/- 0
       (n,elastic)                          0 +/- 0
   Incoming Energy [10, 100)
     U238
       (n,gamma)                            0 +/- 0
       Fission Rate                         0 +/- 0
       (n,elastic)                          0 +/- 0
     U235
       (n,gamma)                            0 +/- 0
       Fission Rate                         0 +/- 0
       (n,elastic)                          0 +/- 0
   Incoming Energy [100, 1000)
     U238
       (n,gamma)                            0 +/- 0
       Fission Rate                         0 +/- 0
       (n,elastic)                          0 +/- 0
     U235
       (n,gamma)                            0 +/- 0
       Fission Rate                         0 +/- 0
       (n,elastic)                          0 +/- 0
   Incoming Energy [1000, 10000)
     U238
       (n,gamma)                            0 +/- 0
       Fission Rate                         0 +/- 0
       (n,elastic)                          0 +/- 0
     U235
       (n,gamma)                            0 +/- 0
       Fission Rate                         0 +/- 0
       (n,elastic)                          0 +/- 0
   Incoming Energy [10000, 100000)
     U238
       (n,gamma)                            0 +/- 0
       Fission Rate                         0 +/- 0
       (n,elastic)                          0 +/- 0
     U235
       (n,gamma)                            0 +/- 0
       Fission Rate                         0 +/- 0
       (n,elastic)                          0 +/- 0
   Incoming Energy [100000, 1000000)
     U238
       (n,gamma)                            0 +/- 0
       Fission Rate                         0 +/- 0
       (n,elastic)                          0 +/- 0
     U235
       (n,gamma)                            0 +/- 0
       Fission Rate                         0 +/- 0
       (n,elastic)                          0 +/- 0
   Incoming Energy [1000000, 10000000)
     U238
       (n,gamma)                            0 +/- 0
       Fission Rate                         0 +/- 0
       (n,elastic)                          0 +/- 0
     U235
       (n,gamma)                            0 +/- 0
       Fission Rate                         0 +/- 0
       (n,elastic)                          0 +/- 0
 Cell 23
   Incoming Energy [0, 0.01)
     U238
       (n,gamma)                            0 +/- 0
       Fission Rate                         0 +/- 0
       (n,elastic)                          0 +/- 0
     U235
       (n,gamma)                            0 +/- 0
       Fission Rate                         0 +/- 0
       (n,elastic)                          0 +/- 0
   Incoming Energy [0.01, 0.1)
     U238
       (n,gamma)                            0 +/- 0
       Fission Rate                         0 +/- 0
       (n,elastic)                          0 +/- 0
     U235
       (n,gamma)                            0 +/- 0
       Fission Rate                         0 +/- 0
       (n,elastic)                          0 +/- 0
   Incoming Energy [0.1, 1)
     U238
       (n,gamma)                            5.24504e-10 +/- 1.56609e-10
       Fission Rate                         3.46977e-15 +/- 1.04062e-15
       (n,elastic)                          8.69598e-09 +/- 2.54252e-09
     U235
       (n,gamma)                            6.46695e-11 +/- 1.8061e-11
       Fission Rate                         4.2902e-10 +/- 1.24429e-10
       (n,elastic)                          8.9587e-11 +/- 2.63086e-11
   Incoming Energy [1, 10)
     U238
       (n,gamma)                            0.000224279 +/- 1.11876e-05
       Fission Rate                         1.0004e-10 +/- 4.89569e-12
       (n,elastic)                          3.80428e-05 +/- 9.97327e-07
     U235
       (n,gamma)                            6.1886e-07 +/- 1.61966e-08
       Fission Rate                         1.06641e-06 +/- 2.93388e-08
       (n,elastic)                          1.98543e-07 +/- 3.32878e-09
   Incoming Energy [10, 100)
     U238
       (n,gamma)                            0.00377103 +/- 3.63954e-05
       Fission Rate                         5.97341e-09 +/- 7.16695e-11
       (n,elastic)                          0.00523363 +/- 3.17597e-05
     U235
       (n,gamma)                            1.9926e-05 +/- 6.29183e-08
       Fission Rate                         3.5826e-05 +/- 8.66028e-08
       (n,elastic)                          1.12338e-05 +/- 2.42432e-08
   Incoming Energy [100, 1000)
     U238
       (n,gamma)                            0.00457819 +/- 1.04489e-05
       Fission Rate                         4.93998e-07 +/- 5.60545e-09
       (n,elastic)                          0.0215107 +/- 6.24175e-05
     U235
       (n,gamma)                            3.92217e-05 +/- 5.93256e-08
       Fission Rate                         8.5332e-05 +/- 1.08227e-07
       (n,elastic)                          6.6302e-05 +/- 5.98764e-08
   Incoming Energy [1000, 10000)
     U238
       (n,gamma)                            0.00191338 +/- 2.3881e-06
       Fission Rate                         2.8248e-07 +/- 2.81883e-09
       (n,elastic)                          0.0288494 +/- 2.00025e-05
     U235
       (n,gamma)                            2.21703e-05 +/- 1.6103e-08
       Fission Rate                         5.74486e-05 +/- 4.64505e-08
       (n,elastic)                          0.000138783 +/- 1.10639e-07
   Incoming Energy [10000, 100000)
     U238
       (n,gamma)                            0.000884283 +/- 9.23532e-07
       Fission Rate                         1.81793e-07 +/- 3.96121e-10
       (n,elastic)                          0.0283548 +/- 3.0006e-05
     U235
       (n,gamma)                            1.10035e-05 +/- 1.18151e-08
       Fission Rate                         3.27052e-05 +/- 3.57101e-08
       (n,elastic)                          0.000171903 +/- 1.85316e-07
   Incoming Energy [100000, 1000000)
     U238
       (n,gamma)                            0.000323185 +/- 3.46686e-07
       Fission Rate                         3.73373e-06 +/- 7.05365e-09
       (n,elastic)                          0.0206095 +/- 2.15437e-05
     U235
       (n,gamma)                            4.38459e-06 +/- 4.62541e-09
       Fission Rate                         2.37775e-05 +/- 2.54717e-08
       (n,elastic)                          0.000129041 +/- 1.35939e-07
   Incoming Energy [1000000, 10000000)
     U238
       (n,gamma)                            6.21997e-05 +/- 1.14886e-07
       Fission Rate                         0.000569869 +/- 8.06979e-07
       (n,elastic)                          0.00475231 +/- 7.43836e-06
     U235
       (n,gamma)                            4.93937e-07 +/- 8.94061e-10
       Fission Rate                         1.17576e-05 +/- 1.73365e-08
       (n,elastic)                          3.51067e-05 +/- 5.45645e-08
 Cell 24
   Incoming Energy [0, 0.01)
     U238
       (n,gamma)                            0 +/- 0
       Fission Rate                         0 +/- 0
       (n,elastic)                          0 +/- 0
     U235
       (n,gamma)                            0 +/- 0
       Fission Rate                         0 +/- 0
       (n,elastic)                          0 +/- 0
   Incoming Energy [0.01, 0.1)
     U238
       (n,gamma)                            0 +/- 0
       Fission Rate                         0 +/- 0
       (n,elastic)                          0 +/- 0
     U235
       (n,gamma)                            0 +/- 0
       Fission Rate                         0 +/- 0
       (n,elastic)                          0 +/- 0
   Incoming Energy [0.1, 1)
     U238
       (n,gamma)                            0 +/- 0
       Fission Rate                         0 +/- 0
       (n,elastic)                          0 +/- 0
     U235
       (n,gamma)                            0 +/- 0
       Fission Rate                         0 +/- 0
       (n,elastic)                          0 +/- 0
   Incoming Energy [1, 10)
     U238
       (n,gamma)                            0 +/- 0
       Fission Rate                         0 +/- 0
       (n,elastic)                          0 +/- 0
     U235
       (n,gamma)                            0 +/- 0
       Fission Rate                         0 +/- 0
       (n,elastic)                          0 +/- 0
   Incoming Energy [10, 100)
     U238
       (n,gamma)                            0 +/- 0
       Fission Rate                         0 +/- 0
       (n,elastic)                          0 +/- 0
     U235
       (n,gamma)                            0 +/- 0
       Fission Rate                         0 +/- 0
       (n,elastic)                          0 +/- 0
   Incoming Energy [100, 1000)
     U238
       (n,gamma)                            0 +/- 0
       Fission Rate                         0 +/- 0
       (n,elastic)                          0 +/- 0
     U235
       (n,gamma)                            0 +/- 0
       Fission Rate                         0 +/- 0
       (n,elastic)                          0 +/- 0
   Incoming Energy [1000, 10000)
     U238
       (n,gamma)                            0 +/- 0
       Fission Rate                         0 +/- 0
       (n,elastic)                          0 +/- 0
     U235
       (n,gamma)                            0 +/- 0
       Fission Rate                         0 +/- 0
       (n,elastic)                          0 +/- 0
   Incoming Energy [10000, 100000)
     U238
       (n,gamma)                            0 +/- 0
       Fission Rate                         0 +/- 0
       (n,elastic)                          0 +/- 0
     U235
       (n,gamma)                            0 +/- 0
       Fission Rate                         0 +/- 0
       (n,elastic)                          0 +/- 0
   Incoming Energy [100000, 1000000)
     U238
       (n,gamma)                            0 +/- 0
       Fission Rate                         0 +/- 0
       (n,elastic)                          0 +/- 0
     U235
       (n,gamma)                            0 +/- 0
       Fission Rate                         0 +/- 0
       (n,elastic)                          0 +/- 0
   Incoming Energy [1000000, 10000000)
     U238
       (n,gamma)                            0 +/- 0
       Fission Rate                         0 +/- 0
       (n,elastic)                          0 +/- 0
     U235
       (n,gamma)                            0 +/- 0
       Fission Rate                         0 +/- 0
       (n,elastic)                          0 +/- 0
 ========================>     TALLY 36: FLUX     <=========================

 Cell 11
   Total Material
     Flux                                 0.847942 +/- 0.00173446
 Cell 12
   Total Material
     Flux                                 9.71699 +/- 0.0159053
 Cell 13
   Total Material
     Flux                                 56.0709 +/- 0.0552228
 Cell 14
   Total Material
     Flux                                 0.83649 +/- 0.00650218
 Cell 21
   Total Material
     Flux                                 1.52526 +/- 0.00226568
 Cell 22
   Total Material
     Flux                                 18.1774 +/- 0.0257632
 Cell 23
   Total Material
     Flux                                 118.817 +/- 0.0866102
 Cell 24
   Total Material
     Flux                                 0.131683 +/- 0.00238559
 ====================>     TALLY 37: FLUX SPECTRUM     <====================

 Cell 11
   Incoming Energy [0, 0.01)
     Total Material
       Flux                                 0 +/- 0
   Incoming Energy [0.01, 0.1)
     Total Material
       Flux                                 0 +/- 0
   Incoming Energy [0.1, 1)
     Total Material
       Flux                                 0 +/- 0
   Incoming Energy [1, 10)
     Total Material
       Flux                                 0.000139367 +/- 1.49154e-05
   Incoming Energy [10, 100)
     Total Material
       Flux                                 0.00745698 +/- 0.0001115
   Incoming Energy [100, 1000)
     Total Material
       Flux                                 0.0381471 +/- 0.000334899
   Incoming Energy [1000, 10000)
     Total Material
       Flux                                 0.0921754 +/- 0.000552796
   Incoming Energy [10000, 100000)
     Total Material
       Flux                                 0.160585 +/- 0.000534265
   Incoming Energy [100000, 1000000)
     Total Material
       Flux                                 0.302833 +/- 0.000501055
   Incoming Energy [1000000, 10000000)
     Total Material
       Flux                                 0.118606 +/- 0.000392592
 Cell 12
   Incoming Energy [0, 0.01)
     Total Material
       Flux                                 0 +/- 0
   Incoming Energy [0.01, 0.1)
     Total Material
       Flux                                 0 +/- 0
   Incoming Energy [0.1, 1)
     Total Material
       Flux                                 0 +/- 0
   Incoming Energy [1, 10)
     Total Material
       Flux                                 0.00207612 +/- 0.000185577
   Incoming Energy [10, 100)
     Total Material
       Flux                                 0.103456 +/- 0.00128482
   Incoming Energy [100, 1000)
     Total Material
       Flux                                 0.533192 +/- 0.00375901
   Incoming Energy [1000, 10000)
     Total Material
       Flux                                 1.18389 +/- 0.00448315
   Incoming Energy [10000, 100000)
     Total Material
       Flux                                 2.00065 +/- 0.00580556
   Incoming Energy [100000, 1000000)
     Total Material
       Flux                                 3.55971 +/- 0.00631302
   Incoming Energy [1000000, 10000000)
     Total Material
       Flux                                 1.34531 +/- 0.00446639
 Cell 13
   Incoming Energy [0, 0.01)
     Total Material
       Flux                                 0 +/- 0
   Incoming Energy [0.01, 0.1)
     Total Material
       Flux                                 0 +/- 0
   Incoming Energy [0.1, 1)
     Total Material
       Flux                                 5.27878e-06 +/- 3.22338e-06
   Incoming Energy [1, 10)
     Total Material
       Flux                                 0.0167386 +/- 0.000337864
   Incoming Energy [10, 100)
     Total Material
       Flux                                 0.912805 +/- 0.00215133
   Incoming Energy [100, 1000)
     Total Material
       Flux                                 5.22123 +/- 0.00984699
   Incoming Energy [1000, 10000)
     Total Material
       Flux                                 10.328 +/- 0.0167162
   Incoming Energy [10000, 100000)
     Total Material
       Flux                                 13.8732 +/- 0.0148856
   Incoming Energy [100000, 1000000)
     Total Material
       Flux                                 15.8693 +/- 0.0216727
   Incoming Energy [1000000, 10000000)
     Total Material
       Flux                                 6.93001 +/- 0.0128898
 Cell 14
   Incoming Energy [0, 0.01)
     Total Material
       Flux                                 0 +/- 0
   Incoming Energy [0.01, 0.1)
     Total Material
       Flux                                 0 +/- 0
   Incoming Energy [0.1, 1)
     Total Material
       Flux                                 0 +/- 0
   Incoming Energy [1, 10)
     Total Material
       Flux                                 0.000850788 +/- 0.000100769
   Incoming Energy [10, 100)
     Total Material
       Flux                                 0.0271204 +/- 0.000815067
   Incoming Energy [100, 1000)
     Total Material
       Flux                                 0.0959107 +/- 0.000979805
   Incoming Energy [1000, 10000)
     Total Material
       Flux                                 0.162643 +/- 0.00127218
   Incoming Energy [10000, 100000)
     Total Material
       Flux                                 0.197751 +/- 0.00236901
   Incoming Energy [100000, 1000000)
     Total Material
       Flux                                 0.245017 +/- 0.00354672
   Incoming Energy [1000000, 10000000)
     Total Material
       Flux                                 0.0891232 +/- 0.00156377
 Cell 21
   Incoming Energy [0, 0.01)
     Total Material
       Flux                                 0 +/- 0
   Incoming Energy [0.01, 0.1)
     Total Material
       Flux                                 0 +/- 0
   Incoming Energy [0.1, 1)
     Total Material
       Flux                                 0 +/- 0
   Incoming Energy [1, 10)
     Total Material
       Flux                                 0.000193725 +/- 1.25017e-05
   Incoming Energy [10, 100)
     Total Material
       Flux                                 0.0114397 +/- 0.000107105
   Incoming Energy [100, 1000)
     Total Material
       Flux                                 0.0598167 +/- 0.000432137
   Incoming Energy [1000, 10000)
     Total Material
       Flux                                 0.147189 +/- 0.000872506
   Incoming Energy [10000, 100000)
     Total Material
       Flux                                 0.260092 +/- 0.000753846
   Incoming Energy [100000, 1000000)
     Total Material
       Flux                                 0.537728 +/- 0.000981924
   Incoming Energy [1000000, 10000000)
     Total Material
       Flux                                 0.227561 +/- 0.000569259
 Cell 22
   Incoming Energy [0, 0.01)
     Total Material
       Flux                                 0 +/- 0
   Incoming Energy [0.01, 0.1)
     Total Material
       Flux                                 0 +/- 0
   Incoming Energy [0.1, 1)
     Total Material
       Flux                                 6.25657e-06 +/- 6.25657e-06
   Incoming Energy [1, 10)
     Total Material
       Flux                                 0.00358216 +/- 0.000181051
   Incoming Energy [10, 100)
     Total Material
       Flux                                 0.166142 +/- 0.00190811
   Incoming Energy [100, 1000)
     Total Material
       Flux                                 0.866874 +/- 0.00445349
   Incoming Energy [1000, 10000)
     Total Material
       Flux                                 1.93057 +/- 0.00990472
   Incoming Energy [10000, 100000)
     Total Material
       Flux                                 3.34178 +/- 0.0103889
   Incoming Energy [100000, 1000000)
     Total Material
       Flux                                 6.45984 +/- 0.00708379
   Incoming Energy [1000000, 10000000)
     Total Material
       Flux                                 2.75071 +/- 0.00408181
 Cell 23
   Incoming Energy [0, 0.01)
     Total Material
       Flux                                 0 +/- 0
   Incoming Energy [0.01, 0.1)
     Total Material
       Flux                                 0 +/- 0
   Incoming Energy [0.1, 1)
     Total Material
       Flux                                 1.24324e-05 +/- 3.63162e-06
   Incoming Energy [1, 10)
     Total Material
       Flux                                 0.031801 +/- 0.000556809
   Incoming Energy [10, 100)
     Total Material
       Flux                                 1.77165 +/- 0.00402277
   Incoming Energy [100, 1000)
     Total Material
       Flux                                 10.1846 +/- 0.00934478
   Incoming Energy [1000, 10000)
     Total Material
       Flux                                 20.4801 +/- 0.0164295
   Incoming Energy [10000, 100000)
     Total Material
       Flux                                 28.0224 +/- 0.0301863
   Incoming Energy [100000, 1000000)
     Total Material
       Flux                                 33.6123 +/- 0.0361946
   Incoming Energy [1000000, 10000000)
     Total Material
       Flux                                 16.5788 +/- 0.0253165
 Cell 24
   Incoming Energy [0, 0.01)
     Total Material
       Flux                                 0 +/- 0
   Incoming Energy [0.01, 0.1)
     Total Material
       Flux                                 0 +/- 0
   Incoming Energy [0.1, 1)
     Total Material
       Flux                                 0 +/- 0
   Incoming Energy [1, 10)
     Total Material
       Flux                                 0.00015246 +/- 5.22445e-05
   Incoming Energy [10, 100)
     Total Material
       Flux                                 0.00390649 +/- 0.000295792
   Incoming Energy [100, 1000)
     Total Material
       Flux                                 0.0164192 +/- 0.000725162
   Incoming Energy [1000, 10000)
     Total Material
       Flux                                 0.0260502 +/- 0.000885795
   Incoming Energy [10000, 100000)
     Total Material
       Flux                                 0.0316998 +/- 0.000634131
   Incoming Energy [100000, 1000000)
     Total Material
       Flux                                 0.0372306 +/- 0.000700559
   Incoming Energy [1000000, 10000000)
     Total Material
       Flux                                 0.0142303 +/- 0.000277879
