          Code Name & Version = mcnp6, 6.3.0, production
  
     _/      _/        _/_/_/       _/      _/       _/_/_/         _/_/_/ 
    _/_/  _/_/      _/             _/_/    _/       _/    _/     _/        
   _/  _/  _/      _/             _/  _/  _/       _/_/_/       _/_/_/     
  _/      _/      _/             _/    _/_/       _/           _/    _/    
 _/      _/        _/_/_/       _/      _/       _/             _/_/       
  
  +------------------------------------------------------------------------------------------------------------------+
  | Copyright (c) 2018. Triad National Security, LLC. All rights reserved.                                           |
  |   This program was produced under U.S. Government contract 89233218CNA000001 for Los Alamos National Laboratory  |
  | (LANL), which is operated by Triad National Security, LLC for the U.S. Department of Energy/National Nuclear     |
  | Security Administration.                                                                                         |
  |   For a period of five years from February 14, 2018, the U.S. Government is granted for itself and others acting |
  | on its behalf a nonexclusive, paid-up, irrevocable, worldwide license in this data to reproduce, prepare         |
  | derivative works, and perform publicly and display publicly, by or on behalf of the U.S. Government.             |
  |   Subsequent to the specified period or any extension granted, the U.S. Government is granted for itself and     |
  | others acting on its behalf a nonexclusive, paid-up, irrevocable worldwide license in this material to           |
  | reproduce, prepare derivative works, distribute copies to the public, perform publicly and display publicly, and |
  | to permit others to do so. The specific term of the license can be identified by inquiry made to the Contractor  |
  | or DOE/NNSA.                                                                                                     |
  |   User is subject to applicable United States and foreign laws, regulations, rules and decrees with respect to   |
  | any transfer of the Intellectual Property and related technical data to foreign countries, including the U.S.    |
  | Foreign Corrupt Practices Act, the Arms Control Act, the Export Administration Act, the U.S. Anti-Boycott Laws,  |
  | and any regulations promulgated thereunder, including the International Traffic in Arms Regulations (ITAR), the  |
  | U.S. Export Administration Regulations (EAR) and explicitly Title 10, Part 810 of the United States Code of      |
  | Federal Regulations. FAILURE TO CONFORM TO SUCH LAWS, REGULATIONS, RULES, AND DECREES MAY RESULT IN CRIMINAL     |
  | LIABILITY UNDER U.S. LAW.                                                                                        |
  |   NO EXPRESS OR IMPLIED LICENSES TO ANY PARTY'S PATENT RIGHTS ARE GRANTED BY THIS NOTICE. THIS SOFTWARE IS       |
  | PROVIDED BY THE COPYRIGHT HOLDERS AND CONTRIBUTORS "AS IS" AND ANY EXPRESS OR IMPLIED WARRANTIES, INCLUDING, BUT |
  | NOT LIMITED TO, THE IMPLIED WARRANTIES OF MERCHANTABILITY AND FITNESS FOR A PARTICULAR PURPOSE ARE DISCLAIMED.   |
  | NEITHER THE UNITED STATES NOR THE UNITED STATES DEPARTMENT OF ENERGY/NATIONAL NUCLEAR SECURITY ADMINSTRATION,    |
  | NOR TRIAD NATIONAL SECURITY, LLC, NOR ANY OF THEIR EMPLOYEES, MAKES ANY WARRANTY, EXPRESS OR IMPLIED, OR ASSUMES |
  | ANY LEGAL LIABILITY OR RESPONSIBILITY FOR THE ACCURACY, COMPLETENESS, OR USEFULNESS OF ANY INFORMATION,          |
  | APPARATUS, PRODUCT, OR PROCESS DISCLOSED, OR REPRESENTS THAT ITS USE WOULD NOT INFRINGE PRIVATELY OWNED RIGHTS.  |
  +------------------------------------------------------------------------------------------------------------------+
  
1mcnp6 version 6.3.0 ld=01/26/23                     01/12/26 20:51:52 
 *************************************************************************                 probid =  01/12/26 20:51:52 
Source version = release/6.3-55762725c4
 i=./inputs/wedge_C_090.00kgm3.inp o=./outputs/o_wedge_C_090.00kgm3.out tasks 32

 
  comment.  Nuclide activity table (print table 140) disabled.
 
  warning.  universe map (print table 128) disabled.
 
  comment.  Physics models disabled.
         1-       HCPB Unit Prism (December 2025) - Case C - 090.00 kg/m3
         2-       c
         3-       c
         4-       c ==============================================================================
         5-       c Case: 090.00 kg/cm
         6-       c
         7-       c Dimensions (inboard, outboard):
         8-       c  XY face half-lengths c1, c2: 0.396414, 0.495771 [cm]
         9-       c  XY face lengths      b1, b2: 0.792828, 0.991543 [cm]
        10-       c  XY face areas        A1, A2: 0.628576, 0.983157 [cm  ]
        11-       c  Breeding region vols V1, V2: 28.285912, 80.618879 [cm  ]
        12-       c  Fraction of fluence  f1, f2: 0.390000, 0.610000
        13-       c
        14-       c 'breeder' = Li4SiO4, Be
        15-       c 'breeding region' (br) = the physical blanket layer that contains the breeder
        16-       c                          this layer usually contains breeder + structure + coolant
        17-       c 'breeding volume' (bv) = volume nominally occupied in breeding region by breeder
        18-       c
        19-       c With respect to the BREEDER material, i.e., per 1 m   of breeder volume, we have these new volume fractions:
        20-       c   vf_biso_breeder_new =  1.898981 vol%
        21-       c   vf_li_breeder_new   =  25.112628 vol%
        22-       c   vf_be_breeder_new   =  72.988390 vol%
        23-       c   check they add up   = 100.000000 vol%
        24-       c
        25-       c With respect to the whole BREEDING REGION, we have these new volume fractions:
        26-       c   vf_biso_br =  0.967341 vol%
        27-       c   vf_li_br   =  12.792373 vol%
        28-       c   vf_be_br   =  37.180286 vol%
        29-       c   VF_EU_NOM  =  11.760000 vol%
        30-       c   VF_HE_NOM  =  37.300000 vol%
        31-       c   check they add up   = 100.000000 vol%
        32-       c   check that BISO + Li4SiO4 + Be adds up to the nominal Li4SiO4 + Be fraction
        33-       c   vf_biso_br + vf_li_br + vf_be_br = 50.940000 : VF_LI_NOM + VF_BE_NOM = 50.940000
        34-       c
        35-       c Check BISO volume fraction wrt breeding region is correct:
        36-       c   Inboard : N1 * BISO_VOLUME / (b1**2 * h1) = 0.947759 vol%
        37-       c   Outboard: N2 * BISO_VOLUME / (b2**2 * h2) = 0.974211 vol%
        38-       c   Total   : (N1+N2) * BISO_VOLUME / (b1**2 * h1 + b2**2 * h2) = 0.967341 vol%
        39-       c   ...should match                                  vf_biso_br = 0.967341 vol%
        40-       c
        41-       c BISO spheres per cc of breeding volume: 36.267870 spheres/cm
        42-       c              per cc of breeding region: 18.474853 spheres/cm
        43-       c
        44-       c
        45-       c
        46-       c       CELL CARDS *************************************************************
        47-       c
        48-       c       Void cells -------------------------------------------------------------
        49-         90    0           -134 (-130:-111:+112:-121:+122)  imp:n=0  $  void around inboard blanket
        50-         91    0           +134 -135 (+141:+142:+143:+144)  imp:n=0  $  void around plasma chamber
        51-         92    0           +135 (+139:-113:+114:-123:+124)  imp:n=0  $  void around outboard blanket
        52-       c
        53-       c
        54-       c       Plasma chamber cell ----------------------------------------------------
        55-         10    0           -142 -141 -144 -143 +134 -135  imp:n=1  tmp=7.76e-8  $ plasma chamber
        56-       c
        57-       c
        58-       c       Inboard blanket  cells -------------------------------------------------
        59-         11    1  -19.000     +111 -112 +121 -122 +133 -134  imp:n=1  tmp=7.76e-8  vol=1.257152e-01  $  first wall
        60-         12    2   -7.800     +111 -112 +121 -122 +132 -133  imp:n=1  tmp=7.76e-8  vol=1.571441e+00  $  eurofer inner
        61-         14    2   -7.800     +111 -112 +121 -122 +130 -131  imp:n=1  tmp=7.76e-8  vol=1.571441e+00  $  eurofer outer
        62-         13    3   -1.935594  +111 -112 +121 -122 +131 -132
        63-                              fill=1  (5.946210e-01 5.946210e-01 4.482422e+01)
        64-                              imp:n=1  tmp=7.76e-8  vol=2.801783e+01  $  breeder region
        65-       c
        66-       c
        67-       c       Outboard blanket cells -------------------------------------------------
        68-         21    1  -19.000     +113 -114 +123 -124 +135 -136  imp:n=1  tmp=7.76e-8  vol=1.966315e-01  $  first wall
        69-         22    2   -7.800     +113 -114 +123 -124 +136 -137  imp:n=1  tmp=7.76e-8  vol=2.457894e+00  $  eurofer inner
        70-         24    2   -7.800     +113 -114 +123 -124 +138 -139  imp:n=1  tmp=7.76e-8  vol=2.457894e+00  $  eurofer outer
        71-         23    3   -1.935594  +113 -114 +123 -124 +137 -138
        72-                              fill=2  (9.915430e-01 9.915430e-01 5.772907e+02)
        73-                              imp:n=1  tmp=7.76e-8  vol=7.983348e+01  $  breeder region
        74-       c
        75-       c
        76-       c       BISO fill cells --------------------------------------------------------
        77-         31    5  -10.500     -150       imp:n=1  vol=2.6808e-4  tmp=7.76e-8  u=50  $ UO2 kernel
        78-         32    4   -3.210     +150 -151  imp:n=1  vol=2.5552e-4  tmp=7.76e-8  u=50  $ SiC coating
        79-         33    3   -1.935594  +151       imp:n=1                 tmp=7.76e-8  u=50  $ Li4SiO4-Be-Eurofer-He breeding region
        80-       c
        81-       c
        82-       c       BISO universes ---------------------------------------------------------
        83-       c
        84-       c       Inboard unit cell: 0.39641400 cm x 0.39641400 cm x 0.35156250 cm
        85-       c       Lattice dimensions: 2 x 2 x 128 = 512 positions
        86-         41    0           +161 -162 +163 -164 +165 -166
        87-                           lat=1  u=1  fill=50  $ one entry means all lattice cells filled by u=50
        88-                           imp:n=1  tmp=7.76e-8
        89-       c
        90-       c       Outboard unit cell: 0.49577150 cm x 0.49577150 cm x 0.21866667 cm
        91-       c       Lattice dimensions: 2 x 2 x 375 = 1500 positions
        92-         42    0           +171 -172 +173 -174 +175 -176
        93-                           lat=1  u=2  fill=50  $ one entry means all lattice cells filled by u=50
        94-                           imp:n=1  tmp=7.76e-8
        95-       c
        96-       c
        97-       
        98-       c       SURFACE CARDS *********************************************************
        99-       c
       100-       c
       101-       c       Inboard blanket boundaries --------------------------------------------
       102-        *111   px  -0.396414  $ inboard face -x
       103-        *112   px  +0.396414  $ inboard face +x
       104-        *113   px  -0.4957715  $ outboard face -x
       105-        *114   px  +0.4957715  $ outboard face +x
       106-       c
       107-       c
       108-       c       Outboard blanket boundaries -------------------------------------------
       109-        *121   py  -0.396414  $ inboard face -y
       110-        *122   py  +0.396414  $ inboard face +y
       111-        *123   py  -0.4957715  $ outboard face -y
       112-        *124   py  +0.4957715  $ outboard face +y
       113-       c
       114-       c
       115-       c       Blanket region surfaces -----------------------------------------------
       116-         130   pz    -2.5  $
       117-         131   pz     0.0  $   2.5 cm - inboard outer eurofer
       118-         132   pz    45.0  $  45.0 cm - inboard breeding region
       119-         133   pz    47.5  $   2.5 cm - inboard inner eurofer
       120-         134   pz    47.7  $   0.2 cm - inboard W first wall
       121-         135   pz   447.7  $ 400.0 cm - plasma chamber
       122-         136   pz   447.9  $   0.2 cm - outboard W first wall
       123-         137   pz   450.4  $   2.5 cm - outboard inner eurofer
       124-         138   pz   532.4  $  82.0 cm - outboard breeding region
       125-         139   pz   534.9  $   2.5 cm - outboard outer eurofer
       126-       c
       127-       c
       128-       c       Trapezoidal plasma chamber surfaces -----------------------------------
       129-       c
       130-       c       Slope: dx/dz = (0.4957715-0.396414)/(447.7-47.7)
       131-       c       Plane normal card entries: Ax + By + Cz     D = 0
       132-       c       Plane normal: (1, 0, -dx/dz) normalized, passing through (0.396414, 0, 47.7)
       133-       c       +X side: connects x=+0.396414 at z=47.7 to x=+0.4957715 at z=447.7
       134-       c       -X side: connects x=-0.396414 at z=47.7 to x=-0.4957715 at z=447.7
       135-       c       +Y side: connects y=+0.396414 at z=47.7 to y=+0.4957715 at z=447.7
       136-       c       -Y side: connects y=-0.396414 at z=47.7 to y=-0.4957715 at z=447.7
       137-       c
       138-        *141   p    1.0   0.0  -2.483937e-04   3.845656e-01   $ +X tilted plane
       139-        *142   p   -1.0   0.0  -2.483937e-04   3.845656e-01   $ -X tilted plane
       140-        *143   p    0.0   1.0  -2.483937e-04   3.845656e-01   $ +Y tilted plane
       141-        *144   p    0.0  -1.0  -2.483937e-04   3.845656e-01   $ -Y tilted plane
       142-       c
       143-       c
       144-       c       BISO sphere surfaces --------------------------------------------------
       145-         150   so   0.04        $ UO2 kernel sphere
       146-         151   so   0.05        $ SiC coating sphere
       147-         152   so   0.05000001  $ SiC coating sphere for universe fill
       148-       c
       149-       c
       150-       c       Inboard lattice unit cell surfaces (RECTANGULAR) ----------------------
       151-         161   px  -1.982070e-01   $ -x face
       152-         162   px  +1.982070e-01   $ +x face
       153-         163   py  -1.982070e-01   $ -y face
       154-         164   py  +1.982070e-01   $ +y face
       155-         165   pz  -1.757812e-01   $ -z face
       156-         166   pz  +1.757812e-01   $ +z face
       157-       c
       158-       c       Outboard lattice unit cell surfaces (RECTANGULAR) ---------------------
       159-         171   px  -2.478857e-01   $ -x face
       160-         172   px  +2.478857e-01   $ +x face
       161-         173   py  -2.478857e-01   $ -y face
       162-         174   py  +2.478857e-01   $ +y face
       163-         175   pz  -1.093333e-01   $ -z face
       164-         176   pz  +1.093333e-01   $ +z face
       165-       c
       166-       
       167-       c       DATA CARDS ************************************************************
       168-       c
       169-       c
       170-       c       Tungsten (19.0 g/cc, 900 K) -------------------------------------------
       171-       c
       172-       m1      74180.02c  0.0012
       173-               74182.02c  0.2650
       174-               74183.02c  0.1431
       175-               74184.02c  0.3064
       176-               74186.02c  0.2843
       177-       c
       178-       c
       179-       c       Eurofer (7.8 g/cc, 900 K)  --------------------------------------------
       180-       c
       181-       m2      26054.02c  -0.05044870828    $ Fe-54
       182-               26056.02c  -0.82123206117    $ Fe-56
       183-               26057.02c  -0.01930505394    $ Fe-57
       184-               26058.02c  -0.00261417662    $ Fe-58
       185-                6012.02c  -0.00108680753    $ C-12
       186-                6013.02c  -0.00001319247    $ C-13
       187-               24050.02c  -0.00375631796    $ Cr-50
       188-               24052.02c  -0.07532942612    $ Cr-52
       189-               24053.02c  -0.00870622281    $ Cr-53
       190-               24054.02c  -0.00220802779    $ Cr-54
       191-               74180.02c  -0.00001292033    $ W-180
       192-               74182.02c  -0.00288497544    $ W-182
       193-               74183.02c  -0.00156646628    $ W-183
       194-               74184.02c  -0.00337240113    $ W-184
       195-               74186.02c  -0.00316323682    $ W-186
       196-               25055.02c  -0.00400000000    $ Mn-55
       197-                7014.02c  -0.00029882316    $ N-14
       198-                7015.02c  -0.00000117684    $ N-15
       199-       c
       200-       mt2     fe-56.45t   $ 800 K
       201-       c
       202-       c
       203-       c       Breeder material (1.935594 g/cc, 900 K)  -------------------------------
       204-       c       Converted from OpenMC XML nuclide data
       205-       c
       206-       m3       3006.02c  0.05413869168155171     $ Li-6
       207-                3007.02c  0.03609246112103447     $ Li-7
       208-               14028.02c  0.02080497587253407     $ Si-28
       209-               14029.02c  0.0010564173138973988   $ Si-29
       210-               14030.02c  0.0006963950142150797   $ Si-30
       211-                8016.02c  0.0900164567976077      $ O-16
       212-                8017.02c  3.419760691218016e-05   $ O-17
       213-                8018.02c  0.00018049839806629335  $ O-18
       214-                4009.02c  0.6548248143337304      $ Be-9
       215-                6012.02c  0.0006992259086084752   $ C-12
       216-                6013.02c  7.832796333345488e-06   $ C-13
       217-               26054.02c  0.007220850985242448    $ Fe-54
       218-               26056.02c  0.11335191810092998     $ Fe-56
       219-               26057.02c  0.002617790117661035    $ Fe-57
       220-               26058.02c  0.0003483798080134081   $ Fe-58
       221-               24050.02c  0.0005806405822210392   $ Cr-50
       222-               24052.02c  0.011197075660234443    $ Cr-52
       223-               24053.02c  0.0012696584975102634   $ Cr-53
       224-               24054.02c  0.00031604487386714794  $ Cr-54
       225-               74180.02c  5.543395120672073e-07   $ W-180
       226-               74182.02c  0.00012241664224817495  $ W-182
       227-               74183.02c  6.610498681401447e-05   $ W-183
       228-               74184.02c  0.0001415413554144936   $ W-184
       229-               74186.02c  0.0001313322694005892   $ W-186
       230-               25055.02c  0.0005621250321893614   $ Mn-55
       231-                7014.02c  0.00016475438988242596  $ N-14
       232-                7015.02c  6.057140607438308e-07   $ N-15
       233-                2003.02c  6.712479600614452e-09   $ He-3
       234-                2004.02c  0.003356233087827625    $ He-4
       235-       c
       236-       c mt3     be-met.45t  $ 800 K
       237-       c         fe-56.45t   $ 800 K
       238-       c
       239-       c
       240-       c       Lithium tally material -------------------------------------------------
       241-       c
       242-        m31     3006.02c  0.600000  $  60.000 at% in Li
  warning.  material        31 is used only for a perturbation or tally.
       243-                3007.02c  0.400000  $  40.000 at% in Li
       244-       c
       245-       c
       246-       c       SiC (3.20 g/cc, 900 K) -------------------------------------------------
       247-       c
       248-       m4      14028.02c  0.922230
       249-               14029.02c  0.046850
       250-               14030.02c  0.030920
       251-                6012.02c  1.000000
       252-       c
       253-       c mt4    si-sic.45t  $ 800 K
       254-       c         c-sic.45t  $ 800 K
       255-       c
       256-       c
       257-       c       UO2 (10.5 g/cc, 900 K) -------------------------------------------------
       258-       c
       259-       m5      92234.02c  0.000054
       260-               92235.02c  0.007204
       261-               92238.02c  0.992742
       262-                8016.02c  2.000000
       263-       c
       264-       c mt5     u-uo2.45t  $ 800 K
       265-       c         o-uo2.45t  $ 800 K
       266-       c
       267-       c
       268-       c       U-238 tally material -------------------------------------------------
       269-       m51     92238.02c  1
  warning.  material        51 is used only for a perturbation or tally.
       270-       c
       271-       c
       272-       c       SOURCE DEFINITION *****************************************************
       273-       c       Point source at center of plasma chamber
       274-       sdef    pos=0 0 247.7  erg=14.0  par=n
       275-       c
       276-       c
       277-       c       TALLIES ***************************************************************
       278-       c
       279-       fc4     flux
       280-       f4:n    13  23   T  $ inboard, outboard, total
       281-       e4      1e-6 1e-5 1e-4 1e-3 1e-2 1e-1 1e0 1e1 20
       282-       c
       283-       c       this output is (1/cm2)
       284-       c
       285-       c
       286-       fc14    60 at%-enriched Li (n,Xt) micro_xs * flux
       287-       f14:n   13  23   T  $ inboard, outboard, total
       288-       fm14     1  31 205  $ tally mat 31, reaction (n,Xt)
       289-       e14     1e-6 1e-5 1e-4 1e-3 1e-2 1e-1 1e0 1e1 20
       290-       c
       291-       c       this output is (b/at) (1/cm2), offline multiply (at/b-cm)
       292-       c
       293-       c
       294-       fc24    U-238 (n,gamma) micro_xs * flux
       295-       f24:n   31
       296-       fm24    1 51 102  $ tally mat 51, reaction (n,gamma)
       297-       e24     1e-6 1e-5 1e-4 1e-3 1e-2 1e-1 1e0 1e1 20
       298-       c
       299-       c       this output is (b/at) (1/cm2), offline multiply (at/b-cm)
       300-       c       here mcnp averages the flux through all instances of cell 31 so we
       301-       c       just multiply by the at/cm3 (or at) of U-238 in a single biso sphere
       302-       c
       303-       c
       304-       c       ***********************************************************************
       305-       c
       306-         MODE  N
       307-         NPS   1e7  $ 1e6 gives you c.10% error in a few min
       308-       c
       309-       c
       310-       c PRDMP 5e5 5e5 0  1  5e5
       311-       c need this card to reduce memory otherwise will run into fortran errors
       312-       c +X = write to output after X histories
       313-       c    OR -X = write tallies to output every X minutes
       314-       c +X = write to runtape after X histories
       315-       c    OR -X = dump written to runtape every X min of computer time
       316-       c  0 = do not write MCTAL file
       317-       c +X = max number of dumps on runtape
       318-       c +X = write to tally fluctuation charts every X particles
       319-       c
       320-         DISABLE NUCLIDE_ACTIVITY_TABLE  $ disables computation of table 140 entirely to save memory
       321-       c
       322-       c
       323-         PRINT 100 126
       324-       c need this card to reduce memory otherwise will run into fortran errors
       325-       c prints table  72 cell temperatures
       326-       c        table 100 cross section tables
       327-       c        table 126 particle activity in each cell
       328-       c does not print all other basic tables
       329-       c
       330-       c       -----------------------------------------------------------------------
       331-       

 ***************************************************
 * Random Number Generator  =                    1 *
 * Random Number Seed       =       19073486328125 *
 * Random Number Multiplier =       19073486328125 *
 * Random Number Adder      =                    0 *
 * Random Number Bits Used  =                   48 *
 * Random Number Stride     =               152917 *
 ***************************************************

 
  comment.  total nubar used if fissionable isotopes are present.
 
  warning.    2 materials had unnormalized fractions. print table 40.
1cells                                                                                                  print table 60

                               atom        gram                                            neutron                                     
              cell      mat   density     density     volume       mass            pieces importance                                   

        1       90        0  0.00000E+00 0.00000E+00 0.00000E+00 0.00000E+00           0  0.0000E+00                                   
        2       91        0  0.00000E+00 0.00000E+00 0.00000E+00 0.00000E+00           0  0.0000E+00                                   
        3       92        0  0.00000E+00 0.00000E+00 0.00000E+00 0.00000E+00           0  0.0000E+00                                   
        4       10        0  0.00000E+00 0.00000E+00 3.19714E+02 0.00000E+00           0  1.0000E+00                                   
        5       11        1  6.22377E-02 1.90000E+01 1.25715E-01 2.38859E+00           0  1.0000E+00                                   
        6       12        2s 8.44458E-02 7.80000E+00 1.57144E+00 1.22572E+01           0  1.0000E+00                                   
        7       14        2s 8.44458E-02 7.80000E+00 1.57144E+00 1.22572E+01           0  1.0000E+00                                   
        8       13        3  7.15484E-02 1.93559E+00 2.80178E+01 5.42311E+01           0  1.0000E+00                                   
        9       21        1  6.22377E-02 1.90000E+01 1.96631E-01 3.73600E+00           0  1.0000E+00                                   
       10       22        2s 8.44458E-02 7.80000E+00 2.45789E+00 1.91716E+01           0  1.0000E+00                                   
       11       24        2s 8.44458E-02 7.80000E+00 2.45789E+00 1.91716E+01           0  1.0000E+00                                   
       12       23        3  7.15484E-02 1.93559E+00 7.98335E+01 1.54525E+02           0  1.0000E+00                                   
       13       31        5  7.02523E-02 1.05000E+01 2.68080E-04 2.81484E-03           1  1.0000E+00                                   
       14       32        4  9.64476E-02 3.21000E+00 2.55520E-04 8.20219E-04           1  1.0000E+00                                   
       15       33        3  7.15484E-02 1.93559E+00 0.00000E+00 0.00000E+00           0  1.0000E+00                                   
       16       41        0  0.00000E+00 0.00000E+00 5.52459E-02 0.00000E+00           0  1.0000E+00                                   
       17       42        0  0.00000E+00 0.00000E+00 5.37459E-02 0.00000E+00           0  1.0000E+00                                   

 total                                               4.36056E+02 2.77742E+02
 
  warning.  surface      152 is not used for anything.

    minimum source weight = 1.0000E+00    maximum source weight = 1.0000E+00
 
  comment.  threading will be used when possible in portions of mcnp6.
 
  comment.  threading will be used for n/p/e table physics.
 
  comment.  threading will generally not be used for model physics.

         5 warning messages so far.
1cross-section tables                                                                                   print table 100
     XSDIR used: C:\\MCNP_SOURCE\\MCNP_DATA/xsdir_mcnp6.3

     table    length

                        tables from file Lib80x/He/2003.802nc                                            

   2003.02c    3464  He3 Lib80x (jlconlin)  Reference LA-UR-18-24034 by Conlin, J.L., et al    .  mat 225      05/01/18
                     Energy range:   1.00000E-11  to  2.00000E+01 MeV.
                     particle-production data for alphas    being expunged from   2003.02c          

                        tables from file Lib80x/He/2004.802nc                                            

   2004.02c   17694  He4 Lib80x (jlconlin)  Reference LA-UR-18-24034 by Conlin, J.L., et al    .  mat 228      05/01/18
                     Energy range:   1.00000E-11  to  2.00000E+01 MeV.

                        tables from file Lib80x/Li/3006.802nc                                            

   3006.02c   36371  Li6 Lib80x (jlconlin)  Reference LA-UR-18-24034 by Conlin, J.L., et al    .  mat 325      05/01/18
                     Energy range:   1.00000E-11  to  2.00000E+01 MeV.
                     particle-production data for tritons   being expunged from   3006.02c          
                     particle-production data for alphas    being expunged from   3006.02c          

                        tables from file Lib80x/Li/3007.802nc                                            

   3007.02c   24462  Li7 Lib80x (jlconlin)  Reference LA-UR-18-24034 by Conlin, J.L., et al    .  mat 328      05/01/18
                     Energy range:   1.00000E-11  to  2.00000E+01 MeV.

                        tables from file Lib80x/Be/4009.802nc                                            

   4009.02c  108415  Be9 Lib80x (jlconlin)  Reference LA-UR-18-24034 by Conlin, J.L., et al    .  mat 425      05/02/18
                     Energy range:   1.00000E-11  to  2.00000E+01 MeV.
                     particle-production data for protons   being expunged from   4009.02c          
                     particle-production data for deuterons being expunged from   4009.02c          
                     particle-production data for tritons   being expunged from   4009.02c          
                     particle-production data for alphas    being expunged from   4009.02c          

                        tables from file Lib80x/C/6012.802nc                                             

   6012.02c  172826  C12 Lib80x (jlconlin)  Reference LA-UR-18-24034 by Conlin, J.L., et al    .  mat 625      05/02/18
                     Energy range:   1.00000E-11  to  1.50000E+02 MeV.
                     particle-production data for protons   being expunged from   6012.02c          
                     particle-production data for deuterons being expunged from   6012.02c          
                     particle-production data for alphas    being expunged from   6012.02c          

                        tables from file Lib80x/C/6013.802nc                                             

   6013.02c  202956  C13 Lib80x (jlconlin)  Reference LA-UR-18-24034 by Conlin, J.L., et al    .  mat 628      05/02/18
                     Energy range:   1.00000E-11  to  2.00000E+01 MeV.

                        tables from file Lib80x/N/7014.802nc                                             

   7014.02c  113105  N14 Lib80x (jlconlin)  Reference LA-UR-18-24034 by Conlin, J.L., et al    .  mat 725      05/01/18
                     Energy range:   1.00000E-11  to  1.50000E+02 MeV.
                     particle-production data for protons   being expunged from   7014.02c          
                     particle-production data for deuterons being expunged from   7014.02c          
                     particle-production data for alphas    being expunged from   7014.02c          

                        tables from file Lib80x/N/7015.802nc                                             

   7015.02c   29680  N15 Lib80x (jlconlin)  Reference LA-UR-18-24034 by Conlin, J.L., et al    .  mat 728      05/01/18
                     Energy range:   1.00000E-11  to  2.00000E+01 MeV.

                        tables from file Lib80x/O/8016.802nc                                             

   8016.02c  411450  O16 Lib80x (jlconlin)  Reference LA-UR-18-24034 by Conlin, J.L., et al    .  mat 825      05/02/18
                     Energy range:   1.00000E-11  to  1.50000E+02 MeV.
                     particle-production data for protons   being expunged from   8016.02c          
                     particle-production data for deuterons being expunged from   8016.02c          
                     particle-production data for tritons   being expunged from   8016.02c          
                     particle-production data for alphas    being expunged from   8016.02c          

                        tables from file Lib80x/O/8017.802nc                                             

   8017.02c    6541  O17 Lib80x (jlconlin)  Reference LA-UR-18-24034 by Conlin, J.L., et al    .  mat 828      05/02/18
                     Energy range:   1.00000E-11  to  2.00000E+01 MeV.

                        tables from file Lib80x/O/8018.802nc                                             

   8018.02c    8895  O18 Lib80x (jlconlin)  Reference LA-UR-18-24034 by Conlin, J.L., et al    .  mat 831      05/02/18
                     Energy range:   1.00000E-11  to  2.00000E+01 MeV.

                        tables from file Lib80x/Si/14028.802nc                                           

  14028.02c  154723  Si28 Lib80x (jlconlin)  Reference LA-UR-18-24034 by Conlin, J.L., et a    l. mat1425      05/02/18
                     Energy range:   1.00000E-11  to  1.50000E+02 MeV.
                     particle-production data for protons   being expunged from  14028.02c          
                     particle-production data for deuterons being expunged from  14028.02c          
                     particle-production data for tritons   being expunged from  14028.02c          
                     particle-production data for alphas    being expunged from  14028.02c          

                        tables from file Lib80x/Si/14029.802nc                                           

  14029.02c  136646  Si29 Lib80x (jlconlin)  Reference LA-UR-18-24034 by Conlin, J.L., et a    l. mat1428      05/02/18
                     Energy range:   1.00000E-11  to  1.50000E+02 MeV.
                     particle-production data for protons   being expunged from  14029.02c          
                     particle-production data for deuterons being expunged from  14029.02c          
                     particle-production data for tritons   being expunged from  14029.02c          
                     particle-production data for alphas    being expunged from  14029.02c          

                        tables from file Lib80x/Si/14030.802nc                                           

  14030.02c  127543  Si30 Lib80x (jlconlin)  Reference LA-UR-18-24034 by Conlin, J.L., et a    l. mat1431      05/02/18
                     Energy range:   1.00000E-11  to  1.50000E+02 MeV.
                     particle-production data for protons   being expunged from  14030.02c          
                     particle-production data for deuterons being expunged from  14030.02c          
                     particle-production data for tritons   being expunged from  14030.02c          
                     particle-production data for alphas    being expunged from  14030.02c          

                        tables from file Lib80x/Cr/24050.802nc                                           

  24050.02c  241666  Cr50 Lib80x (jlconlin)  Reference LA-UR-18-24034 by Conlin, J.L., et a    l. mat2425      05/01/18
                     Energy range:   1.00000E-11  to  1.50000E+02 MeV.
                     particle-production data for protons   being expunged from  24050.02c          
                     particle-production data for deuterons being expunged from  24050.02c          
                     particle-production data for tritons   being expunged from  24050.02c          
                     particle-production data for alphas    being expunged from  24050.02c          

                        tables from file Lib80x/Cr/24052.802nc                                           

  24052.02c  263346  Cr52 Lib80x (jlconlin)  Reference LA-UR-18-24034 by Conlin, J.L., et a    l. mat2431      05/01/18
                     Energy range:   1.00000E-11  to  1.50000E+02 MeV.
                     particle-production data for protons   being expunged from  24052.02c          
                     particle-production data for deuterons being expunged from  24052.02c          
                     particle-production data for tritons   being expunged from  24052.02c          
                     particle-production data for alphas    being expunged from  24052.02c          

                        tables from file Lib80x/Cr/24053.802nc                                           

  24053.02c  216351  Cr53 Lib80x (jlconlin)  Reference LA-UR-18-24034 by Conlin, J.L., et a    l. mat2434      05/01/18
                     Energy range:   1.00000E-11  to  1.50000E+02 MeV.
                     particle-production data for protons   being expunged from  24053.02c          
                     particle-production data for deuterons being expunged from  24053.02c          
                     particle-production data for tritons   being expunged from  24053.02c          
                     particle-production data for alphas    being expunged from  24053.02c          

                        tables from file Lib80x/Cr/24054.802nc                                           

  24054.02c  168463  Cr54 Lib80x (jlconlin)  Reference LA-UR-18-24034 by Conlin, J.L., et a    l. mat2437      05/01/18
                     Energy range:   1.00000E-11  to  1.50000E+02 MeV.
                     particle-production data for protons   being expunged from  24054.02c          
                     particle-production data for deuterons being expunged from  24054.02c          
                     particle-production data for tritons   being expunged from  24054.02c          
                     particle-production data for alphas    being expunged from  24054.02c          

                        tables from file Lib80x/Mn/25055.802nc                                           

  25055.02c  651966  Mn55 Lib80x (jlconlin)  Reference LA-UR-18-24034 by Conlin, J.L., et a    l. mat2525      05/01/18
                     Energy range:   1.00000E-11  to  6.00000E+01 MeV.
                     particle-production data for protons   being expunged from  25055.02c          
                     particle-production data for deuterons being expunged from  25055.02c          
                     particle-production data for tritons   being expunged from  25055.02c          
                     particle-production data for helions   being expunged from  25055.02c          
                     particle-production data for alphas    being expunged from  25055.02c          
                     probability tables used from 1.2500E-01 to 1.0000E+00 mev.

                        tables from file Lib80x/Fe/26054.802nc                                           

  26054.02c 1549249  Fe54 Lib80x (jlconlin)  Reference LA-UR-18-24034 by Conlin, J.L., et a    l. mat2625      05/01/18
                     Energy range:   1.00000E-11  to  1.50000E+02 MeV.
                     particle-production data for protons   being expunged from  26054.02c          
                     particle-production data for deuterons being expunged from  26054.02c          
                     particle-production data for tritons   being expunged from  26054.02c          
                     particle-production data for helions   being expunged from  26054.02c          
                     particle-production data for alphas    being expunged from  26054.02c          

                        tables from file Lib80x/Fe/26056.802nc                                           

  26056.02c 2736146  Fe56 Lib80x (jlconlin)  Reference LA-UR-18-24034 by Conlin, J.L., et a    l. mat2631      05/01/18
                     Energy range:   1.00000E-11  to  1.50000E+02 MeV.
                     particle-production data for protons   being expunged from  26056.02c          
                     particle-production data for deuterons being expunged from  26056.02c          
                     particle-production data for tritons   being expunged from  26056.02c          
                     particle-production data for helions   being expunged from  26056.02c          
                     particle-production data for alphas    being expunged from  26056.02c          

                        tables from file Lib80x/Fe/26057.802nc                                           

  26057.02c 1402072  Fe57 Lib80x (jlconlin)  Reference LA-UR-18-24034 by Conlin, J.L., et a    l. mat2634      05/01/18
                     Energy range:   1.00000E-11  to  1.50000E+02 MeV.
                     particle-production data for protons   being expunged from  26057.02c          
                     particle-production data for deuterons being expunged from  26057.02c          
                     particle-production data for tritons   being expunged from  26057.02c          
                     particle-production data for helions   being expunged from  26057.02c          
                     particle-production data for alphas    being expunged from  26057.02c          

                        tables from file Lib80x/Fe/26058.802nc                                           

  26058.02c 1863656  Fe58 Lib80x (jlconlin)  Reference LA-UR-18-24034 by Conlin, J.L., et a    l. mat2637      05/01/18
                     Energy range:   1.00000E-11  to  1.50000E+02 MeV.
                     particle-production data for protons   being expunged from  26058.02c          
                     particle-production data for deuterons being expunged from  26058.02c          
                     particle-production data for tritons   being expunged from  26058.02c          
                     particle-production data for helions   being expunged from  26058.02c          
                     particle-production data for alphas    being expunged from  26058.02c          
                     probability tables used from 3.5000E-01 to 3.0000E+00 mev.

                        tables from file Lib80x/W/74180.802nc                                            

  74180.02c 1195630  W180 Lib80x (jlconlin)  Reference LA-UR-18-24034 by Conlin, J.L., et a    l. mat7425      05/01/18
                     Energy range:   1.00000E-11  to  1.50000E+02 MeV.
                     particle-production data for protons   being expunged from  74180.02c          
                     particle-production data for alphas    being expunged from  74180.02c          

                        tables from file Lib80x/W/74182.802nc                                            

  74182.02c 1375713  W182 Lib80x (jlconlin)  Reference LA-UR-18-24034 by Conlin, J.L., et a    l. mat7431      05/01/18
                     Energy range:   1.00000E-11  to  1.50000E+02 MeV.
                     particle-production data for protons   being expunged from  74182.02c          
                     particle-production data for alphas    being expunged from  74182.02c          
                     probability tables used from 1.0000E-02 to 1.0000E-01 mev.

                        tables from file Lib80x/W/74183.802nc                                            

  74183.02c 1488939  W183 Lib80x (jlconlin)  Reference LA-UR-18-24034 by Conlin, J.L., et a    l. mat7434      05/01/18
                     Energy range:   1.00000E-11  to  1.50000E+02 MeV.
                     particle-production data for protons   being expunged from  74183.02c          
                     particle-production data for alphas    being expunged from  74183.02c          
                     probability tables used from 5.0000E-03 to 4.5000E-02 mev.

                        tables from file Lib80x/W/74184.802nc                                            

  74184.02c 1241496  W184 Lib80x (jlconlin)  Reference LA-UR-18-24034 by Conlin, J.L., et a    l. mat7437      05/01/18
                     Energy range:   1.00000E-11  to  1.50000E+02 MeV.
                     particle-production data for protons   being expunged from  74184.02c          
                     particle-production data for alphas    being expunged from  74184.02c          
                     probability tables used from 1.0000E-02 to 1.0000E-01 mev.

                        tables from file Lib80x/W/74186.802nc                                            

  74186.02c 1455643  W186 Lib80x (jlconlin)  Reference LA-UR-18-24034 by Conlin, J.L., et a    l. mat7443      05/01/18
                     Energy range:   1.00000E-11  to  1.50000E+02 MeV.
                     particle-production data for protons   being expunged from  74186.02c          
                     particle-production data for alphas    being expunged from  74186.02c          
                     probability tables used from 1.0000E-02 to 1.0000E-01 mev.

                        tables from file Lib80x/U/92234.802nc                                            

  92234.02c  357064  U234 Lib80x (jlconlin)  Reference LA-UR-18-24034 bytotal nu J.L., et a    l. mat9225      05/01/18
                     Energy range:   1.00000E-11  to  3.00000E+01 MeV.
                     probability tables used from 1.5000E-03 to 1.0000E-01 mev.

                        tables from file Lib80x/U/92235.802nc                                            

  92235.02c 1590983  U235 Lib80x (jlconlin)  Reference LA-UR-18-24034 bytotal nu J.L., et a    l. mat9228      05/02/18
                     Energy range:   1.00000E-11  to  3.00000E+01 MeV.
                     particle-production data for protons   being expunged from  92235.02c          
                     particle-production data for deuterons being expunged from  92235.02c          
                     particle-production data for tritons   being expunged from  92235.02c          
                     particle-production data for helions   being expunged from  92235.02c          
                     particle-production data for alphas    being expunged from  92235.02c          
                     probability tables used from 2.2500E-03 to 2.5000E-02 mev.

                        tables from file Lib80x/U/92238.802nc                                            

  92238.02c 2832324  U238 Lib80x (jlconlin)  Reference LA-UR-18-24034 bytotal nu J.L., et a    l. mat9237      05/02/18
                     Energy range:   1.00000E-11  to  3.00000E+01 MeV.
                     particle-production data for protons   being expunged from  92238.02c          
                     particle-production data for deuterons being expunged from  92238.02c          
                     particle-production data for tritons   being expunged from  92238.02c          
                     particle-production data for helions   being expunged from  92238.02c          
                     particle-production data for alphas    being expunged from  92238.02c          
                     probability tables used from 2.0000E-02 to 1.4901E-01 mev.

                        tables from file ENDF80SaB2/fe-56.45t                                            

  fe-56.45t 1269454  Fe at 800k                                                             26056 26054 26057  01/14/20
                     Energy range:   0.00000E+00  to  2.18000E-06 MeV.
                                                                                            26058 26000

  total    23454932

1particles and energy limits                                                                            print table 101

                         particle      maximum       smallest      largest       always        always
                         cutoff        particle      table         table         use table     use model
   particle type         energy        energy        maximum       maximum       below         above

    1  n    neutron     0.0000E+00    1.0000E+36    2.0000E+01    1.5000E+02    1.0000E+36    1.0000E+36
 
  comment.  setting up hash-based fast table search for xsec tables

 ------------------------------------------------------------------------------------------
 =====> Set up arrays for hash-based fast table search for xsec data

    number of hash bins   =     8192
    min hash table energy =  1.00000E-11
    max hash table energy =  1.50000E+02

           nuclide      ne      emin        emax     ave_bins  min_bins  max_bins
            2003.02c     693 1.00000E-11 2.00000E+01       0.1       0.0       3.0
            2004.02c     512 1.00000E-11 2.00000E+01       0.1       0.0       1.0
            3006.02c     797 1.00000E-11 2.00000E+01       0.1       0.0       3.0
            3007.02c     790 1.00000E-11 2.00000E+01       0.1       0.0       4.0
            4009.02c     644 1.00000E-11 2.00000E+01       0.1       0.0       3.0
            6012.02c    1544 1.00000E-11 1.50000E+02       0.2       0.0      19.0
            6013.02c    1129 1.00000E-11 2.00000E+01       0.1       0.0      18.0
            7014.02c    1826 1.00000E-11 1.50000E+02       0.2       0.0      18.0
            7015.02c     911 1.00000E-11 2.00000E+01       0.1       0.0       6.0
            8016.02c    3012 1.00000E-11 1.50000E+02       0.4       0.0      50.0
            8017.02c     744 1.00000E-11 2.00000E+01       0.1       0.0       4.0
            8018.02c    1493 1.00000E-11 2.00000E+01       0.2       0.0      38.0
           14028.02c    8165 1.00000E-11 1.50000E+02       1.0       0.0     133.0
           14029.02c    5008 1.00000E-11 1.50000E+02       0.6       0.0     102.0
           14030.02c    6147 1.00000E-11 1.50000E+02       0.8       0.0      88.0
           24050.02c   32255 1.00000E-11 1.50000E+02       3.9       0.0     227.0
           24052.02c   31731 1.00000E-11 1.50000E+02       3.9       0.0     201.0
           24053.02c   23225 1.00000E-11 1.50000E+02       2.8       0.0     130.0
           24054.02c   14911 1.00000E-11 1.50000E+02       1.8       0.0     133.0
           25055.02c   12818 1.00000E-11 6.00000E+01       1.6       0.0     124.0
           26054.02c   35067 1.00000E-11 1.50000E+02       4.3       0.0     428.0
           26056.02c   40419 1.00000E-11 1.50000E+02       4.9       0.0     168.0
           26057.02c   11229 1.00000E-11 1.50000E+02       1.4       0.0     124.0
           26058.02c   19682 1.00000E-11 1.50000E+02       2.4       0.0     239.0
           74180.02c    2392 1.00000E-11 1.50000E+02       0.3       0.0      38.0
           74182.02c   35299 1.00000E-11 1.50000E+02       4.3       0.0     172.0
           74183.02c   44315 1.00000E-11 1.50000E+02       5.4       0.0     131.0
           74184.02c   26851 1.00000E-11 1.50000E+02       3.3       0.0     170.0
           74186.02c   25050 1.00000E-11 1.50000E+02       3.1       0.0     182.0
           92234.02c   22833 1.00000E-11 3.00000E+01       2.8       0.0     105.0
           92235.02c   53283 1.00000E-11 3.00000E+01       6.5       0.0     142.0
           92238.02c  119578 1.00000E-11 3.00000E+01      14.6       0.0     326.0
           fe-56.45t     100 1.78000E-11 2.18000E-06       0.0       0.0       1.0

 ------------------------------------------------------------------------------------------


 ***********************************************************************************************************************

 dump no.    1 on file runtpk.h5     nps =           0     coll =              0     ctm =        0.00   nrn =          
       0

         5 warning messages so far.
1problem summary                                                                                                           

      run terminated when    10000000  particle histories were done.
+                                                                                                    01/12/26 21:08:05 

 =====>      37.13 M histories/hr    (based on wall-clock time in mcrun)


      HCPB Unit Prism (December 2025) - Case C - 090.00 kg/m3     probid =  01/12/26 20:51:52 

 neutron creation    tracks      weight        energy            neutron loss        tracks      weight        energy
                                 (per source particle)                                           (per source particle)

 source            10000000    1.0000E+00    1.4000E+01          escape              439355    3.0951E-02    6.2626E-02
 nucl. interaction        0    0.            0.                  energy cutoff            0    0.            0.        
 particle decay           0    0.            0.                  time cutoff              0    0.            0.        
 weight window            0    0.            0.                  weight window            0    0.            0.        
 cell importance          0    0.            0.                  cell importance          0    0.            0.        
 weight cutoff            0    1.2174E-01    2.9636E-03          weight cutoff     16946668    1.2166E-01    2.9318E-03
 e or t importance        0    0.            0.                  e or t importance        0    0.            0.        
 dxtran                   0    0.            0.                  dxtran                   0    0.            0.        
 forced collisions        0    0.            0.                  forced collisions        0    0.            0.        
 exp. transform           0    0.            0.                  exp. transform           0    0.            0.        
 upscattering             0    0.            8.4470E-10          downscattering           0    0.            7.7374E+00
 photonuclear             0    0.            0.                  capture                  1    1.6283E+00    1.8405E+00
 (n,xn)            14580754    1.3020E+00    2.9898E+00          loss to (n,xn)     7287606    6.5074E-01    7.3477E+00
 prompt fission      131014    1.0928E-02    2.2263E-02          loss to fission      39376    3.1629E-03    2.3986E-02
 delayed fission       1238    1.0262E-04    5.2796E-05          nucl. interaction        0    0.            0.        
 prompt photofis          0    0.            0.                  particle decay           0    0.            0.        
 tabular boundary         0    0.            0.                  tabular boundary         0    0.            0.        
 tabular sampling         0    0.            0.                  elastic scatter          0    0.            0.        
     total         24713006    2.4348E+00    1.7015E+01              total         24713006    2.4348E+00    1.7015E+01

   number of neutrons banked                 7386024        average time of (shakes)              cutoffs
   neutron tracks per source particle     2.4713E+00          escape            6.3758E+04          tco   1.0000E+33
   neutron collisions per source particle 9.3284E+01          capture           4.6113E+04          eco   0.0000E+00
   total neutron collisions                932844240          capture or escape 4.6442E+04          wc1  -5.0000E-01
   net multiplication              1.6591E+00 0.0001          any termination   3.4506E+04          wc2  -2.5000E-01

 computer time so far in this run   487.03 minutes            maximum number ever in bank         7
 computer time in mcrun             486.66 minutes            bank overflows to backup file       0
 source particles per minute            2.0548E+04
 random numbers generated              21671896117            most random numbers used was       15608 in history     1819678

 range of sampled source weights = 1.0000E+00 to 1.0000E+00

 number of histories processed by each thread
      302363      316751      312931      313165      311443      309884      318890      319106      317966      318428
      313140      309875      311982      293860      316397      315947      310547      312416      318350      316744
      313887      313220      317782      319861      315256      315487      310642      311759      295862      293252
      315703      317104
1neutron  activity in each cell                                                                         print table 126

                       tracks     population   collisions   collisions     number        flux        average      average
              cell    entering                               * weight     weighted     weighted   track weight   track mfp
                                                          (per history)    energy       energy     (relative)      (cm)

        4       10    40762317     13450705            0    0.0000E+00   2.2189E-01   4.0357E+00   8.1336E-01   0.0000E+00
        5       11    25705062      9592184      6788594    4.9494E-01   1.3961E-01   2.6085E+00   7.8783E-01   2.1423E+00
        6       12    24396434      9488958     49940882    3.5707E+00   9.9191E-02   1.9156E+00   7.7691E-01   4.5760E+00
        7       14      616875       465363      1344146    8.8464E-02   5.4705E-02   1.3425E+00   6.9370E-01   4.0158E+00
        8       13           0            0            0    0.0000E+00   0.0000E+00   0.0000E+00   0.0000E+00   0.0000E+00
        9       21    45761978     12453786     11483897    8.5183E-01   1.7759E-01   3.0999E+00   8.0168E-01   2.2029E+00
       10       22    44109608     12868837     87545716    6.3782E+00   1.3638E-01   2.5800E+00   7.9334E-01   4.6483E+00
       11       24      105936        79783       230545    1.3851E-02   4.9059E-02   1.1366E+00   6.2924E-01   3.9942E+00
       12       23           0            0            0    0.0000E+00   0.0000E+00   0.0000E+00   0.0000E+00   0.0000E+00
       13       31   216716651     17341589      5824875    4.0993E-01   5.6558E-02   1.3794E+00   7.3548E-01   2.6006E+00
       14       32   555336919     17363309      3468777    2.5299E-01   5.6360E-02   1.3794E+00   7.3559E-01   3.5541E+00
       15       33  9249806512     17380097    766216808    5.4327E+01   5.6190E-02   1.3770E+00   7.3565E-01   3.7000E+00
       16       41           0            0            0    0.0000E+00   0.0000E+00   0.0000E+00   0.0000E+00   0.0000E+00
       17       42           0            0            0    0.0000E+00   0.0000E+00   0.0000E+00   0.0000E+00   0.0000E+00

           total   10203318292    110484611    932844240    6.6388E+01

1tally        4        nps =    10000000
+                                   flux                                                                       
           tally type 4    track length estimate of particle flux.      units   1/cm**2        
           particle(s): neutrons 

           volumes 
                   cell:      13           23          total                                                       
                         2.80178E+01  7.98335E+01  1.07851E+02
 
 cell  13                                                                                                                              
      energy   
    1.0000E-06   1.88244E-07 0.1646
    1.0000E-05   5.63849E-04 0.0054
    1.0000E-04   3.04390E-02 0.0011
    1.0000E-03   1.73797E-01 0.0006
    1.0000E-02   3.48257E-01 0.0005
    1.0000E-01   4.72703E-01 0.0005
    1.0000E+00   5.44471E-01 0.0005
    1.0000E+01   2.40480E-01 0.0008
    2.0000E+01   1.02908E-01 0.0010
      total      1.91362E+00 0.0004
 
 cell  23                                                                                                                              
      energy   
    1.0000E-06   1.62260E-07 0.1091
    1.0000E-05   4.04105E-04 0.0038
    1.0000E-04   2.20727E-02 0.0008
    1.0000E-03   1.26563E-01 0.0004
    1.0000E-02   2.54554E-01 0.0003
    1.0000E-01   3.48515E-01 0.0003
    1.0000E+00   4.18149E-01 0.0003
    1.0000E+01   2.06297E-01 0.0005
    2.0000E+01   1.01275E-01 0.0006
      total      1.47783E+00 0.0003
 
 cell union total                                                                                                                      
      energy   
    1.0000E-06   1.69010E-07 0.0910
    1.0000E-05   4.45604E-04 0.0031
    1.0000E-04   2.42461E-02 0.0006
    1.0000E-03   1.38833E-01 0.0003
    1.0000E-02   2.78896E-01 0.0002
    1.0000E-01   3.80777E-01 0.0002
    1.0000E+00   4.50966E-01 0.0002
    1.0000E+01   2.15177E-01 0.0004
    2.0000E+01   1.01700E-01 0.0005
      total      1.59104E+00 0.0002


 ===================================================================================================================================

           results of 10 statistical checks for the estimated answer for the tally fluctuation chart (tfc) bin of tally        4

 tfc bin     --mean--      ---------relative error---------      ----variance of the variance----      --figure of merit--     -pdf-
 behavior    behavior      value   decrease   decrease rate      value   decrease   decrease rate       value     behavior     slope

 desired      random       <0.10      yes      1/sqrt(nps)       <0.10      yes        1/nps           constant    random      >3.00
 observed     random        0.00      yes          yes            0.00      yes         yes            constant    random      10.00
 passed?        yes          yes      yes          yes             yes      yes         yes               yes        yes         yes

 ===================================================================================================================================


 this tally meets the statistical criteria used to form confidence intervals: check the tally fluctuation chart to verify.
 the results in other bins associated with this tally may not meet these statistical criteria.

 ----- estimated confidence intervals:  -----

 estimated asymmetric confidence interval(1,2,3 sigma): 1.9128E+00 to 1.9144E+00; 1.9120E+00 to 1.9152E+00; 1.9112E+00 to 1.9161E+00
 estimated  symmetric confidence interval(1,2,3 sigma): 1.9128E+00 to 1.9144E+00; 1.9120E+00 to 1.9152E+00; 1.9112E+00 to 1.9161E+00

 fom = (histories/minute)*(f(x) signal-to-noise ratio)**2 = (2.055E+04)*( 7.465E-01)**2 = (2.055E+04)*(5.573E-01) = 1.145E+04

1tally       14        nps =    10000000
+                                   60 at%-enriched Li (n,Xt) micro_xs * flux                                  
           tally type 4    track length estimate of particle flux.                             
           particle(s): neutrons 

           volumes 
                   cell:      13           23          total                                                       
                         2.80178E+01  7.98335E+01  1.07851E+02
 
 cell  13                                                                                                                              
 multiplier bin:   1.00000E+00        31         205                                                                                   
      energy   
    1.0000E-06   1.84413E-05 0.1630
    1.0000E-05   1.94971E-02 0.0057
    1.0000E-04   3.92423E-01 0.0012
    1.0000E-03   8.26358E-01 0.0006
    1.0000E-02   5.63486E-01 0.0005
    1.0000E-01   2.60987E-01 0.0005
    1.0000E+00   3.17839E-01 0.0005
    1.0000E+01   3.30737E-02 0.0008
    2.0000E+01   1.46483E-02 0.0010
      total      2.42833E+00 0.0005
 
 cell  23                                                                                                                              
 multiplier bin:   1.00000E+00        31         205                                                                                   
      energy   
    1.0000E-06   1.66340E-05 0.1112
    1.0000E-05   1.39555E-02 0.0040
    1.0000E-04   2.84477E-01 0.0008
    1.0000E-03   6.01756E-01 0.0004
    1.0000E-02   4.11561E-01 0.0003
    1.0000E-01   1.92086E-01 0.0003
    1.0000E+00   2.41776E-01 0.0003
    1.0000E+01   2.84191E-02 0.0005
    2.0000E+01   1.44068E-02 0.0006
      total      1.78845E+00 0.0003
 
 cell union total                                                                                                                      
 multiplier bin:   1.00000E+00        31         205                                                                                   
      energy   
    1.0000E-06   1.71035E-05 0.0922
    1.0000E-05   1.53951E-02 0.0033
    1.0000E-04   3.12519E-01 0.0007
    1.0000E-03   6.60103E-01 0.0003
    1.0000E-02   4.51028E-01 0.0002
    1.0000E-01   2.09985E-01 0.0002
    1.0000E+00   2.61536E-01 0.0002
    1.0000E+01   2.96283E-02 0.0004
    2.0000E+01   1.44695E-02 0.0005
      total      1.95468E+00 0.0002


 ===================================================================================================================================

           results of 10 statistical checks for the estimated answer for the tally fluctuation chart (tfc) bin of tally       14

 tfc bin     --mean--      ---------relative error---------      ----variance of the variance----      --figure of merit--     -pdf-
 behavior    behavior      value   decrease   decrease rate      value   decrease   decrease rate       value     behavior     slope

 desired      random       <0.10      yes      1/sqrt(nps)       <0.10      yes        1/nps           constant    random      >3.00
 observed     random        0.00      yes          yes            0.00      yes         yes            constant    random      10.00
 passed?        yes          yes      yes          yes             yes      yes         yes               yes        yes         yes

 ===================================================================================================================================


 this tally meets the statistical criteria used to form confidence intervals: check the tally fluctuation chart to verify.
 the results in other bins associated with this tally may not meet these statistical criteria.

 ----- estimated confidence intervals:  -----

 estimated asymmetric confidence interval(1,2,3 sigma): 2.4271E+00 to 2.4296E+00; 2.4258E+00 to 2.4309E+00; 2.4245E+00 to 2.4321E+00
 estimated  symmetric confidence interval(1,2,3 sigma): 2.4271E+00 to 2.4296E+00; 2.4258E+00 to 2.4309E+00; 2.4245E+00 to 2.4321E+00

 fom = (histories/minute)*(f(x) signal-to-noise ratio)**2 = (2.055E+04)*( 6.062E-01)**2 = (2.055E+04)*(3.675E-01) = 7.552E+03

1tally       24        nps =    10000000
+                                   U-238 (n,gamma) micro_xs * flux                                            
           tally type 4    track length estimate of particle flux.                             
           particle(s): neutrons 

           volumes 
                   cell:      31                                                                                   
                         2.68080E-04
 
 cell  31                                                                                                                              
 multiplier bin:   1.00000E+00        51         102                                                                                   
      energy   
    1.0000E-06   1.44129E-04 0.2427
    1.0000E-05   3.25716E+01 0.0194
    1.0000E-04   6.17385E+02 0.0034
    1.0000E-03   1.22800E+03 0.0013
    1.0000E-02   6.56145E+02 0.0005
    1.0000E-01   3.11596E+02 0.0003
    1.0000E+00   1.12824E+02 0.0002
    1.0000E+01   2.12163E+01 0.0005
    2.0000E+01   1.82247E-01 0.0006
      total      2.97991E+03 0.0009


 ===================================================================================================================================

           results of 10 statistical checks for the estimated answer for the tally fluctuation chart (tfc) bin of tally       24

 tfc bin     --mean--      ---------relative error---------      ----variance of the variance----      --figure of merit--     -pdf-
 behavior    behavior      value   decrease   decrease rate      value   decrease   decrease rate       value     behavior     slope

 desired      random       <0.10      yes      1/sqrt(nps)       <0.10      yes        1/nps           constant    random      >3.00
 observed     random        0.00      yes          yes            0.00      yes         yes            constant    random      10.00
 passed?        yes          yes      yes          yes             yes      yes         yes               yes        yes         yes

 ===================================================================================================================================


 this tally meets the statistical criteria used to form confidence intervals: check the tally fluctuation chart to verify.
 the results in other bins associated with this tally may not meet these statistical criteria.

 ----- estimated confidence intervals:  -----

 estimated asymmetric confidence interval(1,2,3 sigma): 2.9771E+03 to 2.9827E+03; 2.9743E+03 to 2.9855E+03; 2.9715E+03 to 2.9883E+03
 estimated  symmetric confidence interval(1,2,3 sigma): 2.9771E+03 to 2.9827E+03; 2.9743E+03 to 2.9855E+03; 2.9715E+03 to 2.9883E+03

 fom = (histories/minute)*(f(x) signal-to-noise ratio)**2 = (2.055E+04)*( 3.374E-01)**2 = (2.055E+04)*(1.138E-01) = 2.339E+03

1status of the statistical checks used to form confidence intervals for the mean for each tally bin


 tally   result of statistical checks for the tfc bin (the first check not passed is listed) and error magnitude check for all bins

        4   passed the 10 statistical checks for the tally fluctuation chart bin result               
         missed all bin error check:    30 tally bins had     0 bins with zeros and     2 bins with relative errors exceeding 0.10

       14   passed the 10 statistical checks for the tally fluctuation chart bin result               
         missed all bin error check:    30 tally bins had     0 bins with zeros and     2 bins with relative errors exceeding 0.10

       24   passed the 10 statistical checks for the tally fluctuation chart bin result               
         missed all bin error check:    10 tally bins had     0 bins with zeros and     1 bins with relative errors exceeding 0.10


 the 10 statistical checks are only for the tally fluctuation chart bin and do not apply to other tally bins.

 warning.       3 of the     3 tallies had bins with relative errors greater than recommended.
1tally fluctuation charts                              

                            tally        4                          tally       14                          tally       24
          nps      mean     error   vov  slope    fom      mean     error   vov  slope    fom      mean     error   vov  slope    fom
       512000   1.9104E+00 0.0019 0.0000 10.0   11455   2.4199E+00 0.0023 0.0000 10.0    7559   2.9834E+03 0.0042 0.0007  6.3    2297
      1024000   1.9110E+00 0.0013 0.0000 10.0   11461   2.4213E+00 0.0016 0.0000 10.0    7564   2.9857E+03 0.0030 0.0004  7.0    2277
      1536000   1.9117E+00 0.0011 0.0000 10.0   11475   2.4215E+00 0.0013 0.0000 10.0    7566   2.9829E+03 0.0024 0.0002  7.5    2321
      2048000   1.9122E+00 0.0009 0.0000 10.0   11481   2.4239E+00 0.0012 0.0000 10.0    7575   2.9859E+03 0.0021 0.0002 10.0    2326
      2560000   1.9121E+00 0.0008 0.0000 10.0   11482   2.4235E+00 0.0010 0.0000 10.0    7572   2.9811E+03 0.0019 0.0001 10.0    2327
      3072000   1.9118E+00 0.0008 0.0000 10.0   11489   2.4234E+00 0.0009 0.0000 10.0    7577   2.9794E+03 0.0017 0.0001  8.1    2337
      3584000   1.9126E+00 0.0007 0.0000 10.0   11486   2.4253E+00 0.0009 0.0000 10.0    7572   2.9796E+03 0.0016 0.0001 10.0    2339
      4096000   1.9135E+00 0.0007 0.0000 10.0   11492   2.4262E+00 0.0008 0.0000 10.0    7578   2.9815E+03 0.0015 0.0001 10.0    2332
      4608000   1.9132E+00 0.0006 0.0000 10.0   11485   2.4264E+00 0.0008 0.0000 10.0    7577   2.9804E+03 0.0014 0.0001 10.0    2339
      5120000   1.9132E+00 0.0006 0.0000 10.0   11485   2.4270E+00 0.0007 0.0000 10.0    7577   2.9791E+03 0.0013 0.0001 10.0    2342
      5632000   1.9141E+00 0.0006 0.0000 10.0   11481   2.4284E+00 0.0007 0.0000 10.0    7575   2.9802E+03 0.0013 0.0001 10.0    2336
      6144000   1.9135E+00 0.0005 0.0000 10.0   11473   2.4280E+00 0.0007 0.0000 10.0    7571   2.9808E+03 0.0012 0.0000 10.0    2342
      6656000   1.9130E+00 0.0005 0.0000 10.0   11463   2.4273E+00 0.0006 0.0000 10.0    7563   2.9801E+03 0.0011 0.0000 10.0    2342
      7168000   1.9134E+00 0.0005 0.0000 10.0   11465   2.4281E+00 0.0006 0.0000 10.0    7562   2.9804E+03 0.0011 0.0000 10.0    2343
      7680000   1.9136E+00 0.0005 0.0000 10.0   11461   2.4277E+00 0.0006 0.0000 10.0    7559   2.9789E+03 0.0011 0.0000 10.0    2343
      8192000   1.9134E+00 0.0005 0.0000 10.0   11462   2.4276E+00 0.0006 0.0000 10.0    7560   2.9795E+03 0.0010 0.0000 10.0    2339
      8704000   1.9136E+00 0.0005 0.0000 10.0   11459   2.4283E+00 0.0006 0.0000 10.0    7557   2.9793E+03 0.0010 0.0000 10.0    2342
      9216000   1.9136E+00 0.0004 0.0000 10.0   11454   2.4282E+00 0.0005 0.0000 10.0    7554   2.9800E+03 0.0010 0.0000 10.0    2340
      9728000   1.9137E+00 0.0004 0.0000 10.0   11451   2.4284E+00 0.0005 0.0000 10.0    7552   2.9801E+03 0.0010 0.0000 10.0    2340
     10000000   1.9136E+00 0.0004 0.0000 10.0   11452   2.4283E+00 0.0005 0.0000 10.0    7552   2.9799E+03 0.0009 0.0000 10.0    2339

 ***********************************************************************************************************************

 dump no.    2 on file runtpk.h5     nps =    10000000     coll =      932844240     ctm =      486.66   nrn =      
 21671896117

         6 warning messages so far.


 run terminated when    10000000  particle histories were done.

 computer time =  487.03 minutes

 mcnp6 version 6.3.0 01/26/23                     01/12/26 21:08:05                     probid =  01/12/26 20:51:52 
